2026-06-22 16:36:52 INFO Training log: C:\Users\xfide\documents\crypto.ai\logs\training_2026-06-22_163652.log
2026-06-22 16:36:52 INFO Training started | Method: ga_bayesian | Symbol: BTC/USDT | Timeframe: 15m | Duration: 20 min
2026-06-22 16:36:52 INFO   Objective: Find the strategy with the highest score. Score = rr_per_day x drawdown_penalty x low_trades_penalty.
2026-06-22 16:36:52 INFO   Disqualified if: trades/day < 1.2, win_rate < 35%, max_drawdown > 50%, or avg_trades/day outside 0.5-10.
2026-06-22 16:36:52 INFO Loading historical data...
2026-06-22 16:36:53 INFO Cache found: 17541 candles up to 2026-06-22 15:15:00+00:00. Fetching from 2026-06-22 15:30:00+00:00.
2026-06-22 16:36:53 INFO Fetching BTC/USDT 15m from 2026-06-22 15:30 to 2026-06-22 15:36
2026-06-22 16:36:57 INFO Fetched 1 new candles in 1 requests.
2026-06-22 16:36:57 INFO Total candles available: 17542
2026-06-22 16:36:57 INFO Raw data: 17542 candles (2025-12-21 to 2026-06-22, 12 months)
2026-06-22 16:36:57 INFO Computing indicators...
2026-06-22 16:36:57 INFO Data prepared: 17343 candles after warmup drop.
2026-06-22 16:36:57 INFO Clean data: 17343 candles after warmup
2026-06-22 16:36:57 INFO Pre-computing 53 conditions...
2026-06-22 16:36:57 INFO Data preparation complete.
2026-06-22 16:36:58 INFO ============================================================
2026-06-22 16:36:58 INFO Phase 1: Genetic Algorithm (global search -- evolve strategies over generations)
2026-06-22 16:36:58 INFO ============================================================
2026-06-22 16:36:58 INFO GA: Starting | pop=200, time_budget=600s (10.0m), max_gen=200, cx=0.8, mut=0.2, elite=5
2026-06-22 16:36:58 INFO   Score = rr_per_day * drawdown_penalty * low_trades_penalty. Higher = better. Negative or -inf means disqualified.
2026-06-22 16:37:11 INFO GA Gen 0 | Best score: 0.1997 | Avg score: 0.0686 | Pop: 200 | Elapsed: 13s
2026-06-22 16:37:23 INFO GA Gen 1 | Best score: 0.2265 | Avg score: 0.0958 | Tested: 361 | Elapsed: 25s [NEW BEST!]
2026-06-22 16:37:36 INFO GA Gen 2 | Best score: 0.2790 | Avg score: 0.0993 | Tested: 528 | Elapsed: 38s [NEW BEST!]
2026-06-22 16:37:51 INFO GA Gen 3 | Best score: 0.3280 | Avg score: 0.1095 | Tested: 694 | Elapsed: 53s [NEW BEST!]
2026-06-22 16:38:05 INFO GA Gen 4 | Best score: 0.3280 | Avg score: 0.1141 | Tested: 851 | Elapsed: 68s
2026-06-22 16:38:19 INFO GA Gen 5 | Best score: 0.3280 | Avg score: 0.1341 | Tested: 1013 | Elapsed: 81s
2026-06-22 16:38:33 INFO GA Gen 6 | Best score: 0.3280 | Avg score: 0.1390 | Tested: 1176 | Elapsed: 95s
2026-06-22 16:38:46 INFO GA Gen 7 | Best score: 0.3845 | Avg score: 0.1486 | Tested: 1333 | Elapsed: 108s [NEW BEST!]
2026-06-22 16:38:59 INFO GA Gen 8 | Best score: 0.3912 | Avg score: 0.1786 | Tested: 1495 | Elapsed: 121s [NEW BEST!]
2026-06-22 16:39:14 INFO GA Gen 9 | Best score: 0.4630 | Avg score: 0.2033 | Tested: 1672 | Elapsed: 136s [NEW BEST!]
2026-06-22 16:39:27 INFO GA Gen 10 | Best score: 0.4630 | Avg score: 0.2359 | Tested: 1831 | Elapsed: 149s
2026-06-22 16:40:17 INFO GA Gen 11 | Best score: 0.4630 | Avg score: 0.2686 | Tested: 2002 | Elapsed: 200s
2026-06-22 16:41:11 INFO GA Gen 12 | Best score: 0.4630 | Avg score: 0.3247 | Tested: 2169 | Elapsed: 254s
2026-06-22 16:41:48 INFO GA Gen 13 | Best score: 0.4974 | Avg score: 0.3648 | Tested: 2335 | Elapsed: 290s [NEW BEST!]
2026-06-22 16:42:03 INFO GA Gen 14 | Best score: 0.5437 | Avg score: 0.3815 | Tested: 2492 | Elapsed: 305s [NEW BEST!]
2026-06-22 16:42:37 INFO GA Gen 15 | Best score: 0.5437 | Avg score: 0.3950 | Tested: 2650 | Elapsed: 339s
2026-06-22 16:43:27 INFO GA Gen 16 | Best score: 0.5645 | Avg score: 0.4256 | Tested: 2813 | Elapsed: 390s [NEW BEST!]
2026-06-22 16:44:39 INFO GA Gen 17 | Best score: 0.5697 | Avg score: 0.4404 | Tested: 2980 | Elapsed: 461s [NEW BEST!]
2026-06-22 16:45:34 INFO GA Gen 18 | Best score: 0.6524 | Avg score: 0.4611 | Tested: 3148 | Elapsed: 516s [NEW BEST!]
2026-06-22 16:45:52 INFO GA Gen 19 | Best score: 0.6524 | Avg score: 0.5034 | Tested: 3312 | Elapsed: 534s
2026-06-22 16:46:07 INFO GA Gen 20 | Best score: 0.6765 | Avg score: 0.5366 | Tested: 3468 | Elapsed: 549s [NEW BEST!]
2026-06-22 16:46:23 INFO GA Gen 21 | Best score: 0.7238 | Avg score: 0.5612 | Tested: 3645 | Elapsed: 566s [NEW BEST!]
2026-06-22 16:46:38 INFO GA Gen 22 | Best score: 0.7238 | Avg score: 0.5970 | Tested: 3806 | Elapsed: 580s
2026-06-22 16:46:53 INFO GA Gen 23 | Best score: 0.7754 | Avg score: 0.6291 | Tested: 3965 | Elapsed: 595s [NEW BEST!]
2026-06-22 16:47:09 INFO GA Gen 24 | Best score: 0.7754 | Avg score: 0.6621 | Tested: 4125 | Elapsed: 611s
2026-06-22 16:47:09 INFO GA: Time budget exhausted at generation 24. Stopping.
2026-06-22 16:47:09 INFO GA: Finished | Best score: 0.7754 | 24 generations | Elapsed: 611s | Strategies tested: 4125 | Speed: 6.8 strats/s | Passing top 10 to Bayesian optimizer.
2026-06-22 16:47:09 INFO 
2026-06-22 16:47:09 INFO [EFFICIENCY] GA phase complete. Analyzing condition efficiency...
2026-06-22 16:47:09 INFO ============================================================
2026-06-22 16:47:09 INFO EFFICIENCY REPORT
2026-06-22 16:47:09 INFO ============================================================
2026-06-22 16:47:09 INFO Strategies analyzed: 2827
2026-06-22 16:47:09 INFO Global avg RR/day: 0.4935
2026-06-22 16:47:09 INFO   LONG avg RR/day: 0.4938 (1447 weighted contributions)
2026-06-22 16:47:09 INFO   SHORT avg RR/day: 0.4930 (1379 weighted contributions)
2026-06-22 16:47:09 INFO 
2026-06-22 16:47:09 INFO [ALERT] ALERTS (consider removing):
2026-06-22 16:47:09 INFO   'ema_9_gt_21' (LONG) | Used: 140 | Top10%: 0 | Avg RR/day: 0.22 (global: 0.49) | WR: 38% | Eff: 0.45
2026-06-22 16:47:09 INFO   'sma_20_gt_50' (LONG) | Used: 141 | Top10%: 0 | Avg RR/day: 0.23 (global: 0.49) | WR: 38% | Eff: 0.47
2026-06-22 16:47:09 INFO   'price_gt_sma_50' (LONG) | Used: 101 | Top10%: 0 | Avg RR/day: 0.22 (global: 0.49) | WR: 38% | Eff: 0.45
2026-06-22 16:47:09 INFO   'price_gt_sma_200' (LONG) | Used: 64 | Top10%: 0 | Avg RR/day: 0.21 (global: 0.49) | WR: 37% | Eff: 0.43
2026-06-22 16:47:09 INFO   'macd_gt_signal' (LONG) | Used: 23 | Top10%: 0 | Avg RR/day: 0.20 (global: 0.49) | WR: 38% | Eff: 0.40
2026-06-22 16:47:09 INFO   'macd_hist_gt_0' (LONG) | Used: 30 | Top10%: 0 | Avg RR/day: 0.18 (global: 0.49) | WR: 38% | Eff: 0.37
2026-06-22 16:47:09 INFO   'rsi_14_lt_30' (LONG) | Used: 77 | Top10%: 0 | Avg RR/day: 0.22 (global: 0.49) | WR: 38% | Eff: 0.44
2026-06-22 16:47:09 INFO   'stoch_k_gt_20' (LONG) | Used: 58 | Top10%: 0 | Avg RR/day: 0.21 (global: 0.49) | WR: 38% | Eff: 0.43
2026-06-22 16:47:09 INFO   'stoch_k_lt_80' (LONG) | Used: 161 | Top10%: 0 | Avg RR/day: 0.24 (global: 0.49) | WR: 38% | Eff: 0.48
2026-06-22 16:47:09 INFO   'cci_14_gt_-100' (LONG) | Used: 126 | Top10%: 0 | Avg RR/day: 0.20 (global: 0.49) | WR: 38% | Eff: 0.41
2026-06-22 16:47:09 INFO   'price_gt_bb_upper_20_1_5' (LONG) | Used: 157 | Top10%: 0 | Avg RR/day: 0.24 (global: 0.49) | WR: 38% | Eff: 0.49
2026-06-22 16:47:09 INFO   'ema_9_lt_21' (SHORT) | Used: 42 | Top10%: 0 | Avg RR/day: 0.23 (global: 0.49) | WR: 37% | Eff: 0.46
2026-06-22 16:47:09 INFO   'ema_20_lt_50' (SHORT) | Used: 70 | Top10%: 0 | Avg RR/day: 0.21 (global: 0.49) | WR: 38% | Eff: 0.42
2026-06-22 16:47:09 INFO   'sma_20_lt_50' (SHORT) | Used: 126 | Top10%: 0 | Avg RR/day: 0.25 (global: 0.49) | WR: 37% | Eff: 0.50
2026-06-22 16:47:09 INFO   'price_lt_sma_50' (SHORT) | Used: 97 | Top10%: 0 | Avg RR/day: 0.24 (global: 0.49) | WR: 38% | Eff: 0.49
2026-06-22 16:47:09 INFO   'price_lt_sma_200' (SHORT) | Used: 131 | Top10%: 0 | Avg RR/day: 0.20 (global: 0.49) | WR: 38% | Eff: 0.41
2026-06-22 16:47:09 INFO   'rsi_14_gt_70' (SHORT) | Used: 32 | Top10%: 0 | Avg RR/day: 0.22 (global: 0.49) | WR: 38% | Eff: 0.45
2026-06-22 16:47:09 INFO   'rsi_21_gt_70' (SHORT) | Used: 73 | Top10%: 0 | Avg RR/day: 0.23 (global: 0.49) | WR: 38% | Eff: 0.46
2026-06-22 16:47:09 INFO   'stoch_k_gt_80' (SHORT) | Used: 60 | Top10%: 0 | Avg RR/day: 0.20 (global: 0.49) | WR: 38% | Eff: 0.41
2026-06-22 16:47:09 INFO   'cci_14_gt_100' (SHORT) | Used: 81 | Top10%: 0 | Avg RR/day: 0.23 (global: 0.49) | WR: 38% | Eff: 0.46
2026-06-22 16:47:09 INFO   'williams_gt_-20' (SHORT) | Used: 122 | Top10%: 0 | Avg RR/day: 0.21 (global: 0.49) | WR: 38% | Eff: 0.43
2026-06-22 16:47:09 INFO   'price_gt_bb_upper_20_2_s' (SHORT) | Used: 38 | Top10%: 0 | Avg RR/day: 0.21 (global: 0.49) | WR: 38% | Eff: 0.43
2026-06-22 16:47:09 INFO   'price_lt_bb_lower_20_2_s' (SHORT) | Used: 128 | Top10%: 0 | Avg RR/day: 0.23 (global: 0.49) | WR: 38% | Eff: 0.46
2026-06-22 16:47:09 INFO   'atr_gt_sma_atr_20' (SHARED) | Used: 46 | Top10%: 0 | Avg RR/day: 0.21 (global: 0.49) | WR: 38% | Eff: 0.43
2026-06-22 16:47:09 INFO   'volume_gt_sma_20_1_5' (SHARED) | Used: 59 | Top10%: 0 | Avg RR/day: 0.21 (global: 0.49) | WR: 38% | Eff: 0.42
2026-06-22 16:47:09 INFO   'volume_gt_sma_20_2_0' (SHARED) | Used: 56 | Top10%: 0 | Avg RR/day: 0.19 (global: 0.49) | WR: 38% | Eff: 0.38
2026-06-22 16:47:09 INFO   'obv_gt_sma_obv_20' (SHARED) | Used: 101 | Top10%: 0 | Avg RR/day: 0.23 (global: 0.49) | WR: 38% | Eff: 0.46
2026-06-22 16:47:09 INFO   'adx_14_gt_25' (SHARED) | Used: 209 | Top10%: 0 | Avg RR/day: 0.23 (global: 0.49) | WR: 38% | Eff: 0.48
2026-06-22 16:47:09 INFO   'adx_14_gt_30' (SHARED) | Used: 100 | Top10%: 0 | Avg RR/day: 0.23 (global: 0.49) | WR: 38% | Eff: 0.46
2026-06-22 16:47:09 INFO   'price_gt_high_20_1_02' (SHARED) | Used: 38 | Top10%: 0 | Avg RR/day: 0.20 (global: 0.49) | WR: 37% | Eff: 0.41
2026-06-22 16:47:09 INFO 
2026-06-22 16:47:09 INFO [WARNING] WARNINGS (insufficient data):
2026-06-22 16:47:09 INFO   'rsi_21_lt_30' (LONG) | Used: 288 | Top10%: 0 | Avg RR/day: 0.28 (global: 0.49) | WR: 37% | Eff: 0.56
2026-06-22 16:47:09 INFO   'williams_gt_-80' (LONG) | Used: 151 | Top10%: 0 | Avg RR/day: 0.26 (global: 0.49) | WR: 38% | Eff: 0.52
2026-06-22 16:47:09 INFO   'price_gt_bb_upper_20_2' (LONG) | Used: 14 | Top10%: 0 | Avg RR/day: 0.31 (global: 0.49) | WR: 40% | Eff: 0.63
2026-06-22 16:47:09 INFO   'ema_12_lt_26' (SHORT) | Used: 226 | Top10%: 0 | Avg RR/day: 0.25 (global: 0.49) | WR: 38% | Eff: 0.52
2026-06-22 16:47:09 INFO   'macd_hist_lt_0' (SHORT) | Used: 155 | Top10%: 1 | Avg RR/day: 0.26 (global: 0.49) | WR: 38% | Eff: 0.52
2026-06-22 16:47:09 INFO   'rsi_14_lt_50' (SHORT) | Used: 270 | Top10%: 0 | Avg RR/day: 0.28 (global: 0.49) | WR: 37% | Eff: 0.57
2026-06-22 16:47:09 INFO   'rsi_21_lt_50' (SHORT) | Used: 295 | Top10%: 0 | Avg RR/day: 0.27 (global: 0.49) | WR: 37% | Eff: 0.55
2026-06-22 16:47:09 INFO   'price_lt_bb_lower_20_1_5_s' (SHORT) | Used: 372 | Top10%: 0 | Avg RR/day: 0.27 (global: 0.49) | WR: 38% | Eff: 0.55
2026-06-22 16:47:09 INFO   'price_lt_low_20_0_98' (SHARED) | Used: 66 | Top10%: 0 | Avg RR/day: 0.33 (global: 0.49) | WR: 38% | Eff: 0.66
2026-06-22 16:47:09 INFO 
2026-06-22 16:47:09 INFO [STRONG] STRONG CONDITIONS:
2026-06-22 16:47:09 INFO   'williams_lt_-20' (LONG) | Used: 425 | Top10%: 282 | Avg RR/day: 0.65 (global: 0.49) | WR: 41% | Eff: 1.31
2026-06-22 16:47:09 INFO 
2026-06-22 16:47:09 INFO [OK] OK CONDITIONS:
2026-06-22 16:47:09 INFO   'ema_12_gt_26' (LONG) | Used: 1550 | Top10%: 0 | Avg RR/day: 0.44 (global: 0.49) | WR: 39% | Eff: 0.90
2026-06-22 16:47:09 INFO   'ema_20_gt_50' (LONG) | Used: 1232 | Top10%: 282 | Avg RR/day: 0.57 (global: 0.49) | WR: 40% | Eff: 1.14
2026-06-22 16:47:09 INFO   'rsi_14_gt_50' (LONG) | Used: 2525 | Top10%: 282 | Avg RR/day: 0.52 (global: 0.49) | WR: 39% | Eff: 1.06
2026-06-22 16:47:09 INFO   'rsi_21_gt_50' (LONG) | Used: 2400 | Top10%: 282 | Avg RR/day: 0.53 (global: 0.49) | WR: 40% | Eff: 1.08
2026-06-22 16:47:09 INFO   'cci_14_lt_100' (LONG) | Used: 2235 | Top10%: 0 | Avg RR/day: 0.49 (global: 0.49) | WR: 39% | Eff: 0.98
2026-06-22 16:47:09 INFO   'price_lt_bb_lower_20_2' (LONG) | Used: 1095 | Top10%: 0 | Avg RR/day: 0.45 (global: 0.49) | WR: 39% | Eff: 0.91
2026-06-22 16:47:09 INFO   'price_lt_bb_lower_20_1_5' (LONG) | Used: 2359 | Top10%: 282 | Avg RR/day: 0.54 (global: 0.49) | WR: 40% | Eff: 1.09
2026-06-22 16:47:09 INFO   'macd_lt_signal' (SHORT) | Used: 2547 | Top10%: 281 | Avg RR/day: 0.52 (global: 0.49) | WR: 39% | Eff: 1.06
2026-06-22 16:47:09 INFO   'stoch_k_lt_20' (SHORT) | Used: 2282 | Top10%: 282 | Avg RR/day: 0.55 (global: 0.49) | WR: 40% | Eff: 1.11
2026-06-22 16:47:09 INFO   'cci_14_lt_-100' (SHORT) | Used: 2583 | Top10%: 282 | Avg RR/day: 0.52 (global: 0.49) | WR: 39% | Eff: 1.05
2026-06-22 16:47:09 INFO   'williams_lt_-80' (SHORT) | Used: 2520 | Top10%: 282 | Avg RR/day: 0.53 (global: 0.49) | WR: 39% | Eff: 1.07
2026-06-22 16:47:09 INFO   'price_gt_bb_upper_20_1_5_s' (SHORT) | Used: 2358 | Top10%: 282 | Avg RR/day: 0.54 (global: 0.49) | WR: 40% | Eff: 1.09
2026-06-22 16:47:09 INFO   'adx_14_lt_20' (SHARED) | Used: 2611 | Top10%: 282 | Avg RR/day: 0.51 (global: 0.49) | WR: 39% | Eff: 1.04
2026-06-22 16:47:09 INFO 
2026-06-22 16:47:09 INFO Low-efficiency (0.5x weight): 30 conditions: ['ema_9_gt_21', 'sma_20_gt_50', 'price_gt_sma_50', 'price_gt_sma_200', 'macd_gt_signal', 'macd_hist_gt_0', 'rsi_14_lt_30', 'stoch_k_gt_20', 'stoch_k_lt_80', 'cci_14_gt_-100', 'price_gt_bb_upper_20_1_5', 'ema_9_lt_21', 'ema_20_lt_50', 'sma_20_lt_50', 'price_lt_sma_50', 'price_lt_sma_200', 'rsi_14_gt_70', 'rsi_21_gt_70', 'stoch_k_gt_80', 'cci_14_gt_100', 'williams_gt_-20', 'price_gt_bb_upper_20_2_s', 'price_lt_bb_lower_20_2_s', 'atr_gt_sma_atr_20', 'volume_gt_sma_20_1_5', 'volume_gt_sma_20_2_0', 'obv_gt_sma_obv_20', 'adx_14_gt_25', 'adx_14_gt_30', 'price_gt_high_20_1_02']
2026-06-22 16:47:09 INFO ============================================================
2026-06-22 16:47:09 INFO Efficiency report saved to C:\Users\xfide\documents\crypto.ai\models\condition_efficiency.json
2026-06-22 16:47:09 INFO [EFFICIENCY] 30 conditions flagged low-efficiency (0.5x weight, eff 0.3-0.5): ['ema_9_gt_21', 'sma_20_gt_50', 'price_gt_sma_50', 'price_gt_sma_200', 'macd_gt_signal', 'macd_hist_gt_0', 'rsi_14_lt_30', 'stoch_k_gt_20', 'stoch_k_lt_80', 'cci_14_gt_-100', 'price_gt_bb_upper_20_1_5', 'ema_9_lt_21', 'ema_20_lt_50', 'sma_20_lt_50', 'price_lt_sma_50', 'price_lt_sma_200', 'rsi_14_gt_70', 'rsi_21_gt_70', 'stoch_k_gt_80', 'cci_14_gt_100', 'williams_gt_-20', 'price_gt_bb_upper_20_2_s', 'price_lt_bb_lower_20_2_s', 'atr_gt_sma_atr_20', 'volume_gt_sma_20_1_5', 'volume_gt_sma_20_2_0', 'obv_gt_sma_obv_20', 'adx_14_gt_25', 'adx_14_gt_30', 'price_gt_high_20_1_02']
2026-06-22 16:47:09 INFO 
2026-06-22 16:47:09 INFO ============================================================
2026-06-22 16:47:09 INFO Phase 2: Bayesian Optimization (local refinement -- focus on promising regions)
2026-06-22 16:47:09 INFO ============================================================
2026-06-22 16:47:09 INFO Bayesian: Starting | timeout=584s (9.7m), max_trials=10000, startup=20
2026-06-22 16:47:09 INFO Bayesian: Using 10 GA seed strategies as bases. TPE optimizes threshold, SL ATR mult, and RR. Conditions are lightly mutated (0-2 swaps per trial).
2026-06-22 16:47:09 INFO Bayesian: Enqueued 10 seed trials.
2026-06-22 16:56:53 INFO Bayesian: Manual timeout safety net triggered. Stopping.
2026-06-22 16:56:53 INFO Bayesian: Finished | Best score: 0.8682 | 4751 trials | Elapsed: 584s | Speed: 8.1 trials/s
2026-06-22 16:56:53 INFO   Score = rr_per_day * drawdown_penalty * low_trades_penalty. Higher = better.
2026-06-22 16:56:53 INFO Saving new best strategy (score: 0.8682)
2026-06-22 16:56:53 INFO Strategy saved to C:\Users\xfide\documents\crypto.ai\models\best_strategy.json
2026-06-22 16:56:53 INFO Top 500 strategies saved to C:\Users\xfide\documents\crypto.ai\models\top_strategies.json
2026-06-22 16:56:53 INFO ============================================================
2026-06-22 16:56:53 INFO Training finished.
2026-06-22 16:56:53 INFO 
2026-06-22 16:56:53 INFO   Best score:          0.8682
2026-06-22 16:56:53 INFO   Best strategy:       strat_0f2aafbe (LONG:5 SHORT:5 SHARED:1)
2026-06-22 16:56:53 INFO     Win rate:          38.6%
2026-06-22 16:56:53 INFO     RR/day:            0.9151
2026-06-22 16:56:53 INFO     Max drawdown:      16.8%
2026-06-22 16:56:53 INFO     Valid trades:      311
2026-06-22 16:56:53 INFO 
2026-06-22 16:56:53 INFO   Total strategies tested: 8876
2026-06-22 16:56:53 INFO   Time elapsed:        1200s (20.0m)
2026-06-22 16:56:53 INFO   Average:             7.4 strats/sec
2026-06-22 16:56:53 INFO   New best strategy saved to C:\Users\xfide\documents\crypto.ai\models\best_strategy.json
2026-06-22 16:56:53 INFO 
2026-06-22 16:56:53 INFO   Next steps:
2026-06-22 16:56:53 INFO     1. Review efficiency report above -- which conditions helped/hurt
2026-06-22 16:56:53 INFO     2. Run validation: python validation.py --symbol BTC/USDT
2026-06-22 16:56:53 INFO     3. If validation passes, go live: python live_signal.py
2026-06-22 16:56:53 INFO ============================================================
