2026-06-22 12:41:08 INFO Training log: C:\Users\xfide\documents\crypto.ai\logs\training_2026-06-22_124108.log
2026-06-22 12:41:08 INFO Training started | Method: ga_bayesian | Symbol: BTC/USDT | Timeframe: 15m | Duration: 3 min
2026-06-22 12:41:08 INFO   Objective: Find the strategy with the highest score. Score = rr_per_day x drawdown_penalty x low_trades_penalty.
2026-06-22 12:41:08 INFO   Disqualified if: trades/day < 1.2, win_rate < 35%, max_drawdown > 50%, or avg_trades/day outside 0.5-10.
2026-06-22 12:41:08 INFO Loading historical data...
2026-06-22 12:41:08 INFO Cache found: 17519 candles up to 2026-06-22 09:45:00+00:00. Fetching from 2026-06-22 10:00:00+00:00.
2026-06-22 12:41:08 INFO Fetching BTC/USDT 15m from 2026-06-22 10:00 to 2026-06-22 11:41
2026-06-22 12:41:17 INFO Fetched 7 new candles in 1 requests.
2026-06-22 12:41:17 INFO Total candles available: 17526
2026-06-22 12:41:17 INFO Raw data: 17526 candles (2025-12-21 to 2026-06-22, 12 months)
2026-06-22 12:41:17 INFO Computing indicators...
2026-06-22 12:41:17 INFO Data prepared: 17327 candles after warmup drop.
2026-06-22 12:41:17 INFO Clean data: 17327 candles after warmup
2026-06-22 12:41:17 INFO Pre-computing 53 conditions...
2026-06-22 12:41:18 INFO Data preparation complete.
2026-06-22 12:41:19 INFO ============================================================
2026-06-22 12:41:19 INFO Phase 1: Genetic Algorithm (global search -- evolve strategies over generations)
2026-06-22 12:41:19 INFO ============================================================
2026-06-22 12:41:19 INFO GA: Starting | pop=200, time_budget=90s (1.5m), max_gen=200, cx=0.8, mut=0.2, elite=5
2026-06-22 12:41:19 INFO   Score = rr_per_day * drawdown_penalty * low_trades_penalty. Higher = better. Negative or -inf means disqualified.
2026-06-22 12:42:27 INFO GA Gen 0 | Best score: 0.1525 | Avg score: 0.0647 | Pop: 200 | Elapsed: 69s
2026-06-22 12:42:43 INFO GA Gen 1 | Best score: 0.2472 | Avg score: 0.0770 | Tested: 370 | Elapsed: 84s [NEW BEST!]
2026-06-22 12:42:57 INFO GA Gen 2 | Best score: 0.3323 | Avg score: 0.0961 | Tested: 540 | Elapsed: 98s [NEW BEST!]
2026-06-22 12:42:57 INFO GA: Time budget exhausted at generation 2. Stopping.
2026-06-22 12:42:57 INFO GA: Finished | Best score: 0.3323 | 2 generations | Elapsed: 98s | Strategies tested: 540 | Speed: 5.5 strats/s | Passing top 10 to Bayesian optimizer.
2026-06-22 12:42:57 INFO 
2026-06-22 12:42:57 INFO [EFFICIENCY] GA phase complete. Analyzing condition efficiency...
2026-06-22 12:42:57 INFO ============================================================
2026-06-22 12:42:57 INFO EFFICIENCY REPORT
2026-06-22 12:42:57 INFO ============================================================
2026-06-22 12:42:57 INFO Strategies analyzed: 84
2026-06-22 12:42:57 INFO Global avg RR/day: 0.2389
2026-06-22 12:42:57 INFO   LONG avg RR/day: 0.0000 (0 strategies)
2026-06-22 12:42:57 INFO   SHORT avg RR/day: 0.0000 (0 strategies)
2026-06-22 12:42:57 INFO 
2026-06-22 12:42:57 INFO [OK] OK CONDITIONS:
2026-06-22 12:42:57 INFO   'ema_9_gt_21' (LONG) | Used: 31 | Top10%: 6 | Avg RR/day: 0.27 (global: 0.24) | WR: 39% | Eff: 1.13
2026-06-22 12:42:57 INFO   'ema_12_gt_26' (LONG) | Used: 27 | Top10%: 1 | Avg RR/day: 0.25 (global: 0.24) | WR: 39% | Eff: 1.03
2026-06-22 12:42:57 INFO   'ema_20_gt_50' (LONG) | Used: 23 | Top10%: 1 | Avg RR/day: 0.24 (global: 0.24) | WR: 38% | Eff: 1.01
2026-06-22 12:42:57 INFO   'sma_20_gt_50' (LONG) | Used: 29 | Top10%: 5 | Avg RR/day: 0.25 (global: 0.24) | WR: 39% | Eff: 1.03
2026-06-22 12:42:57 INFO   'price_gt_sma_50' (LONG) | Used: 29 | Top10%: 1 | Avg RR/day: 0.24 (global: 0.24) | WR: 38% | Eff: 0.99
2026-06-22 12:42:57 INFO   'price_gt_sma_200' (LONG) | Used: 42 | Top10%: 4 | Avg RR/day: 0.22 (global: 0.24) | WR: 38% | Eff: 0.92
2026-06-22 12:42:57 INFO   'macd_gt_signal' (LONG) | Used: 29 | Top10%: 3 | Avg RR/day: 0.26 (global: 0.24) | WR: 38% | Eff: 1.10
2026-06-22 12:42:57 INFO   'macd_hist_gt_0' (LONG) | Used: 13 | Top10%: 0 | Avg RR/day: 0.24 (global: 0.24) | WR: 38% | Eff: 0.99
2026-06-22 12:42:57 INFO   'rsi_14_gt_50' (LONG) | Used: 22 | Top10%: 3 | Avg RR/day: 0.23 (global: 0.24) | WR: 38% | Eff: 0.97
2026-06-22 12:42:57 INFO   'rsi_14_lt_30' (LONG) | Used: 26 | Top10%: 1 | Avg RR/day: 0.20 (global: 0.24) | WR: 39% | Eff: 0.86
2026-06-22 12:42:57 INFO   'rsi_21_gt_50' (LONG) | Used: 30 | Top10%: 2 | Avg RR/day: 0.22 (global: 0.24) | WR: 39% | Eff: 0.93
2026-06-22 12:42:57 INFO   'rsi_21_lt_30' (LONG) | Used: 28 | Top10%: 2 | Avg RR/day: 0.21 (global: 0.24) | WR: 39% | Eff: 0.89
2026-06-22 12:42:57 INFO   'stoch_k_gt_20' (LONG) | Used: 19 | Top10%: 1 | Avg RR/day: 0.21 (global: 0.24) | WR: 39% | Eff: 0.87
2026-06-22 12:42:57 INFO   'stoch_k_lt_80' (LONG) | Used: 33 | Top10%: 1 | Avg RR/day: 0.26 (global: 0.24) | WR: 39% | Eff: 1.09
2026-06-22 12:42:57 INFO   'cci_14_gt_-100' (LONG) | Used: 38 | Top10%: 3 | Avg RR/day: 0.22 (global: 0.24) | WR: 38% | Eff: 0.91
2026-06-22 12:42:57 INFO   'cci_14_lt_100' (LONG) | Used: 28 | Top10%: 3 | Avg RR/day: 0.26 (global: 0.24) | WR: 39% | Eff: 1.10
2026-06-22 12:42:57 INFO   'williams_gt_-80' (LONG) | Used: 28 | Top10%: 1 | Avg RR/day: 0.21 (global: 0.24) | WR: 38% | Eff: 0.90
2026-06-22 12:42:57 INFO   'williams_lt_-20' (LONG) | Used: 36 | Top10%: 3 | Avg RR/day: 0.25 (global: 0.24) | WR: 39% | Eff: 1.03
2026-06-22 12:42:57 INFO   'price_lt_bb_lower_20_2' (LONG) | Used: 24 | Top10%: 3 | Avg RR/day: 0.24 (global: 0.24) | WR: 38% | Eff: 1.00
2026-06-22 12:42:57 INFO   'price_gt_bb_upper_20_2' (LONG) | Used: 22 | Top10%: 2 | Avg RR/day: 0.22 (global: 0.24) | WR: 40% | Eff: 0.91
2026-06-22 12:42:57 INFO   'price_lt_bb_lower_20_1_5' (LONG) | Used: 35 | Top10%: 4 | Avg RR/day: 0.25 (global: 0.24) | WR: 39% | Eff: 1.05
2026-06-22 12:42:57 INFO   'price_gt_bb_upper_20_1_5' (LONG) | Used: 27 | Top10%: 2 | Avg RR/day: 0.22 (global: 0.24) | WR: 38% | Eff: 0.94
2026-06-22 12:42:57 INFO   'ema_9_lt_21' (SHORT) | Used: 49 | Top10%: 5 | Avg RR/day: 0.24 (global: 0.24) | WR: 39% | Eff: 1.00
2026-06-22 12:42:57 INFO   'ema_12_lt_26' (SHORT) | Used: 35 | Top10%: 2 | Avg RR/day: 0.26 (global: 0.24) | WR: 39% | Eff: 1.08
2026-06-22 12:42:57 INFO   'ema_20_lt_50' (SHORT) | Used: 38 | Top10%: 6 | Avg RR/day: 0.25 (global: 0.24) | WR: 39% | Eff: 1.04
2026-06-22 12:42:57 INFO   'sma_20_lt_50' (SHORT) | Used: 24 | Top10%: 1 | Avg RR/day: 0.24 (global: 0.24) | WR: 38% | Eff: 1.02
2026-06-22 12:42:57 INFO   'price_lt_sma_50' (SHORT) | Used: 35 | Top10%: 5 | Avg RR/day: 0.25 (global: 0.24) | WR: 38% | Eff: 1.04
2026-06-22 12:42:57 INFO   'price_lt_sma_200' (SHORT) | Used: 22 | Top10%: 3 | Avg RR/day: 0.26 (global: 0.24) | WR: 38% | Eff: 1.11
2026-06-22 12:42:57 INFO   'macd_lt_signal' (SHORT) | Used: 31 | Top10%: 1 | Avg RR/day: 0.23 (global: 0.24) | WR: 38% | Eff: 0.94
2026-06-22 12:42:57 INFO   'macd_hist_lt_0' (SHORT) | Used: 21 | Top10%: 3 | Avg RR/day: 0.23 (global: 0.24) | WR: 39% | Eff: 0.96
2026-06-22 12:42:57 INFO   'rsi_14_lt_50' (SHORT) | Used: 25 | Top10%: 4 | Avg RR/day: 0.24 (global: 0.24) | WR: 38% | Eff: 1.01
2026-06-22 12:42:57 INFO   'rsi_14_gt_70' (SHORT) | Used: 18 | Top10%: 1 | Avg RR/day: 0.25 (global: 0.24) | WR: 38% | Eff: 1.05
2026-06-22 12:42:57 INFO   'rsi_21_lt_50' (SHORT) | Used: 40 | Top10%: 1 | Avg RR/day: 0.24 (global: 0.24) | WR: 39% | Eff: 0.99
2026-06-22 12:42:57 INFO   'rsi_21_gt_70' (SHORT) | Used: 5 | Top10%: 0 | Avg RR/day: 0.20 (global: 0.24) | WR: 39% | Eff: 0.82
2026-06-22 12:42:57 INFO   'stoch_k_gt_80' (SHORT) | Used: 17 | Top10%: 1 | Avg RR/day: 0.21 (global: 0.24) | WR: 38% | Eff: 0.87
2026-06-22 12:42:57 INFO   'stoch_k_lt_20' (SHORT) | Used: 32 | Top10%: 3 | Avg RR/day: 0.24 (global: 0.24) | WR: 38% | Eff: 0.99
2026-06-22 12:42:57 INFO   'cci_14_gt_100' (SHORT) | Used: 21 | Top10%: 3 | Avg RR/day: 0.27 (global: 0.24) | WR: 38% | Eff: 1.13
2026-06-22 12:42:57 INFO   'cci_14_lt_-100' (SHORT) | Used: 17 | Top10%: 0 | Avg RR/day: 0.23 (global: 0.24) | WR: 39% | Eff: 0.95
2026-06-22 12:42:57 INFO   'williams_gt_-20' (SHORT) | Used: 11 | Top10%: 0 | Avg RR/day: 0.21 (global: 0.24) | WR: 41% | Eff: 0.86
2026-06-22 12:42:57 INFO   'williams_lt_-80' (SHORT) | Used: 36 | Top10%: 3 | Avg RR/day: 0.27 (global: 0.24) | WR: 38% | Eff: 1.12
2026-06-22 12:42:57 INFO   'price_gt_bb_upper_20_2_s' (SHORT) | Used: 18 | Top10%: 1 | Avg RR/day: 0.21 (global: 0.24) | WR: 38% | Eff: 0.88
2026-06-22 12:42:57 INFO   'price_lt_bb_lower_20_2_s' (SHORT) | Used: 15 | Top10%: 1 | Avg RR/day: 0.21 (global: 0.24) | WR: 38% | Eff: 0.89
2026-06-22 12:42:57 INFO   'price_gt_bb_upper_20_1_5_s' (SHORT) | Used: 24 | Top10%: 0 | Avg RR/day: 0.19 (global: 0.24) | WR: 39% | Eff: 0.81
2026-06-22 12:42:57 INFO   'price_lt_bb_lower_20_1_5_s' (SHORT) | Used: 25 | Top10%: 3 | Avg RR/day: 0.24 (global: 0.24) | WR: 38% | Eff: 1.02
2026-06-22 12:42:57 INFO   'atr_gt_sma_atr_20' (SHARED) | Used: 13 | Top10%: 2 | Avg RR/day: 0.27 (global: 0.24) | WR: 38% | Eff: 1.13
2026-06-22 12:42:57 INFO   'volume_gt_sma_20_1_5' (SHARED) | Used: 27 | Top10%: 2 | Avg RR/day: 0.23 (global: 0.24) | WR: 38% | Eff: 0.95
2026-06-22 12:42:57 INFO   'volume_gt_sma_20_2_0' (SHARED) | Used: 10 | Top10%: 0 | Avg RR/day: 0.22 (global: 0.24) | WR: 37% | Eff: 0.91
2026-06-22 12:42:57 INFO   'obv_gt_sma_obv_20' (SHARED) | Used: 17 | Top10%: 2 | Avg RR/day: 0.26 (global: 0.24) | WR: 40% | Eff: 1.09
2026-06-22 12:42:57 INFO   'adx_14_gt_25' (SHARED) | Used: 24 | Top10%: 2 | Avg RR/day: 0.26 (global: 0.24) | WR: 38% | Eff: 1.08
2026-06-22 12:42:57 INFO   'adx_14_gt_30' (SHARED) | Used: 34 | Top10%: 3 | Avg RR/day: 0.22 (global: 0.24) | WR: 38% | Eff: 0.92
2026-06-22 12:42:57 INFO   'adx_14_lt_20' (SHARED) | Used: 23 | Top10%: 1 | Avg RR/day: 0.23 (global: 0.24) | WR: 38% | Eff: 0.94
2026-06-22 12:42:57 INFO   'price_gt_high_20_1_02' (SHARED) | Used: 22 | Top10%: 1 | Avg RR/day: 0.21 (global: 0.24) | WR: 39% | Eff: 0.88
2026-06-22 12:42:57 INFO   'price_lt_low_20_0_98' (SHARED) | Used: 18 | Top10%: 2 | Avg RR/day: 0.19 (global: 0.24) | WR: 40% | Eff: 0.81
2026-06-22 12:42:57 INFO 
2026-06-22 12:42:57 INFO ============================================================
2026-06-22 12:42:57 INFO Efficiency report saved to C:\Users\xfide\documents\crypto.ai\models\condition_efficiency.json
2026-06-22 12:42:57 INFO [EFFICIENCY] All conditions performing well. No removals.
2026-06-22 12:42:57 INFO 
2026-06-22 12:42:57 INFO ============================================================
2026-06-22 12:42:57 INFO Phase 2: Bayesian Optimization (local refinement -- focus on promising regions)
2026-06-22 12:42:57 INFO ============================================================
2026-06-22 12:42:57 INFO Bayesian: Starting | timeout=71s (1.2m), max_trials=10000, startup=100
2026-06-22 12:42:57 INFO   Each trial generates a strategy with random conditions, threshold, stop-loss, and risk-reward. The TPE model learns which parameter combinations score highest and focuses the search there.
2026-06-22 12:42:57 INFO Bayesian: Seeded 10 strategies from GA.
2026-06-22 12:44:08 INFO Bayesian: Manual timeout safety net triggered. Stopping.
2026-06-22 12:44:08 INFO Bayesian: Finished | Best score: 0.3602 | 568 trials | Elapsed: 71s | Speed: 7.9 trials/s
2026-06-22 12:44:08 INFO   Score = rr_per_day * drawdown_penalty * low_trades_penalty. Higher = better.
2026-06-22 12:44:08 INFO Keeping existing best strategy (score: 0.3892) -- new strategy score (0.3602) is not higher.
2026-06-22 12:44:08 INFO Top 260 strategies saved to C:\Users\xfide\documents\crypto.ai\models\top_strategies.json
2026-06-22 12:44:08 INFO ============================================================
2026-06-22 12:44:08 INFO Training finished.
2026-06-22 12:44:08 INFO 
2026-06-22 12:44:08 INFO   Best score:          0.3602
2026-06-22 12:44:08 INFO   Best strategy:       strat_64b6706e (LONG:12 SHORT:7 SHARED:4)
2026-06-22 12:44:08 INFO     Win rate:          38.4%
2026-06-22 12:44:08 INFO     RR/day:            0.3938
2026-06-22 12:44:08 INFO     Max drawdown:      18.0%
2026-06-22 12:44:08 INFO     Valid trades:      284
2026-06-22 12:44:08 INFO 
2026-06-22 12:44:08 INFO   Total strategies tested: 1108
2026-06-22 12:44:08 INFO   Time elapsed:        180s (3.0m)
2026-06-22 12:44:08 INFO   Average:             6.1 strats/sec
2026-06-22 12:44:08 INFO   Existing best strategy retained (score: 0.3602)
2026-06-22 12:44:08 INFO 
2026-06-22 12:44:08 INFO   Next steps:
2026-06-22 12:44:08 INFO     1. Review efficiency report above -- which conditions helped/hurt
2026-06-22 12:44:08 INFO     2. Run validation: python validation.py --symbol BTC/USDT
2026-06-22 12:44:08 INFO     3. If validation passes, go live: python live_signal.py
2026-06-22 12:44:08 INFO ============================================================
