2026-06-23 16:35:53 INFO Training log: C:\Users\xfide\documents\crypto.ai\logs\training\training_2026-06-23_163553.log
2026-06-23 16:35:53 INFO Training started | Method: ga_bayesian | Symbol: BTC/USDT | Timeframe: 15m | Duration: 30 min
2026-06-23 16:35:53 INFO   Objective: Find the strategy with the highest score. Score = rr_per_day x drawdown_penalty x low_trades_penalty.
2026-06-23 16:35:53 INFO   Disqualified if: trades/day < 1.2, win_rate < 35%, max_drawdown > 50%, or avg_trades/day outside 0.5-10.
2026-06-23 16:35:53 INFO Loading historical data...
2026-06-23 16:35:54 INFO Cache found: 17637 candles up to 2026-06-23 15:15:00+00:00. Fetching from 2026-06-23 15:30:00+00:00.
2026-06-23 16:35:54 INFO Fetching BTC/USDT 15m from 2026-06-23 15:30 to 2026-06-23 15:35
2026-06-23 16:35:58 INFO Fetched 1 new candles in 1 requests.
2026-06-23 16:35:59 INFO Total candles available: 17638
2026-06-23 16:35:59 INFO Raw data: 17638 candles (2025-12-21 to 2026-06-23, 12 months)
2026-06-23 16:35:59 INFO Computing indicators...
2026-06-23 16:35:59 INFO Data prepared: 17439 candles after warmup drop.
2026-06-23 16:35:59 INFO Clean data: 17439 candles after warmup
2026-06-23 16:35:59 INFO Pre-computing 53 conditions...
2026-06-23 16:35:59 INFO Data preparation complete.
2026-06-23 16:35:59 INFO ============================================================
2026-06-23 16:35:59 INFO Phase 1: Genetic Algorithm (global search -- evolve strategies over generations)
2026-06-23 16:35:59 INFO ============================================================
2026-06-23 16:35:59 INFO GA: Starting | pop=200, time_budget=900s (15.0m), max_gen=200, cx=0.8, mut=0.2, elite=5
2026-06-23 16:35:59 INFO   Score = rr_per_day * drawdown_penalty * low_trades_penalty. Higher = better. Negative or -inf means disqualified.
2026-06-23 16:36:29 INFO GA Gen 0 | Best score: 0.0120 | Avg score: 0.0120 | Pop: 200 | Elapsed: 30s
2026-06-23 16:37:01 INFO GA Gen 1 | Best score: 0.0120 | Avg score: 0.0112 | Tested: 361 | Elapsed: 62s
2026-06-23 16:37:32 INFO GA Gen 2 | Best score: 0.0614 | Avg score: 0.0184 | Tested: 526 | Elapsed: 93s [NEW BEST!]
2026-06-23 16:38:02 INFO GA Gen 3 | Best score: 0.0813 | Avg score: 0.0277 | Tested: 690 | Elapsed: 122s [NEW BEST!]
2026-06-23 16:38:30 INFO GA Gen 4 | Best score: 0.0813 | Avg score: 0.0301 | Tested: 849 | Elapsed: 150s
2026-06-23 16:38:55 INFO GA Gen 5 | Best score: 0.0813 | Avg score: 0.0435 | Tested: 1007 | Elapsed: 176s
2026-06-23 16:39:22 INFO GA Gen 6 | Best score: 0.1406 | Avg score: 0.0623 | Tested: 1178 | Elapsed: 203s [NEW BEST!]
2026-06-23 16:39:50 INFO GA Gen 7 | Best score: 0.1406 | Avg score: 0.0595 | Tested: 1341 | Elapsed: 231s
2026-06-23 16:40:16 INFO GA Gen 8 | Best score: 0.1406 | Avg score: 0.0663 | Tested: 1508 | Elapsed: 257s
2026-06-23 16:40:46 INFO GA Gen 9 | Best score: 0.1406 | Avg score: 0.0724 | Tested: 1680 | Elapsed: 287s
2026-06-23 16:41:14 INFO GA Gen 10 | Best score: 0.1406 | Avg score: 0.0804 | Tested: 1840 | Elapsed: 315s
2026-06-23 16:41:41 INFO GA Gen 11 | Best score: 0.1406 | Avg score: 0.0774 | Tested: 1993 | Elapsed: 342s
2026-06-23 16:42:08 INFO GA Gen 12 | Best score: 0.1406 | Avg score: 0.0712 | Tested: 2159 | Elapsed: 368s
2026-06-23 16:43:31 INFO GA Gen 13 | Best score: 0.1908 | Avg score: 0.0722 | Tested: 2334 | Elapsed: 451s [NEW BEST!]
2026-06-23 16:44:40 INFO GA Gen 14 | Best score: 0.1908 | Avg score: 0.0860 | Tested: 2503 | Elapsed: 521s
2026-06-23 16:45:06 INFO GA Gen 15 | Best score: 0.1908 | Avg score: 0.0857 | Tested: 2666 | Elapsed: 547s
2026-06-23 16:45:29 INFO GA Gen 16 | Best score: 0.1908 | Avg score: 0.0923 | Tested: 2824 | Elapsed: 569s
2026-06-23 16:45:51 INFO GA Gen 17 | Best score: 0.1908 | Avg score: 0.0856 | Tested: 2977 | Elapsed: 591s
2026-06-23 16:46:13 INFO GA Gen 18 | Best score: 0.1908 | Avg score: 0.0885 | Tested: 3136 | Elapsed: 614s
2026-06-23 16:46:38 INFO GA Gen 19 | Best score: 0.1908 | Avg score: 0.0917 | Tested: 3304 | Elapsed: 639s
2026-06-23 16:47:03 INFO GA Gen 20 | Best score: 0.1908 | Avg score: 0.0959 | Tested: 3470 | Elapsed: 664s
2026-06-23 16:47:27 INFO GA Gen 21 | Best score: 0.1908 | Avg score: 0.0940 | Tested: 3632 | Elapsed: 688s
2026-06-23 16:47:50 INFO GA Gen 22 | Best score: 0.1908 | Avg score: 0.0901 | Tested: 3793 | Elapsed: 711s
2026-06-23 16:48:10 INFO GA Gen 23 | Best score: 0.1908 | Avg score: 0.1039 | Tested: 3952 | Elapsed: 731s
2026-06-23 16:48:32 INFO GA Gen 24 | Best score: 0.1908 | Avg score: 0.1082 | Tested: 4123 | Elapsed: 753s
2026-06-23 16:48:52 INFO GA Gen 25 | Best score: 0.2089 | Avg score: 0.1167 | Tested: 4282 | Elapsed: 773s [NEW BEST!]
2026-06-23 16:49:11 INFO GA Gen 26 | Best score: 0.2089 | Avg score: 0.1121 | Tested: 4446 | Elapsed: 792s
2026-06-23 16:49:30 INFO GA Gen 27 | Best score: 0.2089 | Avg score: 0.1195 | Tested: 4606 | Elapsed: 811s
2026-06-23 16:49:51 INFO GA Gen 28 | Best score: 0.2089 | Avg score: 0.1304 | Tested: 4763 | Elapsed: 831s
2026-06-23 16:50:11 INFO GA Gen 29 | Best score: 0.2089 | Avg score: 0.1441 | Tested: 4934 | Elapsed: 851s
2026-06-23 16:50:27 INFO GA Gen 30 | Best score: 0.2089 | Avg score: 0.1529 | Tested: 5089 | Elapsed: 868s
2026-06-23 16:50:49 INFO GA Gen 31 | Best score: 0.2089 | Avg score: 0.1513 | Tested: 5258 | Elapsed: 889s
2026-06-23 16:51:09 INFO GA Gen 32 | Best score: 0.2558 | Avg score: 0.1570 | Tested: 5425 | Elapsed: 910s [NEW BEST!]
2026-06-23 16:51:10 INFO GA: Time budget exhausted at generation 32. Stopping.
2026-06-23 16:51:10 INFO GA: Finished | Best score: 0.2558 | 32 generations | Elapsed: 910s | Strategies tested: 5425 | Speed: 6.0 strats/s | Passing top 10 to Bayesian optimizer.
2026-06-23 16:51:10 INFO 
2026-06-23 16:51:10 INFO [EFFICIENCY] GA phase complete. Analyzing condition efficiency...
2026-06-23 16:51:10 INFO ============================================================
2026-06-23 16:51:10 INFO EFFICIENCY REPORT
2026-06-23 16:51:10 INFO ============================================================
2026-06-23 16:51:10 INFO Strategies analyzed: 2005
2026-06-23 16:51:10 INFO Global avg RR/day: 0.5296
2026-06-23 16:51:10 INFO   LONG avg RR/day: 0.5249 (1371 weighted contributions)
2026-06-23 16:51:10 INFO   SHORT avg RR/day: 0.5397 (633 weighted contributions)
2026-06-23 16:51:10 INFO 
2026-06-23 16:51:10 INFO [ALERT] ALERTS (consider removing):
2026-06-23 16:51:10 INFO   'cci_14_lt_-100' (SHORT) | Used: 3 | Top10%: 0 | Avg RR/day: 0.27 (global: 0.53) | WR: 37% | Eff: 0.50
2026-06-23 16:51:10 INFO 
2026-06-23 16:51:10 INFO [WARNING] WARNINGS (insufficient data):
2026-06-23 16:51:10 INFO   'sma_20_gt_50' (LONG) | Used: 1 | Top10%: 0 | Avg RR/day: 0.30 (global: 0.53) | WR: 37% | Eff: 0.57
2026-06-23 16:51:10 INFO   'price_gt_sma_50' (LONG) | Used: 452 | Top10%: 1 | Avg RR/day: 0.34 (global: 0.53) | WR: 37% | Eff: 0.65
2026-06-23 16:51:10 INFO   'macd_gt_signal' (LONG) | Used: 1 | Top10%: 0 | Avg RR/day: 0.27 (global: 0.53) | WR: 35% | Eff: 0.52
2026-06-23 16:51:10 INFO   'rsi_14_gt_50' (LONG) | Used: 451 | Top10%: 0 | Avg RR/day: 0.34 (global: 0.53) | WR: 37% | Eff: 0.65
2026-06-23 16:51:10 INFO   'rsi_14_lt_30' (LONG) | Used: 451 | Top10%: 0 | Avg RR/day: 0.34 (global: 0.53) | WR: 37% | Eff: 0.65
2026-06-23 16:51:10 INFO   'rsi_21_lt_30' (LONG) | Used: 1 | Top10%: 0 | Avg RR/day: 0.30 (global: 0.53) | WR: 37% | Eff: 0.57
2026-06-23 16:51:10 INFO   'stoch_k_gt_20' (LONG) | Used: 450 | Top10%: 0 | Avg RR/day: 0.34 (global: 0.53) | WR: 37% | Eff: 0.65
2026-06-23 16:51:10 INFO   'cci_14_lt_100' (LONG) | Used: 19 | Top10%: 0 | Avg RR/day: 0.32 (global: 0.53) | WR: 37% | Eff: 0.60
2026-06-23 16:51:10 INFO   'price_gt_bb_upper_20_2' (LONG) | Used: 1 | Top10%: 0 | Avg RR/day: 0.30 (global: 0.53) | WR: 37% | Eff: 0.57
2026-06-23 16:51:10 INFO   'price_lt_bb_lower_20_1_5' (LONG) | Used: 1 | Top10%: 0 | Avg RR/day: 0.30 (global: 0.53) | WR: 37% | Eff: 0.57
2026-06-23 16:51:10 INFO   'price_gt_bb_upper_20_1_5' (LONG) | Used: 1 | Top10%: 0 | Avg RR/day: 0.30 (global: 0.53) | WR: 37% | Eff: 0.57
2026-06-23 16:51:10 INFO   'ema_12_lt_26' (SHORT) | Used: 1 | Top10%: 0 | Avg RR/day: 0.34 (global: 0.53) | WR: 38% | Eff: 0.63
2026-06-23 16:51:10 INFO   'ema_20_lt_50' (SHORT) | Used: 452 | Top10%: 0 | Avg RR/day: 0.34 (global: 0.53) | WR: 37% | Eff: 0.63
2026-06-23 16:51:10 INFO   'sma_20_lt_50' (SHORT) | Used: 2 | Top10%: 0 | Avg RR/day: 0.31 (global: 0.53) | WR: 37% | Eff: 0.57
2026-06-23 16:51:10 INFO   'price_lt_sma_50' (SHORT) | Used: 5 | Top10%: 0 | Avg RR/day: 0.29 (global: 0.53) | WR: 36% | Eff: 0.54
2026-06-23 16:51:10 INFO   'macd_lt_signal' (SHORT) | Used: 1 | Top10%: 0 | Avg RR/day: 0.30 (global: 0.53) | WR: 37% | Eff: 0.56
2026-06-23 16:51:10 INFO   'macd_hist_lt_0' (SHORT) | Used: 1 | Top10%: 0 | Avg RR/day: 0.30 (global: 0.53) | WR: 36% | Eff: 0.55
2026-06-23 16:51:10 INFO   'rsi_14_lt_50' (SHORT) | Used: 2 | Top10%: 0 | Avg RR/day: 0.28 (global: 0.53) | WR: 36% | Eff: 0.52
2026-06-23 16:51:10 INFO   'rsi_21_gt_70' (SHORT) | Used: 10 | Top10%: 0 | Avg RR/day: 0.32 (global: 0.53) | WR: 37% | Eff: 0.59
2026-06-23 16:51:10 INFO   'williams_gt_-20' (SHORT) | Used: 10 | Top10%: 0 | Avg RR/day: 0.31 (global: 0.53) | WR: 37% | Eff: 0.58
2026-06-23 16:51:10 INFO   'price_gt_bb_upper_20_2_s' (SHORT) | Used: 2 | Top10%: 0 | Avg RR/day: 0.32 (global: 0.53) | WR: 40% | Eff: 0.60
2026-06-23 16:51:10 INFO   'price_gt_bb_upper_20_1_5_s' (SHORT) | Used: 3 | Top10%: 0 | Avg RR/day: 0.31 (global: 0.53) | WR: 39% | Eff: 0.57
2026-06-23 16:51:10 INFO   'atr_gt_sma_atr_20' (SHARED) | Used: 2 | Top10%: 0 | Avg RR/day: 0.29 (global: 0.53) | WR: 36% | Eff: 0.55
2026-06-23 16:51:10 INFO   'volume_gt_sma_20_1_5' (SHARED) | Used: 3 | Top10%: 0 | Avg RR/day: 0.29 (global: 0.53) | WR: 36% | Eff: 0.55
2026-06-23 16:51:10 INFO   'volume_gt_sma_20_2_0' (SHARED) | Used: 2 | Top10%: 0 | Avg RR/day: 0.32 (global: 0.53) | WR: 37% | Eff: 0.61
2026-06-23 16:51:10 INFO   'adx_14_gt_25' (SHARED) | Used: 1 | Top10%: 0 | Avg RR/day: 0.28 (global: 0.53) | WR: 38% | Eff: 0.53
2026-06-23 16:51:10 INFO   'adx_14_gt_30' (SHARED) | Used: 434 | Top10%: 0 | Avg RR/day: 0.34 (global: 0.53) | WR: 37% | Eff: 0.64
2026-06-23 16:51:10 INFO   'adx_14_lt_20' (SHARED) | Used: 3 | Top10%: 0 | Avg RR/day: 0.28 (global: 0.53) | WR: 37% | Eff: 0.53
2026-06-23 16:51:10 INFO   'price_gt_high_20_1_02' (SHARED) | Used: 441 | Top10%: 0 | Avg RR/day: 0.34 (global: 0.53) | WR: 37% | Eff: 0.64
2026-06-23 16:51:10 INFO   'price_lt_low_20_0_98' (SHARED) | Used: 455 | Top10%: 0 | Avg RR/day: 0.34 (global: 0.53) | WR: 37% | Eff: 0.64
2026-06-23 16:51:10 INFO 
2026-06-23 16:51:10 INFO [OK] OK CONDITIONS:
2026-06-23 16:51:10 INFO   'ema_9_gt_21' (LONG) | Used: 1544 | Top10%: 200 | Avg RR/day: 0.59 (global: 0.53) | WR: 41% | Eff: 1.12
2026-06-23 16:51:10 INFO   'ema_12_gt_26' (LONG) | Used: 1 | Top10%: 0 | Avg RR/day: 0.62 (global: 0.53) | WR: 41% | Eff: 1.18
2026-06-23 16:51:10 INFO   'price_gt_sma_200' (LONG) | Used: 1 | Top10%: 0 | Avg RR/day: 0.40 (global: 0.53) | WR: 40% | Eff: 0.77
2026-06-23 16:51:10 INFO   'rsi_21_gt_50' (LONG) | Used: 1 | Top10%: 0 | Avg RR/day: 0.51 (global: 0.53) | WR: 41% | Eff: 0.97
2026-06-23 16:51:10 INFO   'cci_14_gt_-100' (LONG) | Used: 1550 | Top10%: 199 | Avg RR/day: 0.59 (global: 0.53) | WR: 41% | Eff: 1.12
2026-06-23 16:51:10 INFO   'williams_lt_-20' (LONG) | Used: 1994 | Top10%: 200 | Avg RR/day: 0.53 (global: 0.53) | WR: 40% | Eff: 1.01
2026-06-23 16:51:10 INFO   'price_lt_bb_lower_20_2' (LONG) | Used: 2001 | Top10%: 200 | Avg RR/day: 0.53 (global: 0.53) | WR: 40% | Eff: 1.01
2026-06-23 16:51:10 INFO   'stoch_k_gt_80' (SHORT) | Used: 1550 | Top10%: 200 | Avg RR/day: 0.59 (global: 0.53) | WR: 41% | Eff: 1.08
2026-06-23 16:51:10 INFO   'cci_14_gt_100' (SHORT) | Used: 1998 | Top10%: 200 | Avg RR/day: 0.53 (global: 0.53) | WR: 40% | Eff: 0.98
2026-06-23 16:51:10 INFO 
2026-06-23 16:51:10 INFO [NO DATA] UNUSED CONDITIONS:
2026-06-23 16:51:10 INFO   'ema_20_gt_50' (LONG) | Used: 0 | Top10%: 0 | Avg RR/day: 0.00 (global: 0.53) | WR: 0% | Eff: 0.00
2026-06-23 16:51:10 INFO   'macd_hist_gt_0' (LONG) | Used: 0 | Top10%: 0 | Avg RR/day: 0.00 (global: 0.53) | WR: 0% | Eff: 0.00
2026-06-23 16:51:10 INFO   'stoch_k_lt_80' (LONG) | Used: 0 | Top10%: 0 | Avg RR/day: 0.00 (global: 0.53) | WR: 0% | Eff: 0.00
2026-06-23 16:51:10 INFO   'williams_gt_-80' (LONG) | Used: 0 | Top10%: 0 | Avg RR/day: 0.00 (global: 0.53) | WR: 0% | Eff: 0.00
2026-06-23 16:51:10 INFO   'ema_9_lt_21' (SHORT) | Used: 0 | Top10%: 0 | Avg RR/day: 0.00 (global: 0.53) | WR: 0% | Eff: 0.00
2026-06-23 16:51:10 INFO   'price_lt_sma_200' (SHORT) | Used: 0 | Top10%: 0 | Avg RR/day: 0.00 (global: 0.53) | WR: 0% | Eff: 0.00
2026-06-23 16:51:10 INFO   'rsi_14_gt_70' (SHORT) | Used: 0 | Top10%: 0 | Avg RR/day: 0.00 (global: 0.53) | WR: 0% | Eff: 0.00
2026-06-23 16:51:10 INFO   'rsi_21_lt_50' (SHORT) | Used: 0 | Top10%: 0 | Avg RR/day: 0.00 (global: 0.53) | WR: 0% | Eff: 0.00
2026-06-23 16:51:10 INFO   'stoch_k_lt_20' (SHORT) | Used: 0 | Top10%: 0 | Avg RR/day: 0.00 (global: 0.53) | WR: 0% | Eff: 0.00
2026-06-23 16:51:10 INFO   'williams_lt_-80' (SHORT) | Used: 0 | Top10%: 0 | Avg RR/day: 0.00 (global: 0.53) | WR: 0% | Eff: 0.00
2026-06-23 16:51:10 INFO   'price_lt_bb_lower_20_2_s' (SHORT) | Used: 0 | Top10%: 0 | Avg RR/day: 0.00 (global: 0.53) | WR: 0% | Eff: 0.00
2026-06-23 16:51:10 INFO   'price_lt_bb_lower_20_1_5_s' (SHORT) | Used: 0 | Top10%: 0 | Avg RR/day: 0.00 (global: 0.53) | WR: 0% | Eff: 0.00
2026-06-23 16:51:10 INFO   'obv_gt_sma_obv_20' (SHARED) | Used: 0 | Top10%: 0 | Avg RR/day: 0.00 (global: 0.53) | WR: 0% | Eff: 0.00
2026-06-23 16:51:10 INFO 
2026-06-23 16:51:10 INFO Low-efficiency (0.5x weight): 1 conditions: ['cci_14_lt_-100']
2026-06-23 16:51:10 INFO ============================================================
2026-06-23 16:51:10 INFO Efficiency report saved to C:\Users\xfide\documents\crypto.ai\models\condition_efficiency.json
2026-06-23 16:51:10 INFO [EFFICIENCY] 1 conditions flagged low-efficiency (0.5x weight, eff 0.3-0.5): ['cci_14_lt_-100']
2026-06-23 16:51:10 INFO 
2026-06-23 16:51:10 INFO ============================================================
2026-06-23 16:51:10 INFO Phase 2: Bayesian Optimization (local refinement -- focus on promising regions)
2026-06-23 16:51:10 INFO ============================================================
2026-06-23 16:51:10 INFO Bayesian: Starting | timeout=884s (14.7m), max_trials=10000, startup=20
2026-06-23 16:51:10 INFO Bayesian: Using 10 GA seed strategies as bases. TPE optimizes threshold, SL ATR mult, and RR. Conditions are lightly mutated (0-2 swaps per trial).
2026-06-23 16:51:10 INFO Bayesian: Enqueued 10 seed trials.
