2026-06-23 18:12:15 INFO Training log: C:\Users\xfide\documents\crypto.ai\logs\training\training_2026-06-23_181215.log
2026-06-23 18:12:15 INFO Training started | Method: ga_bayesian | Symbol: BTC/USDT | Timeframe: 15m | Duration: 5 min
2026-06-23 18:12:15 INFO   Objective: Find the strategy with the highest score. Score = rr_per_day x drawdown_penalty x low_trades_penalty.
2026-06-23 18:12:15 INFO   Disqualified if: trades/day < 1.2, win_rate < 35%, max_drawdown > 50%, or avg_trades/day outside 0.5-10.
2026-06-23 18:12:15 INFO Loading historical data...
2026-06-23 18:12:15 INFO Cache found: 17643 candles up to 2026-06-23 16:45:00+00:00. Fetching from 2026-06-23 17:00:00+00:00.
2026-06-23 18:12:15 INFO Fetching BTC/USDT 15m from 2026-06-23 17:00 to 2026-06-23 17:12
2026-06-23 18:12:21 INFO Fetched 1 new candles in 1 requests.
2026-06-23 18:12:21 INFO Total candles available: 17644
2026-06-23 18:12:21 INFO Raw data: 17644 candles (2025-12-21 to 2026-06-23, 12 months)
2026-06-23 18:12:21 INFO Computing indicators...
2026-06-23 18:12:21 INFO Data prepared: 17445 candles after warmup drop.
2026-06-23 18:12:21 INFO Clean data: 17445 candles after warmup
2026-06-23 18:12:21 INFO Pre-computing 53 conditions...
2026-06-23 18:12:21 INFO Data preparation complete.
2026-06-23 18:12:22 INFO ============================================================
2026-06-23 18:12:22 INFO Phase 1: Genetic Algorithm (global search -- evolve strategies over generations)
2026-06-23 18:12:22 INFO ============================================================
2026-06-23 18:12:22 INFO [COVERAGE] 53 conditions need more evaluations (target: 5 each). Generating seed strategies.
2026-06-23 18:12:22 INFO [COVERAGE] Generated 5 seed strategies for condition coverage.
2026-06-23 18:12:22 INFO GA: Starting | pop=200, time_budget=150s (2.5m), max_gen=200, cx=0.8, mut=0.2, elite=5
2026-06-23 18:12:22 INFO   Score = rr_per_day * drawdown_penalty * low_trades_penalty. Higher = better. Negative or -inf means disqualified.
2026-06-23 18:12:22 INFO GA: Seeded 5 individuals into initial population.
2026-06-23 18:13:04 INFO GA Gen 0 | Best score: -inf | Avg score: 0.0000 | Pop: 200 | Elapsed: 43s
2026-06-23 18:13:38 INFO GA Gen 1 | Best score: -inf | Avg score: 0.0000 | Tested: 368 | Elapsed: 76s
2026-06-23 18:14:08 INFO GA Gen 2 | Best score: 0.0175 | Avg score: 0.0175 | Tested: 539 | Elapsed: 107s [NEW BEST!]
2026-06-23 18:14:36 INFO GA Gen 3 | Best score: 0.0240 | Avg score: 0.0208 | Tested: 702 | Elapsed: 134s [NEW BEST!]
2026-06-23 18:15:04 INFO GA Gen 4 | Best score: 0.0240 | Avg score: 0.0208 | Tested: 873 | Elapsed: 162s
2026-06-23 18:15:04 INFO GA: Time budget exhausted at generation 4. Stopping.
2026-06-23 18:15:04 INFO GA: Finished | Best score: 0.0240 | 4 generations | Elapsed: 162s | Strategies tested: 873 | Speed: 5.4 strats/s | Passing top 10 to Bayesian optimizer.
2026-06-23 18:15:04 INFO 
2026-06-23 18:15:04 INFO [EFFICIENCY] GA phase complete. Analyzing condition efficiency...
2026-06-23 18:15:04 INFO ============================================================
2026-06-23 18:15:04 INFO EFFICIENCY REPORT
2026-06-23 18:15:04 INFO ============================================================
2026-06-23 18:15:04 INFO Strategies analyzed: 2
2026-06-23 18:15:04 INFO Global avg RR/day: 0.3288
2026-06-23 18:15:04 INFO   LONG avg RR/day: 0.3288 (1 weighted contributions)
2026-06-23 18:15:04 INFO   SHORT avg RR/day: 0.3288 (0 weighted contributions)
2026-06-23 18:15:04 INFO 
2026-06-23 18:15:04 INFO [NO DATA] UNUSED CONDITIONS:
2026-06-23 18:15:04 INFO   'ema_9_gt_21' (LONG) | Used: 0 | Top10%: 0 | Avg RR/day: 0.00 (global: 0.33) | WR: 0% | Eff: 0.00
2026-06-23 18:15:04 INFO   'ema_12_gt_26' (LONG) | Used: 0 | Top10%: 0 | Avg RR/day: 0.00 (global: 0.33) | WR: 0% | Eff: 0.00
2026-06-23 18:15:04 INFO   'ema_20_gt_50' (LONG) | Used: 2 | Top10%: 1 | Avg RR/day: 0.33 (global: 0.33) | WR: 39% | Eff: 1.00
2026-06-23 18:15:04 INFO   'sma_20_gt_50' (LONG) | Used: 0 | Top10%: 0 | Avg RR/day: 0.00 (global: 0.33) | WR: 0% | Eff: 0.00
2026-06-23 18:15:04 INFO   'price_gt_sma_50' (LONG) | Used: 0 | Top10%: 0 | Avg RR/day: 0.00 (global: 0.33) | WR: 0% | Eff: 0.00
2026-06-23 18:15:04 INFO   'price_gt_sma_200' (LONG) | Used: 0 | Top10%: 0 | Avg RR/day: 0.00 (global: 0.33) | WR: 0% | Eff: 0.00
2026-06-23 18:15:04 INFO   'macd_gt_signal' (LONG) | Used: 2 | Top10%: 1 | Avg RR/day: 0.33 (global: 0.33) | WR: 39% | Eff: 1.00
2026-06-23 18:15:04 INFO   'macd_hist_gt_0' (LONG) | Used: 0 | Top10%: 0 | Avg RR/day: 0.00 (global: 0.33) | WR: 0% | Eff: 0.00
2026-06-23 18:15:04 INFO   'rsi_14_gt_50' (LONG) | Used: 2 | Top10%: 1 | Avg RR/day: 0.33 (global: 0.33) | WR: 39% | Eff: 1.00
2026-06-23 18:15:04 INFO   'rsi_14_lt_30' (LONG) | Used: 0 | Top10%: 0 | Avg RR/day: 0.00 (global: 0.33) | WR: 0% | Eff: 0.00
2026-06-23 18:15:04 INFO   'rsi_21_gt_50' (LONG) | Used: 0 | Top10%: 0 | Avg RR/day: 0.00 (global: 0.33) | WR: 0% | Eff: 0.00
2026-06-23 18:15:04 INFO   'rsi_21_lt_30' (LONG) | Used: 2 | Top10%: 1 | Avg RR/day: 0.33 (global: 0.33) | WR: 39% | Eff: 1.00
2026-06-23 18:15:04 INFO   'stoch_k_gt_20' (LONG) | Used: 0 | Top10%: 0 | Avg RR/day: 0.00 (global: 0.33) | WR: 0% | Eff: 0.00
2026-06-23 18:15:04 INFO   'stoch_k_lt_80' (LONG) | Used: 2 | Top10%: 1 | Avg RR/day: 0.33 (global: 0.33) | WR: 39% | Eff: 1.00
2026-06-23 18:15:04 INFO   'cci_14_gt_-100' (LONG) | Used: 0 | Top10%: 0 | Avg RR/day: 0.00 (global: 0.33) | WR: 0% | Eff: 0.00
2026-06-23 18:15:04 INFO   'cci_14_lt_100' (LONG) | Used: 2 | Top10%: 1 | Avg RR/day: 0.33 (global: 0.33) | WR: 39% | Eff: 1.00
2026-06-23 18:15:04 INFO   'williams_gt_-80' (LONG) | Used: 2 | Top10%: 1 | Avg RR/day: 0.33 (global: 0.33) | WR: 39% | Eff: 1.00
2026-06-23 18:15:04 INFO   'williams_lt_-20' (LONG) | Used: 2 | Top10%: 1 | Avg RR/day: 0.33 (global: 0.33) | WR: 39% | Eff: 1.00
2026-06-23 18:15:04 INFO   'price_lt_bb_lower_20_2' (LONG) | Used: 0 | Top10%: 0 | Avg RR/day: 0.00 (global: 0.33) | WR: 0% | Eff: 0.00
2026-06-23 18:15:04 INFO   'price_gt_bb_upper_20_2' (LONG) | Used: 2 | Top10%: 1 | Avg RR/day: 0.33 (global: 0.33) | WR: 39% | Eff: 1.00
2026-06-23 18:15:04 INFO   'price_lt_bb_lower_20_1_5' (LONG) | Used: 0 | Top10%: 0 | Avg RR/day: 0.00 (global: 0.33) | WR: 0% | Eff: 0.00
2026-06-23 18:15:04 INFO   'price_gt_bb_upper_20_1_5' (LONG) | Used: 2 | Top10%: 1 | Avg RR/day: 0.33 (global: 0.33) | WR: 39% | Eff: 1.00
2026-06-23 18:15:04 INFO   'ema_9_lt_21' (SHORT) | Used: 0 | Top10%: 0 | Avg RR/day: 0.00 (global: 0.33) | WR: 0% | Eff: 0.00
2026-06-23 18:15:04 INFO   'ema_12_lt_26' (SHORT) | Used: 0 | Top10%: 0 | Avg RR/day: 0.00 (global: 0.33) | WR: 0% | Eff: 0.00
2026-06-23 18:15:04 INFO   'ema_20_lt_50' (SHORT) | Used: 0 | Top10%: 0 | Avg RR/day: 0.00 (global: 0.33) | WR: 0% | Eff: 0.00
2026-06-23 18:15:04 INFO   'sma_20_lt_50' (SHORT) | Used: 0 | Top10%: 0 | Avg RR/day: 0.00 (global: 0.33) | WR: 0% | Eff: 0.00
2026-06-23 18:15:04 INFO   'price_lt_sma_50' (SHORT) | Used: 2 | Top10%: 1 | Avg RR/day: 0.33 (global: 0.33) | WR: 39% | Eff: 1.00
2026-06-23 18:15:04 INFO   'price_lt_sma_200' (SHORT) | Used: 2 | Top10%: 1 | Avg RR/day: 0.33 (global: 0.33) | WR: 39% | Eff: 1.00
2026-06-23 18:15:04 INFO   'macd_lt_signal' (SHORT) | Used: 2 | Top10%: 1 | Avg RR/day: 0.33 (global: 0.33) | WR: 39% | Eff: 1.00
2026-06-23 18:15:04 INFO   'macd_hist_lt_0' (SHORT) | Used: 0 | Top10%: 0 | Avg RR/day: 0.00 (global: 0.33) | WR: 0% | Eff: 0.00
2026-06-23 18:15:04 INFO   'rsi_14_lt_50' (SHORT) | Used: 0 | Top10%: 0 | Avg RR/day: 0.00 (global: 0.33) | WR: 0% | Eff: 0.00
2026-06-23 18:15:04 INFO   'rsi_14_gt_70' (SHORT) | Used: 0 | Top10%: 0 | Avg RR/day: 0.00 (global: 0.33) | WR: 0% | Eff: 0.00
2026-06-23 18:15:04 INFO   'rsi_21_lt_50' (SHORT) | Used: 2 | Top10%: 1 | Avg RR/day: 0.33 (global: 0.33) | WR: 39% | Eff: 1.00
2026-06-23 18:15:04 INFO   'rsi_21_gt_70' (SHORT) | Used: 0 | Top10%: 0 | Avg RR/day: 0.00 (global: 0.33) | WR: 0% | Eff: 0.00
2026-06-23 18:15:04 INFO   'stoch_k_gt_80' (SHORT) | Used: 0 | Top10%: 0 | Avg RR/day: 0.00 (global: 0.33) | WR: 0% | Eff: 0.00
2026-06-23 18:15:04 INFO   'stoch_k_lt_20' (SHORT) | Used: 0 | Top10%: 0 | Avg RR/day: 0.00 (global: 0.33) | WR: 0% | Eff: 0.00
2026-06-23 18:15:04 INFO   'cci_14_gt_100' (SHORT) | Used: 2 | Top10%: 1 | Avg RR/day: 0.33 (global: 0.33) | WR: 39% | Eff: 1.00
2026-06-23 18:15:04 INFO   'cci_14_lt_-100' (SHORT) | Used: 0 | Top10%: 0 | Avg RR/day: 0.00 (global: 0.33) | WR: 0% | Eff: 0.00
2026-06-23 18:15:04 INFO   'williams_gt_-20' (SHORT) | Used: 0 | Top10%: 0 | Avg RR/day: 0.00 (global: 0.33) | WR: 0% | Eff: 0.00
2026-06-23 18:15:04 INFO   'williams_lt_-80' (SHORT) | Used: 0 | Top10%: 0 | Avg RR/day: 0.00 (global: 0.33) | WR: 0% | Eff: 0.00
2026-06-23 18:15:04 INFO   'price_gt_bb_upper_20_2_s' (SHORT) | Used: 2 | Top10%: 1 | Avg RR/day: 0.33 (global: 0.33) | WR: 39% | Eff: 1.00
2026-06-23 18:15:04 INFO   'price_lt_bb_lower_20_2_s' (SHORT) | Used: 0 | Top10%: 0 | Avg RR/day: 0.00 (global: 0.33) | WR: 0% | Eff: 0.00
2026-06-23 18:15:04 INFO   'price_gt_bb_upper_20_1_5_s' (SHORT) | Used: 0 | Top10%: 0 | Avg RR/day: 0.00 (global: 0.33) | WR: 0% | Eff: 0.00
2026-06-23 18:15:04 INFO   'price_lt_bb_lower_20_1_5_s' (SHORT) | Used: 0 | Top10%: 0 | Avg RR/day: 0.00 (global: 0.33) | WR: 0% | Eff: 0.00
2026-06-23 18:15:04 INFO   'atr_gt_sma_atr_20' (SHARED) | Used: 0 | Top10%: 0 | Avg RR/day: 0.00 (global: 0.33) | WR: 0% | Eff: 0.00
2026-06-23 18:15:04 INFO   'volume_gt_sma_20_1_5' (SHARED) | Used: 0 | Top10%: 0 | Avg RR/day: 0.00 (global: 0.33) | WR: 0% | Eff: 0.00
2026-06-23 18:15:04 INFO   'volume_gt_sma_20_2_0' (SHARED) | Used: 2 | Top10%: 1 | Avg RR/day: 0.33 (global: 0.33) | WR: 39% | Eff: 1.00
2026-06-23 18:15:04 INFO   'obv_gt_sma_obv_20' (SHARED) | Used: 0 | Top10%: 0 | Avg RR/day: 0.00 (global: 0.33) | WR: 0% | Eff: 0.00
2026-06-23 18:15:04 INFO   'adx_14_gt_25' (SHARED) | Used: 2 | Top10%: 1 | Avg RR/day: 0.33 (global: 0.33) | WR: 39% | Eff: 1.00
2026-06-23 18:15:04 INFO   'adx_14_gt_30' (SHARED) | Used: 2 | Top10%: 1 | Avg RR/day: 0.33 (global: 0.33) | WR: 39% | Eff: 1.00
2026-06-23 18:15:04 INFO   'adx_14_lt_20' (SHARED) | Used: 0 | Top10%: 0 | Avg RR/day: 0.00 (global: 0.33) | WR: 0% | Eff: 0.00
2026-06-23 18:15:04 INFO   'price_gt_high_20_1_02' (SHARED) | Used: 2 | Top10%: 1 | Avg RR/day: 0.33 (global: 0.33) | WR: 39% | Eff: 1.00
2026-06-23 18:15:04 INFO   'price_lt_low_20_0_98' (SHARED) | Used: 2 | Top10%: 1 | Avg RR/day: 0.33 (global: 0.33) | WR: 39% | Eff: 1.00
2026-06-23 18:15:04 INFO 
2026-06-23 18:15:04 INFO ============================================================
2026-06-23 18:15:04 INFO Efficiency report saved to C:\Users\xfide\documents\crypto.ai\models\condition_efficiency.json
2026-06-23 18:15:04 INFO [EFFICIENCY] All conditions performing well. No removals.
2026-06-23 18:15:04 INFO 
2026-06-23 18:15:04 INFO ============================================================
2026-06-23 18:15:04 INFO Phase 2: Bayesian Optimization (local refinement -- focus on promising regions)
2026-06-23 18:15:04 INFO ============================================================
2026-06-23 18:15:04 INFO Bayesian: Starting | timeout=132s (2.2m), max_trials=10000, startup=20
2026-06-23 18:15:04 INFO Bayesian: Using 10 GA seed strategies as bases. TPE optimizes threshold, SL ATR mult, and RR. Conditions are lightly mutated (0-2 swaps per trial).
2026-06-23 18:15:04 INFO Bayesian: Enqueued 10 seed trials.
2026-06-23 18:17:15 INFO Bayesian: Manual timeout safety net triggered. Stopping.
2026-06-23 18:17:15 INFO Bayesian: Finished | Best score: 0.0635 | 410 trials | Elapsed: 132s | Speed: 3.1 trials/s
2026-06-23 18:17:16 INFO   Score = rr_per_day * drawdown_penalty * low_trades_penalty. Higher = better.
2026-06-23 18:17:16 INFO Keeping existing best strategy (score: 0.8682) -- new strategy score (0.0635) is not higher.
2026-06-23 18:17:16 INFO Top 22 strategies saved to C:\Users\xfide\documents\crypto.ai\models\top_strategies.json
2026-06-23 18:17:16 INFO ============================================================
2026-06-23 18:17:16 INFO Training finished.
2026-06-23 18:17:16 INFO 
2026-06-23 18:17:16 INFO   Best score:          0.0635
2026-06-23 18:17:16 INFO   Best strategy:       strat_c2bdf3e8 (LONG:10 SHORT:6 SHARED:5)
2026-06-23 18:17:16 INFO     Win rate:          38.7%
2026-06-23 18:17:16 INFO     RR/day:            0.4382
2026-06-23 18:17:16 INFO     Max drawdown:      44.9%
2026-06-23 18:17:16 INFO     Valid trades:      274
2026-06-23 18:17:16 INFO 
2026-06-23 18:17:16 INFO   Total strategies tested: 1283
2026-06-23 18:17:16 INFO   Time elapsed:        300s (5.0m)
2026-06-23 18:17:16 INFO   Average:             4.3 strats/sec
2026-06-23 18:17:16 INFO   Existing best strategy retained (score: 0.0635)
2026-06-23 18:17:16 INFO 
2026-06-23 18:17:16 INFO   Next steps:
2026-06-23 18:17:16 INFO     1. Review efficiency report above -- which conditions helped/hurt
2026-06-23 18:17:16 INFO     2. Run validation: python validation.py --symbol BTC/USDT
2026-06-23 18:17:16 INFO     3. If validation passes, go live: python live_signal.py
2026-06-23 18:17:16 INFO ============================================================
