2026-06-20 12:12:07 INFO Training log: C:\Users\xfide\documents\crypto.ai\logs\training_2026-06-20_121207.log
2026-06-20 12:12:07 INFO Cleared removed_conditions.json -- all 53 conditions available for this run.
2026-06-20 12:12:07 INFO Training started | Method: ga_bayesian | Symbol: BTC/USDT | Timeframe: 15m | Duration: 1 min
2026-06-20 12:12:07 INFO   Objective: Find the strategy with the highest score. Score = rr_per_day x drawdown_penalty x low_trades_penalty.
2026-06-20 12:12:07 INFO   Disqualified if: win_rate < 35%, max_drawdown > 50%, or avg_trades/day outside 0.5-10.
2026-06-20 12:12:07 INFO Loading historical data...
2026-06-20 12:12:07 INFO Cache found: 17332 candles up to 2026-06-20 11:00:00+00:00. Fetching from 2026-06-20 11:15:00+00:00.
2026-06-20 12:12:07 INFO Fetching BTC/USDT 15m from 2026-06-20 11:15 to 2026-06-20 11:12
2026-06-20 12:12:07 WARNING No candles fetched.
2026-06-20 12:12:07 INFO Total candles available: 17332
2026-06-20 12:12:07 INFO Raw data: 17332 candles
2026-06-20 12:12:07 INFO Computing indicators...
2026-06-20 12:12:07 INFO Data prepared: 17133 candles after warmup drop.
2026-06-20 12:12:07 INFO Clean data: 17133 candles after warmup
2026-06-20 12:12:07 INFO Pre-computing 53 conditions...
2026-06-20 12:12:07 INFO Data preparation complete.
2026-06-20 12:12:08 INFO ============================================================
2026-06-20 12:12:08 INFO Phase 1: Genetic Algorithm (global search -- evolve strategies over generations)
2026-06-20 12:12:08 INFO ============================================================
2026-06-20 12:12:08 INFO GA: Starting | pop=200, gen=6, cx=0.8, mut=0.2, elite=5
2026-06-20 12:12:08 INFO   Score = rr_per_day * drawdown_penalty * low_trades_penalty. Higher = better. Negative or -inf means disqualified.
2026-06-20 12:12:52 INFO GA Gen 0/6 | Best score: 0.4746 | Avg score: 0.0548 | Pop: 200
2026-06-20 12:13:31 INFO GA Gen 1/6 | Best score: 1.2050 | Avg score: 0.0905 | Tested: 375 [NEW BEST!]
2026-06-20 12:13:58 INFO GA Gen 2/6 | Best score: 1.2050 | Avg score: 0.1425 | Tested: 533
2026-06-20 12:14:31 INFO GA Gen 3/6 | Best score: 1.2050 | Avg score: 0.1472 | Tested: 701
2026-06-20 12:15:08 INFO GA Gen 4/6 | Best score: 1.5000 | Avg score: 0.2081 | Tested: 869 [NEW BEST!]
2026-06-20 12:15:37 INFO GA Gen 5/6 | Best score: 1.7150 | Avg score: 0.2666 | Tested: 1029 [NEW BEST!]
2026-06-20 12:16:11 INFO GA Gen 6/6 | Best score: 1.7150 | Avg score: 0.2778 | Tested: 1198
2026-06-20 12:16:11 INFO GA: Finished | Best score: 1.7150 | Total strategies tested: 1198 | Passing top 10 to Bayesian optimizer.
2026-06-20 12:16:11 INFO GA Phase complete | Elapsed: 243s | Best score: 1.7150 | Strategies tested: 1198
2026-06-20 12:16:11 INFO No time remaining for Bayesian optimization. Skipping.
2026-06-20 12:16:11 INFO Strategy saved to C:\Users\xfide\documents\crypto.ai\models\best_strategy.json
2026-06-20 12:16:11 INFO Top 500 strategies saved to C:\Users\xfide\documents\crypto.ai\models\top_strategies.json
2026-06-20 12:16:11 INFO ============================================================
2026-06-20 12:16:11 INFO EFFICIENCY REPORT
2026-06-20 12:16:11 INFO ============================================================
2026-06-20 12:16:11 INFO Strategies analyzed: 875
2026-06-20 12:16:11 INFO Global avg RR/day: 0.2662
2026-06-20 12:16:11 INFO 
2026-06-20 12:16:11 INFO [CRITICAL] CRITICAL ALERTS (auto-removed):
2026-06-20 12:16:11 INFO   'ema_9_gt_21' (LONG) | Used: 65 | Top10%: 0 | Avg RR/day: 0.02 (global: 0.27) | WR: 42% | Eff: 0.09
2026-06-20 12:16:11 INFO   'ema_12_gt_26' (LONG) | Used: 86 | Top10%: 1 | Avg RR/day: 0.07 (global: 0.27) | WR: 44% | Eff: 0.25
2026-06-20 12:16:11 INFO   'ema_20_gt_50' (LONG) | Used: 75 | Top10%: 0 | Avg RR/day: 0.06 (global: 0.27) | WR: 44% | Eff: 0.23
2026-06-20 12:16:11 INFO   'sma_20_gt_50' (LONG) | Used: 82 | Top10%: 0 | Avg RR/day: 0.04 (global: 0.27) | WR: 43% | Eff: 0.17
2026-06-20 12:16:11 INFO   'price_gt_sma_50' (LONG) | Used: 72 | Top10%: 1 | Avg RR/day: 0.06 (global: 0.27) | WR: 43% | Eff: 0.22
2026-06-20 12:16:11 INFO   'price_gt_sma_200' (LONG) | Used: 57 | Top10%: 1 | Avg RR/day: 0.07 (global: 0.27) | WR: 43% | Eff: 0.25
2026-06-20 12:16:11 INFO   'macd_hist_gt_0' (LONG) | Used: 63 | Top10%: 1 | Avg RR/day: 0.05 (global: 0.27) | WR: 43% | Eff: 0.17
2026-06-20 12:16:11 INFO   'rsi_14_lt_30' (LONG) | Used: 55 | Top10%: 0 | Avg RR/day: 0.01 (global: 0.27) | WR: 43% | Eff: 0.03
2026-06-20 12:16:11 INFO   'rsi_21_gt_50' (LONG) | Used: 45 | Top10%: 0 | Avg RR/day: 0.02 (global: 0.27) | WR: 43% | Eff: 0.07
2026-06-20 12:16:11 INFO   'stoch_k_lt_80' (LONG) | Used: 75 | Top10%: 0 | Avg RR/day: 0.05 (global: 0.27) | WR: 42% | Eff: 0.20
2026-06-20 12:16:11 INFO   'cci_14_gt_-100' (LONG) | Used: 73 | Top10%: 1 | Avg RR/day: 0.06 (global: 0.27) | WR: 42% | Eff: 0.23
2026-06-20 12:16:11 INFO   'cci_14_lt_100' (LONG) | Used: 74 | Top10%: 0 | Avg RR/day: 0.07 (global: 0.27) | WR: 43% | Eff: 0.27
2026-06-20 12:16:11 INFO   'williams_gt_-80' (LONG) | Used: 78 | Top10%: 0 | Avg RR/day: 0.06 (global: 0.27) | WR: 43% | Eff: 0.21
2026-06-20 12:16:11 INFO   'williams_lt_-20' (LONG) | Used: 64 | Top10%: 1 | Avg RR/day: 0.05 (global: 0.27) | WR: 42% | Eff: 0.20
2026-06-20 12:16:11 INFO   'price_lt_bb_lower_20_2' (LONG) | Used: 71 | Top10%: 0 | Avg RR/day: 0.05 (global: 0.27) | WR: 42% | Eff: 0.18
2026-06-20 12:16:11 INFO   'price_lt_bb_lower_20_1_5' (LONG) | Used: 62 | Top10%: 0 | Avg RR/day: 0.05 (global: 0.27) | WR: 43% | Eff: 0.20
2026-06-20 12:16:11 INFO 
2026-06-20 12:16:11 INFO [ALERT] ALERTS (consider removing):
2026-06-20 12:16:11 INFO   'macd_gt_signal' (LONG) | Used: 81 | Top10%: 2 | Avg RR/day: 0.09 (global: 0.27) | WR: 44% | Eff: 0.34
2026-06-20 12:16:11 INFO   'rsi_14_gt_50' (LONG) | Used: 90 | Top10%: 1 | Avg RR/day: 0.08 (global: 0.27) | WR: 43% | Eff: 0.30
2026-06-20 12:16:11 INFO   'rsi_21_lt_30' (LONG) | Used: 74 | Top10%: 1 | Avg RR/day: 0.10 (global: 0.27) | WR: 44% | Eff: 0.37
2026-06-20 12:16:11 INFO   'stoch_k_gt_20' (LONG) | Used: 96 | Top10%: 1 | Avg RR/day: 0.09 (global: 0.27) | WR: 43% | Eff: 0.34
2026-06-20 12:16:11 INFO   'price_gt_bb_upper_20_2' (LONG) | Used: 89 | Top10%: 1 | Avg RR/day: 0.08 (global: 0.27) | WR: 44% | Eff: 0.32
2026-06-20 12:16:11 INFO   'price_gt_bb_upper_20_1_5' (LONG) | Used: 91 | Top10%: 6 | Avg RR/day: 0.13 (global: 0.27) | WR: 46% | Eff: 0.49
2026-06-20 12:16:11 INFO 
2026-06-20 12:16:11 INFO [STRONG] STRONG CONDITIONS:
2026-06-20 12:16:11 INFO   'ema_12_lt_26' (SHORT) | Used: 398 | Top10%: 57 | Avg RR/day: 0.35 (global: 0.27) | WR: 49% | Eff: 1.33
2026-06-20 12:16:11 INFO   'rsi_14_lt_50' (SHORT) | Used: 339 | Top10%: 56 | Avg RR/day: 0.37 (global: 0.27) | WR: 51% | Eff: 1.38
2026-06-20 12:16:11 INFO   'price_gt_bb_upper_20_2_s' (SHORT) | Used: 415 | Top10%: 73 | Avg RR/day: 0.37 (global: 0.27) | WR: 51% | Eff: 1.39
2026-06-20 12:16:11 INFO 
2026-06-20 12:16:11 INFO [OK] OK CONDITIONS:
2026-06-20 12:16:11 INFO   'ema_9_lt_21' (SHORT) | Used: 379 | Top10%: 41 | Avg RR/day: 0.29 (global: 0.27) | WR: 47% | Eff: 1.09
2026-06-20 12:16:11 INFO   'ema_20_lt_50' (SHORT) | Used: 311 | Top10%: 31 | Avg RR/day: 0.31 (global: 0.27) | WR: 48% | Eff: 1.15
2026-06-20 12:16:11 INFO   'sma_20_lt_50' (SHORT) | Used: 316 | Top10%: 38 | Avg RR/day: 0.33 (global: 0.27) | WR: 49% | Eff: 1.22
2026-06-20 12:16:11 INFO   'price_lt_sma_50' (SHORT) | Used: 304 | Top10%: 29 | Avg RR/day: 0.30 (global: 0.27) | WR: 48% | Eff: 1.14
2026-06-20 12:16:11 INFO   'price_lt_sma_200' (SHORT) | Used: 245 | Top10%: 10 | Avg RR/day: 0.23 (global: 0.27) | WR: 46% | Eff: 0.86
2026-06-20 12:16:11 INFO   'macd_lt_signal' (SHORT) | Used: 263 | Top10%: 17 | Avg RR/day: 0.22 (global: 0.27) | WR: 46% | Eff: 0.83
2026-06-20 12:16:11 INFO   'macd_hist_lt_0' (SHORT) | Used: 210 | Top10%: 14 | Avg RR/day: 0.24 (global: 0.27) | WR: 45% | Eff: 0.90
2026-06-20 12:16:11 INFO   'rsi_14_gt_70' (SHORT) | Used: 175 | Top10%: 17 | Avg RR/day: 0.28 (global: 0.27) | WR: 47% | Eff: 1.07
2026-06-20 12:16:11 INFO   'rsi_21_lt_50' (SHORT) | Used: 307 | Top10%: 39 | Avg RR/day: 0.31 (global: 0.27) | WR: 49% | Eff: 1.15
2026-06-20 12:16:11 INFO   'rsi_21_gt_70' (SHORT) | Used: 253 | Top10%: 32 | Avg RR/day: 0.33 (global: 0.27) | WR: 49% | Eff: 1.23
2026-06-20 12:16:11 INFO   'stoch_k_gt_80' (SHORT) | Used: 392 | Top10%: 58 | Avg RR/day: 0.34 (global: 0.27) | WR: 49% | Eff: 1.26
2026-06-20 12:16:11 INFO   'stoch_k_lt_20' (SHORT) | Used: 198 | Top10%: 16 | Avg RR/day: 0.28 (global: 0.27) | WR: 46% | Eff: 1.06
2026-06-20 12:16:11 INFO   'cci_14_gt_100' (SHORT) | Used: 297 | Top10%: 39 | Avg RR/day: 0.33 (global: 0.27) | WR: 49% | Eff: 1.23
2026-06-20 12:16:11 INFO   'cci_14_lt_-100' (SHORT) | Used: 275 | Top10%: 23 | Avg RR/day: 0.29 (global: 0.27) | WR: 47% | Eff: 1.08
2026-06-20 12:16:11 INFO   'williams_gt_-20' (SHORT) | Used: 272 | Top10%: 25 | Avg RR/day: 0.30 (global: 0.27) | WR: 46% | Eff: 1.11
2026-06-20 12:16:11 INFO   'williams_lt_-80' (SHORT) | Used: 266 | Top10%: 16 | Avg RR/day: 0.26 (global: 0.27) | WR: 46% | Eff: 0.97
2026-06-20 12:16:11 INFO   'price_lt_bb_lower_20_2_s' (SHORT) | Used: 290 | Top10%: 26 | Avg RR/day: 0.29 (global: 0.27) | WR: 47% | Eff: 1.10
2026-06-20 12:16:11 INFO   'price_gt_bb_upper_20_1_5_s' (SHORT) | Used: 337 | Top10%: 50 | Avg RR/day: 0.34 (global: 0.27) | WR: 50% | Eff: 1.29
2026-06-20 12:16:11 INFO   'price_lt_bb_lower_20_1_5_s' (SHORT) | Used: 299 | Top10%: 44 | Avg RR/day: 0.34 (global: 0.27) | WR: 48% | Eff: 1.29
2026-06-20 12:16:11 INFO   'atr_gt_sma_atr_20' (SHARED) | Used: 426 | Top10%: 30 | Avg RR/day: 0.23 (global: 0.27) | WR: 46% | Eff: 0.85
2026-06-20 12:16:11 INFO   'volume_gt_sma_20_1_5' (SHARED) | Used: 339 | Top10%: 14 | Avg RR/day: 0.19 (global: 0.27) | WR: 44% | Eff: 0.71
2026-06-20 12:16:11 INFO   'volume_gt_sma_20_2_0' (SHARED) | Used: 427 | Top10%: 42 | Avg RR/day: 0.28 (global: 0.27) | WR: 48% | Eff: 1.07
2026-06-20 12:16:11 INFO   'obv_gt_sma_obv_20' (SHARED) | Used: 393 | Top10%: 42 | Avg RR/day: 0.29 (global: 0.27) | WR: 49% | Eff: 1.10
2026-06-20 12:16:11 INFO   'adx_14_gt_25' (SHARED) | Used: 432 | Top10%: 34 | Avg RR/day: 0.25 (global: 0.27) | WR: 47% | Eff: 0.96
2026-06-20 12:16:11 INFO   'adx_14_gt_30' (SHARED) | Used: 426 | Top10%: 33 | Avg RR/day: 0.25 (global: 0.27) | WR: 47% | Eff: 0.95
2026-06-20 12:16:11 INFO   'adx_14_lt_20' (SHARED) | Used: 273 | Top10%: 24 | Avg RR/day: 0.27 (global: 0.27) | WR: 48% | Eff: 1.01
2026-06-20 12:16:11 INFO   'price_gt_high_20_1_02' (SHARED) | Used: 377 | Top10%: 49 | Avg RR/day: 0.29 (global: 0.27) | WR: 48% | Eff: 1.08
2026-06-20 12:16:11 INFO   'price_lt_low_20_0_98' (SHARED) | Used: 429 | Top10%: 51 | Avg RR/day: 0.30 (global: 0.27) | WR: 49% | Eff: 1.14
2026-06-20 12:16:11 INFO 
2026-06-20 12:16:11 INFO Auto-removed 16 conditions: ['ema_9_gt_21', 'ema_12_gt_26', 'ema_20_gt_50', 'sma_20_gt_50', 'price_gt_sma_50', 'price_gt_sma_200', 'macd_hist_gt_0', 'rsi_14_lt_30', 'rsi_21_gt_50', 'stoch_k_lt_80', 'cci_14_gt_-100', 'cci_14_lt_100', 'williams_gt_-80', 'williams_lt_-20', 'price_lt_bb_lower_20_2', 'price_lt_bb_lower_20_1_5']
2026-06-20 12:16:11 INFO ============================================================
2026-06-20 12:16:11 INFO Efficiency report saved to C:\Users\xfide\documents\crypto.ai\models\condition_efficiency.json
2026-06-20 12:16:11 INFO [EFFICIENCY] Skipping removal of 'cci_14_lt_100' -- LONG pool would drop below 20
2026-06-20 12:16:11 INFO [EFFICIENCY] Skipping removal of 'williams_gt_-80' -- LONG pool would drop below 20
2026-06-20 12:16:11 INFO [EFFICIENCY] Skipping removal of 'williams_lt_-20' -- LONG pool would drop below 20
2026-06-20 12:16:11 INFO [EFFICIENCY] Skipping removal of 'price_lt_bb_lower_20_2' -- LONG pool would drop below 20
2026-06-20 12:16:11 INFO [EFFICIENCY] Skipping removal of 'price_lt_bb_lower_20_1_5' -- LONG pool would drop below 20
2026-06-20 12:16:11 INFO [EFFICIENCY] Condition 'ema_9_gt_21' removed from pool (efficiency < 0.3).
2026-06-20 12:16:11 INFO [EFFICIENCY] Condition 'ema_12_gt_26' removed from pool (efficiency < 0.3).
2026-06-20 12:16:11 INFO [EFFICIENCY] Condition 'ema_20_gt_50' removed from pool (efficiency < 0.3).
2026-06-20 12:16:11 INFO [EFFICIENCY] Condition 'sma_20_gt_50' removed from pool (efficiency < 0.3).
2026-06-20 12:16:11 INFO [EFFICIENCY] Condition 'price_gt_sma_50' removed from pool (efficiency < 0.3).
2026-06-20 12:16:11 INFO [EFFICIENCY] Condition 'price_gt_sma_200' removed from pool (efficiency < 0.3).
2026-06-20 12:16:11 INFO [EFFICIENCY] Condition 'macd_hist_gt_0' removed from pool (efficiency < 0.3).
2026-06-20 12:16:11 INFO [EFFICIENCY] Condition 'rsi_14_lt_30' removed from pool (efficiency < 0.3).
2026-06-20 12:16:11 INFO [EFFICIENCY] Condition 'rsi_21_gt_50' removed from pool (efficiency < 0.3).
2026-06-20 12:16:11 INFO [EFFICIENCY] Condition 'stoch_k_lt_80' removed from pool (efficiency < 0.3).
2026-06-20 12:16:11 INFO [EFFICIENCY] Condition 'cci_14_gt_-100' removed from pool (efficiency < 0.3).
2026-06-20 12:16:11 INFO [EFFICIENCY] 5 condition(s) kept due to pool size floor: ['cci_14_lt_100', 'williams_gt_-80', 'williams_lt_-20', 'price_lt_bb_lower_20_2', 'price_lt_bb_lower_20_1_5']
2026-06-20 12:16:11 INFO ============================================================
2026-06-20 12:16:11 INFO Training finished.
2026-06-20 12:16:11 INFO 
2026-06-20 12:16:11 INFO   Best score:          1.7150
2026-06-20 12:16:11 INFO   Best strategy:       
2026-06-20 12:16:11 INFO 
2026-06-20 12:16:11 INFO   Total strategies tested: 1198
2026-06-20 12:16:11 INFO   Time elapsed:        244s (4.1m)
2026-06-20 12:16:11 INFO   Average:             4.9 strats/sec
2026-06-20 12:16:11 INFO   Best strategy saved to C:\Users\xfide\documents\crypto.ai\models\best_strategy.json
2026-06-20 12:16:11 INFO 
2026-06-20 12:16:11 INFO   Next steps:
2026-06-20 12:16:11 INFO     1. Review efficiency report above -- which conditions helped/hurt
2026-06-20 12:16:11 INFO     2. Run validation: python validation.py --symbol BTC/USDT
2026-06-20 12:16:11 INFO     3. If validation passes, go live: python live_signal.py
2026-06-20 12:16:11 INFO ============================================================
