2026-06-20 12:21:13 INFO Training log: C:\Users\xfide\documents\crypto.ai\logs\training_2026-06-20_122113.log
2026-06-20 12:21:13 INFO Cleared removed_conditions.json -- all 53 conditions available for this run.
2026-06-20 12:21:13 INFO Training started | Method: ga_bayesian | Symbol: BTC/USDT | Timeframe: 15m | Duration: 1 min
2026-06-20 12:21:13 INFO   Objective: Find the strategy with the highest score. Score = rr_per_day x drawdown_penalty x low_trades_penalty.
2026-06-20 12:21:13 INFO   Disqualified if: win_rate < 35%, max_drawdown > 50%, or avg_trades/day outside 0.5-10.
2026-06-20 12:21:13 INFO Loading historical data...
2026-06-20 12:21:13 INFO Cache found: 17333 candles up to 2026-06-20 11:15:00+00:00. Fetching from 2026-06-20 11:30:00+00:00.
2026-06-20 12:21:13 INFO Fetching BTC/USDT 15m from 2026-06-20 11:30 to 2026-06-20 11:21
2026-06-20 12:21:13 WARNING No candles fetched.
2026-06-20 12:21:13 INFO Total candles available: 17333
2026-06-20 12:21:13 INFO Raw data: 17333 candles
2026-06-20 12:21:13 INFO Computing indicators...
2026-06-20 12:21:13 INFO Data prepared: 17134 candles after warmup drop.
2026-06-20 12:21:13 INFO Clean data: 17134 candles after warmup
2026-06-20 12:21:13 INFO Pre-computing 53 conditions...
2026-06-20 12:21:14 INFO Data preparation complete.
2026-06-20 12:21:14 INFO ============================================================
2026-06-20 12:21:14 INFO Phase 1: Genetic Algorithm (global search -- evolve strategies over generations)
2026-06-20 12:21:14 INFO ============================================================
2026-06-20 12:21:14 INFO GA: Starting | pop=200, gen=6, cx=0.8, mut=0.2, elite=5
2026-06-20 12:21:14 INFO   Score = rr_per_day * drawdown_penalty * low_trades_penalty. Higher = better. Negative or -inf means disqualified.
2026-06-20 12:21:53 INFO GA Gen 0/6 | Best score: 1.2250 | Avg score: 0.0677 | Pop: 200
2026-06-20 12:22:19 INFO GA Gen 1/6 | Best score: 1.2250 | Avg score: 0.1059 | Tested: 375
2026-06-20 12:22:32 INFO GA Gen 2/6 | Best score: 1.2250 | Avg score: 0.1304 | Tested: 540
2026-06-20 12:23:09 INFO GA Gen 3/6 | Best score: 1.6050 | Avg score: 0.2116 | Tested: 711 [NEW BEST!]
2026-06-20 12:23:43 INFO GA Gen 4/6 | Best score: 1.6050 | Avg score: 0.2461 | Tested: 876
2026-06-20 12:24:02 INFO GA Gen 5/6 | Best score: 1.6050 | Avg score: 0.2792 | Tested: 1041
2026-06-20 12:24:12 INFO GA Gen 6/6 | Best score: 1.6450 | Avg score: 0.4491 | Tested: 1192 [NEW BEST!]
2026-06-20 12:24:12 INFO GA: Finished | Best score: 1.6450 | Total strategies tested: 1192 | Passing top 10 to Bayesian optimizer.
2026-06-20 12:24:12 INFO GA Phase complete | Elapsed: 178s | Best score: 1.6450 | Strategies tested: 1192
2026-06-20 12:24:12 INFO No time remaining for Bayesian optimization. Skipping.
2026-06-20 12:24:12 INFO Strategy saved to C:\Users\xfide\documents\crypto.ai\models\best_strategy.json
2026-06-20 12:24:12 INFO Top 500 strategies saved to C:\Users\xfide\documents\crypto.ai\models\top_strategies.json
2026-06-20 12:24:12 INFO ============================================================
2026-06-20 12:24:12 INFO EFFICIENCY REPORT
2026-06-20 12:24:12 INFO ============================================================
2026-06-20 12:24:12 INFO Strategies analyzed: 841
2026-06-20 12:24:12 INFO Global avg RR/day: 0.3406
2026-06-20 12:24:12 INFO 
2026-06-20 12:24:12 INFO [CRITICAL] CRITICAL ALERTS (auto-removed):
2026-06-20 12:24:12 INFO   'ema_9_gt_21' (LONG) | Used: 79 | Top10%: 1 | Avg RR/day: 0.04 (global: 0.34) | WR: 44% | Eff: 0.12
2026-06-20 12:24:12 INFO   'ema_20_gt_50' (LONG) | Used: 74 | Top10%: 0 | Avg RR/day: 0.03 (global: 0.34) | WR: 43% | Eff: 0.09
2026-06-20 12:24:12 INFO   'sma_20_gt_50' (LONG) | Used: 64 | Top10%: 0 | Avg RR/day: 0.05 (global: 0.34) | WR: 44% | Eff: 0.15
2026-06-20 12:24:12 INFO   'price_gt_sma_50' (LONG) | Used: 89 | Top10%: 6 | Avg RR/day: 0.10 (global: 0.34) | WR: 45% | Eff: 0.30
2026-06-20 12:24:12 INFO   'price_gt_sma_200' (LONG) | Used: 92 | Top10%: 5 | Avg RR/day: 0.06 (global: 0.34) | WR: 43% | Eff: 0.16
2026-06-20 12:24:12 INFO   'rsi_21_gt_50' (LONG) | Used: 97 | Top10%: 6 | Avg RR/day: 0.10 (global: 0.34) | WR: 45% | Eff: 0.29
2026-06-20 12:24:12 INFO   'stoch_k_gt_20' (LONG) | Used: 76 | Top10%: 0 | Avg RR/day: 0.04 (global: 0.34) | WR: 44% | Eff: 0.11
2026-06-20 12:24:12 INFO   'stoch_k_lt_80' (LONG) | Used: 103 | Top10%: 2 | Avg RR/day: 0.07 (global: 0.34) | WR: 44% | Eff: 0.20
2026-06-20 12:24:12 INFO   'williams_gt_-80' (LONG) | Used: 81 | Top10%: 1 | Avg RR/day: 0.08 (global: 0.34) | WR: 44% | Eff: 0.24
2026-06-20 12:24:12 INFO   'price_gt_bb_upper_20_2' (LONG) | Used: 59 | Top10%: 0 | Avg RR/day: 0.01 (global: 0.34) | WR: 43% | Eff: 0.03
2026-06-20 12:24:12 INFO   'price_gt_bb_upper_20_1_5' (LONG) | Used: 84 | Top10%: 5 | Avg RR/day: 0.08 (global: 0.34) | WR: 44% | Eff: 0.22
2026-06-20 12:24:12 INFO 
2026-06-20 12:24:12 INFO [ALERT] ALERTS (consider removing):
2026-06-20 12:24:12 INFO   'macd_gt_signal' (LONG) | Used: 121 | Top10%: 6 | Avg RR/day: 0.16 (global: 0.34) | WR: 44% | Eff: 0.47
2026-06-20 12:24:12 INFO   'rsi_14_gt_50' (LONG) | Used: 104 | Top10%: 5 | Avg RR/day: 0.14 (global: 0.34) | WR: 43% | Eff: 0.42
2026-06-20 12:24:12 INFO   'rsi_14_lt_30' (LONG) | Used: 128 | Top10%: 6 | Avg RR/day: 0.17 (global: 0.34) | WR: 45% | Eff: 0.50
2026-06-20 12:24:12 INFO   'cci_14_lt_100' (LONG) | Used: 117 | Top10%: 5 | Avg RR/day: 0.16 (global: 0.34) | WR: 45% | Eff: 0.46
2026-06-20 12:24:12 INFO   'price_lt_bb_lower_20_2' (LONG) | Used: 92 | Top10%: 5 | Avg RR/day: 0.12 (global: 0.34) | WR: 45% | Eff: 0.35
2026-06-20 12:24:12 INFO   'price_lt_bb_lower_20_1_5' (LONG) | Used: 125 | Top10%: 6 | Avg RR/day: 0.11 (global: 0.34) | WR: 44% | Eff: 0.33
2026-06-20 12:24:12 INFO 
2026-06-20 12:24:12 INFO [WARNING] WARNINGS (insufficient data):
2026-06-20 12:24:12 INFO   'sma_20_lt_50' (SHORT) | Used: 239 | Top10%: 9 | Avg RR/day: 0.23 (global: 0.34) | WR: 46% | Eff: 0.67
2026-06-20 12:24:12 INFO   'price_lt_sma_200' (SHORT) | Used: 300 | Top10%: 10 | Avg RR/day: 0.22 (global: 0.34) | WR: 45% | Eff: 0.64
2026-06-20 12:24:12 INFO   'macd_hist_lt_0' (SHORT) | Used: 240 | Top10%: 4 | Avg RR/day: 0.21 (global: 0.34) | WR: 45% | Eff: 0.62
2026-06-20 12:24:12 INFO   'rsi_21_gt_70' (SHORT) | Used: 239 | Top10%: 14 | Avg RR/day: 0.23 (global: 0.34) | WR: 46% | Eff: 0.67
2026-06-20 12:24:12 INFO   'volume_gt_sma_20_1_5' (SHARED) | Used: 445 | Top10%: 24 | Avg RR/day: 0.24 (global: 0.34) | WR: 46% | Eff: 0.70
2026-06-20 12:24:12 INFO   'adx_14_gt_25' (SHARED) | Used: 276 | Top10%: 11 | Avg RR/day: 0.21 (global: 0.34) | WR: 46% | Eff: 0.63
2026-06-20 12:24:12 INFO 
2026-06-20 12:24:12 INFO [STRONG] STRONG CONDITIONS:
2026-06-20 12:24:12 INFO   'ema_12_lt_26' (SHORT) | Used: 410 | Top10%: 61 | Avg RR/day: 0.49 (global: 0.34) | WR: 51% | Eff: 1.43
2026-06-20 12:24:12 INFO   'price_lt_sma_50' (SHORT) | Used: 438 | Top10%: 60 | Avg RR/day: 0.47 (global: 0.34) | WR: 51% | Eff: 1.37
2026-06-20 12:24:12 INFO   'macd_lt_signal' (SHORT) | Used: 367 | Top10%: 55 | Avg RR/day: 0.46 (global: 0.34) | WR: 51% | Eff: 1.36
2026-06-20 12:24:12 INFO   'rsi_14_lt_50' (SHORT) | Used: 361 | Top10%: 54 | Avg RR/day: 0.46 (global: 0.34) | WR: 51% | Eff: 1.36
2026-06-20 12:24:12 INFO   'stoch_k_lt_20' (SHORT) | Used: 297 | Top10%: 50 | Avg RR/day: 0.51 (global: 0.34) | WR: 51% | Eff: 1.49
2026-06-20 12:24:12 INFO   'cci_14_gt_100' (SHORT) | Used: 341 | Top10%: 54 | Avg RR/day: 0.48 (global: 0.34) | WR: 51% | Eff: 1.41
2026-06-20 12:24:12 INFO   'williams_lt_-80' (SHORT) | Used: 325 | Top10%: 44 | Avg RR/day: 0.46 (global: 0.34) | WR: 51% | Eff: 1.36
2026-06-20 12:24:12 INFO   'price_lt_bb_lower_20_2_s' (SHORT) | Used: 281 | Top10%: 46 | Avg RR/day: 0.51 (global: 0.34) | WR: 52% | Eff: 1.51
2026-06-20 12:24:12 INFO   'price_gt_bb_upper_20_1_5_s' (SHORT) | Used: 337 | Top10%: 59 | Avg RR/day: 0.52 (global: 0.34) | WR: 53% | Eff: 1.53
2026-06-20 12:24:12 INFO   'adx_14_lt_20' (SHARED) | Used: 495 | Top10%: 72 | Avg RR/day: 0.46 (global: 0.34) | WR: 51% | Eff: 1.35
2026-06-20 12:24:12 INFO   'price_gt_high_20_1_02' (SHARED) | Used: 405 | Top10%: 56 | Avg RR/day: 0.45 (global: 0.34) | WR: 51% | Eff: 1.31
2026-06-20 12:24:12 INFO   'price_lt_low_20_0_98' (SHARED) | Used: 377 | Top10%: 58 | Avg RR/day: 0.46 (global: 0.34) | WR: 51% | Eff: 1.35
2026-06-20 12:24:12 INFO 
2026-06-20 12:24:12 INFO [OK] OK CONDITIONS:
2026-06-20 12:24:12 INFO   'ema_12_gt_26' (LONG) | Used: 134 | Top10%: 15 | Avg RR/day: 0.32 (global: 0.34) | WR: 48% | Eff: 0.95
2026-06-20 12:24:12 INFO   'macd_hist_gt_0' (LONG) | Used: 155 | Top10%: 15 | Avg RR/day: 0.29 (global: 0.34) | WR: 48% | Eff: 0.85
2026-06-20 12:24:12 INFO   'rsi_21_lt_30' (LONG) | Used: 119 | Top10%: 16 | Avg RR/day: 0.39 (global: 0.34) | WR: 50% | Eff: 1.14
2026-06-20 12:24:12 INFO   'cci_14_gt_-100' (LONG) | Used: 120 | Top10%: 16 | Avg RR/day: 0.37 (global: 0.34) | WR: 50% | Eff: 1.07
2026-06-20 12:24:12 INFO   'williams_lt_-20' (LONG) | Used: 131 | Top10%: 15 | Avg RR/day: 0.33 (global: 0.34) | WR: 49% | Eff: 0.98
2026-06-20 12:24:12 INFO   'ema_9_lt_21' (SHORT) | Used: 234 | Top10%: 10 | Avg RR/day: 0.25 (global: 0.34) | WR: 46% | Eff: 0.73
2026-06-20 12:24:12 INFO   'ema_20_lt_50' (SHORT) | Used: 268 | Top10%: 12 | Avg RR/day: 0.26 (global: 0.34) | WR: 47% | Eff: 0.76
2026-06-20 12:24:12 INFO   'rsi_14_gt_70' (SHORT) | Used: 328 | Top10%: 34 | Avg RR/day: 0.38 (global: 0.34) | WR: 50% | Eff: 1.11
2026-06-20 12:24:12 INFO   'rsi_21_lt_50' (SHORT) | Used: 242 | Top10%: 14 | Avg RR/day: 0.26 (global: 0.34) | WR: 46% | Eff: 0.77
2026-06-20 12:24:12 INFO   'stoch_k_gt_80' (SHORT) | Used: 218 | Top10%: 14 | Avg RR/day: 0.28 (global: 0.34) | WR: 47% | Eff: 0.81
2026-06-20 12:24:12 INFO   'cci_14_lt_-100' (SHORT) | Used: 252 | Top10%: 23 | Avg RR/day: 0.33 (global: 0.34) | WR: 49% | Eff: 0.96
2026-06-20 12:24:12 INFO   'williams_gt_-20' (SHORT) | Used: 223 | Top10%: 17 | Avg RR/day: 0.28 (global: 0.34) | WR: 47% | Eff: 0.84
2026-06-20 12:24:12 INFO   'price_gt_bb_upper_20_2_s' (SHORT) | Used: 216 | Top10%: 13 | Avg RR/day: 0.24 (global: 0.34) | WR: 47% | Eff: 0.71
2026-06-20 12:24:12 INFO   'price_lt_bb_lower_20_1_5_s' (SHORT) | Used: 284 | Top10%: 18 | Avg RR/day: 0.26 (global: 0.34) | WR: 46% | Eff: 0.77
2026-06-20 12:24:12 INFO   'atr_gt_sma_atr_20' (SHARED) | Used: 476 | Top10%: 59 | Avg RR/day: 0.43 (global: 0.34) | WR: 50% | Eff: 1.26
2026-06-20 12:24:12 INFO   'volume_gt_sma_20_2_0' (SHARED) | Used: 402 | Top10%: 40 | Avg RR/day: 0.39 (global: 0.34) | WR: 49% | Eff: 1.13
2026-06-20 12:24:12 INFO   'obv_gt_sma_obv_20' (SHARED) | Used: 455 | Top10%: 53 | Avg RR/day: 0.39 (global: 0.34) | WR: 49% | Eff: 1.16
2026-06-20 12:24:12 INFO   'adx_14_gt_30' (SHARED) | Used: 491 | Top10%: 55 | Avg RR/day: 0.41 (global: 0.34) | WR: 50% | Eff: 1.20
2026-06-20 12:24:12 INFO 
2026-06-20 12:24:12 INFO Auto-removed 11 conditions: ['ema_9_gt_21', 'ema_20_gt_50', 'sma_20_gt_50', 'price_gt_sma_50', 'price_gt_sma_200', 'rsi_21_gt_50', 'stoch_k_gt_20', 'stoch_k_lt_80', 'williams_gt_-80', 'price_gt_bb_upper_20_2', 'price_gt_bb_upper_20_1_5']
2026-06-20 12:24:12 INFO ============================================================
2026-06-20 12:24:12 INFO Efficiency report saved to C:\Users\xfide\documents\crypto.ai\models\condition_efficiency.json
2026-06-20 12:24:12 INFO [EFFICIENCY] Condition 'ema_9_gt_21' removed from pool (efficiency < 0.3).
2026-06-20 12:24:12 INFO [EFFICIENCY] Condition 'ema_20_gt_50' removed from pool (efficiency < 0.3).
2026-06-20 12:24:12 INFO [EFFICIENCY] Condition 'sma_20_gt_50' removed from pool (efficiency < 0.3).
2026-06-20 12:24:12 INFO [EFFICIENCY] Condition 'price_gt_sma_50' removed from pool (efficiency < 0.3).
2026-06-20 12:24:12 INFO [EFFICIENCY] Condition 'price_gt_sma_200' removed from pool (efficiency < 0.3).
2026-06-20 12:24:12 INFO [EFFICIENCY] Condition 'rsi_21_gt_50' removed from pool (efficiency < 0.3).
2026-06-20 12:24:12 INFO [EFFICIENCY] Condition 'stoch_k_gt_20' removed from pool (efficiency < 0.3).
2026-06-20 12:24:12 INFO [EFFICIENCY] Condition 'stoch_k_lt_80' removed from pool (efficiency < 0.3).
2026-06-20 12:24:12 INFO [EFFICIENCY] Condition 'williams_gt_-80' removed from pool (efficiency < 0.3).
2026-06-20 12:24:12 INFO [EFFICIENCY] Condition 'price_gt_bb_upper_20_2' removed from pool (efficiency < 0.3).
2026-06-20 12:24:12 INFO [EFFICIENCY] Condition 'price_gt_bb_upper_20_1_5' removed from pool (efficiency < 0.3).
2026-06-20 12:24:12 INFO ============================================================
2026-06-20 12:24:12 INFO Training finished.
2026-06-20 12:24:12 INFO 
2026-06-20 12:24:12 INFO   Best score:          1.6450
2026-06-20 12:24:12 INFO   Best strategy:       
2026-06-20 12:24:12 INFO 
2026-06-20 12:24:12 INFO   Total strategies tested: 1192
2026-06-20 12:24:12 INFO   Time elapsed:        179s (3.0m)
2026-06-20 12:24:12 INFO   Average:             6.7 strats/sec
2026-06-20 12:24:12 INFO   Best strategy saved to C:\Users\xfide\documents\crypto.ai\models\best_strategy.json
2026-06-20 12:24:12 INFO 
2026-06-20 12:24:12 INFO   Next steps:
2026-06-20 12:24:12 INFO     1. Review efficiency report above -- which conditions helped/hurt
2026-06-20 12:24:12 INFO     2. Run validation: python validation.py --symbol BTC/USDT
2026-06-20 12:24:12 INFO     3. If validation passes, go live: python live_signal.py
2026-06-20 12:24:12 INFO ============================================================
