2026-06-19 23:29:52 INFO Training log: C:\Users\xfide\documents\crypto.ai\logs\training_2026-06-19_232952.log
2026-06-19 23:29:52 INFO Training started | Method: random | Symbol: BTC/USDT | Timeframe: 15m | Duration: 2 min
2026-06-19 23:29:52 INFO Loading historical data...
2026-06-19 23:29:52 INFO Cache found: 17280 candles up to 2026-06-19 22:00:00+00:00. Fetching from 2026-06-19 22:15:00+00:00.
2026-06-19 23:29:52 INFO Fetching BTC/USDT 15m from 2026-06-19 22:15 to 2026-06-19 22:29
2026-06-19 23:29:58 INFO Fetched 1 new candles in 1 requests.
2026-06-19 23:29:58 INFO Total candles available: 17281
2026-06-19 23:29:58 INFO Raw data: 17281 candles
2026-06-19 23:29:58 INFO Computing indicators...
2026-06-19 23:29:58 INFO Data prepared: 17082 candles after warmup drop.
2026-06-19 23:29:58 INFO Clean data: 17082 candles after warmup
2026-06-19 23:29:58 INFO Pre-computing 53 conditions...
2026-06-19 23:29:58 INFO Data preparation complete.
2026-06-19 23:29:58 INFO ============================================================
2026-06-19 23:29:58 INFO Random Search Mode
2026-06-19 23:29:58 INFO ============================================================
2026-06-19 23:30:26 INFO Random #100 | Best: 0.6950 | Rate: 2.9 strats/s | Remaining: 1.4m
2026-06-19 23:30:45 INFO Random #200 | Best: 0.6950 | Rate: 3.8 strats/s | Remaining: 1.1m
2026-06-19 23:30:51 INFO Random #300 | Best: 2.2750 | Rate: 5.1 strats/s | Remaining: 1.0m
2026-06-19 23:30:56 INFO Random #400 | Best: 2.2750 | Rate: 6.2 strats/s | Remaining: 0.9m
2026-06-19 23:31:02 INFO Random #500 | Best: 2.2750 | Rate: 7.1 strats/s | Remaining: 0.8m
2026-06-19 23:31:09 INFO Random #600 | Best: 2.2750 | Rate: 7.8 strats/s | Remaining: 0.7m
2026-06-19 23:31:16 INFO Random #700 | Best: 2.2750 | Rate: 8.3 strats/s | Remaining: 0.6m
2026-06-19 23:31:22 INFO Random #800 | Best: 2.2750 | Rate: 8.8 strats/s | Remaining: 0.5m
2026-06-19 23:31:29 INFO Random #900 | Best: 2.2750 | Rate: 9.3 strats/s | Remaining: 0.4m
2026-06-19 23:31:36 INFO Random #1000 | Best: 2.2750 | Rate: 9.6 strats/s | Remaining: 0.3m
2026-06-19 23:31:43 INFO Random #1100 | Best: 2.2750 | Rate: 9.9 strats/s | Remaining: 0.1m
2026-06-19 23:31:50 INFO Random #1200 | Best: 2.2750 | Rate: 10.2 strats/s | Remaining: 0.0m
2026-06-19 23:31:52 INFO Strategy saved to C:\Users\xfide\documents\crypto.ai\models\best_strategy.json
2026-06-19 23:31:52 INFO Top 500 strategies saved to C:\Users\xfide\documents\crypto.ai\models\top_strategies.json
2026-06-19 23:31:52 INFO ============================================================
2026-06-19 23:31:52 INFO EFFICIENCY REPORT
2026-06-19 23:31:52 INFO ============================================================
2026-06-19 23:31:52 INFO Strategies analyzed: 673
2026-06-19 23:31:52 INFO Global avg RR/day: 0.1406
2026-06-19 23:31:52 INFO 
2026-06-19 23:31:52 INFO [ALERT] ALERTS (consider removing):
2026-06-19 23:31:52 INFO   'ema_9_gt_21' (LONG) | Used: 192 | Top10%: 13 | Avg RR/day: 0.07 (global: 0.14) | WR: 45% | Eff: 0.47
2026-06-19 23:31:52 INFO   'macd_gt_signal' (LONG) | Used: 172 | Top10%: 11 | Avg RR/day: 0.07 (global: 0.14) | WR: 45% | Eff: 0.49
2026-06-19 23:31:52 INFO   'cci_14_lt_100' (LONG) | Used: 155 | Top10%: 8 | Avg RR/day: 0.06 (global: 0.14) | WR: 45% | Eff: 0.41
2026-06-19 23:31:52 INFO   'williams_lt_-20' (LONG) | Used: 188 | Top10%: 14 | Avg RR/day: 0.07 (global: 0.14) | WR: 44% | Eff: 0.47
2026-06-19 23:31:52 INFO 
2026-06-19 23:31:52 INFO [WARNING] WARNINGS (insufficient data):
2026-06-19 23:31:52 INFO   'ema_20_gt_50' (LONG) | Used: 177 | Top10%: 13 | Avg RR/day: 0.09 (global: 0.14) | WR: 45% | Eff: 0.63
2026-06-19 23:31:52 INFO   'price_gt_sma_200' (LONG) | Used: 180 | Top10%: 12 | Avg RR/day: 0.08 (global: 0.14) | WR: 46% | Eff: 0.57
2026-06-19 23:31:52 INFO   'rsi_14_gt_50' (LONG) | Used: 170 | Top10%: 10 | Avg RR/day: 0.08 (global: 0.14) | WR: 45% | Eff: 0.55
2026-06-19 23:31:52 INFO   'rsi_21_lt_30' (LONG) | Used: 157 | Top10%: 14 | Avg RR/day: 0.09 (global: 0.14) | WR: 45% | Eff: 0.63
2026-06-19 23:31:52 INFO   'stoch_k_lt_80' (LONG) | Used: 171 | Top10%: 15 | Avg RR/day: 0.08 (global: 0.14) | WR: 45% | Eff: 0.57
2026-06-19 23:31:52 INFO   'price_lt_bb_lower_20_2' (LONG) | Used: 163 | Top10%: 14 | Avg RR/day: 0.10 (global: 0.14) | WR: 46% | Eff: 0.68
2026-06-19 23:31:52 INFO   'price_lt_bb_lower_20_1_5' (LONG) | Used: 163 | Top10%: 17 | Avg RR/day: 0.09 (global: 0.14) | WR: 46% | Eff: 0.65
2026-06-19 23:31:52 INFO   'price_gt_bb_upper_20_1_5' (LONG) | Used: 176 | Top10%: 12 | Avg RR/day: 0.09 (global: 0.14) | WR: 46% | Eff: 0.67
2026-06-19 23:31:52 INFO   'atr_gt_sma_atr_20' (SHARED) | Used: 324 | Top10%: 22 | Avg RR/day: 0.09 (global: 0.14) | WR: 44% | Eff: 0.66
2026-06-19 23:31:52 INFO 
2026-06-19 23:31:52 INFO [STRONG] STRONG CONDITIONS:
2026-06-19 23:31:52 INFO   'ema_12_lt_26' (SHORT) | Used: 128 | Top10%: 17 | Avg RR/day: 0.23 (global: 0.14) | WR: 46% | Eff: 1.65
2026-06-19 23:31:52 INFO   'ema_20_lt_50' (SHORT) | Used: 140 | Top10%: 20 | Avg RR/day: 0.23 (global: 0.14) | WR: 45% | Eff: 1.66
2026-06-19 23:31:52 INFO   'sma_20_lt_50' (SHORT) | Used: 133 | Top10%: 17 | Avg RR/day: 0.24 (global: 0.14) | WR: 46% | Eff: 1.70
2026-06-19 23:31:52 INFO   'price_lt_sma_50' (SHORT) | Used: 140 | Top10%: 15 | Avg RR/day: 0.21 (global: 0.14) | WR: 46% | Eff: 1.46
2026-06-19 23:31:52 INFO   'price_lt_sma_200' (SHORT) | Used: 158 | Top10%: 21 | Avg RR/day: 0.22 (global: 0.14) | WR: 45% | Eff: 1.55
2026-06-19 23:31:52 INFO   'macd_lt_signal' (SHORT) | Used: 151 | Top10%: 17 | Avg RR/day: 0.18 (global: 0.14) | WR: 45% | Eff: 1.31
2026-06-19 23:31:52 INFO   'macd_hist_lt_0' (SHORT) | Used: 139 | Top10%: 15 | Avg RR/day: 0.19 (global: 0.14) | WR: 45% | Eff: 1.38
2026-06-19 23:31:52 INFO   'rsi_14_lt_50' (SHORT) | Used: 136 | Top10%: 18 | Avg RR/day: 0.20 (global: 0.14) | WR: 45% | Eff: 1.45
2026-06-19 23:31:52 INFO   'rsi_14_gt_70' (SHORT) | Used: 132 | Top10%: 13 | Avg RR/day: 0.22 (global: 0.14) | WR: 46% | Eff: 1.54
2026-06-19 23:31:52 INFO   'rsi_21_lt_50' (SHORT) | Used: 150 | Top10%: 16 | Avg RR/day: 0.21 (global: 0.14) | WR: 45% | Eff: 1.48
2026-06-19 23:31:52 INFO   'rsi_21_gt_70' (SHORT) | Used: 124 | Top10%: 17 | Avg RR/day: 0.22 (global: 0.14) | WR: 45% | Eff: 1.60
2026-06-19 23:31:52 INFO   'stoch_k_gt_80' (SHORT) | Used: 139 | Top10%: 21 | Avg RR/day: 0.20 (global: 0.14) | WR: 45% | Eff: 1.45
2026-06-19 23:31:52 INFO   'cci_14_gt_100' (SHORT) | Used: 142 | Top10%: 22 | Avg RR/day: 0.20 (global: 0.14) | WR: 45% | Eff: 1.40
2026-06-19 23:31:52 INFO   'williams_gt_-20' (SHORT) | Used: 132 | Top10%: 21 | Avg RR/day: 0.22 (global: 0.14) | WR: 46% | Eff: 1.55
2026-06-19 23:31:52 INFO   'price_gt_bb_upper_20_2_s' (SHORT) | Used: 124 | Top10%: 21 | Avg RR/day: 0.25 (global: 0.14) | WR: 46% | Eff: 1.78
2026-06-19 23:31:52 INFO   'price_lt_bb_lower_20_2_s' (SHORT) | Used: 141 | Top10%: 17 | Avg RR/day: 0.21 (global: 0.14) | WR: 46% | Eff: 1.51
2026-06-19 23:31:52 INFO   'price_gt_bb_upper_20_1_5_s' (SHORT) | Used: 133 | Top10%: 22 | Avg RR/day: 0.24 (global: 0.14) | WR: 47% | Eff: 1.72
2026-06-19 23:31:52 INFO 
2026-06-19 23:31:52 INFO [OK] OK CONDITIONS:
2026-06-19 23:31:52 INFO   'rsi_14_lt_30' (LONG) | Used: 164 | Top10%: 18 | Avg RR/day: 0.12 (global: 0.14) | WR: 46% | Eff: 0.84
2026-06-19 23:31:52 INFO   'ema_9_lt_21' (SHORT) | Used: 146 | Top10%: 15 | Avg RR/day: 0.18 (global: 0.14) | WR: 45% | Eff: 1.25
2026-06-19 23:31:52 INFO   'stoch_k_lt_20' (SHORT) | Used: 129 | Top10%: 12 | Avg RR/day: 0.16 (global: 0.14) | WR: 44% | Eff: 1.12
2026-06-19 23:31:52 INFO   'cci_14_lt_-100' (SHORT) | Used: 152 | Top10%: 14 | Avg RR/day: 0.15 (global: 0.14) | WR: 43% | Eff: 1.10
2026-06-19 23:31:52 INFO   'williams_lt_-80' (SHORT) | Used: 132 | Top10%: 7 | Avg RR/day: 0.16 (global: 0.14) | WR: 45% | Eff: 1.16
2026-06-19 23:31:52 INFO   'price_lt_bb_lower_20_1_5_s' (SHORT) | Used: 133 | Top10%: 13 | Avg RR/day: 0.16 (global: 0.14) | WR: 45% | Eff: 1.14
2026-06-19 23:31:52 INFO   'volume_gt_sma_20_1_5' (SHARED) | Used: 337 | Top10%: 30 | Avg RR/day: 0.15 (global: 0.14) | WR: 46% | Eff: 1.10
2026-06-19 23:31:52 INFO   'volume_gt_sma_20_2_0' (SHARED) | Used: 299 | Top10%: 23 | Avg RR/day: 0.12 (global: 0.14) | WR: 45% | Eff: 0.84
2026-06-19 23:31:52 INFO   'obv_gt_sma_obv_20' (SHARED) | Used: 313 | Top10%: 29 | Avg RR/day: 0.15 (global: 0.14) | WR: 45% | Eff: 1.07
2026-06-19 23:31:52 INFO   'adx_14_gt_25' (SHARED) | Used: 293 | Top10%: 26 | Avg RR/day: 0.10 (global: 0.14) | WR: 44% | Eff: 0.74
2026-06-19 23:31:52 INFO   'adx_14_gt_30' (SHARED) | Used: 316 | Top10%: 32 | Avg RR/day: 0.15 (global: 0.14) | WR: 45% | Eff: 1.04
2026-06-19 23:31:52 INFO   'adx_14_lt_20' (SHARED) | Used: 305 | Top10%: 39 | Avg RR/day: 0.14 (global: 0.14) | WR: 45% | Eff: 0.98
2026-06-19 23:31:52 INFO   'price_gt_high_20_1_02' (SHARED) | Used: 280 | Top10%: 28 | Avg RR/day: 0.15 (global: 0.14) | WR: 46% | Eff: 1.07
2026-06-19 23:31:52 INFO   'price_lt_low_20_0_98' (SHARED) | Used: 285 | Top10%: 32 | Avg RR/day: 0.17 (global: 0.14) | WR: 46% | Eff: 1.22
2026-06-19 23:31:52 INFO 
2026-06-19 23:31:52 INFO [NO DATA] UNUSED CONDITIONS:
2026-06-19 23:31:52 INFO   'ema_12_gt_26' (LONG) | Used: 0 | Top10%: 0 | Avg RR/day: 0.00 (global: 0.14) | WR: 0% | Eff: 0.00
2026-06-19 23:31:52 INFO   'sma_20_gt_50' (LONG) | Used: 0 | Top10%: 0 | Avg RR/day: 0.00 (global: 0.14) | WR: 0% | Eff: 0.00
2026-06-19 23:31:52 INFO   'price_gt_sma_50' (LONG) | Used: 0 | Top10%: 0 | Avg RR/day: 0.00 (global: 0.14) | WR: 0% | Eff: 0.00
2026-06-19 23:31:52 INFO   'macd_hist_gt_0' (LONG) | Used: 0 | Top10%: 0 | Avg RR/day: 0.00 (global: 0.14) | WR: 0% | Eff: 0.00
2026-06-19 23:31:52 INFO   'rsi_21_gt_50' (LONG) | Used: 0 | Top10%: 0 | Avg RR/day: 0.00 (global: 0.14) | WR: 0% | Eff: 0.00
2026-06-19 23:31:52 INFO   'stoch_k_gt_20' (LONG) | Used: 0 | Top10%: 0 | Avg RR/day: 0.00 (global: 0.14) | WR: 0% | Eff: 0.00
2026-06-19 23:31:52 INFO   'cci_14_gt_-100' (LONG) | Used: 0 | Top10%: 0 | Avg RR/day: 0.00 (global: 0.14) | WR: 0% | Eff: 0.00
2026-06-19 23:31:52 INFO   'williams_gt_-80' (LONG) | Used: 0 | Top10%: 0 | Avg RR/day: 0.00 (global: 0.14) | WR: 0% | Eff: 0.00
2026-06-19 23:31:52 INFO   'price_gt_bb_upper_20_2' (LONG) | Used: 0 | Top10%: 0 | Avg RR/day: 0.00 (global: 0.14) | WR: 0% | Eff: 0.00
2026-06-19 23:31:52 INFO 
2026-06-19 23:31:52 INFO ============================================================
2026-06-19 23:31:52 INFO Efficiency report saved to C:\Users\xfide\documents\crypto.ai\models\condition_efficiency.json
2026-06-19 23:31:52 INFO ============================================================
2026-06-19 23:31:52 INFO Training finished.
2026-06-19 23:31:52 INFO   Best score: 2.275
2026-06-19 23:31:52 INFO   Best strategy: strat_badef51f
2026-06-19 23:31:52 INFO   Total strategies tested: 1224
2026-06-19 23:31:52 INFO   Time elapsed: 120s (2.0m)
2026-06-19 23:31:52 INFO   Average: 10.2 strats/sec
2026-06-19 23:31:52 INFO   Best strategy saved to C:\Users\xfide\documents\crypto.ai\models\best_strategy.json
2026-06-19 23:31:52 INFO ============================================================
