2026-06-22 14:24:13 INFO Training log: C:\Users\xfide\documents\crypto.ai\logs\training_2026-06-22_142413.log
2026-06-22 14:24:13 INFO Training started | Method: ga_bayesian | Symbol: BTC/USDT | Timeframe: 15m | Duration: 10 min
2026-06-22 14:24:13 INFO   Objective: Find the strategy with the highest score. Score = rr_per_day x drawdown_penalty x low_trades_penalty.
2026-06-22 14:24:13 INFO   Disqualified if: trades/day < 1.2, win_rate < 35%, max_drawdown > 50%, or avg_trades/day outside 0.5-10.
2026-06-22 14:24:13 INFO Loading historical data...
2026-06-22 14:24:13 INFO Cache found: 17531 candles up to 2026-06-22 12:45:00+00:00. Fetching from 2026-06-22 13:00:00+00:00.
2026-06-22 14:24:13 INFO Fetching BTC/USDT 15m from 2026-06-22 13:00 to 2026-06-22 13:24
2026-06-22 14:24:21 INFO Fetched 2 new candles in 1 requests.
2026-06-22 14:24:22 INFO Total candles available: 17533
2026-06-22 14:24:22 INFO Raw data: 17533 candles (2025-12-21 to 2026-06-22, 12 months)
2026-06-22 14:24:22 INFO Computing indicators...
2026-06-22 14:24:22 INFO Data prepared: 17334 candles after warmup drop.
2026-06-22 14:24:22 INFO Clean data: 17334 candles after warmup
2026-06-22 14:24:22 INFO Pre-computing 53 conditions...
2026-06-22 14:24:22 INFO Data preparation complete.
2026-06-22 14:24:24 INFO ============================================================
2026-06-22 14:24:24 INFO Phase 1: Genetic Algorithm (global search -- evolve strategies over generations)
2026-06-22 14:24:24 INFO ============================================================
2026-06-22 14:24:24 INFO GA: Starting | pop=200, time_budget=300s (5.0m), max_gen=200, cx=0.8, mut=0.2, elite=5
2026-06-22 14:24:24 INFO   Score = rr_per_day * drawdown_penalty * low_trades_penalty. Higher = better. Negative or -inf means disqualified.
2026-06-22 14:25:25 INFO GA Gen 0 | Best score: 0.1832 | Avg score: 0.0761 | Pop: 200 | Elapsed: 61s
2026-06-22 14:26:01 INFO GA Gen 1 | Best score: 0.1970 | Avg score: 0.0810 | Tested: 355 | Elapsed: 97s [NEW BEST!]
2026-06-22 14:26:38 INFO GA Gen 2 | Best score: 0.3140 | Avg score: 0.1304 | Tested: 519 | Elapsed: 134s [NEW BEST!]
2026-06-22 14:27:42 INFO GA Gen 3 | Best score: 0.3732 | Avg score: 0.1295 | Tested: 689 | Elapsed: 198s [NEW BEST!]
2026-06-22 14:28:43 INFO GA Gen 4 | Best score: 0.3732 | Avg score: 0.1371 | Tested: 853 | Elapsed: 259s
2026-06-22 14:29:39 INFO GA Gen 5 | Best score: 0.3732 | Avg score: 0.1378 | Tested: 1004 | Elapsed: 315s
2026-06-22 14:29:39 INFO GA: Time budget exhausted at generation 5. Stopping.
2026-06-22 14:29:39 INFO GA: Finished | Best score: 0.3732 | 5 generations | Elapsed: 315s | Strategies tested: 1004 | Speed: 3.2 strats/s | Passing top 10 to Bayesian optimizer.
2026-06-22 14:29:39 INFO 
2026-06-22 14:29:39 INFO [EFFICIENCY] GA phase complete. Analyzing condition efficiency...
2026-06-22 14:29:39 INFO ============================================================
2026-06-22 14:29:39 INFO EFFICIENCY REPORT
2026-06-22 14:29:39 INFO ============================================================
2026-06-22 14:29:39 INFO Strategies analyzed: 216
2026-06-22 14:29:39 INFO Global avg RR/day: 0.2659
2026-06-22 14:29:39 INFO   LONG avg RR/day: 0.0000 (0 strategies)
2026-06-22 14:29:39 INFO   SHORT avg RR/day: 0.0000 (0 strategies)
2026-06-22 14:29:39 INFO 
2026-06-22 14:29:39 INFO [WARNING] WARNINGS (insufficient data):
2026-06-22 14:29:39 INFO   'rsi_21_gt_70' (SHORT) | Used: 9 | Top10%: 0 | Avg RR/day: 0.14 (global: 0.27) | WR: 38% | Eff: 0.53
2026-06-22 14:29:39 INFO 
2026-06-22 14:29:39 INFO [OK] OK CONDITIONS:
2026-06-22 14:29:39 INFO   'ema_9_gt_21' (LONG) | Used: 79 | Top10%: 9 | Avg RR/day: 0.25 (global: 0.27) | WR: 37% | Eff: 0.96
2026-06-22 14:29:39 INFO   'ema_12_gt_26' (LONG) | Used: 68 | Top10%: 6 | Avg RR/day: 0.27 (global: 0.27) | WR: 37% | Eff: 1.01
2026-06-22 14:29:39 INFO   'ema_20_gt_50' (LONG) | Used: 53 | Top10%: 4 | Avg RR/day: 0.24 (global: 0.27) | WR: 37% | Eff: 0.90
2026-06-22 14:29:39 INFO   'sma_20_gt_50' (LONG) | Used: 84 | Top10%: 10 | Avg RR/day: 0.26 (global: 0.27) | WR: 37% | Eff: 0.97
2026-06-22 14:29:39 INFO   'price_gt_sma_50' (LONG) | Used: 110 | Top10%: 12 | Avg RR/day: 0.28 (global: 0.27) | WR: 37% | Eff: 1.07
2026-06-22 14:29:39 INFO   'price_gt_sma_200' (LONG) | Used: 100 | Top10%: 13 | Avg RR/day: 0.28 (global: 0.27) | WR: 37% | Eff: 1.05
2026-06-22 14:29:39 INFO   'macd_gt_signal' (LONG) | Used: 54 | Top10%: 2 | Avg RR/day: 0.23 (global: 0.27) | WR: 37% | Eff: 0.87
2026-06-22 14:29:39 INFO   'macd_hist_gt_0' (LONG) | Used: 79 | Top10%: 11 | Avg RR/day: 0.27 (global: 0.27) | WR: 37% | Eff: 1.00
2026-06-22 14:29:39 INFO   'rsi_14_gt_50' (LONG) | Used: 89 | Top10%: 10 | Avg RR/day: 0.27 (global: 0.27) | WR: 37% | Eff: 1.02
2026-06-22 14:29:39 INFO   'rsi_14_lt_30' (LONG) | Used: 79 | Top10%: 12 | Avg RR/day: 0.27 (global: 0.27) | WR: 37% | Eff: 1.01
2026-06-22 14:29:39 INFO   'rsi_21_gt_50' (LONG) | Used: 53 | Top10%: 5 | Avg RR/day: 0.26 (global: 0.27) | WR: 37% | Eff: 0.97
2026-06-22 14:29:39 INFO   'rsi_21_lt_30' (LONG) | Used: 53 | Top10%: 7 | Avg RR/day: 0.29 (global: 0.27) | WR: 37% | Eff: 1.10
2026-06-22 14:29:39 INFO   'stoch_k_gt_20' (LONG) | Used: 30 | Top10%: 1 | Avg RR/day: 0.24 (global: 0.27) | WR: 36% | Eff: 0.91
2026-06-22 14:29:39 INFO   'stoch_k_lt_80' (LONG) | Used: 80 | Top10%: 7 | Avg RR/day: 0.28 (global: 0.27) | WR: 37% | Eff: 1.06
2026-06-22 14:29:39 INFO   'cci_14_gt_-100' (LONG) | Used: 74 | Top10%: 10 | Avg RR/day: 0.26 (global: 0.27) | WR: 37% | Eff: 0.99
2026-06-22 14:29:39 INFO   'cci_14_lt_100' (LONG) | Used: 53 | Top10%: 4 | Avg RR/day: 0.27 (global: 0.27) | WR: 36% | Eff: 1.02
2026-06-22 14:29:39 INFO   'williams_gt_-80' (LONG) | Used: 66 | Top10%: 5 | Avg RR/day: 0.26 (global: 0.27) | WR: 37% | Eff: 0.96
2026-06-22 14:29:39 INFO   'williams_lt_-20' (LONG) | Used: 71 | Top10%: 9 | Avg RR/day: 0.28 (global: 0.27) | WR: 37% | Eff: 1.04
2026-06-22 14:29:39 INFO   'price_lt_bb_lower_20_2' (LONG) | Used: 78 | Top10%: 10 | Avg RR/day: 0.27 (global: 0.27) | WR: 37% | Eff: 1.00
2026-06-22 14:29:39 INFO   'price_gt_bb_upper_20_2' (LONG) | Used: 57 | Top10%: 5 | Avg RR/day: 0.24 (global: 0.27) | WR: 37% | Eff: 0.90
2026-06-22 14:29:39 INFO   'price_lt_bb_lower_20_1_5' (LONG) | Used: 42 | Top10%: 3 | Avg RR/day: 0.26 (global: 0.27) | WR: 37% | Eff: 0.99
2026-06-22 14:29:39 INFO   'price_gt_bb_upper_20_1_5' (LONG) | Used: 41 | Top10%: 5 | Avg RR/day: 0.27 (global: 0.27) | WR: 37% | Eff: 1.00
2026-06-22 14:29:39 INFO   'ema_9_lt_21' (SHORT) | Used: 106 | Top10%: 14 | Avg RR/day: 0.29 (global: 0.27) | WR: 37% | Eff: 1.08
2026-06-22 14:29:39 INFO   'ema_12_lt_26' (SHORT) | Used: 80 | Top10%: 8 | Avg RR/day: 0.26 (global: 0.27) | WR: 37% | Eff: 0.97
2026-06-22 14:29:39 INFO   'ema_20_lt_50' (SHORT) | Used: 64 | Top10%: 6 | Avg RR/day: 0.28 (global: 0.27) | WR: 37% | Eff: 1.05
2026-06-22 14:29:39 INFO   'sma_20_lt_50' (SHORT) | Used: 38 | Top10%: 4 | Avg RR/day: 0.22 (global: 0.27) | WR: 37% | Eff: 0.81
2026-06-22 14:29:39 INFO   'price_lt_sma_50' (SHORT) | Used: 71 | Top10%: 6 | Avg RR/day: 0.26 (global: 0.27) | WR: 37% | Eff: 0.98
2026-06-22 14:29:39 INFO   'price_lt_sma_200' (SHORT) | Used: 39 | Top10%: 2 | Avg RR/day: 0.26 (global: 0.27) | WR: 37% | Eff: 0.99
2026-06-22 14:29:39 INFO   'macd_lt_signal' (SHORT) | Used: 79 | Top10%: 6 | Avg RR/day: 0.26 (global: 0.27) | WR: 37% | Eff: 0.97
2026-06-22 14:29:39 INFO   'macd_hist_lt_0' (SHORT) | Used: 74 | Top10%: 10 | Avg RR/day: 0.27 (global: 0.27) | WR: 37% | Eff: 1.00
2026-06-22 14:29:39 INFO   'rsi_14_lt_50' (SHORT) | Used: 102 | Top10%: 10 | Avg RR/day: 0.25 (global: 0.27) | WR: 37% | Eff: 0.95
2026-06-22 14:29:39 INFO   'rsi_14_gt_70' (SHORT) | Used: 38 | Top10%: 4 | Avg RR/day: 0.26 (global: 0.27) | WR: 37% | Eff: 0.97
2026-06-22 14:29:39 INFO   'rsi_21_lt_50' (SHORT) | Used: 15 | Top10%: 1 | Avg RR/day: 0.27 (global: 0.27) | WR: 37% | Eff: 1.02
2026-06-22 14:29:39 INFO   'stoch_k_gt_80' (SHORT) | Used: 37 | Top10%: 4 | Avg RR/day: 0.24 (global: 0.27) | WR: 37% | Eff: 0.89
2026-06-22 14:29:39 INFO   'stoch_k_lt_20' (SHORT) | Used: 44 | Top10%: 1 | Avg RR/day: 0.24 (global: 0.27) | WR: 37% | Eff: 0.92
2026-06-22 14:29:39 INFO   'cci_14_gt_100' (SHORT) | Used: 24 | Top10%: 2 | Avg RR/day: 0.26 (global: 0.27) | WR: 36% | Eff: 0.99
2026-06-22 14:29:39 INFO   'cci_14_lt_-100' (SHORT) | Used: 52 | Top10%: 3 | Avg RR/day: 0.25 (global: 0.27) | WR: 37% | Eff: 0.96
2026-06-22 14:29:39 INFO   'williams_gt_-20' (SHORT) | Used: 31 | Top10%: 1 | Avg RR/day: 0.24 (global: 0.27) | WR: 37% | Eff: 0.92
2026-06-22 14:29:39 INFO   'williams_lt_-80' (SHORT) | Used: 61 | Top10%: 6 | Avg RR/day: 0.27 (global: 0.27) | WR: 37% | Eff: 1.02
2026-06-22 14:29:39 INFO   'price_gt_bb_upper_20_2_s' (SHORT) | Used: 19 | Top10%: 0 | Avg RR/day: 0.22 (global: 0.27) | WR: 37% | Eff: 0.82
2026-06-22 14:29:39 INFO   'price_lt_bb_lower_20_2_s' (SHORT) | Used: 39 | Top10%: 1 | Avg RR/day: 0.23 (global: 0.27) | WR: 37% | Eff: 0.86
2026-06-22 14:29:39 INFO   'price_gt_bb_upper_20_1_5_s' (SHORT) | Used: 24 | Top10%: 0 | Avg RR/day: 0.21 (global: 0.27) | WR: 37% | Eff: 0.79
2026-06-22 14:29:39 INFO   'price_lt_bb_lower_20_1_5_s' (SHORT) | Used: 89 | Top10%: 11 | Avg RR/day: 0.28 (global: 0.27) | WR: 37% | Eff: 1.05
2026-06-22 14:29:39 INFO   'atr_gt_sma_atr_20' (SHARED) | Used: 43 | Top10%: 5 | Avg RR/day: 0.27 (global: 0.27) | WR: 37% | Eff: 1.02
2026-06-22 14:29:39 INFO   'volume_gt_sma_20_1_5' (SHARED) | Used: 38 | Top10%: 4 | Avg RR/day: 0.31 (global: 0.27) | WR: 37% | Eff: 1.16
2026-06-22 14:29:39 INFO   'volume_gt_sma_20_2_0' (SHARED) | Used: 65 | Top10%: 9 | Avg RR/day: 0.26 (global: 0.27) | WR: 37% | Eff: 0.97
2026-06-22 14:29:39 INFO   'obv_gt_sma_obv_20' (SHARED) | Used: 84 | Top10%: 9 | Avg RR/day: 0.27 (global: 0.27) | WR: 37% | Eff: 1.02
2026-06-22 14:29:39 INFO   'adx_14_gt_25' (SHARED) | Used: 59 | Top10%: 5 | Avg RR/day: 0.26 (global: 0.27) | WR: 37% | Eff: 0.97
2026-06-22 14:29:39 INFO   'adx_14_gt_30' (SHARED) | Used: 49 | Top10%: 4 | Avg RR/day: 0.24 (global: 0.27) | WR: 37% | Eff: 0.92
2026-06-22 14:29:39 INFO   'adx_14_lt_20' (SHARED) | Used: 23 | Top10%: 3 | Avg RR/day: 0.25 (global: 0.27) | WR: 37% | Eff: 0.93
2026-06-22 14:29:39 INFO   'price_gt_high_20_1_02' (SHARED) | Used: 57 | Top10%: 4 | Avg RR/day: 0.25 (global: 0.27) | WR: 37% | Eff: 0.93
2026-06-22 14:29:39 INFO   'price_lt_low_20_0_98' (SHARED) | Used: 27 | Top10%: 3 | Avg RR/day: 0.25 (global: 0.27) | WR: 37% | Eff: 0.95
2026-06-22 14:29:39 INFO 
2026-06-22 14:29:39 INFO ============================================================
2026-06-22 14:29:39 INFO Efficiency report saved to C:\Users\xfide\documents\crypto.ai\models\condition_efficiency.json
2026-06-22 14:29:39 INFO [EFFICIENCY] All conditions performing well. No removals.
2026-06-22 14:29:39 INFO 
2026-06-22 14:29:39 INFO ============================================================
2026-06-22 14:29:39 INFO Phase 2: Bayesian Optimization (local refinement -- focus on promising regions)
2026-06-22 14:29:39 INFO ============================================================
2026-06-22 14:29:39 INFO Bayesian: Starting | timeout=274s (4.6m), max_trials=10000, startup=100
2026-06-22 14:29:39 INFO   Each trial generates a strategy with random conditions, threshold, stop-loss, and risk-reward. The TPE model learns which parameter combinations score highest and focuses the search there.
2026-06-22 14:29:39 INFO Bayesian: Seeded 10 strategies from GA.
2026-06-22 14:34:13 INFO Bayesian: Manual timeout safety net triggered. Stopping.
2026-06-22 14:34:13 INFO Bayesian: Finished | Best score: 0.3732 | 1012 trials | Elapsed: 274s | Speed: 3.7 trials/s
2026-06-22 14:34:13 INFO   Score = rr_per_day * drawdown_penalty * low_trades_penalty. Higher = better.
2026-06-22 14:34:13 INFO Keeping existing best strategy (score: 0.5780) -- new strategy score (0.3732) is not higher.
2026-06-22 14:34:13 INFO Top 500 strategies saved to C:\Users\xfide\documents\crypto.ai\models\top_strategies.json
2026-06-22 14:34:13 INFO ============================================================
2026-06-22 14:34:13 INFO Training finished.
2026-06-22 14:34:13 INFO 
2026-06-22 14:34:13 INFO   Best score:          0.3732
2026-06-22 14:34:13 INFO   Best strategy:        (LONG:7 SHORT:6 SHARED:5)
2026-06-22 14:34:13 INFO     Win rate:          40.1%
2026-06-22 14:34:13 INFO     RR/day:            0.4474
2026-06-22 14:34:13 INFO     Max drawdown:      20.8%
2026-06-22 14:34:13 INFO     Valid trades:      319
2026-06-22 14:34:13 INFO 
2026-06-22 14:34:13 INFO   Total strategies tested: 2016
2026-06-22 14:34:13 INFO   Time elapsed:        600s (10.0m)
2026-06-22 14:34:13 INFO   Average:             3.4 strats/sec
2026-06-22 14:34:13 INFO   Existing best strategy retained (score: 0.3732)
2026-06-22 14:34:13 INFO 
2026-06-22 14:34:13 INFO   Next steps:
2026-06-22 14:34:13 INFO     1. Review efficiency report above -- which conditions helped/hurt
2026-06-22 14:34:13 INFO     2. Run validation: python validation.py --symbol BTC/USDT
2026-06-22 14:34:13 INFO     3. If validation passes, go live: python live_signal.py
2026-06-22 14:34:13 INFO ============================================================
