2026-06-20 12:25:24 INFO Training log: C:\Users\xfide\documents\crypto.ai\logs\training_2026-06-20_122524.log
2026-06-20 12:25:24 INFO Cleared removed_conditions.json -- all 53 conditions available for this run.
2026-06-20 12:25:24 INFO Training started | Method: ga_bayesian | Symbol: BTC/USDT | Timeframe: 15m | Duration: 2 min
2026-06-20 12:25:24 INFO   Objective: Find the strategy with the highest score. Score = rr_per_day x drawdown_penalty x low_trades_penalty.
2026-06-20 12:25:24 INFO   Disqualified if: win_rate < 35%, max_drawdown > 50%, or avg_trades/day outside 0.5-10.
2026-06-20 12:25:24 INFO Loading historical data...
2026-06-20 12:25:24 INFO Cache found: 17333 candles up to 2026-06-20 11:15:00+00:00. Fetching from 2026-06-20 11:30:00+00:00.
2026-06-20 12:25:24 INFO Fetching BTC/USDT 15m from 2026-06-20 11:30 to 2026-06-20 11:25
2026-06-20 12:25:24 WARNING No candles fetched.
2026-06-20 12:25:24 INFO Total candles available: 17333
2026-06-20 12:25:24 INFO Raw data: 17333 candles
2026-06-20 12:25:24 INFO Computing indicators...
2026-06-20 12:25:24 INFO Data prepared: 17134 candles after warmup drop.
2026-06-20 12:25:24 INFO Clean data: 17134 candles after warmup
2026-06-20 12:25:24 INFO Pre-computing 53 conditions...
2026-06-20 12:25:24 INFO Data preparation complete.
2026-06-20 12:25:25 INFO ============================================================
2026-06-20 12:25:25 INFO Phase 1: Genetic Algorithm (global search -- evolve strategies over generations)
2026-06-20 12:25:25 INFO ============================================================
2026-06-20 12:25:25 INFO GA: Starting | pop=200, gen=12, cx=0.8, mut=0.2, elite=5
2026-06-20 12:25:25 INFO   Score = rr_per_day * drawdown_penalty * low_trades_penalty. Higher = better. Negative or -inf means disqualified.
2026-06-20 12:25:44 INFO GA Gen 0/12 | Best score: 0.2883 | Avg score: 0.0478 | Pop: 200
2026-06-20 12:26:14 INFO GA Gen 1/12 | Best score: 0.8092 | Avg score: 0.0597 | Tested: 358 [NEW BEST!]
2026-06-20 12:26:38 INFO GA Gen 2/12 | Best score: 1.2100 | Avg score: 0.0959 | Tested: 522 [NEW BEST!]
2026-06-20 12:26:53 INFO GA Gen 3/12 | Best score: 1.2100 | Avg score: 0.1474 | Tested: 676
2026-06-20 12:27:03 INFO GA Gen 4/12 | Best score: 1.2100 | Avg score: 0.1856 | Tested: 840
2026-06-20 12:27:15 INFO GA Gen 5/12 | Best score: 1.6450 | Avg score: 0.2682 | Tested: 989 [NEW BEST!]
2026-06-20 12:27:26 INFO GA Gen 6/12 | Best score: 1.6450 | Avg score: 0.2569 | Tested: 1163
2026-06-20 12:27:35 INFO GA Gen 7/12 | Best score: 1.6450 | Avg score: 0.3479 | Tested: 1322
2026-06-20 12:27:45 INFO GA Gen 8/12 | Best score: 1.6450 | Avg score: 0.3918 | Tested: 1485
2026-06-20 12:28:01 INFO GA Gen 9/12 | Best score: 1.6450 | Avg score: 0.4129 | Tested: 1650
2026-06-20 12:28:35 INFO GA Gen 10/12 | Best score: 1.6450 | Avg score: 0.3872 | Tested: 1821
2026-06-20 12:29:01 INFO GA Gen 11/12 | Best score: 1.6450 | Avg score: 0.4215 | Tested: 1987
2026-06-20 12:29:35 INFO GA Gen 12/12 | Best score: 1.6450 | Avg score: 0.4608 | Tested: 2156
2026-06-20 12:29:35 INFO GA: Finished | Best score: 1.6450 | Total strategies tested: 2156 | Passing top 10 to Bayesian optimizer.
2026-06-20 12:29:35 INFO GA Phase complete | Elapsed: 251s | Best score: 1.6450 | Strategies tested: 2156
2026-06-20 12:29:35 INFO No time remaining for Bayesian optimization. Skipping.
2026-06-20 12:29:35 INFO Strategy saved to C:\Users\xfide\documents\crypto.ai\models\best_strategy.json
2026-06-20 12:29:36 INFO Top 500 strategies saved to C:\Users\xfide\documents\crypto.ai\models\top_strategies.json
2026-06-20 12:29:36 INFO ============================================================
2026-06-20 12:29:36 INFO EFFICIENCY REPORT
2026-06-20 12:29:36 INFO ============================================================
2026-06-20 12:29:36 INFO Strategies analyzed: 1621
2026-06-20 12:29:36 INFO Global avg RR/day: 0.4244
2026-06-20 12:29:36 INFO 
2026-06-20 12:29:36 INFO [CRITICAL] CRITICAL ALERTS (auto-removed):
2026-06-20 12:29:36 INFO   'ema_9_gt_21' (LONG) | Used: 71 | Top10%: 1 | Avg RR/day: 0.09 (global: 0.42) | WR: 43% | Eff: 0.22
2026-06-20 12:29:36 INFO   'ema_12_gt_26' (LONG) | Used: 76 | Top10%: 3 | Avg RR/day: 0.11 (global: 0.42) | WR: 46% | Eff: 0.26
2026-06-20 12:29:36 INFO   'ema_20_gt_50' (LONG) | Used: 97 | Top10%: 2 | Avg RR/day: 0.08 (global: 0.42) | WR: 45% | Eff: 0.18
2026-06-20 12:29:36 INFO   'sma_20_gt_50' (LONG) | Used: 75 | Top10%: 0 | Avg RR/day: 0.05 (global: 0.42) | WR: 43% | Eff: 0.11
2026-06-20 12:29:36 INFO   'macd_gt_signal' (LONG) | Used: 110 | Top10%: 0 | Avg RR/day: 0.11 (global: 0.42) | WR: 44% | Eff: 0.25
2026-06-20 12:29:36 INFO   'rsi_14_gt_50' (LONG) | Used: 119 | Top10%: 2 | Avg RR/day: 0.09 (global: 0.42) | WR: 44% | Eff: 0.20
2026-06-20 12:29:36 INFO   'rsi_14_lt_30' (LONG) | Used: 93 | Top10%: 1 | Avg RR/day: 0.12 (global: 0.42) | WR: 45% | Eff: 0.28
2026-06-20 12:29:36 INFO   'rsi_21_gt_50' (LONG) | Used: 55 | Top10%: 0 | Avg RR/day: 0.04 (global: 0.42) | WR: 43% | Eff: 0.11
2026-06-20 12:29:36 INFO   'rsi_21_lt_30' (LONG) | Used: 85 | Top10%: 2 | Avg RR/day: 0.09 (global: 0.42) | WR: 45% | Eff: 0.20
2026-06-20 12:29:36 INFO   'cci_14_lt_100' (LONG) | Used: 64 | Top10%: 0 | Avg RR/day: 0.04 (global: 0.42) | WR: 43% | Eff: 0.10
2026-06-20 12:29:36 INFO   'williams_lt_-20' (LONG) | Used: 93 | Top10%: 2 | Avg RR/day: 0.11 (global: 0.42) | WR: 45% | Eff: 0.26
2026-06-20 12:29:36 INFO 
2026-06-20 12:29:36 INFO [ALERT] ALERTS (consider removing):
2026-06-20 12:29:36 INFO   'price_gt_sma_200' (LONG) | Used: 103 | Top10%: 1 | Avg RR/day: 0.13 (global: 0.42) | WR: 44% | Eff: 0.31
2026-06-20 12:29:36 INFO   'macd_hist_gt_0' (LONG) | Used: 122 | Top10%: 3 | Avg RR/day: 0.17 (global: 0.42) | WR: 45% | Eff: 0.39
2026-06-20 12:29:36 INFO 
2026-06-20 12:29:36 INFO [WARNING] WARNINGS (insufficient data):
2026-06-20 12:29:36 INFO   'cci_14_gt_-100' (LONG) | Used: 131 | Top10%: 11 | Avg RR/day: 0.27 (global: 0.42) | WR: 49% | Eff: 0.63
2026-06-20 12:29:36 INFO   'ema_20_lt_50' (SHORT) | Used: 441 | Top10%: 4 | Avg RR/day: 0.25 (global: 0.42) | WR: 46% | Eff: 0.59
2026-06-20 12:29:36 INFO   'price_lt_sma_200' (SHORT) | Used: 274 | Top10%: 6 | Avg RR/day: 0.25 (global: 0.42) | WR: 47% | Eff: 0.60
2026-06-20 12:29:36 INFO   'macd_lt_signal' (SHORT) | Used: 316 | Top10%: 13 | Avg RR/day: 0.26 (global: 0.42) | WR: 48% | Eff: 0.61
2026-06-20 12:29:36 INFO   'macd_hist_lt_0' (SHORT) | Used: 288 | Top10%: 8 | Avg RR/day: 0.25 (global: 0.42) | WR: 47% | Eff: 0.59
2026-06-20 12:29:36 INFO   'stoch_k_lt_20' (SHORT) | Used: 251 | Top10%: 4 | Avg RR/day: 0.25 (global: 0.42) | WR: 47% | Eff: 0.60
2026-06-20 12:29:36 INFO   'volume_gt_sma_20_1_5' (SHARED) | Used: 459 | Top10%: 21 | Avg RR/day: 0.27 (global: 0.42) | WR: 47% | Eff: 0.64
2026-06-20 12:29:36 INFO   'adx_14_lt_20' (SHARED) | Used: 471 | Top10%: 15 | Avg RR/day: 0.27 (global: 0.42) | WR: 47% | Eff: 0.64
2026-06-20 12:29:36 INFO 
2026-06-20 12:29:36 INFO [STRONG] STRONG CONDITIONS:
2026-06-20 12:29:36 INFO   'rsi_21_gt_70' (SHORT) | Used: 532 | Top10%: 100 | Avg RR/day: 0.61 (global: 0.42) | WR: 56% | Eff: 1.43
2026-06-20 12:29:36 INFO   'stoch_k_gt_80' (SHORT) | Used: 885 | Top10%: 141 | Avg RR/day: 0.59 (global: 0.42) | WR: 54% | Eff: 1.38
2026-06-20 12:29:36 INFO   'price_gt_bb_upper_20_1_5_s' (SHORT) | Used: 304 | Top10%: 43 | Avg RR/day: 0.56 (global: 0.42) | WR: 54% | Eff: 1.32
2026-06-20 12:29:36 INFO   'volume_gt_sma_20_2_0' (SHARED) | Used: 789 | Top10%: 136 | Avg RR/day: 0.60 (global: 0.42) | WR: 55% | Eff: 1.41
2026-06-20 12:29:36 INFO   'price_lt_low_20_0_98' (SHARED) | Used: 799 | Top10%: 140 | Avg RR/day: 0.61 (global: 0.42) | WR: 55% | Eff: 1.43
2026-06-20 12:29:36 INFO 
2026-06-20 12:29:36 INFO [OK] OK CONDITIONS:
2026-06-20 12:29:36 INFO   'price_gt_sma_50' (LONG) | Used: 114 | Top10%: 11 | Avg RR/day: 0.31 (global: 0.42) | WR: 50% | Eff: 0.72
2026-06-20 12:29:36 INFO   'stoch_k_gt_20' (LONG) | Used: 317 | Top10%: 40 | Avg RR/day: 0.41 (global: 0.42) | WR: 51% | Eff: 0.97
2026-06-20 12:29:36 INFO   'stoch_k_lt_80' (LONG) | Used: 173 | Top10%: 24 | Avg RR/day: 0.37 (global: 0.42) | WR: 52% | Eff: 0.87
2026-06-20 12:29:36 INFO   'williams_gt_-80' (LONG) | Used: 169 | Top10%: 15 | Avg RR/day: 0.33 (global: 0.42) | WR: 49% | Eff: 0.77
2026-06-20 12:29:36 INFO   'price_lt_bb_lower_20_2' (LONG) | Used: 287 | Top10%: 29 | Avg RR/day: 0.38 (global: 0.42) | WR: 50% | Eff: 0.89
2026-06-20 12:29:36 INFO   'price_gt_bb_upper_20_2' (LONG) | Used: 195 | Top10%: 17 | Avg RR/day: 0.34 (global: 0.42) | WR: 48% | Eff: 0.81
2026-06-20 12:29:36 INFO   'price_lt_bb_lower_20_1_5' (LONG) | Used: 194 | Top10%: 34 | Avg RR/day: 0.45 (global: 0.42) | WR: 54% | Eff: 1.07
2026-06-20 12:29:36 INFO   'price_gt_bb_upper_20_1_5' (LONG) | Used: 224 | Top10%: 26 | Avg RR/day: 0.40 (global: 0.42) | WR: 51% | Eff: 0.94
2026-06-20 12:29:36 INFO   'ema_9_lt_21' (SHORT) | Used: 554 | Top10%: 22 | Avg RR/day: 0.32 (global: 0.42) | WR: 48% | Eff: 0.76
2026-06-20 12:29:36 INFO   'ema_12_lt_26' (SHORT) | Used: 720 | Top10%: 105 | Avg RR/day: 0.54 (global: 0.42) | WR: 53% | Eff: 1.27
2026-06-20 12:29:36 INFO   'sma_20_lt_50' (SHORT) | Used: 742 | Top10%: 58 | Avg RR/day: 0.41 (global: 0.42) | WR: 49% | Eff: 0.96
2026-06-20 12:29:36 INFO   'price_lt_sma_50' (SHORT) | Used: 561 | Top10%: 52 | Avg RR/day: 0.43 (global: 0.42) | WR: 50% | Eff: 1.02
2026-06-20 12:29:36 INFO   'rsi_14_lt_50' (SHORT) | Used: 506 | Top10%: 48 | Avg RR/day: 0.47 (global: 0.42) | WR: 51% | Eff: 1.11
2026-06-20 12:29:36 INFO   'rsi_14_gt_70' (SHORT) | Used: 548 | Top10%: 47 | Avg RR/day: 0.41 (global: 0.42) | WR: 50% | Eff: 0.96
2026-06-20 12:29:36 INFO   'rsi_21_lt_50' (SHORT) | Used: 835 | Top10%: 96 | Avg RR/day: 0.50 (global: 0.42) | WR: 51% | Eff: 1.19
2026-06-20 12:29:36 INFO   'cci_14_gt_100' (SHORT) | Used: 768 | Top10%: 96 | Avg RR/day: 0.51 (global: 0.42) | WR: 51% | Eff: 1.21
2026-06-20 12:29:36 INFO   'cci_14_lt_-100' (SHORT) | Used: 748 | Top10%: 63 | Avg RR/day: 0.41 (global: 0.42) | WR: 50% | Eff: 0.97
2026-06-20 12:29:36 INFO   'williams_gt_-20' (SHORT) | Used: 451 | Top10%: 35 | Avg RR/day: 0.43 (global: 0.42) | WR: 50% | Eff: 1.00
2026-06-20 12:29:36 INFO   'williams_lt_-80' (SHORT) | Used: 759 | Top10%: 106 | Avg RR/day: 0.54 (global: 0.42) | WR: 53% | Eff: 1.27
2026-06-20 12:29:36 INFO   'price_gt_bb_upper_20_2_s' (SHORT) | Used: 494 | Top10%: 47 | Avg RR/day: 0.46 (global: 0.42) | WR: 50% | Eff: 1.07
2026-06-20 12:29:36 INFO   'price_lt_bb_lower_20_2_s' (SHORT) | Used: 808 | Top10%: 109 | Avg RR/day: 0.51 (global: 0.42) | WR: 52% | Eff: 1.20
2026-06-20 12:29:36 INFO   'price_lt_bb_lower_20_1_5_s' (SHORT) | Used: 679 | Top10%: 54 | Avg RR/day: 0.40 (global: 0.42) | WR: 50% | Eff: 0.94
2026-06-20 12:29:36 INFO   'atr_gt_sma_atr_20' (SHARED) | Used: 691 | Top10%: 41 | Avg RR/day: 0.35 (global: 0.42) | WR: 48% | Eff: 0.82
2026-06-20 12:29:36 INFO   'obv_gt_sma_obv_20' (SHARED) | Used: 855 | Top10%: 119 | Avg RR/day: 0.49 (global: 0.42) | WR: 52% | Eff: 1.14
2026-06-20 12:29:36 INFO   'adx_14_gt_25' (SHARED) | Used: 606 | Top10%: 49 | Avg RR/day: 0.39 (global: 0.42) | WR: 49% | Eff: 0.92
2026-06-20 12:29:36 INFO   'adx_14_gt_30' (SHARED) | Used: 796 | Top10%: 67 | Avg RR/day: 0.39 (global: 0.42) | WR: 49% | Eff: 0.91
2026-06-20 12:29:36 INFO   'price_gt_high_20_1_02' (SHARED) | Used: 790 | Top10%: 102 | Avg RR/day: 0.48 (global: 0.42) | WR: 52% | Eff: 1.13
2026-06-20 12:29:36 INFO 
2026-06-20 12:29:36 INFO Auto-removed 11 conditions: ['ema_9_gt_21', 'ema_12_gt_26', 'ema_20_gt_50', 'sma_20_gt_50', 'macd_gt_signal', 'rsi_14_gt_50', 'rsi_14_lt_30', 'rsi_21_gt_50', 'rsi_21_lt_30', 'cci_14_lt_100', 'williams_lt_-20']
2026-06-20 12:29:36 INFO ============================================================
2026-06-20 12:29:36 INFO Efficiency report saved to C:\Users\xfide\documents\crypto.ai\models\condition_efficiency.json
2026-06-20 12:29:36 INFO [EFFICIENCY] Condition 'ema_9_gt_21' removed from pool (efficiency < 0.3).
2026-06-20 12:29:36 INFO [EFFICIENCY] Condition 'ema_12_gt_26' removed from pool (efficiency < 0.3).
2026-06-20 12:29:36 INFO [EFFICIENCY] Condition 'ema_20_gt_50' removed from pool (efficiency < 0.3).
2026-06-20 12:29:36 INFO [EFFICIENCY] Condition 'sma_20_gt_50' removed from pool (efficiency < 0.3).
2026-06-20 12:29:36 INFO [EFFICIENCY] Condition 'macd_gt_signal' removed from pool (efficiency < 0.3).
2026-06-20 12:29:36 INFO [EFFICIENCY] Condition 'rsi_14_gt_50' removed from pool (efficiency < 0.3).
2026-06-20 12:29:36 INFO [EFFICIENCY] Condition 'rsi_14_lt_30' removed from pool (efficiency < 0.3).
2026-06-20 12:29:36 INFO [EFFICIENCY] Condition 'rsi_21_gt_50' removed from pool (efficiency < 0.3).
2026-06-20 12:29:36 INFO [EFFICIENCY] Condition 'rsi_21_lt_30' removed from pool (efficiency < 0.3).
2026-06-20 12:29:36 INFO [EFFICIENCY] Condition 'cci_14_lt_100' removed from pool (efficiency < 0.3).
2026-06-20 12:29:36 INFO [EFFICIENCY] Condition 'williams_lt_-20' removed from pool (efficiency < 0.3).
2026-06-20 12:29:36 INFO ============================================================
2026-06-20 12:29:36 INFO Training finished.
2026-06-20 12:29:36 INFO 
2026-06-20 12:29:36 INFO   Best score:          1.6450
2026-06-20 12:29:36 INFO   Best strategy:       
2026-06-20 12:29:36 INFO 
2026-06-20 12:29:36 INFO   Total strategies tested: 2156
2026-06-20 12:29:36 INFO   Time elapsed:        252s (4.2m)
2026-06-20 12:29:36 INFO   Average:             8.6 strats/sec
2026-06-20 12:29:36 INFO   Best strategy saved to C:\Users\xfide\documents\crypto.ai\models\best_strategy.json
2026-06-20 12:29:36 INFO 
2026-06-20 12:29:36 INFO   Next steps:
2026-06-20 12:29:36 INFO     1. Review efficiency report above -- which conditions helped/hurt
2026-06-20 12:29:36 INFO     2. Run validation: python validation.py --symbol BTC/USDT
2026-06-20 12:29:36 INFO     3. If validation passes, go live: python live_signal.py
2026-06-20 12:29:36 INFO ============================================================
