2026-06-21 18:22:44 INFO Training log: C:\Users\xfide\documents\crypto.ai\logs\training_2026-06-21_182244.log
2026-06-21 18:22:44 INFO Training started | Method: ga_bayesian | Symbol: BTC/USDT | Timeframe: 15m | Duration: 10 min
2026-06-21 18:22:44 INFO   Objective: Find the strategy with the highest score. Score = rr_per_day x drawdown_penalty x low_trades_penalty.
2026-06-21 18:22:44 INFO   Disqualified if: trades/day < 1.5, win_rate < 35%, max_drawdown > 50%, or avg_trades/day outside 0.5-10.
2026-06-21 18:22:44 INFO Loading historical data...
2026-06-21 18:22:45 INFO Cache found: 17453 candles up to 2026-06-21 17:15:00+00:00. Fetching from 2026-06-21 17:30:00+00:00.
2026-06-21 18:22:45 INFO Fetching BTC/USDT 15m from 2026-06-21 17:30 to 2026-06-21 17:22
2026-06-21 18:22:45 WARNING No candles fetched.
2026-06-21 18:22:45 INFO Total candles available: 17453
2026-06-21 18:22:45 INFO Raw data: 17453 candles (2025-12-21 to 2026-06-21, 12 months)
2026-06-21 18:22:45 INFO Computing indicators...
2026-06-21 18:22:45 INFO Data prepared: 17254 candles after warmup drop.
2026-06-21 18:22:45 INFO Clean data: 17254 candles after warmup
2026-06-21 18:22:45 INFO Pre-computing 53 conditions...
2026-06-21 18:22:45 INFO Data preparation complete.
2026-06-21 18:22:45 INFO ============================================================
2026-06-21 18:22:45 INFO Phase 1: Genetic Algorithm (global search -- evolve strategies over generations)
2026-06-21 18:22:45 INFO ============================================================
2026-06-21 18:22:45 INFO GA: Starting | pop=200, time_budget=300s (5.0m), max_gen=200, cx=0.8, mut=0.2, elite=5
2026-06-21 18:22:45 INFO   Score = rr_per_day * drawdown_penalty * low_trades_penalty. Higher = better. Negative or -inf means disqualified.
2026-06-21 18:22:57 INFO GA Gen 0 | Best score: -inf | Avg score: 0.0000 | Pop: 200 | Elapsed: 12s
2026-06-21 18:23:07 INFO GA Gen 1 | Best score: -inf | Avg score: 0.0000 | Tested: 354 | Elapsed: 21s
2026-06-21 18:23:16 INFO GA Gen 2 | Best score: -inf | Avg score: 0.0000 | Tested: 516 | Elapsed: 31s
2026-06-21 18:23:25 INFO GA Gen 3 | Best score: -inf | Avg score: 0.0000 | Tested: 669 | Elapsed: 40s
2026-06-21 18:23:35 INFO GA Gen 4 | Best score: -inf | Avg score: 0.0000 | Tested: 831 | Elapsed: 49s
2026-06-21 18:23:45 INFO GA Gen 5 | Best score: -inf | Avg score: 0.0000 | Tested: 992 | Elapsed: 60s
2026-06-21 18:23:55 INFO GA Gen 6 | Best score: -inf | Avg score: 0.0000 | Tested: 1166 | Elapsed: 70s
2026-06-21 18:24:04 INFO GA Gen 7 | Best score: -inf | Avg score: 0.0000 | Tested: 1320 | Elapsed: 79s
2026-06-21 18:24:14 INFO GA Gen 8 | Best score: -inf | Avg score: 0.0000 | Tested: 1484 | Elapsed: 89s
2026-06-21 18:24:24 INFO GA Gen 9 | Best score: -inf | Avg score: 0.0000 | Tested: 1652 | Elapsed: 99s
2026-06-21 18:24:33 INFO GA Gen 10 | Best score: -inf | Avg score: 0.0000 | Tested: 1817 | Elapsed: 108s
2026-06-21 18:24:44 INFO GA Gen 11 | Best score: -inf | Avg score: 0.0000 | Tested: 1981 | Elapsed: 119s
2026-06-21 18:24:54 INFO GA Gen 12 | Best score: -inf | Avg score: 0.0000 | Tested: 2143 | Elapsed: 129s
2026-06-21 18:25:04 INFO GA Gen 13 | Best score: -inf | Avg score: 0.0000 | Tested: 2307 | Elapsed: 139s
2026-06-21 18:25:33 INFO GA Gen 14 | Best score: -inf | Avg score: 0.0000 | Tested: 2468 | Elapsed: 168s
2026-06-21 18:26:13 INFO GA Gen 15 | Best score: -inf | Avg score: 0.0000 | Tested: 2628 | Elapsed: 208s
2026-06-21 18:26:27 INFO GA Gen 16 | Best score: -inf | Avg score: 0.0000 | Tested: 2803 | Elapsed: 222s
2026-06-21 18:26:44 INFO GA Gen 17 | Best score: -inf | Avg score: 0.0000 | Tested: 2972 | Elapsed: 238s
2026-06-21 18:27:08 INFO GA Gen 18 | Best score: -inf | Avg score: 0.0000 | Tested: 3136 | Elapsed: 263s
2026-06-21 18:27:46 INFO GA Gen 19 | Best score: -inf | Avg score: 0.0000 | Tested: 3310 | Elapsed: 301s
2026-06-21 18:27:46 INFO GA: Time budget exhausted at generation 19. Stopping.
2026-06-21 18:27:46 WARNING GA: No valid strategy found during training.
2026-06-21 18:27:46 INFO 
2026-06-21 18:27:46 INFO [EFFICIENCY] GA phase complete. Analyzing condition efficiency...
2026-06-21 18:27:46 WARNING No valid strategies to analyze.
2026-06-21 18:27:46 INFO [EFFICIENCY] All conditions performing well. No removals.
2026-06-21 18:27:46 INFO 
2026-06-21 18:27:46 INFO ============================================================
2026-06-21 18:27:46 INFO Phase 2: Bayesian Optimization (local refinement -- focus on promising regions)
2026-06-21 18:27:46 INFO ============================================================
2026-06-21 18:27:46 INFO Bayesian: Starting | timeout=298s (5.0m), max_trials=10000, startup=100
2026-06-21 18:27:46 INFO   Each trial generates a strategy with random conditions, threshold, stop-loss, and risk-reward. The TPE model learns which parameter combinations score highest and focuses the search there.
2026-06-21 18:32:45 INFO Bayesian: Manual timeout safety net triggered. Stopping.
2026-06-21 18:32:45 WARNING Bayesian: No valid strategy found.
2026-06-21 18:32:45 WARNING No valid strategy found during training.
2026-06-21 18:32:45 INFO ============================================================
2026-06-21 18:32:45 INFO Training finished.
2026-06-21 18:32:45 INFO 
