2026-06-19 23:55:33 INFO Training log: C:\Users\xfide\documents\crypto.ai\logs\training_2026-06-19_235533.log
2026-06-19 23:55:33 INFO Cleared removed_conditions.json — all 53 conditions available for this run.
2026-06-19 23:55:33 INFO Training started | Method: random | Symbol: BTC/USDT | Timeframe: 15m | Duration: 2 min
2026-06-19 23:55:33 INFO Loading historical data...
2026-06-19 23:55:34 INFO Cache found: 17281 candles up to 2026-06-19 22:15:00+00:00. Fetching from 2026-06-19 22:30:00+00:00.
2026-06-19 23:55:34 INFO Fetching BTC/USDT 15m from 2026-06-19 22:30 to 2026-06-19 22:55
2026-06-19 23:55:40 INFO Fetched 2 new candles in 1 requests.
2026-06-19 23:55:41 INFO Total candles available: 17283
2026-06-19 23:55:41 INFO Raw data: 17283 candles
2026-06-19 23:55:41 INFO Computing indicators...
2026-06-19 23:55:41 INFO Data prepared: 17084 candles after warmup drop.
2026-06-19 23:55:41 INFO Clean data: 17084 candles after warmup
2026-06-19 23:55:41 INFO Pre-computing 53 conditions...
2026-06-19 23:55:41 INFO Data preparation complete.
2026-06-19 23:55:41 INFO ============================================================
2026-06-19 23:55:41 INFO Random Search Mode
2026-06-19 23:55:41 INFO ============================================================
2026-06-19 23:56:13 INFO Random #100 | Best: 0.4485 | Rate: 2.5 strats/s | Remaining: 1.3m
2026-06-19 23:56:43 INFO Random #200 | Best: 1.0123 | Rate: 2.9 strats/s | Remaining: 0.8m
2026-06-19 23:57:05 INFO Random #300 | Best: 1.0123 | Rate: 3.3 strats/s | Remaining: 0.5m
2026-06-19 23:57:34 INFO Strategy saved to C:\Users\xfide\documents\crypto.ai\models\best_strategy.json
2026-06-19 23:57:34 INFO Top 227 strategies saved to C:\Users\xfide\documents\crypto.ai\models\top_strategies.json
2026-06-19 23:57:34 INFO ============================================================
2026-06-19 23:57:34 INFO EFFICIENCY REPORT
2026-06-19 23:57:34 INFO ============================================================
2026-06-19 23:57:34 INFO Strategies analyzed: 227
2026-06-19 23:57:34 INFO Global avg RR/day: 0.1268
2026-06-19 23:57:34 INFO 
2026-06-19 23:57:34 INFO [CRITICAL] CRITICAL ALERTS (auto-removed):
2026-06-19 23:57:34 INFO   'ema_9_gt_21' (LONG) | Used: 55 | Top10%: 2 | Avg RR/day: 0.03 (global: 0.13) | WR: 42% | Eff: 0.21
2026-06-19 23:57:34 INFO   'ema_12_gt_26' (LONG) | Used: 53 | Top10%: 2 | Avg RR/day: 0.02 (global: 0.13) | WR: 43% | Eff: 0.12
2026-06-19 23:57:34 INFO   'ema_20_gt_50' (LONG) | Used: 44 | Top10%: 0 | Avg RR/day: 0.03 (global: 0.13) | WR: 43% | Eff: 0.24
2026-06-19 23:57:34 INFO   'price_gt_sma_50' (LONG) | Used: 44 | Top10%: 2 | Avg RR/day: 0.01 (global: 0.13) | WR: 42% | Eff: 0.11
2026-06-19 23:57:34 INFO   'price_gt_sma_200' (LONG) | Used: 46 | Top10%: 1 | Avg RR/day: 0.01 (global: 0.13) | WR: 42% | Eff: 0.07
2026-06-19 23:57:34 INFO   'macd_gt_signal' (LONG) | Used: 50 | Top10%: 0 | Avg RR/day: -0.00 (global: 0.13) | WR: 42% | Eff: -0.02
2026-06-19 23:57:34 INFO   'macd_hist_gt_0' (LONG) | Used: 46 | Top10%: 1 | Avg RR/day: -0.00 (global: 0.13) | WR: 43% | Eff: -0.03
2026-06-19 23:57:34 INFO   'rsi_14_gt_50' (LONG) | Used: 47 | Top10%: 1 | Avg RR/day: 0.01 (global: 0.13) | WR: 43% | Eff: 0.12
2026-06-19 23:57:34 INFO   'rsi_21_gt_50' (LONG) | Used: 34 | Top10%: 1 | Avg RR/day: 0.02 (global: 0.13) | WR: 42% | Eff: 0.19
2026-06-19 23:57:34 INFO   'stoch_k_gt_20' (LONG) | Used: 55 | Top10%: 3 | Avg RR/day: 0.03 (global: 0.13) | WR: 42% | Eff: 0.25
2026-06-19 23:57:34 INFO   'stoch_k_lt_80' (LONG) | Used: 43 | Top10%: 1 | Avg RR/day: 0.02 (global: 0.13) | WR: 43% | Eff: 0.19
2026-06-19 23:57:34 INFO   'cci_14_gt_-100' (LONG) | Used: 44 | Top10%: 0 | Avg RR/day: -0.01 (global: 0.13) | WR: 42% | Eff: -0.05
2026-06-19 23:57:34 INFO   'cci_14_lt_100' (LONG) | Used: 46 | Top10%: 0 | Avg RR/day: -0.01 (global: 0.13) | WR: 43% | Eff: -0.07
2026-06-19 23:57:34 INFO   'williams_gt_-80' (LONG) | Used: 37 | Top10%: 0 | Avg RR/day: 0.01 (global: 0.13) | WR: 43% | Eff: 0.11
2026-06-19 23:57:34 INFO   'price_lt_bb_lower_20_2' (LONG) | Used: 45 | Top10%: 2 | Avg RR/day: 0.03 (global: 0.13) | WR: 42% | Eff: 0.24
2026-06-19 23:57:34 INFO   'price_lt_bb_lower_20_1_5' (LONG) | Used: 43 | Top10%: 1 | Avg RR/day: 0.03 (global: 0.13) | WR: 43% | Eff: 0.24
2026-06-19 23:57:34 INFO   'price_gt_bb_upper_20_1_5' (LONG) | Used: 50 | Top10%: 2 | Avg RR/day: 0.02 (global: 0.13) | WR: 44% | Eff: 0.19
2026-06-19 23:57:34 INFO 
2026-06-19 23:57:34 INFO [ALERT] ALERTS (consider removing):
2026-06-19 23:57:34 INFO   'sma_20_gt_50' (LONG) | Used: 42 | Top10%: 2 | Avg RR/day: 0.04 (global: 0.13) | WR: 43% | Eff: 0.32
2026-06-19 23:57:34 INFO   'rsi_14_lt_30' (LONG) | Used: 43 | Top10%: 2 | Avg RR/day: 0.05 (global: 0.13) | WR: 43% | Eff: 0.39
2026-06-19 23:57:34 INFO   'rsi_21_lt_30' (LONG) | Used: 49 | Top10%: 3 | Avg RR/day: 0.05 (global: 0.13) | WR: 43% | Eff: 0.36
2026-06-19 23:57:34 INFO   'williams_lt_-20' (LONG) | Used: 51 | Top10%: 4 | Avg RR/day: 0.04 (global: 0.13) | WR: 43% | Eff: 0.35
2026-06-19 23:57:34 INFO   'price_gt_bb_upper_20_2' (LONG) | Used: 43 | Top10%: 2 | Avg RR/day: 0.04 (global: 0.13) | WR: 44% | Eff: 0.32
2026-06-19 23:57:34 INFO 
2026-06-19 23:57:34 INFO [WARNING] WARNINGS (insufficient data):
2026-06-19 23:57:34 INFO   'volume_gt_sma_20_2_0' (SHARED) | Used: 84 | Top10%: 6 | Avg RR/day: 0.08 (global: 0.13) | WR: 45% | Eff: 0.62
2026-06-19 23:57:34 INFO 
2026-06-19 23:57:34 INFO [STRONG] STRONG CONDITIONS:
2026-06-19 23:57:34 INFO   'ema_9_lt_21' (SHORT) | Used: 42 | Top10%: 8 | Avg RR/day: 0.27 (global: 0.13) | WR: 50% | Eff: 2.10
2026-06-19 23:57:34 INFO   'ema_12_lt_26' (SHORT) | Used: 55 | Top10%: 8 | Avg RR/day: 0.22 (global: 0.13) | WR: 47% | Eff: 1.75
2026-06-19 23:57:34 INFO   'ema_20_lt_50' (SHORT) | Used: 54 | Top10%: 7 | Avg RR/day: 0.21 (global: 0.13) | WR: 46% | Eff: 1.69
2026-06-19 23:57:34 INFO   'sma_20_lt_50' (SHORT) | Used: 43 | Top10%: 9 | Avg RR/day: 0.23 (global: 0.13) | WR: 47% | Eff: 1.83
2026-06-19 23:57:34 INFO   'price_lt_sma_50' (SHORT) | Used: 47 | Top10%: 8 | Avg RR/day: 0.27 (global: 0.13) | WR: 49% | Eff: 2.17
2026-06-19 23:57:34 INFO   'price_lt_sma_200' (SHORT) | Used: 53 | Top10%: 10 | Avg RR/day: 0.27 (global: 0.13) | WR: 46% | Eff: 2.13
2026-06-19 23:57:34 INFO   'macd_lt_signal' (SHORT) | Used: 43 | Top10%: 4 | Avg RR/day: 0.18 (global: 0.13) | WR: 46% | Eff: 1.42
2026-06-19 23:57:34 INFO   'macd_hist_lt_0' (SHORT) | Used: 50 | Top10%: 8 | Avg RR/day: 0.24 (global: 0.13) | WR: 49% | Eff: 1.91
2026-06-19 23:57:34 INFO   'rsi_14_lt_50' (SHORT) | Used: 42 | Top10%: 8 | Avg RR/day: 0.31 (global: 0.13) | WR: 49% | Eff: 2.47
2026-06-19 23:57:34 INFO   'rsi_14_gt_70' (SHORT) | Used: 41 | Top10%: 6 | Avg RR/day: 0.25 (global: 0.13) | WR: 51% | Eff: 1.94
2026-06-19 23:57:34 INFO   'rsi_21_lt_50' (SHORT) | Used: 38 | Top10%: 2 | Avg RR/day: 0.18 (global: 0.13) | WR: 44% | Eff: 1.46
2026-06-19 23:57:34 INFO   'rsi_21_gt_70' (SHORT) | Used: 38 | Top10%: 5 | Avg RR/day: 0.24 (global: 0.13) | WR: 49% | Eff: 1.91
2026-06-19 23:57:34 INFO   'stoch_k_gt_80' (SHORT) | Used: 41 | Top10%: 7 | Avg RR/day: 0.24 (global: 0.13) | WR: 48% | Eff: 1.89
2026-06-19 23:57:34 INFO   'stoch_k_lt_20' (SHORT) | Used: 47 | Top10%: 5 | Avg RR/day: 0.19 (global: 0.13) | WR: 48% | Eff: 1.48
2026-06-19 23:57:34 INFO   'cci_14_gt_100' (SHORT) | Used: 46 | Top10%: 5 | Avg RR/day: 0.20 (global: 0.13) | WR: 48% | Eff: 1.56
2026-06-19 23:57:34 INFO   'cci_14_lt_-100' (SHORT) | Used: 43 | Top10%: 5 | Avg RR/day: 0.20 (global: 0.13) | WR: 48% | Eff: 1.60
2026-06-19 23:57:34 INFO   'williams_gt_-20' (SHORT) | Used: 35 | Top10%: 5 | Avg RR/day: 0.23 (global: 0.13) | WR: 48% | Eff: 1.80
2026-06-19 23:57:34 INFO   'williams_lt_-80' (SHORT) | Used: 35 | Top10%: 1 | Avg RR/day: 0.19 (global: 0.13) | WR: 48% | Eff: 1.47
2026-06-19 23:57:34 INFO   'price_gt_bb_upper_20_2_s' (SHORT) | Used: 44 | Top10%: 15 | Avg RR/day: 0.33 (global: 0.13) | WR: 52% | Eff: 2.57
2026-06-19 23:57:34 INFO   'price_lt_bb_lower_20_2_s' (SHORT) | Used: 45 | Top10%: 7 | Avg RR/day: 0.21 (global: 0.13) | WR: 48% | Eff: 1.68
2026-06-19 23:57:34 INFO   'price_gt_bb_upper_20_1_5_s' (SHORT) | Used: 42 | Top10%: 10 | Avg RR/day: 0.29 (global: 0.13) | WR: 50% | Eff: 2.30
2026-06-19 23:57:34 INFO   'price_lt_bb_lower_20_1_5_s' (SHORT) | Used: 52 | Top10%: 7 | Avg RR/day: 0.22 (global: 0.13) | WR: 49% | Eff: 1.76
2026-06-19 23:57:34 INFO   'price_gt_high_20_1_02' (SHARED) | Used: 87 | Top10%: 11 | Avg RR/day: 0.18 (global: 0.13) | WR: 46% | Eff: 1.41
2026-06-19 23:57:34 INFO   'price_lt_low_20_0_98' (SHARED) | Used: 72 | Top10%: 13 | Avg RR/day: 0.18 (global: 0.13) | WR: 48% | Eff: 1.40
2026-06-19 23:57:34 INFO 
2026-06-19 23:57:34 INFO [OK] OK CONDITIONS:
2026-06-19 23:57:34 INFO   'atr_gt_sma_atr_20' (SHARED) | Used: 83 | Top10%: 7 | Avg RR/day: 0.12 (global: 0.13) | WR: 45% | Eff: 0.95
2026-06-19 23:57:34 INFO   'volume_gt_sma_20_1_5' (SHARED) | Used: 83 | Top10%: 10 | Avg RR/day: 0.14 (global: 0.13) | WR: 46% | Eff: 1.09
2026-06-19 23:57:34 INFO   'obv_gt_sma_obv_20' (SHARED) | Used: 96 | Top10%: 10 | Avg RR/day: 0.12 (global: 0.13) | WR: 47% | Eff: 0.97
2026-06-19 23:57:34 INFO   'adx_14_gt_25' (SHARED) | Used: 86 | Top10%: 7 | Avg RR/day: 0.12 (global: 0.13) | WR: 45% | Eff: 0.95
2026-06-19 23:57:34 INFO   'adx_14_gt_30' (SHARED) | Used: 81 | Top10%: 8 | Avg RR/day: 0.12 (global: 0.13) | WR: 44% | Eff: 0.92
2026-06-19 23:57:34 INFO   'adx_14_lt_20' (SHARED) | Used: 98 | Top10%: 8 | Avg RR/day: 0.11 (global: 0.13) | WR: 46% | Eff: 0.86
2026-06-19 23:57:34 INFO 
2026-06-19 23:57:34 INFO Auto-removed 17 conditions: ['ema_9_gt_21', 'ema_12_gt_26', 'ema_20_gt_50', 'price_gt_sma_50', 'price_gt_sma_200', 'macd_gt_signal', 'macd_hist_gt_0', 'rsi_14_gt_50', 'rsi_21_gt_50', 'stoch_k_gt_20', 'stoch_k_lt_80', 'cci_14_gt_-100', 'cci_14_lt_100', 'williams_gt_-80', 'price_lt_bb_lower_20_2', 'price_lt_bb_lower_20_1_5', 'price_gt_bb_upper_20_1_5']
2026-06-19 23:57:34 INFO ============================================================
2026-06-19 23:57:34 INFO Efficiency report saved to C:\Users\xfide\documents\crypto.ai\models\condition_efficiency.json
2026-06-19 23:57:34 INFO [EFFICIENCY] Skipping removal of 'cci_14_gt_-100' — LONG pool would drop below 20
2026-06-19 23:57:34 INFO [EFFICIENCY] Skipping removal of 'cci_14_lt_100' — LONG pool would drop below 20
2026-06-19 23:57:34 INFO [EFFICIENCY] Skipping removal of 'williams_gt_-80' — LONG pool would drop below 20
2026-06-19 23:57:34 INFO [EFFICIENCY] Skipping removal of 'price_lt_bb_lower_20_2' — LONG pool would drop below 20
2026-06-19 23:57:34 INFO [EFFICIENCY] Skipping removal of 'price_lt_bb_lower_20_1_5' — LONG pool would drop below 20
2026-06-19 23:57:34 INFO [EFFICIENCY] Skipping removal of 'price_gt_bb_upper_20_1_5' — LONG pool would drop below 20
2026-06-19 23:57:34 INFO [EFFICIENCY] Condition 'ema_9_gt_21' removed from pool (efficiency < 0.3).
2026-06-19 23:57:34 INFO [EFFICIENCY] Condition 'ema_12_gt_26' removed from pool (efficiency < 0.3).
2026-06-19 23:57:34 INFO [EFFICIENCY] Condition 'ema_20_gt_50' removed from pool (efficiency < 0.3).
2026-06-19 23:57:34 INFO [EFFICIENCY] Condition 'price_gt_sma_50' removed from pool (efficiency < 0.3).
2026-06-19 23:57:34 INFO [EFFICIENCY] Condition 'price_gt_sma_200' removed from pool (efficiency < 0.3).
2026-06-19 23:57:34 INFO [EFFICIENCY] Condition 'macd_gt_signal' removed from pool (efficiency < 0.3).
2026-06-19 23:57:34 INFO [EFFICIENCY] Condition 'macd_hist_gt_0' removed from pool (efficiency < 0.3).
2026-06-19 23:57:34 INFO [EFFICIENCY] Condition 'rsi_14_gt_50' removed from pool (efficiency < 0.3).
2026-06-19 23:57:34 INFO [EFFICIENCY] Condition 'rsi_21_gt_50' removed from pool (efficiency < 0.3).
2026-06-19 23:57:34 INFO [EFFICIENCY] Condition 'stoch_k_gt_20' removed from pool (efficiency < 0.3).
2026-06-19 23:57:34 INFO [EFFICIENCY] Condition 'stoch_k_lt_80' removed from pool (efficiency < 0.3).
2026-06-19 23:57:34 INFO [EFFICIENCY] 6 condition(s) kept due to pool size floor: ['cci_14_gt_-100', 'cci_14_lt_100', 'williams_gt_-80', 'price_lt_bb_lower_20_2', 'price_lt_bb_lower_20_1_5', 'price_gt_bb_upper_20_1_5']
2026-06-19 23:57:34 INFO ============================================================
2026-06-19 23:57:34 INFO Training finished.
2026-06-19 23:57:34 INFO   Best score: 1.0499999999999996
2026-06-19 23:57:34 INFO   Best strategy: strat_b2b19b69
2026-06-19 23:57:34 INFO   Total strategies tested: 381
2026-06-19 23:57:34 INFO   Time elapsed: 120s (2.0m)
2026-06-19 23:57:34 INFO   Average: 3.2 strats/sec
2026-06-19 23:57:34 INFO   Best strategy saved to C:\Users\xfide\documents\crypto.ai\models\best_strategy.json
2026-06-19 23:57:34 INFO ============================================================
