2026-06-24 11:27:05 INFO Training log: C:\Users\xfide\documents\crypto.ai\logs\training\training_2026-06-24_112705.log
2026-06-24 11:27:05 INFO Training started | Method: ga_bayesian | Symbol: BTC/USDT | Timeframe: 15m | Duration: 4 min
2026-06-24 11:27:05 INFO   Objective: Find the strategy with the highest score. Score = rr_per_day x drawdown_penalty x low_trades_penalty.
2026-06-24 11:27:05 INFO   Disqualified if: trades/day < 1.2, win_rate < 35%, max_drawdown > 50%, or avg_trades/day outside 0.5-10.
2026-06-24 11:27:05 INFO Loading historical data...
2026-06-24 11:27:05 INFO Cache found: 34569 candles (2025-06-28 20:00:00+00:00 to 2026-06-23 22:00:00+00:00).
2026-06-24 11:27:05 INFO Fetching newer data: 2026-06-23 22:15:00+00:00 to 2026-06-24 10:27:05.351460+00:00
2026-06-24 11:27:05 INFO Fetching BTC/USDT 15m from 2026-06-23 22:15 to 2026-06-24 10:27
2026-06-24 11:27:10 INFO Fetched 49 new candles in 1 requests.
2026-06-24 11:27:11 INFO Total candles available: 17280
2026-06-24 11:27:11 INFO Raw data: 17280 candles (2025-12-26 to 2026-06-24, 6 months)
2026-06-24 11:27:11 INFO Computing indicators...
2026-06-24 11:27:11 INFO Data prepared: 17081 candles after warmup drop.
2026-06-24 11:27:11 INFO Clean data: 17081 candles after warmup
2026-06-24 11:27:11 INFO Pre-computing 53 conditions...
2026-06-24 11:27:11 INFO Data preparation complete.
2026-06-24 11:27:12 INFO ============================================================
2026-06-24 11:27:12 INFO Phase 1: Genetic Algorithm (global search -- evolve strategies over generations)
2026-06-24 11:27:12 INFO ============================================================
2026-06-24 11:27:12 INFO [COVERAGE] 53 conditions need more evaluations (target: 5 each). Generating seed strategies.
2026-06-24 11:27:12 INFO [COVERAGE] Generated 5 seed strategies for condition coverage.
2026-06-24 11:27:12 INFO GA: Starting | pop=200, time_budget=120s (2.0m), max_gen=200, cx=0.8, mut=0.2, elite=5
2026-06-24 11:27:12 INFO   Score = rr_per_day * drawdown_penalty * low_trades_penalty. Higher = better. Negative or -inf means disqualified.
2026-06-24 11:27:12 INFO GA: Seeded 5 individuals into initial population.
2026-06-24 11:27:47 INFO GA Gen 0 | Best score: 0.9442 | Avg score: 0.2239 | Pop: 200 | Elapsed: 35s
2026-06-24 11:28:14 INFO GA Gen 1 | Best score: 0.9442 | Avg score: 0.3042 | Tested: 359 | Elapsed: 62s
2026-06-24 11:28:43 INFO GA Gen 2 | Best score: 1.0856 | Avg score: 0.3851 | Tested: 528 | Elapsed: 90s [NEW BEST!]
2026-06-24 11:29:12 INFO GA Gen 3 | Best score: 1.0856 | Avg score: 0.4739 | Tested: 699 | Elapsed: 120s
2026-06-24 11:29:39 INFO GA Gen 4 | Best score: 1.0856 | Avg score: 0.5713 | Tested: 859 | Elapsed: 147s
2026-06-24 11:29:39 INFO GA: Time budget exhausted at generation 4. Stopping.
2026-06-24 11:29:39 INFO GA: Finished | Best score: 1.0856 | 4 generations | Elapsed: 147s | Strategies tested: 859 | Speed: 5.9 strats/s | Passing top 10 to Bayesian optimizer.
2026-06-24 11:29:39 INFO 
2026-06-24 11:29:39 INFO [EFFICIENCY] GA phase complete. Analyzing condition efficiency...
2026-06-24 11:29:39 INFO ============================================================
2026-06-24 11:29:39 INFO EFFICIENCY REPORT
2026-06-24 11:29:39 INFO ============================================================
2026-06-24 11:29:39 INFO Strategies analyzed: 590
2026-06-24 11:29:39 INFO Global avg RR/day: 0.3859
2026-06-24 11:29:39 INFO   LONG avg RR/day: 0.3916 (301 weighted contributions)
2026-06-24 11:29:39 INFO   SHORT avg RR/day: 0.3799 (288 weighted contributions)
2026-06-24 11:29:39 INFO 
2026-06-24 11:29:39 INFO [OK] OK CONDITIONS:
2026-06-24 11:29:39 INFO   'ema_9_gt_21' (LONG) | Used: 216 | Top10%: 21 | Avg RR/day: 0.39 (global: 0.39) | WR: 38% | Eff: 1.00
2026-06-24 11:29:39 INFO   'ema_12_gt_26' (LONG) | Used: 202 | Top10%: 21 | Avg RR/day: 0.39 (global: 0.39) | WR: 39% | Eff: 1.00
2026-06-24 11:29:39 INFO   'ema_20_gt_50' (LONG) | Used: 216 | Top10%: 24 | Avg RR/day: 0.40 (global: 0.39) | WR: 38% | Eff: 1.02
2026-06-24 11:29:39 INFO   'sma_20_gt_50' (LONG) | Used: 223 | Top10%: 22 | Avg RR/day: 0.37 (global: 0.39) | WR: 39% | Eff: 0.95
2026-06-24 11:29:39 INFO   'price_gt_sma_50' (LONG) | Used: 254 | Top10%: 41 | Avg RR/day: 0.44 (global: 0.39) | WR: 38% | Eff: 1.13
2026-06-24 11:29:39 INFO   'price_gt_sma_200' (LONG) | Used: 173 | Top10%: 23 | Avg RR/day: 0.42 (global: 0.39) | WR: 38% | Eff: 1.06
2026-06-24 11:29:39 INFO   'macd_gt_signal' (LONG) | Used: 133 | Top10%: 0 | Avg RR/day: 0.31 (global: 0.39) | WR: 39% | Eff: 0.79
2026-06-24 11:29:39 INFO   'macd_hist_gt_0' (LONG) | Used: 147 | Top10%: 10 | Avg RR/day: 0.33 (global: 0.39) | WR: 39% | Eff: 0.85
2026-06-24 11:29:39 INFO   'rsi_14_gt_50' (LONG) | Used: 205 | Top10%: 15 | Avg RR/day: 0.38 (global: 0.39) | WR: 39% | Eff: 0.96
2026-06-24 11:29:39 INFO   'rsi_14_lt_30' (LONG) | Used: 174 | Top10%: 30 | Avg RR/day: 0.43 (global: 0.39) | WR: 38% | Eff: 1.10
2026-06-24 11:29:39 INFO   'rsi_21_gt_50' (LONG) | Used: 203 | Top10%: 28 | Avg RR/day: 0.40 (global: 0.39) | WR: 38% | Eff: 1.02
2026-06-24 11:29:39 INFO   'rsi_21_lt_30' (LONG) | Used: 233 | Top10%: 34 | Avg RR/day: 0.43 (global: 0.39) | WR: 38% | Eff: 1.09
2026-06-24 11:29:39 INFO   'stoch_k_gt_20' (LONG) | Used: 129 | Top10%: 2 | Avg RR/day: 0.29 (global: 0.39) | WR: 39% | Eff: 0.74
2026-06-24 11:29:39 INFO   'stoch_k_lt_80' (LONG) | Used: 211 | Top10%: 25 | Avg RR/day: 0.39 (global: 0.39) | WR: 38% | Eff: 1.00
2026-06-24 11:29:39 INFO   'cci_14_gt_-100' (LONG) | Used: 176 | Top10%: 7 | Avg RR/day: 0.33 (global: 0.39) | WR: 39% | Eff: 0.84
2026-06-24 11:29:39 INFO   'cci_14_lt_100' (LONG) | Used: 210 | Top10%: 23 | Avg RR/day: 0.39 (global: 0.39) | WR: 39% | Eff: 1.00
2026-06-24 11:29:39 INFO   'williams_gt_-80' (LONG) | Used: 216 | Top10%: 25 | Avg RR/day: 0.40 (global: 0.39) | WR: 38% | Eff: 1.01
2026-06-24 11:29:39 INFO   'williams_lt_-20' (LONG) | Used: 170 | Top10%: 10 | Avg RR/day: 0.35 (global: 0.39) | WR: 39% | Eff: 0.90
2026-06-24 11:29:39 INFO   'price_lt_bb_lower_20_2' (LONG) | Used: 246 | Top10%: 35 | Avg RR/day: 0.43 (global: 0.39) | WR: 39% | Eff: 1.11
2026-06-24 11:29:39 INFO   'price_gt_bb_upper_20_2' (LONG) | Used: 212 | Top10%: 20 | Avg RR/day: 0.36 (global: 0.39) | WR: 39% | Eff: 0.92
2026-06-24 11:29:39 INFO   'price_lt_bb_lower_20_1_5' (LONG) | Used: 172 | Top10%: 14 | Avg RR/day: 0.38 (global: 0.39) | WR: 38% | Eff: 0.96
2026-06-24 11:29:39 INFO   'price_gt_bb_upper_20_1_5' (LONG) | Used: 210 | Top10%: 14 | Avg RR/day: 0.37 (global: 0.39) | WR: 38% | Eff: 0.95
2026-06-24 11:29:39 INFO   'ema_9_lt_21' (SHORT) | Used: 248 | Top10%: 33 | Avg RR/day: 0.42 (global: 0.39) | WR: 38% | Eff: 1.10
2026-06-24 11:29:39 INFO   'ema_12_lt_26' (SHORT) | Used: 216 | Top10%: 17 | Avg RR/day: 0.37 (global: 0.39) | WR: 39% | Eff: 0.98
2026-06-24 11:29:39 INFO   'ema_20_lt_50' (SHORT) | Used: 244 | Top10%: 36 | Avg RR/day: 0.43 (global: 0.39) | WR: 38% | Eff: 1.14
2026-06-24 11:29:39 INFO   'sma_20_lt_50' (SHORT) | Used: 195 | Top10%: 23 | Avg RR/day: 0.38 (global: 0.39) | WR: 39% | Eff: 0.99
2026-06-24 11:29:39 INFO   'price_lt_sma_50' (SHORT) | Used: 257 | Top10%: 26 | Avg RR/day: 0.40 (global: 0.39) | WR: 38% | Eff: 1.06
2026-06-24 11:29:39 INFO   'price_lt_sma_200' (SHORT) | Used: 242 | Top10%: 34 | Avg RR/day: 0.44 (global: 0.39) | WR: 39% | Eff: 1.17
2026-06-24 11:29:39 INFO   'macd_lt_signal' (SHORT) | Used: 234 | Top10%: 29 | Avg RR/day: 0.40 (global: 0.39) | WR: 38% | Eff: 1.05
2026-06-24 11:29:39 INFO   'macd_hist_lt_0' (SHORT) | Used: 202 | Top10%: 28 | Avg RR/day: 0.39 (global: 0.39) | WR: 38% | Eff: 1.03
2026-06-24 11:29:39 INFO   'rsi_14_lt_50' (SHORT) | Used: 199 | Top10%: 21 | Avg RR/day: 0.40 (global: 0.39) | WR: 38% | Eff: 1.06
2026-06-24 11:29:39 INFO   'rsi_14_gt_70' (SHORT) | Used: 123 | Top10%: 18 | Avg RR/day: 0.40 (global: 0.39) | WR: 38% | Eff: 1.05
2026-06-24 11:29:39 INFO   'rsi_21_lt_50' (SHORT) | Used: 222 | Top10%: 21 | Avg RR/day: 0.40 (global: 0.39) | WR: 39% | Eff: 1.05
2026-06-24 11:29:39 INFO   'rsi_21_gt_70' (SHORT) | Used: 118 | Top10%: 2 | Avg RR/day: 0.28 (global: 0.39) | WR: 39% | Eff: 0.73
2026-06-24 11:29:39 INFO   'stoch_k_gt_80' (SHORT) | Used: 174 | Top10%: 16 | Avg RR/day: 0.33 (global: 0.39) | WR: 38% | Eff: 0.86
2026-06-24 11:29:39 INFO   'stoch_k_lt_20' (SHORT) | Used: 124 | Top10%: 1 | Avg RR/day: 0.28 (global: 0.39) | WR: 39% | Eff: 0.74
2026-06-24 11:29:39 INFO   'cci_14_gt_100' (SHORT) | Used: 159 | Top10%: 21 | Avg RR/day: 0.38 (global: 0.39) | WR: 39% | Eff: 0.99
2026-06-24 11:29:39 INFO   'cci_14_lt_-100' (SHORT) | Used: 225 | Top10%: 30 | Avg RR/day: 0.38 (global: 0.39) | WR: 39% | Eff: 1.00
2026-06-24 11:29:39 INFO   'williams_gt_-20' (SHORT) | Used: 145 | Top10%: 6 | Avg RR/day: 0.32 (global: 0.39) | WR: 39% | Eff: 0.84
2026-06-24 11:29:39 INFO   'williams_lt_-80' (SHORT) | Used: 178 | Top10%: 12 | Avg RR/day: 0.35 (global: 0.39) | WR: 39% | Eff: 0.91
2026-06-24 11:29:39 INFO   'price_gt_bb_upper_20_2_s' (SHORT) | Used: 109 | Top10%: 10 | Avg RR/day: 0.34 (global: 0.39) | WR: 39% | Eff: 0.90
2026-06-24 11:29:39 INFO   'price_lt_bb_lower_20_2_s' (SHORT) | Used: 193 | Top10%: 19 | Avg RR/day: 0.39 (global: 0.39) | WR: 39% | Eff: 1.02
2026-06-24 11:29:39 INFO   'price_gt_bb_upper_20_1_5_s' (SHORT) | Used: 171 | Top10%: 3 | Avg RR/day: 0.30 (global: 0.39) | WR: 39% | Eff: 0.78
2026-06-24 11:29:39 INFO   'price_lt_bb_lower_20_1_5_s' (SHORT) | Used: 201 | Top10%: 17 | Avg RR/day: 0.35 (global: 0.39) | WR: 38% | Eff: 0.91
2026-06-24 11:29:39 INFO   'atr_gt_sma_atr_20' (SHARED) | Used: 400 | Top10%: 37 | Avg RR/day: 0.40 (global: 0.39) | WR: 38% | Eff: 1.04
2026-06-24 11:29:39 INFO   'volume_gt_sma_20_1_5' (SHARED) | Used: 462 | Top10%: 38 | Avg RR/day: 0.39 (global: 0.39) | WR: 38% | Eff: 1.01
2026-06-24 11:29:39 INFO   'volume_gt_sma_20_2_0' (SHARED) | Used: 405 | Top10%: 44 | Avg RR/day: 0.41 (global: 0.39) | WR: 38% | Eff: 1.07
2026-06-24 11:29:39 INFO   'obv_gt_sma_obv_20' (SHARED) | Used: 398 | Top10%: 39 | Avg RR/day: 0.40 (global: 0.39) | WR: 38% | Eff: 1.04
2026-06-24 11:29:39 INFO   'adx_14_gt_25' (SHARED) | Used: 334 | Top10%: 15 | Avg RR/day: 0.36 (global: 0.39) | WR: 38% | Eff: 0.92
2026-06-24 11:29:39 INFO   'adx_14_gt_30' (SHARED) | Used: 360 | Top10%: 20 | Avg RR/day: 0.38 (global: 0.39) | WR: 39% | Eff: 0.99
2026-06-24 11:29:39 INFO   'adx_14_lt_20' (SHARED) | Used: 359 | Top10%: 46 | Avg RR/day: 0.42 (global: 0.39) | WR: 38% | Eff: 1.09
2026-06-24 11:29:39 INFO   'price_gt_high_20_1_02' (SHARED) | Used: 408 | Top10%: 46 | Avg RR/day: 0.42 (global: 0.39) | WR: 38% | Eff: 1.08
2026-06-24 11:29:39 INFO   'price_lt_low_20_0_98' (SHARED) | Used: 354 | Top10%: 24 | Avg RR/day: 0.40 (global: 0.39) | WR: 38% | Eff: 1.03
2026-06-24 11:29:39 INFO 
2026-06-24 11:29:39 INFO ============================================================
2026-06-24 11:29:39 INFO Efficiency report saved to C:\Users\xfide\documents\crypto.ai\models\condition_efficiency.json
2026-06-24 11:29:39 INFO [EFFICIENCY] All conditions performing well. No removals.
2026-06-24 11:29:39 INFO 
2026-06-24 11:29:39 INFO ============================================================
2026-06-24 11:29:39 INFO Phase 2: Bayesian Optimization (local refinement -- focus on promising regions)
2026-06-24 11:29:39 INFO ============================================================
2026-06-24 11:29:39 INFO Bayesian: Starting | timeout=86s (1.4m), max_trials=10000, startup=20
2026-06-24 11:29:39 INFO Bayesian: Using 10 GA seed strategies as bases. TPE optimizes threshold, SL ATR mult, and RR. Conditions are lightly mutated (0-2 swaps per trial).
2026-06-24 11:29:39 INFO Bayesian: Enqueued 10 seed trials.
2026-06-24 11:31:05 INFO Bayesian: Manual timeout safety net triggered. Stopping.
2026-06-24 11:31:05 INFO Bayesian: Finished | Best score: 1.9371 | 517 trials | Elapsed: 86s | Speed: 6.0 trials/s
2026-06-24 11:31:05 INFO   Score = rr_per_day * drawdown_penalty * low_trades_penalty. Higher = better.
2026-06-24 11:31:05 INFO Saving new best strategy (score: 1.9371)
2026-06-24 11:31:05 INFO Strategy saved to C:\Users\xfide\documents\crypto.ai\models\best_strategy.json
2026-06-24 11:31:05 INFO Top 500 strategies saved to C:\Users\xfide\documents\crypto.ai\models\top_strategies.json
2026-06-24 11:31:05 INFO ============================================================
2026-06-24 11:31:05 INFO Training finished.
2026-06-24 11:31:05 INFO 
2026-06-24 11:31:05 INFO   Best score:          1.9371
2026-06-24 11:31:05 INFO   Best strategy:       strat_0f9c0981 (LONG:6 SHORT:2 SHARED(bonus):8 weight:0.1236)
2026-06-24 11:31:05 INFO     Win rate:          36.9%
2026-06-24 11:31:05 INFO     RR/day:            1.9371
2026-06-24 11:31:05 INFO     Max drawdown:      3.7%
2026-06-24 11:31:05 INFO     Valid trades:      842
2026-06-24 11:31:05 INFO 
2026-06-24 11:31:05 INFO   Total strategies tested: 1376
2026-06-24 11:31:05 INFO   Time elapsed:        240s (4.0m)
2026-06-24 11:31:05 INFO   Average:             5.7 strats/sec
2026-06-24 11:31:05 INFO   New best strategy saved to C:\Users\xfide\documents\crypto.ai\models\best_strategy.json
2026-06-24 11:31:05 INFO 
2026-06-24 11:31:05 INFO   Next steps:
2026-06-24 11:31:05 INFO     1. Review efficiency report above -- which conditions helped/hurt
2026-06-24 11:31:05 INFO     2. Run validation: python validation.py --symbol BTC/USDT
2026-06-24 11:31:05 INFO     3. If validation passes, go live: python live_signal.py
2026-06-24 11:31:05 INFO ============================================================
