2026-06-20 12:30:00 INFO Training log: C:\Users\xfide\documents\crypto.ai\logs\training_2026-06-20_123000.log
2026-06-20 12:30:00 INFO Cleared removed_conditions.json -- all 53 conditions available for this run.
2026-06-20 12:30:00 INFO Training started | Method: ga_bayesian | Symbol: BTC/USDT | Timeframe: 15m | Duration: 5 min
2026-06-20 12:30:00 INFO   Objective: Find the strategy with the highest score. Score = rr_per_day x drawdown_penalty x low_trades_penalty.
2026-06-20 12:30:00 INFO   Disqualified if: win_rate < 35%, max_drawdown > 50%, or avg_trades/day outside 0.5-10.
2026-06-20 12:30:00 INFO Loading historical data...
2026-06-20 12:30:00 INFO Cache found: 17333 candles up to 2026-06-20 11:15:00+00:00. Fetching from 2026-06-20 11:30:00+00:00.
2026-06-20 12:30:00 INFO Fetching BTC/USDT 15m from 2026-06-20 11:30 to 2026-06-20 11:30
2026-06-20 12:30:05 INFO Fetched 1 new candles in 1 requests.
2026-06-20 12:30:05 INFO Total candles available: 17334
2026-06-20 12:30:05 INFO Raw data: 17334 candles
2026-06-20 12:30:05 INFO Computing indicators...
2026-06-20 12:30:05 INFO Data prepared: 17135 candles after warmup drop.
2026-06-20 12:30:05 INFO Clean data: 17135 candles after warmup
2026-06-20 12:30:05 INFO Pre-computing 53 conditions...
2026-06-20 12:30:05 INFO Data preparation complete.
2026-06-20 12:30:06 INFO ============================================================
2026-06-20 12:30:06 INFO Phase 1: Genetic Algorithm (global search -- evolve strategies over generations)
2026-06-20 12:30:06 INFO ============================================================
2026-06-20 12:30:06 INFO GA: Starting | pop=200, gen=30, cx=0.8, mut=0.2, elite=5
2026-06-20 12:30:06 INFO   Score = rr_per_day * drawdown_penalty * low_trades_penalty. Higher = better. Negative or -inf means disqualified.
2026-06-20 12:30:38 INFO GA Gen 0/30 | Best score: 0.7000 | Avg score: 0.0723 | Pop: 200
2026-06-20 12:31:20 INFO GA Gen 1/30 | Best score: 0.7000 | Avg score: 0.0927 | Tested: 367
2026-06-20 12:31:53 INFO GA Gen 2/30 | Best score: 1.3400 | Avg score: 0.1318 | Tested: 518 [NEW BEST!]
2026-06-20 12:32:27 INFO GA Gen 3/30 | Best score: 1.3400 | Avg score: 0.1492 | Tested: 679
2026-06-20 12:32:57 INFO GA Gen 4/30 | Best score: 1.3400 | Avg score: 0.1707 | Tested: 844
2026-06-20 12:33:33 INFO GA Gen 5/30 | Best score: 1.3400 | Avg score: 0.2102 | Tested: 1004
2026-06-20 12:34:09 INFO GA Gen 6/30 | Best score: 1.3400 | Avg score: 0.1820 | Tested: 1178
2026-06-20 12:34:45 INFO GA Gen 7/30 | Best score: 1.3400 | Avg score: 0.2031 | Tested: 1344
2026-06-20 12:35:20 INFO GA Gen 8/30 | Best score: 1.3400 | Avg score: 0.2690 | Tested: 1497
2026-06-20 12:35:56 INFO GA Gen 9/30 | Best score: 1.3600 | Avg score: 0.3591 | Tested: 1660 [NEW BEST!]
2026-06-20 12:36:30 INFO GA Gen 10/30 | Best score: 1.5900 | Avg score: 0.3859 | Tested: 1827 [NEW BEST!]
2026-06-20 12:37:04 INFO GA Gen 11/30 | Best score: 1.5900 | Avg score: 0.5564 | Tested: 1999 [NEW BEST!]
2026-06-20 12:37:14 INFO GA Gen 12/30 | Best score: 1.5900 | Avg score: 0.9068 | Tested: 2151
2026-06-20 12:37:40 INFO GA Gen 13/30 | Best score: 1.6550 | Avg score: 1.1669 | Tested: 2316 [NEW BEST!]
2026-06-20 12:38:22 INFO GA Gen 14/30 | Best score: 1.8400 | Avg score: 1.3648 | Tested: 2493 [NEW BEST!]
2026-06-20 12:38:53 INFO GA Gen 15/30 | Best score: 1.8400 | Avg score: 1.4831 | Tested: 2649
2026-06-20 12:39:25 INFO GA Gen 16/30 | Best score: 1.9650 | Avg score: 1.5562 | Tested: 2805 [NEW BEST!]
2026-06-20 12:39:54 INFO GA Gen 17/30 | Best score: 1.9650 | Avg score: 1.6139 | Tested: 2966
2026-06-20 12:40:22 INFO GA Gen 18/30 | Best score: 2.0900 | Avg score: 1.6639 | Tested: 3133 [NEW BEST!]
2026-06-20 12:40:54 INFO GA Gen 19/30 | Best score: 2.1150 | Avg score: 1.7114 | Tested: 3304 [NEW BEST!]
2026-06-20 12:41:19 INFO GA Gen 20/30 | Best score: 2.1150 | Avg score: 1.8236 | Tested: 3461
2026-06-20 12:41:49 INFO GA Gen 21/30 | Best score: 2.3100 | Avg score: 1.8531 | Tested: 3630 [NEW BEST!]
2026-06-20 12:42:17 INFO GA Gen 22/30 | Best score: 2.3100 | Avg score: 1.8544 | Tested: 3801
2026-06-20 12:42:41 INFO GA Gen 23/30 | Best score: 2.3100 | Avg score: 1.9793 | Tested: 3952
2026-06-20 12:43:13 INFO GA Gen 24/30 | Best score: 2.4750 | Avg score: 2.0522 | Tested: 4118 [NEW BEST!]
2026-06-20 12:43:39 INFO GA Gen 25/30 | Best score: 2.5000 | Avg score: 2.1367 | Tested: 4265 [NEW BEST!]
2026-06-20 12:44:07 INFO GA Gen 26/30 | Best score: 2.5000 | Avg score: 2.1340 | Tested: 4434 [NEW BEST!]
2026-06-20 12:44:33 INFO GA Gen 27/30 | Best score: 2.5000 | Avg score: 2.2537 | Tested: 4597
2026-06-20 12:44:59 INFO GA Gen 28/30 | Best score: 2.5000 | Avg score: 2.2816 | Tested: 4755
2026-06-20 12:45:26 INFO GA Gen 29/30 | Best score: 2.5000 | Avg score: 2.3168 | Tested: 4911
2026-06-20 12:45:52 INFO GA Gen 30/30 | Best score: 2.5000 | Avg score: 2.2910 | Tested: 5060
2026-06-20 12:45:52 INFO GA: Finished | Best score: 2.5000 | Total strategies tested: 5060 | Passing top 10 to Bayesian optimizer.
2026-06-20 12:45:52 INFO GA Phase complete | Elapsed: 946s | Best score: 2.5000 | Strategies tested: 5060
2026-06-20 12:45:52 INFO No time remaining for Bayesian optimization. Skipping.
2026-06-20 12:45:52 INFO Strategy saved to C:\Users\xfide\documents\crypto.ai\models\best_strategy.json
2026-06-20 12:45:52 INFO Top 500 strategies saved to C:\Users\xfide\documents\crypto.ai\models\top_strategies.json
2026-06-20 12:45:52 INFO ============================================================
2026-06-20 12:45:52 INFO EFFICIENCY REPORT
2026-06-20 12:45:52 INFO ============================================================
2026-06-20 12:45:52 INFO Strategies analyzed: 4512
2026-06-20 12:45:52 INFO Global avg RR/day: 2.4301
2026-06-20 12:45:52 INFO 
2026-06-20 12:45:52 INFO [CRITICAL] CRITICAL ALERTS (auto-removed):
2026-06-20 12:45:52 INFO   'ema_9_gt_21' (LONG) | Used: 145 | Top10%: 0 | Avg RR/day: 0.14 (global: 2.43) | WR: 47% | Eff: 0.06
2026-06-20 12:45:52 INFO   'ema_12_gt_26' (LONG) | Used: 77 | Top10%: 0 | Avg RR/day: 0.04 (global: 2.43) | WR: 42% | Eff: 0.02
2026-06-20 12:45:52 INFO   'ema_20_gt_50' (LONG) | Used: 91 | Top10%: 0 | Avg RR/day: 0.05 (global: 2.43) | WR: 44% | Eff: 0.02
2026-06-20 12:45:52 INFO   'sma_20_gt_50' (LONG) | Used: 75 | Top10%: 0 | Avg RR/day: 0.08 (global: 2.43) | WR: 45% | Eff: 0.03
2026-06-20 12:45:52 INFO   'price_gt_sma_50' (LONG) | Used: 101 | Top10%: 0 | Avg RR/day: 0.07 (global: 2.43) | WR: 44% | Eff: 0.03
2026-06-20 12:45:52 INFO   'price_gt_sma_200' (LONG) | Used: 73 | Top10%: 0 | Avg RR/day: 0.06 (global: 2.43) | WR: 43% | Eff: 0.02
2026-06-20 12:45:52 INFO   'macd_gt_signal' (LONG) | Used: 103 | Top10%: 0 | Avg RR/day: 0.06 (global: 2.43) | WR: 44% | Eff: 0.03
2026-06-20 12:45:52 INFO   'macd_hist_gt_0' (LONG) | Used: 64 | Top10%: 0 | Avg RR/day: 0.03 (global: 2.43) | WR: 43% | Eff: 0.01
2026-06-20 12:45:52 INFO   'rsi_14_gt_50' (LONG) | Used: 120 | Top10%: 0 | Avg RR/day: 0.11 (global: 2.43) | WR: 44% | Eff: 0.04
2026-06-20 12:45:52 INFO   'rsi_14_lt_30' (LONG) | Used: 122 | Top10%: 0 | Avg RR/day: 0.08 (global: 2.43) | WR: 43% | Eff: 0.03
2026-06-20 12:45:52 INFO   'rsi_21_gt_50' (LONG) | Used: 106 | Top10%: 0 | Avg RR/day: 0.06 (global: 2.43) | WR: 43% | Eff: 0.03
2026-06-20 12:45:52 INFO   'rsi_21_lt_30' (LONG) | Used: 82 | Top10%: 0 | Avg RR/day: 0.05 (global: 2.43) | WR: 45% | Eff: 0.02
2026-06-20 12:45:52 INFO   'stoch_k_gt_20' (LONG) | Used: 102 | Top10%: 0 | Avg RR/day: 0.10 (global: 2.43) | WR: 45% | Eff: 0.04
2026-06-20 12:45:52 INFO   'stoch_k_lt_80' (LONG) | Used: 100 | Top10%: 0 | Avg RR/day: 0.08 (global: 2.43) | WR: 45% | Eff: 0.03
2026-06-20 12:45:52 INFO   'cci_14_gt_-100' (LONG) | Used: 152 | Top10%: 0 | Avg RR/day: 0.12 (global: 2.43) | WR: 45% | Eff: 0.05
2026-06-20 12:45:52 INFO   'cci_14_lt_100' (LONG) | Used: 78 | Top10%: 0 | Avg RR/day: 0.08 (global: 2.43) | WR: 43% | Eff: 0.03
2026-06-20 12:45:52 INFO   'williams_gt_-80' (LONG) | Used: 119 | Top10%: 0 | Avg RR/day: 0.10 (global: 2.43) | WR: 44% | Eff: 0.04
2026-06-20 12:45:52 INFO   'williams_lt_-20' (LONG) | Used: 114 | Top10%: 0 | Avg RR/day: 0.12 (global: 2.43) | WR: 45% | Eff: 0.05
2026-06-20 12:45:52 INFO   'price_lt_bb_lower_20_2' (LONG) | Used: 65 | Top10%: 0 | Avg RR/day: 0.07 (global: 2.43) | WR: 45% | Eff: 0.03
2026-06-20 12:45:52 INFO   'price_gt_bb_upper_20_2' (LONG) | Used: 97 | Top10%: 0 | Avg RR/day: 0.05 (global: 2.43) | WR: 44% | Eff: 0.02
2026-06-20 12:45:52 INFO   'price_lt_bb_lower_20_1_5' (LONG) | Used: 97 | Top10%: 0 | Avg RR/day: 0.07 (global: 2.43) | WR: 44% | Eff: 0.03
2026-06-20 12:45:52 INFO   'price_gt_bb_upper_20_1_5' (LONG) | Used: 254 | Top10%: 0 | Avg RR/day: 0.50 (global: 2.43) | WR: 53% | Eff: 0.21
2026-06-20 12:45:52 INFO   'ema_9_lt_21' (SHORT) | Used: 372 | Top10%: 0 | Avg RR/day: 0.27 (global: 2.43) | WR: 48% | Eff: 0.11
2026-06-20 12:45:52 INFO   'ema_12_lt_26' (SHORT) | Used: 509 | Top10%: 0 | Avg RR/day: 0.33 (global: 2.43) | WR: 48% | Eff: 0.14
2026-06-20 12:45:52 INFO   'ema_20_lt_50' (SHORT) | Used: 376 | Top10%: 0 | Avg RR/day: 0.23 (global: 2.43) | WR: 47% | Eff: 0.10
2026-06-20 12:45:52 INFO   'price_lt_sma_50' (SHORT) | Used: 324 | Top10%: 0 | Avg RR/day: 0.24 (global: 2.43) | WR: 46% | Eff: 0.10
2026-06-20 12:45:52 INFO   'price_lt_sma_200' (SHORT) | Used: 503 | Top10%: 0 | Avg RR/day: 0.45 (global: 2.43) | WR: 51% | Eff: 0.19
2026-06-20 12:45:52 INFO   'macd_hist_lt_0' (SHORT) | Used: 226 | Top10%: 0 | Avg RR/day: 0.21 (global: 2.43) | WR: 45% | Eff: 0.09
2026-06-20 12:45:52 INFO   'rsi_14_lt_50' (SHORT) | Used: 344 | Top10%: 0 | Avg RR/day: 0.55 (global: 2.43) | WR: 54% | Eff: 0.23
2026-06-20 12:45:52 INFO   'rsi_14_gt_70' (SHORT) | Used: 535 | Top10%: 0 | Avg RR/day: 0.28 (global: 2.43) | WR: 49% | Eff: 0.11
2026-06-20 12:45:52 INFO   'rsi_21_lt_50' (SHORT) | Used: 461 | Top10%: 0 | Avg RR/day: 0.32 (global: 2.43) | WR: 49% | Eff: 0.13
2026-06-20 12:45:52 INFO   'cci_14_lt_-100' (SHORT) | Used: 445 | Top10%: 0 | Avg RR/day: 0.24 (global: 2.43) | WR: 47% | Eff: 0.10
2026-06-20 12:45:52 INFO   'williams_gt_-20' (SHORT) | Used: 443 | Top10%: 12 | Avg RR/day: 0.40 (global: 2.43) | WR: 50% | Eff: 0.16
2026-06-20 12:45:52 INFO   'price_gt_bb_upper_20_2_s' (SHORT) | Used: 462 | Top10%: 1 | Avg RR/day: 0.41 (global: 2.43) | WR: 51% | Eff: 0.17
2026-06-20 12:45:52 INFO   'price_lt_bb_lower_20_2_s' (SHORT) | Used: 422 | Top10%: 0 | Avg RR/day: 0.25 (global: 2.43) | WR: 48% | Eff: 0.10
2026-06-20 12:45:52 INFO   'price_gt_bb_upper_20_1_5_s' (SHORT) | Used: 431 | Top10%: 1 | Avg RR/day: 0.30 (global: 2.43) | WR: 49% | Eff: 0.12
2026-06-20 12:45:52 INFO   'atr_gt_sma_atr_20' (SHARED) | Used: 456 | Top10%: 0 | Avg RR/day: 0.20 (global: 2.43) | WR: 46% | Eff: 0.08
2026-06-20 12:45:52 INFO   'volume_gt_sma_20_2_0' (SHARED) | Used: 517 | Top10%: 0 | Avg RR/day: 0.25 (global: 2.43) | WR: 48% | Eff: 0.10
2026-06-20 12:45:52 INFO   'adx_14_gt_30' (SHARED) | Used: 497 | Top10%: 1 | Avg RR/day: 0.26 (global: 2.43) | WR: 47% | Eff: 0.11
2026-06-20 12:45:52 INFO   'adx_14_lt_20' (SHARED) | Used: 567 | Top10%: 0 | Avg RR/day: 0.28 (global: 2.43) | WR: 49% | Eff: 0.11
2026-06-20 12:45:52 INFO   'price_lt_low_20_0_98' (SHARED) | Used: 426 | Top10%: 0 | Avg RR/day: 0.27 (global: 2.43) | WR: 49% | Eff: 0.11
2026-06-20 12:45:52 INFO 
2026-06-20 12:45:52 INFO [OK] OK CONDITIONS:
2026-06-20 12:45:52 INFO   'sma_20_lt_50' (SHORT) | Used: 3687 | Top10%: 450 | Avg RR/day: 2.91 (global: 2.43) | WR: 85% | Eff: 1.20
2026-06-20 12:45:52 INFO   'macd_lt_signal' (SHORT) | Used: 3619 | Top10%: 451 | Avg RR/day: 2.96 (global: 2.43) | WR: 86% | Eff: 1.22
2026-06-20 12:45:52 INFO   'rsi_21_gt_70' (SHORT) | Used: 3487 | Top10%: 450 | Avg RR/day: 3.07 (global: 2.43) | WR: 88% | Eff: 1.26
2026-06-20 12:45:52 INFO   'stoch_k_gt_80' (SHORT) | Used: 3608 | Top10%: 439 | Avg RR/day: 2.96 (global: 2.43) | WR: 86% | Eff: 1.22
2026-06-20 12:45:52 INFO   'stoch_k_lt_20' (SHORT) | Used: 3591 | Top10%: 451 | Avg RR/day: 2.98 (global: 2.43) | WR: 86% | Eff: 1.23
2026-06-20 12:45:52 INFO   'cci_14_gt_100' (SHORT) | Used: 3456 | Top10%: 450 | Avg RR/day: 3.09 (global: 2.43) | WR: 88% | Eff: 1.27
2026-06-20 12:45:52 INFO   'williams_lt_-80' (SHORT) | Used: 3729 | Top10%: 451 | Avg RR/day: 2.87 (global: 2.43) | WR: 85% | Eff: 1.18
2026-06-20 12:45:52 INFO   'price_lt_bb_lower_20_1_5_s' (SHORT) | Used: 3585 | Top10%: 451 | Avg RR/day: 3.00 (global: 2.43) | WR: 87% | Eff: 1.23
2026-06-20 12:45:52 INFO   'volume_gt_sma_20_1_5' (SHARED) | Used: 3691 | Top10%: 451 | Avg RR/day: 2.91 (global: 2.43) | WR: 86% | Eff: 1.20
2026-06-20 12:45:52 INFO   'obv_gt_sma_obv_20' (SHARED) | Used: 3749 | Top10%: 451 | Avg RR/day: 2.86 (global: 2.43) | WR: 85% | Eff: 1.18
2026-06-20 12:45:52 INFO   'adx_14_gt_25' (SHARED) | Used: 3555 | Top10%: 451 | Avg RR/day: 2.99 (global: 2.43) | WR: 86% | Eff: 1.23
2026-06-20 12:45:52 INFO   'price_gt_high_20_1_02' (SHARED) | Used: 3735 | Top10%: 451 | Avg RR/day: 2.90 (global: 2.43) | WR: 86% | Eff: 1.19
2026-06-20 12:45:52 INFO 
2026-06-20 12:45:52 INFO Auto-removed 41 conditions: ['ema_9_gt_21', 'ema_12_gt_26', 'ema_20_gt_50', 'sma_20_gt_50', 'price_gt_sma_50', 'price_gt_sma_200', 'macd_gt_signal', 'macd_hist_gt_0', 'rsi_14_gt_50', 'rsi_14_lt_30', 'rsi_21_gt_50', 'rsi_21_lt_30', 'stoch_k_gt_20', 'stoch_k_lt_80', 'cci_14_gt_-100', 'cci_14_lt_100', 'williams_gt_-80', 'williams_lt_-20', 'price_lt_bb_lower_20_2', 'price_gt_bb_upper_20_2', 'price_lt_bb_lower_20_1_5', 'price_gt_bb_upper_20_1_5', 'ema_9_lt_21', 'ema_12_lt_26', 'ema_20_lt_50', 'price_lt_sma_50', 'price_lt_sma_200', 'macd_hist_lt_0', 'rsi_14_lt_50', 'rsi_14_gt_70', 'rsi_21_lt_50', 'cci_14_lt_-100', 'williams_gt_-20', 'price_gt_bb_upper_20_2_s', 'price_lt_bb_lower_20_2_s', 'price_gt_bb_upper_20_1_5_s', 'atr_gt_sma_atr_20', 'volume_gt_sma_20_2_0', 'adx_14_gt_30', 'adx_14_lt_20', 'price_lt_low_20_0_98']
2026-06-20 12:45:52 INFO ============================================================
2026-06-20 12:45:52 INFO Efficiency report saved to C:\Users\xfide\documents\crypto.ai\models\condition_efficiency.json
2026-06-20 12:45:52 INFO [EFFICIENCY] Skipping removal of 'rsi_21_lt_30' -- LONG pool would drop below 20
2026-06-20 12:45:52 INFO [EFFICIENCY] Skipping removal of 'stoch_k_gt_20' -- LONG pool would drop below 20
2026-06-20 12:45:52 INFO [EFFICIENCY] Skipping removal of 'stoch_k_lt_80' -- LONG pool would drop below 20
2026-06-20 12:45:52 INFO [EFFICIENCY] Skipping removal of 'cci_14_gt_-100' -- LONG pool would drop below 20
2026-06-20 12:45:52 INFO [EFFICIENCY] Skipping removal of 'cci_14_lt_100' -- LONG pool would drop below 20
2026-06-20 12:45:52 INFO [EFFICIENCY] Skipping removal of 'williams_gt_-80' -- LONG pool would drop below 20
2026-06-20 12:45:52 INFO [EFFICIENCY] Skipping removal of 'williams_lt_-20' -- LONG pool would drop below 20
2026-06-20 12:45:52 INFO [EFFICIENCY] Skipping removal of 'price_lt_bb_lower_20_2' -- LONG pool would drop below 20
2026-06-20 12:45:52 INFO [EFFICIENCY] Skipping removal of 'price_gt_bb_upper_20_2' -- LONG pool would drop below 20
2026-06-20 12:45:52 INFO [EFFICIENCY] Skipping removal of 'price_lt_bb_lower_20_1_5' -- LONG pool would drop below 20
2026-06-20 12:45:52 INFO [EFFICIENCY] Skipping removal of 'price_gt_bb_upper_20_1_5' -- LONG pool would drop below 20
2026-06-20 12:45:52 INFO [EFFICIENCY] Skipping removal of 'price_gt_bb_upper_20_2_s' -- SHORT pool would drop below 20
2026-06-20 12:45:52 INFO [EFFICIENCY] Skipping removal of 'price_lt_bb_lower_20_2_s' -- SHORT pool would drop below 20
2026-06-20 12:45:52 INFO [EFFICIENCY] Skipping removal of 'price_gt_bb_upper_20_1_5_s' -- SHORT pool would drop below 20
2026-06-20 12:45:52 INFO [EFFICIENCY] Skipping removal of 'atr_gt_sma_atr_20' -- SHARED condition, pool would drop below 20
2026-06-20 12:45:52 INFO [EFFICIENCY] Skipping removal of 'volume_gt_sma_20_2_0' -- SHARED condition, pool would drop below 20
2026-06-20 12:45:52 INFO [EFFICIENCY] Skipping removal of 'adx_14_gt_30' -- SHARED condition, pool would drop below 20
2026-06-20 12:45:52 INFO [EFFICIENCY] Skipping removal of 'adx_14_lt_20' -- SHARED condition, pool would drop below 20
2026-06-20 12:45:52 INFO [EFFICIENCY] Skipping removal of 'price_lt_low_20_0_98' -- SHARED condition, pool would drop below 20
2026-06-20 12:45:52 INFO [EFFICIENCY] Condition 'ema_9_gt_21' removed from pool (efficiency < 0.3).
2026-06-20 12:45:52 INFO [EFFICIENCY] Condition 'ema_12_gt_26' removed from pool (efficiency < 0.3).
2026-06-20 12:45:52 INFO [EFFICIENCY] Condition 'ema_20_gt_50' removed from pool (efficiency < 0.3).
2026-06-20 12:45:52 INFO [EFFICIENCY] Condition 'sma_20_gt_50' removed from pool (efficiency < 0.3).
2026-06-20 12:45:52 INFO [EFFICIENCY] Condition 'price_gt_sma_50' removed from pool (efficiency < 0.3).
2026-06-20 12:45:52 INFO [EFFICIENCY] Condition 'price_gt_sma_200' removed from pool (efficiency < 0.3).
2026-06-20 12:45:52 INFO [EFFICIENCY] Condition 'macd_gt_signal' removed from pool (efficiency < 0.3).
2026-06-20 12:45:52 INFO [EFFICIENCY] Condition 'macd_hist_gt_0' removed from pool (efficiency < 0.3).
2026-06-20 12:45:52 INFO [EFFICIENCY] Condition 'rsi_14_gt_50' removed from pool (efficiency < 0.3).
2026-06-20 12:45:52 INFO [EFFICIENCY] Condition 'rsi_14_lt_30' removed from pool (efficiency < 0.3).
2026-06-20 12:45:52 INFO [EFFICIENCY] Condition 'rsi_21_gt_50' removed from pool (efficiency < 0.3).
2026-06-20 12:45:52 INFO [EFFICIENCY] Condition 'ema_9_lt_21' removed from pool (efficiency < 0.3).
2026-06-20 12:45:52 INFO [EFFICIENCY] Condition 'ema_12_lt_26' removed from pool (efficiency < 0.3).
2026-06-20 12:45:52 INFO [EFFICIENCY] Condition 'ema_20_lt_50' removed from pool (efficiency < 0.3).
2026-06-20 12:45:52 INFO [EFFICIENCY] Condition 'price_lt_sma_50' removed from pool (efficiency < 0.3).
2026-06-20 12:45:52 INFO [EFFICIENCY] Condition 'price_lt_sma_200' removed from pool (efficiency < 0.3).
2026-06-20 12:45:52 INFO [EFFICIENCY] Condition 'macd_hist_lt_0' removed from pool (efficiency < 0.3).
2026-06-20 12:45:52 INFO [EFFICIENCY] Condition 'rsi_14_lt_50' removed from pool (efficiency < 0.3).
2026-06-20 12:45:52 INFO [EFFICIENCY] Condition 'rsi_14_gt_70' removed from pool (efficiency < 0.3).
2026-06-20 12:45:52 INFO [EFFICIENCY] Condition 'rsi_21_lt_50' removed from pool (efficiency < 0.3).
2026-06-20 12:45:52 INFO [EFFICIENCY] Condition 'cci_14_lt_-100' removed from pool (efficiency < 0.3).
2026-06-20 12:45:52 INFO [EFFICIENCY] Condition 'williams_gt_-20' removed from pool (efficiency < 0.3).
2026-06-20 12:45:52 INFO [EFFICIENCY] 19 condition(s) kept due to pool size floor: ['rsi_21_lt_30', 'stoch_k_gt_20', 'stoch_k_lt_80', 'cci_14_gt_-100', 'cci_14_lt_100', 'williams_gt_-80', 'williams_lt_-20', 'price_lt_bb_lower_20_2', 'price_gt_bb_upper_20_2', 'price_lt_bb_lower_20_1_5', 'price_gt_bb_upper_20_1_5', 'price_gt_bb_upper_20_2_s', 'price_lt_bb_lower_20_2_s', 'price_gt_bb_upper_20_1_5_s', 'atr_gt_sma_atr_20', 'volume_gt_sma_20_2_0', 'adx_14_gt_30', 'adx_14_lt_20', 'price_lt_low_20_0_98']
2026-06-20 12:45:52 INFO ============================================================
2026-06-20 12:45:52 INFO Training finished.
2026-06-20 12:45:52 INFO 
2026-06-20 12:45:52 INFO   Best score:          2.5000
2026-06-20 12:45:52 INFO   Best strategy:       
2026-06-20 12:45:52 INFO 
2026-06-20 12:45:52 INFO   Total strategies tested: 5060
2026-06-20 12:45:52 INFO   Time elapsed:        952s (15.9m)
2026-06-20 12:45:52 INFO   Average:             5.3 strats/sec
2026-06-20 12:45:52 INFO   Best strategy saved to C:\Users\xfide\documents\crypto.ai\models\best_strategy.json
2026-06-20 12:45:52 INFO 
2026-06-20 12:45:52 INFO   Next steps:
2026-06-20 12:45:52 INFO     1. Review efficiency report above -- which conditions helped/hurt
2026-06-20 12:45:52 INFO     2. Run validation: python validation.py --symbol BTC/USDT
2026-06-20 12:45:52 INFO     3. If validation passes, go live: python live_signal.py
2026-06-20 12:45:52 INFO ============================================================
