2026-06-21 17:07:14 INFO Training log: C:\Users\xfide\documents\crypto.ai\logs\training_2026-06-21_170714.log
2026-06-21 17:07:14 INFO Cleared removed_conditions.json -- all 53 conditions available for this run.
2026-06-21 17:07:14 INFO Training started | Method: ga_bayesian | Symbol: BTC/USDT | Timeframe: 15m | Duration: 3 min
2026-06-21 17:07:14 INFO   Objective: Find the strategy with the highest score. Score = rr_per_day x drawdown_penalty x low_trades_penalty.
2026-06-21 17:07:14 INFO   Disqualified if: valid_trades < 10, win_rate < 35%, max_drawdown > 50%, or avg_trades/day outside 0.5-10.
2026-06-21 17:07:14 INFO Loading historical data...
2026-06-21 17:07:14 INFO Cache found: 17447 candles up to 2026-06-21 15:45:00+00:00. Fetching from 2026-06-21 16:00:00+00:00.
2026-06-21 17:07:14 INFO Fetching BTC/USDT 15m from 2026-06-21 16:00 to 2026-06-21 16:07
2026-06-21 17:07:18 INFO Fetched 1 new candles in 1 requests.
2026-06-21 17:07:19 INFO Total candles available: 17448
2026-06-21 17:07:19 INFO Raw data: 17448 candles (2025-12-21 to 2026-06-21, 12 months)
2026-06-21 17:07:19 INFO Computing indicators...
2026-06-21 17:07:19 INFO Data prepared: 17249 candles after warmup drop.
2026-06-21 17:07:19 INFO Clean data: 17249 candles after warmup
2026-06-21 17:07:19 INFO Pre-computing 53 conditions...
2026-06-21 17:07:19 INFO Data preparation complete.
2026-06-21 17:07:19 INFO ============================================================
2026-06-21 17:07:19 INFO Phase 1: Genetic Algorithm (global search -- evolve strategies over generations)
2026-06-21 17:07:19 INFO ============================================================
2026-06-21 17:07:19 INFO GA: Starting | pop=200, time_budget=90s (1.5m), max_gen=200, cx=0.8, mut=0.2, elite=5
2026-06-21 17:07:19 INFO   Score = rr_per_day * drawdown_penalty * low_trades_penalty. Higher = better. Negative or -inf means disqualified.
2026-06-21 17:07:30 INFO GA Gen 0 | Best score: 0.0843 | Avg score: 0.0146 | Pop: 200 | Elapsed: 11s
2026-06-21 17:07:39 INFO GA Gen 1 | Best score: 0.0843 | Avg score: 0.0125 | Tested: 360 | Elapsed: 20s
2026-06-21 17:07:50 INFO GA Gen 2 | Best score: 0.0846 | Avg score: 0.0137 | Tested: 535 | Elapsed: 31s [NEW BEST!]
2026-06-21 17:08:01 INFO GA Gen 3 | Best score: 0.0846 | Avg score: 0.0199 | Tested: 697 | Elapsed: 42s
2026-06-21 17:08:12 INFO GA Gen 4 | Best score: 0.0846 | Avg score: 0.0356 | Tested: 853 | Elapsed: 53s
2026-06-21 17:08:22 INFO GA Gen 5 | Best score: 0.0945 | Avg score: 0.0435 | Tested: 1021 | Elapsed: 63s [NEW BEST!]
2026-06-21 17:08:33 INFO GA Gen 6 | Best score: 0.1042 | Avg score: 0.0504 | Tested: 1188 | Elapsed: 74s [NEW BEST!]
2026-06-21 17:08:44 INFO GA Gen 7 | Best score: 0.1098 | Avg score: 0.0535 | Tested: 1355 | Elapsed: 85s [NEW BEST!]
2026-06-21 17:08:55 INFO GA Gen 8 | Best score: 0.1130 | Avg score: 0.0521 | Tested: 1526 | Elapsed: 97s [NEW BEST!]
2026-06-21 17:08:55 INFO GA: Time budget exhausted at generation 8. Stopping.
2026-06-21 17:08:55 INFO GA: Finished | Best score: 0.1130 | 8 generations | Elapsed: 97s | Strategies tested: 1526 | Speed: 15.8 strats/s | Passing top 10 to Bayesian optimizer.
2026-06-21 17:08:55 INFO 
2026-06-21 17:08:55 INFO [EFFICIENCY] GA phase complete. Analyzing condition efficiency...
2026-06-21 17:08:55 INFO ============================================================
2026-06-21 17:08:55 INFO EFFICIENCY REPORT
2026-06-21 17:08:55 INFO ============================================================
2026-06-21 17:08:55 INFO Strategies analyzed: 713
2026-06-21 17:08:55 INFO Global avg RR/day: 0.0648
2026-06-21 17:08:55 INFO   LONG avg RR/day: -0.0243 (172 strategies)
2026-06-21 17:08:55 INFO   SHORT avg RR/day: 0.0931 (541 strategies)
2026-06-21 17:08:55 INFO 
2026-06-21 17:08:55 INFO [CRITICAL] CRITICAL ALERTS (auto-removed):
2026-06-21 17:08:55 INFO   'ema_12_gt_26' (LONG) | Used: 71 | Top10%: 0 | Avg RR/day: -0.02 (global: 0.06) | WR: 41% | Eff: -0.25
2026-06-21 17:08:55 INFO   'ema_20_gt_50' (LONG) | Used: 71 | Top10%: 1 | Avg RR/day: -0.01 (global: 0.06) | WR: 41% | Eff: -0.09
2026-06-21 17:08:55 INFO   'sma_20_gt_50' (LONG) | Used: 66 | Top10%: 2 | Avg RR/day: 0.01 (global: 0.06) | WR: 40% | Eff: 0.16
2026-06-21 17:08:55 INFO   'price_gt_sma_50' (LONG) | Used: 124 | Top10%: 3 | Avg RR/day: 0.01 (global: 0.06) | WR: 40% | Eff: 0.12
2026-06-21 17:08:55 INFO   'price_gt_sma_200' (LONG) | Used: 102 | Top10%: 0 | Avg RR/day: -0.01 (global: 0.06) | WR: 40% | Eff: -0.11
2026-06-21 17:08:55 INFO   'macd_gt_signal' (LONG) | Used: 118 | Top10%: 4 | Avg RR/day: 0.02 (global: 0.06) | WR: 40% | Eff: 0.28
2026-06-21 17:08:55 INFO   'rsi_14_gt_50' (LONG) | Used: 114 | Top10%: 1 | Avg RR/day: -0.01 (global: 0.06) | WR: 40% | Eff: -0.17
2026-06-21 17:08:55 INFO   'rsi_14_lt_30' (LONG) | Used: 44 | Top10%: 1 | Avg RR/day: 0.00 (global: 0.06) | WR: 40% | Eff: 0.00
2026-06-21 17:08:55 INFO   'rsi_21_gt_50' (LONG) | Used: 91 | Top10%: 2 | Avg RR/day: 0.01 (global: 0.06) | WR: 41% | Eff: 0.18
2026-06-21 17:08:55 INFO   'rsi_21_lt_30' (LONG) | Used: 57 | Top10%: 2 | Avg RR/day: 0.02 (global: 0.06) | WR: 40% | Eff: 0.23
2026-06-21 17:08:55 INFO   'stoch_k_gt_20' (LONG) | Used: 121 | Top10%: 2 | Avg RR/day: -0.01 (global: 0.06) | WR: 40% | Eff: -0.10
2026-06-21 17:08:55 INFO   'stoch_k_lt_80' (LONG) | Used: 125 | Top10%: 3 | Avg RR/day: 0.01 (global: 0.06) | WR: 41% | Eff: 0.15
2026-06-21 17:08:55 INFO   'cci_14_gt_-100' (LONG) | Used: 125 | Top10%: 3 | Avg RR/day: -0.00 (global: 0.06) | WR: 41% | Eff: -0.01
2026-06-21 17:08:55 INFO   'cci_14_lt_100' (LONG) | Used: 86 | Top10%: 3 | Avg RR/day: 0.02 (global: 0.06) | WR: 41% | Eff: 0.29
2026-06-21 17:08:55 INFO   'williams_gt_-80' (LONG) | Used: 98 | Top10%: 1 | Avg RR/day: -0.02 (global: 0.06) | WR: 41% | Eff: -0.34
2026-06-21 17:08:55 INFO   'williams_lt_-20' (LONG) | Used: 87 | Top10%: 2 | Avg RR/day: 0.01 (global: 0.06) | WR: 40% | Eff: 0.15
2026-06-21 17:08:55 INFO   'price_lt_bb_lower_20_2' (LONG) | Used: 34 | Top10%: 0 | Avg RR/day: 0.02 (global: 0.06) | WR: 40% | Eff: 0.24
2026-06-21 17:08:55 INFO   'price_gt_bb_upper_20_2' (LONG) | Used: 57 | Top10%: 1 | Avg RR/day: -0.01 (global: 0.06) | WR: 41% | Eff: -0.14
2026-06-21 17:08:55 INFO   'price_lt_bb_lower_20_1_5' (LONG) | Used: 80 | Top10%: 1 | Avg RR/day: 0.01 (global: 0.06) | WR: 41% | Eff: 0.11
2026-06-21 17:08:55 INFO   'price_gt_bb_upper_20_1_5' (LONG) | Used: 99 | Top10%: 2 | Avg RR/day: 0.01 (global: 0.06) | WR: 41% | Eff: 0.09
2026-06-21 17:08:55 INFO 
2026-06-21 17:08:55 INFO [ALERT] ALERTS (consider removing):
2026-06-21 17:08:55 INFO   'ema_9_gt_21' (LONG) | Used: 154 | Top10%: 9 | Avg RR/day: 0.03 (global: 0.06) | WR: 41% | Eff: 0.49
2026-06-21 17:08:55 INFO   'macd_hist_gt_0' (LONG) | Used: 105 | Top10%: 8 | Avg RR/day: 0.03 (global: 0.06) | WR: 41% | Eff: 0.44
2026-06-21 17:08:55 INFO   'price_lt_bb_lower_20_2_s' (SHORT) | Used: 86 | Top10%: 0 | Avg RR/day: 0.04 (global: 0.06) | WR: 40% | Eff: 0.47
2026-06-21 17:08:55 INFO 
2026-06-21 17:08:55 INFO [WARNING] WARNINGS (insufficient data):
2026-06-21 17:08:55 INFO   'price_lt_bb_lower_20_1_5_s' (SHORT) | Used: 73 | Top10%: 2 | Avg RR/day: 0.06 (global: 0.06) | WR: 39% | Eff: 0.66
2026-06-21 17:08:55 INFO 
2026-06-21 17:08:55 INFO [OK] OK CONDITIONS:
2026-06-21 17:08:55 INFO   'ema_9_lt_21' (SHORT) | Used: 222 | Top10%: 37 | Avg RR/day: 0.09 (global: 0.06) | WR: 39% | Eff: 0.92
2026-06-21 17:08:55 INFO   'ema_12_lt_26' (SHORT) | Used: 271 | Top10%: 51 | Avg RR/day: 0.08 (global: 0.06) | WR: 40% | Eff: 0.90
2026-06-21 17:08:55 INFO   'ema_20_lt_50' (SHORT) | Used: 328 | Top10%: 56 | Avg RR/day: 0.09 (global: 0.06) | WR: 40% | Eff: 1.00
2026-06-21 17:08:55 INFO   'sma_20_lt_50' (SHORT) | Used: 332 | Top10%: 50 | Avg RR/day: 0.09 (global: 0.06) | WR: 40% | Eff: 0.98
2026-06-21 17:08:55 INFO   'price_lt_sma_50' (SHORT) | Used: 323 | Top10%: 39 | Avg RR/day: 0.09 (global: 0.06) | WR: 40% | Eff: 0.96
2026-06-21 17:08:55 INFO   'price_lt_sma_200' (SHORT) | Used: 143 | Top10%: 33 | Avg RR/day: 0.10 (global: 0.06) | WR: 38% | Eff: 1.09
2026-06-21 17:08:55 INFO   'macd_lt_signal' (SHORT) | Used: 189 | Top10%: 23 | Avg RR/day: 0.08 (global: 0.06) | WR: 39% | Eff: 0.85
2026-06-21 17:08:55 INFO   'macd_hist_lt_0' (SHORT) | Used: 201 | Top10%: 31 | Avg RR/day: 0.09 (global: 0.06) | WR: 40% | Eff: 0.93
2026-06-21 17:08:55 INFO   'rsi_14_lt_50' (SHORT) | Used: 358 | Top10%: 52 | Avg RR/day: 0.09 (global: 0.06) | WR: 40% | Eff: 0.99
2026-06-21 17:08:55 INFO   'rsi_14_gt_70' (SHORT) | Used: 218 | Top10%: 34 | Avg RR/day: 0.09 (global: 0.06) | WR: 40% | Eff: 0.94
2026-06-21 17:08:55 INFO   'rsi_21_lt_50' (SHORT) | Used: 336 | Top10%: 48 | Avg RR/day: 0.09 (global: 0.06) | WR: 39% | Eff: 0.94
2026-06-21 17:08:55 INFO   'rsi_21_gt_70' (SHORT) | Used: 192 | Top10%: 37 | Avg RR/day: 0.10 (global: 0.06) | WR: 39% | Eff: 1.09
2026-06-21 17:08:55 INFO   'stoch_k_gt_80' (SHORT) | Used: 206 | Top10%: 48 | Avg RR/day: 0.10 (global: 0.06) | WR: 40% | Eff: 1.06
2026-06-21 17:08:55 INFO   'stoch_k_lt_20' (SHORT) | Used: 218 | Top10%: 25 | Avg RR/day: 0.09 (global: 0.06) | WR: 39% | Eff: 0.93
2026-06-21 17:08:55 INFO   'cci_14_gt_100' (SHORT) | Used: 197 | Top10%: 37 | Avg RR/day: 0.09 (global: 0.06) | WR: 41% | Eff: 0.94
2026-06-21 17:08:55 INFO   'cci_14_lt_-100' (SHORT) | Used: 210 | Top10%: 21 | Avg RR/day: 0.08 (global: 0.06) | WR: 39% | Eff: 0.88
2026-06-21 17:08:55 INFO   'williams_gt_-20' (SHORT) | Used: 203 | Top10%: 37 | Avg RR/day: 0.09 (global: 0.06) | WR: 40% | Eff: 0.96
2026-06-21 17:08:55 INFO   'williams_lt_-80' (SHORT) | Used: 273 | Top10%: 51 | Avg RR/day: 0.09 (global: 0.06) | WR: 40% | Eff: 0.95
2026-06-21 17:08:55 INFO   'price_gt_bb_upper_20_2_s' (SHORT) | Used: 232 | Top10%: 41 | Avg RR/day: 0.09 (global: 0.06) | WR: 40% | Eff: 0.97
2026-06-21 17:08:55 INFO   'price_gt_bb_upper_20_1_5_s' (SHORT) | Used: 220 | Top10%: 37 | Avg RR/day: 0.10 (global: 0.06) | WR: 41% | Eff: 1.03
2026-06-21 17:08:55 INFO   'atr_gt_sma_atr_20' (SHARED) | Used: 204 | Top10%: 23 | Avg RR/day: 0.06 (global: 0.06) | WR: 39% | Eff: 0.96
2026-06-21 17:08:55 INFO   'volume_gt_sma_20_1_5' (SHARED) | Used: 385 | Top10%: 58 | Avg RR/day: 0.07 (global: 0.06) | WR: 40% | Eff: 1.03
2026-06-21 17:08:55 INFO   'volume_gt_sma_20_2_0' (SHARED) | Used: 257 | Top10%: 32 | Avg RR/day: 0.07 (global: 0.06) | WR: 40% | Eff: 1.07
2026-06-21 17:08:55 INFO   'obv_gt_sma_obv_20' (SHARED) | Used: 310 | Top10%: 33 | Avg RR/day: 0.07 (global: 0.06) | WR: 39% | Eff: 1.05
2026-06-21 17:08:55 INFO   'adx_14_gt_25' (SHARED) | Used: 341 | Top10%: 38 | Avg RR/day: 0.06 (global: 0.06) | WR: 40% | Eff: 1.00
2026-06-21 17:08:55 INFO   'adx_14_gt_30' (SHARED) | Used: 325 | Top10%: 53 | Avg RR/day: 0.07 (global: 0.06) | WR: 40% | Eff: 1.13
2026-06-21 17:08:55 INFO   'adx_14_lt_20' (SHARED) | Used: 271 | Top10%: 23 | Avg RR/day: 0.05 (global: 0.06) | WR: 40% | Eff: 0.77
2026-06-21 17:08:55 INFO   'price_gt_high_20_1_02' (SHARED) | Used: 333 | Top10%: 38 | Avg RR/day: 0.07 (global: 0.06) | WR: 40% | Eff: 1.04
2026-06-21 17:08:55 INFO   'price_lt_low_20_0_98' (SHARED) | Used: 136 | Top10%: 16 | Avg RR/day: 0.06 (global: 0.06) | WR: 39% | Eff: 0.86
2026-06-21 17:08:55 INFO 
2026-06-21 17:08:55 INFO Auto-removed 20 conditions: ['ema_12_gt_26', 'ema_20_gt_50', 'sma_20_gt_50', 'price_gt_sma_50', 'price_gt_sma_200', 'macd_gt_signal', 'rsi_14_gt_50', 'rsi_14_lt_30', 'rsi_21_gt_50', 'rsi_21_lt_30', 'stoch_k_gt_20', 'stoch_k_lt_80', 'cci_14_gt_-100', 'cci_14_lt_100', 'williams_gt_-80', 'williams_lt_-20', 'price_lt_bb_lower_20_2', 'price_gt_bb_upper_20_2', 'price_lt_bb_lower_20_1_5', 'price_gt_bb_upper_20_1_5']
2026-06-21 17:08:55 INFO Low-efficiency (0.5x weight): 3 conditions: ['ema_9_gt_21', 'macd_hist_gt_0', 'price_lt_bb_lower_20_2_s']
2026-06-21 17:08:55 INFO ============================================================
2026-06-21 17:08:55 INFO Efficiency report saved to C:\Users\xfide\documents\crypto.ai\models\condition_efficiency.json
2026-06-21 17:08:55 INFO [EFFICIENCY] Skipping removal of 'stoch_k_lt_80' -- LONG pool would drop below 20
2026-06-21 17:08:55 INFO [EFFICIENCY] Skipping removal of 'cci_14_gt_-100' -- LONG pool would drop below 20
2026-06-21 17:08:55 INFO [EFFICIENCY] Skipping removal of 'cci_14_lt_100' -- LONG pool would drop below 20
2026-06-21 17:08:55 INFO [EFFICIENCY] Skipping removal of 'williams_gt_-80' -- LONG pool would drop below 20
2026-06-21 17:08:55 INFO [EFFICIENCY] Skipping removal of 'williams_lt_-20' -- LONG pool would drop below 20
2026-06-21 17:08:55 INFO [EFFICIENCY] Skipping removal of 'price_lt_bb_lower_20_2' -- LONG pool would drop below 20
2026-06-21 17:08:55 INFO [EFFICIENCY] Skipping removal of 'price_gt_bb_upper_20_2' -- LONG pool would drop below 20
2026-06-21 17:08:55 INFO [EFFICIENCY] Skipping removal of 'price_lt_bb_lower_20_1_5' -- LONG pool would drop below 20
2026-06-21 17:08:55 INFO [EFFICIENCY] Skipping removal of 'price_gt_bb_upper_20_1_5' -- LONG pool would drop below 20
2026-06-21 17:08:55 INFO [EFFICIENCY] Condition 'ema_12_gt_26' removed from pool (efficiency < 0.3).
2026-06-21 17:08:55 INFO [EFFICIENCY] Condition 'ema_20_gt_50' removed from pool (efficiency < 0.3).
2026-06-21 17:08:55 INFO [EFFICIENCY] Condition 'sma_20_gt_50' removed from pool (efficiency < 0.3).
2026-06-21 17:08:55 INFO [EFFICIENCY] Condition 'price_gt_sma_50' removed from pool (efficiency < 0.3).
2026-06-21 17:08:55 INFO [EFFICIENCY] Condition 'price_gt_sma_200' removed from pool (efficiency < 0.3).
2026-06-21 17:08:55 INFO [EFFICIENCY] Condition 'macd_gt_signal' removed from pool (efficiency < 0.3).
2026-06-21 17:08:55 INFO [EFFICIENCY] Condition 'rsi_14_gt_50' removed from pool (efficiency < 0.3).
2026-06-21 17:08:55 INFO [EFFICIENCY] Condition 'rsi_14_lt_30' removed from pool (efficiency < 0.3).
2026-06-21 17:08:55 INFO [EFFICIENCY] Condition 'rsi_21_gt_50' removed from pool (efficiency < 0.3).
2026-06-21 17:08:55 INFO [EFFICIENCY] Condition 'rsi_21_lt_30' removed from pool (efficiency < 0.3).
2026-06-21 17:08:55 INFO [EFFICIENCY] Condition 'stoch_k_gt_20' removed from pool (efficiency < 0.3).
2026-06-21 17:08:55 INFO [EFFICIENCY] 9 condition(s) kept due to pool size floor: ['stoch_k_lt_80', 'cci_14_gt_-100', 'cci_14_lt_100', 'williams_gt_-80', 'williams_lt_-20', 'price_lt_bb_lower_20_2', 'price_gt_bb_upper_20_2', 'price_lt_bb_lower_20_1_5', 'price_gt_bb_upper_20_1_5']
2026-06-21 17:08:55 INFO [EFFICIENCY] Removing 20 conditions (efficiency < 0.3) before Bayesian.
2026-06-21 17:08:55 INFO [EFFICIENCY] Removed: ['ema_12_gt_26', 'ema_20_gt_50', 'sma_20_gt_50', 'price_gt_sma_50', 'price_gt_sma_200', 'macd_gt_signal', 'rsi_14_gt_50', 'rsi_14_lt_30', 'rsi_21_gt_50', 'rsi_21_lt_30', 'stoch_k_gt_20', 'stoch_k_lt_80', 'cci_14_gt_-100', 'cci_14_lt_100', 'williams_gt_-80', 'williams_lt_-20', 'price_lt_bb_lower_20_2', 'price_gt_bb_upper_20_2', 'price_lt_bb_lower_20_1_5', 'price_gt_bb_upper_20_1_5']
2026-06-21 17:08:55 INFO [EFFICIENCY] 3 conditions flagged low-efficiency (0.5x weight, eff 0.3-0.5): ['ema_9_gt_21', 'macd_hist_gt_0', 'price_lt_bb_lower_20_2_s']
2026-06-21 17:08:55 INFO 
2026-06-21 17:08:55 INFO ============================================================
2026-06-21 17:08:55 INFO Phase 2: Bayesian Optimization (local refinement -- focus on promising regions)
2026-06-21 17:08:55 INFO ============================================================
2026-06-21 17:08:55 INFO Bayesian: Starting | timeout=79s (1.3m), max_trials=10000, startup=100
2026-06-21 17:08:55 INFO   Each trial generates a strategy with random conditions, threshold, stop-loss, and risk-reward. The TPE model learns which parameter combinations score highest and focuses the search there.
2026-06-21 17:08:55 INFO Bayesian: Seeded 10 strategies from GA.
2026-06-21 17:10:14 INFO Bayesian: Manual timeout safety net triggered. Stopping.
2026-06-21 17:10:14 INFO Bayesian: Finished | Best score: 0.1460 | 643 trials | Elapsed: 79s | Speed: 8.2 trials/s
2026-06-21 17:10:14 INFO   Score = rr_per_day * drawdown_penalty * low_trades_penalty. Higher = better.
2026-06-21 17:10:14 INFO Keeping existing best strategy (score: 4.3890) -- new strategy score (0.1460) is not higher.
2026-06-21 17:10:14 INFO Top 500 strategies saved to C:\Users\xfide\documents\crypto.ai\models\top_strategies.json
2026-06-21 17:10:14 INFO ============================================================
2026-06-21 17:10:14 INFO Training finished.
2026-06-21 17:10:14 INFO 
2026-06-21 17:10:14 INFO   Best score:          0.1460
2026-06-21 17:10:14 INFO   Best strategy:       strat_32d48267 (SHORT)
2026-06-21 17:10:14 INFO     Win rate:          35.2%
2026-06-21 17:10:14 INFO     RR/day:            0.2462
2026-06-21 17:10:14 INFO     Max drawdown:      20.3%
2026-06-21 17:10:14 INFO     Valid trades:      122
2026-06-21 17:10:14 INFO 
2026-06-21 17:10:14 INFO   Total strategies tested: 2169
2026-06-21 17:10:14 INFO   Time elapsed:        180s (3.0m)
2026-06-21 17:10:14 INFO   Average:             12.0 strats/sec
2026-06-21 17:10:14 INFO   Existing best strategy retained (score: 0.1460)
2026-06-21 17:10:14 INFO 
2026-06-21 17:10:14 INFO   Next steps:
2026-06-21 17:10:14 INFO     1. Review efficiency report above -- which conditions helped/hurt
2026-06-21 17:10:14 INFO     2. Run validation: python validation.py --symbol BTC/USDT
2026-06-21 17:10:14 INFO     3. If validation passes, go live: python live_signal.py
2026-06-21 17:10:14 INFO ============================================================
