2026-06-21 16:42:39 INFO Training log: C:\Users\xfide\documents\crypto.ai\logs\training_2026-06-21_164239.log
2026-06-21 16:42:39 INFO Cleared removed_conditions.json -- all 53 conditions available for this run.
2026-06-21 16:42:39 INFO Training started | Method: ga_bayesian | Symbol: BTC/USDT | Timeframe: 15m | Duration: 3 min
2026-06-21 16:42:39 INFO   Objective: Find the strategy with the highest score. Score = rr_per_day x drawdown_penalty x low_trades_penalty.
2026-06-21 16:42:39 INFO   Disqualified if: valid_trades < 10, win_rate < 35%, max_drawdown > 50%, or avg_trades/day outside 0.5-10.
2026-06-21 16:42:39 INFO Loading historical data...
2026-06-21 16:42:39 INFO Cache found: 17442 candles up to 2026-06-21 14:30:00+00:00. Fetching from 2026-06-21 14:45:00+00:00.
2026-06-21 16:42:39 INFO Fetching BTC/USDT 15m from 2026-06-21 14:45 to 2026-06-21 15:42
2026-06-21 16:42:43 INFO Fetched 4 new candles in 1 requests.
2026-06-21 16:42:43 INFO Total candles available: 17446
2026-06-21 16:42:43 INFO Raw data: 17446 candles (2025-12-21 to 2026-06-21, 12 months)
2026-06-21 16:42:43 INFO Computing indicators...
2026-06-21 16:42:43 INFO Data prepared: 17247 candles after warmup drop.
2026-06-21 16:42:43 INFO Clean data: 17247 candles after warmup
2026-06-21 16:42:43 INFO Pre-computing 53 conditions...
2026-06-21 16:42:44 INFO Data preparation complete.
2026-06-21 16:42:44 INFO ============================================================
2026-06-21 16:42:44 INFO Phase 1: Genetic Algorithm (global search -- evolve strategies over generations)
2026-06-21 16:42:44 INFO ============================================================
2026-06-21 16:42:44 INFO GA: Starting | pop=200, time_budget=90s (1.5m), max_gen=200, cx=0.8, mut=0.2, elite=5
2026-06-21 16:42:44 INFO   Score = rr_per_day * drawdown_penalty * low_trades_penalty. Higher = better. Negative or -inf means disqualified.
2026-06-21 16:42:57 INFO GA Gen 0 | Best score: 0.6356 | Avg score: 0.0553 | Pop: 200 | Elapsed: 13s
2026-06-21 16:43:07 INFO GA Gen 1 | Best score: 0.6356 | Avg score: 0.0860 | Tested: 368 | Elapsed: 23s
2026-06-21 16:43:16 INFO GA Gen 2 | Best score: 0.6516 | Avg score: 0.1482 | Tested: 534 | Elapsed: 32s [NEW BEST!]
2026-06-21 16:43:26 INFO GA Gen 3 | Best score: 0.7211 | Avg score: 0.1720 | Tested: 709 | Elapsed: 42s [NEW BEST!]
2026-06-21 16:43:34 INFO GA Gen 4 | Best score: 0.7211 | Avg score: 0.2360 | Tested: 864 | Elapsed: 50s
2026-06-21 16:43:44 INFO GA Gen 5 | Best score: 0.7211 | Avg score: 0.2724 | Tested: 1033 | Elapsed: 60s
2026-06-21 16:43:53 INFO GA Gen 6 | Best score: 0.7211 | Avg score: 0.2755 | Tested: 1203 | Elapsed: 69s
2026-06-21 16:44:03 INFO GA Gen 7 | Best score: 0.7211 | Avg score: 0.3314 | Tested: 1365 | Elapsed: 79s
2026-06-21 16:44:12 INFO GA Gen 8 | Best score: 0.7211 | Avg score: 0.3636 | Tested: 1536 | Elapsed: 88s
2026-06-21 16:44:22 INFO GA Gen 9 | Best score: 0.7903 | Avg score: 0.3819 | Tested: 1702 | Elapsed: 98s [NEW BEST!]
2026-06-21 16:44:22 INFO GA: Time budget exhausted at generation 9. Stopping.
2026-06-21 16:44:22 INFO GA: Finished | Best score: 0.7903 | 9 generations | Elapsed: 98s | Strategies tested: 1702 | Speed: 17.3 strats/s | Passing top 10 to Bayesian optimizer.
2026-06-21 16:44:22 INFO 
2026-06-21 16:44:22 INFO [EFFICIENCY] GA phase complete. Analyzing condition efficiency...
2026-06-21 16:44:22 INFO ============================================================
2026-06-21 16:44:22 INFO EFFICIENCY REPORT
2026-06-21 16:44:22 INFO ============================================================
2026-06-21 16:44:22 INFO Strategies analyzed: 1142
2026-06-21 16:44:22 INFO Global avg RR/day: 0.3191
2026-06-21 16:44:22 INFO   LONG avg RR/day: 0.0351 (140 strategies)
2026-06-21 16:44:22 INFO   SHORT avg RR/day: 0.3588 (1002 strategies)
2026-06-21 16:44:22 INFO 
2026-06-21 16:44:22 INFO [WARNING] WARNINGS (insufficient data):
2026-06-21 16:44:22 INFO   'stoch_k_lt_80' (LONG) | Used: 58 | Top10%: 0 | Avg RR/day: 0.02 (global: 0.32) | WR: 41% | Eff: 0.68
2026-06-21 16:44:22 INFO   'rsi_14_lt_50' (SHORT) | Used: 179 | Top10%: 3 | Avg RR/day: 0.20 (global: 0.32) | WR: 42% | Eff: 0.57
2026-06-21 16:44:22 INFO   'atr_gt_sma_atr_20' (SHARED) | Used: 362 | Top10%: 1 | Avg RR/day: 0.17 (global: 0.32) | WR: 42% | Eff: 0.54
2026-06-21 16:44:22 INFO   'adx_14_lt_20' (SHARED) | Used: 267 | Top10%: 5 | Avg RR/day: 0.22 (global: 0.32) | WR: 42% | Eff: 0.68
2026-06-21 16:44:22 INFO 
2026-06-21 16:44:22 INFO [STRONG] STRONG CONDITIONS:
2026-06-21 16:44:22 INFO   'ema_9_gt_21' (LONG) | Used: 79 | Top10%: 0 | Avg RR/day: 0.06 (global: 0.32) | WR: 42% | Eff: 1.67
2026-06-21 16:44:22 INFO   'ema_12_gt_26' (LONG) | Used: 55 | Top10%: 0 | Avg RR/day: 0.05 (global: 0.32) | WR: 42% | Eff: 1.56
2026-06-21 16:44:22 INFO   'ema_20_gt_50' (LONG) | Used: 96 | Top10%: 0 | Avg RR/day: 0.11 (global: 0.32) | WR: 42% | Eff: 3.05
2026-06-21 16:44:22 INFO   'sma_20_gt_50' (LONG) | Used: 82 | Top10%: 0 | Avg RR/day: 0.05 (global: 0.32) | WR: 43% | Eff: 1.53
2026-06-21 16:44:22 INFO   'price_gt_sma_50' (LONG) | Used: 100 | Top10%: 2 | Avg RR/day: 0.12 (global: 0.32) | WR: 42% | Eff: 3.41
2026-06-21 16:44:22 INFO   'price_gt_sma_200' (LONG) | Used: 97 | Top10%: 0 | Avg RR/day: 0.09 (global: 0.32) | WR: 42% | Eff: 2.58
2026-06-21 16:44:22 INFO   'macd_gt_signal' (LONG) | Used: 93 | Top10%: 2 | Avg RR/day: 0.10 (global: 0.32) | WR: 42% | Eff: 2.85
2026-06-21 16:44:22 INFO   'macd_hist_gt_0' (LONG) | Used: 140 | Top10%: 2 | Avg RR/day: 0.13 (global: 0.32) | WR: 42% | Eff: 3.73
2026-06-21 16:44:22 INFO   'rsi_14_gt_50' (LONG) | Used: 81 | Top10%: 1 | Avg RR/day: 0.08 (global: 0.32) | WR: 42% | Eff: 2.37
2026-06-21 16:44:22 INFO   'rsi_21_lt_30' (LONG) | Used: 89 | Top10%: 0 | Avg RR/day: 0.10 (global: 0.32) | WR: 42% | Eff: 2.85
2026-06-21 16:44:22 INFO   'stoch_k_gt_20' (LONG) | Used: 86 | Top10%: 0 | Avg RR/day: 0.09 (global: 0.32) | WR: 41% | Eff: 2.65
2026-06-21 16:44:22 INFO   'cci_14_lt_100' (LONG) | Used: 118 | Top10%: 2 | Avg RR/day: 0.10 (global: 0.32) | WR: 43% | Eff: 2.97
2026-06-21 16:44:22 INFO   'williams_lt_-20' (LONG) | Used: 119 | Top10%: 2 | Avg RR/day: 0.12 (global: 0.32) | WR: 42% | Eff: 3.53
2026-06-21 16:44:22 INFO   'price_lt_bb_lower_20_2' (LONG) | Used: 103 | Top10%: 1 | Avg RR/day: 0.09 (global: 0.32) | WR: 42% | Eff: 2.64
2026-06-21 16:44:22 INFO   'price_gt_bb_upper_20_2' (LONG) | Used: 141 | Top10%: 3 | Avg RR/day: 0.15 (global: 0.32) | WR: 42% | Eff: 4.37
2026-06-21 16:44:22 INFO   'price_lt_bb_lower_20_1_5' (LONG) | Used: 110 | Top10%: 1 | Avg RR/day: 0.07 (global: 0.32) | WR: 42% | Eff: 2.05
2026-06-21 16:44:22 INFO   'price_gt_bb_upper_20_1_5' (LONG) | Used: 80 | Top10%: 0 | Avg RR/day: 0.05 (global: 0.32) | WR: 42% | Eff: 1.31
2026-06-21 16:44:22 INFO 
2026-06-21 16:44:22 INFO [OK] OK CONDITIONS:
2026-06-21 16:44:22 INFO   'rsi_14_lt_30' (LONG) | Used: 70 | Top10%: 0 | Avg RR/day: 0.04 (global: 0.32) | WR: 43% | Eff: 1.06
2026-06-21 16:44:22 INFO   'rsi_21_gt_50' (LONG) | Used: 92 | Top10%: 0 | Avg RR/day: 0.03 (global: 0.32) | WR: 42% | Eff: 0.97
2026-06-21 16:44:22 INFO   'cci_14_gt_-100' (LONG) | Used: 66 | Top10%: 0 | Avg RR/day: 0.04 (global: 0.32) | WR: 43% | Eff: 1.26
2026-06-21 16:44:22 INFO   'williams_gt_-80' (LONG) | Used: 83 | Top10%: 0 | Avg RR/day: 0.03 (global: 0.32) | WR: 42% | Eff: 0.86
2026-06-21 16:44:22 INFO   'ema_9_lt_21' (SHORT) | Used: 525 | Top10%: 64 | Avg RR/day: 0.37 (global: 0.32) | WR: 41% | Eff: 1.03
2026-06-21 16:44:22 INFO   'ema_12_lt_26' (SHORT) | Used: 722 | Top10%: 90 | Avg RR/day: 0.38 (global: 0.32) | WR: 41% | Eff: 1.06
2026-06-21 16:44:22 INFO   'ema_20_lt_50' (SHORT) | Used: 729 | Top10%: 89 | Avg RR/day: 0.37 (global: 0.32) | WR: 41% | Eff: 1.03
2026-06-21 16:44:22 INFO   'sma_20_lt_50' (SHORT) | Used: 739 | Top10%: 96 | Avg RR/day: 0.38 (global: 0.32) | WR: 41% | Eff: 1.06
2026-06-21 16:44:22 INFO   'price_lt_sma_50' (SHORT) | Used: 255 | Top10%: 10 | Avg RR/day: 0.28 (global: 0.32) | WR: 42% | Eff: 0.78
2026-06-21 16:44:22 INFO   'price_lt_sma_200' (SHORT) | Used: 486 | Top10%: 63 | Avg RR/day: 0.37 (global: 0.32) | WR: 41% | Eff: 1.03
2026-06-21 16:44:22 INFO   'macd_lt_signal' (SHORT) | Used: 561 | Top10%: 71 | Avg RR/day: 0.38 (global: 0.32) | WR: 41% | Eff: 1.05
2026-06-21 16:44:22 INFO   'macd_hist_lt_0' (SHORT) | Used: 584 | Top10%: 71 | Avg RR/day: 0.40 (global: 0.32) | WR: 41% | Eff: 1.10
2026-06-21 16:44:22 INFO   'rsi_14_gt_70' (SHORT) | Used: 223 | Top10%: 9 | Avg RR/day: 0.27 (global: 0.32) | WR: 43% | Eff: 0.77
2026-06-21 16:44:22 INFO   'rsi_21_lt_50' (SHORT) | Used: 353 | Top10%: 17 | Avg RR/day: 0.29 (global: 0.32) | WR: 42% | Eff: 0.81
2026-06-21 16:44:22 INFO   'rsi_21_gt_70' (SHORT) | Used: 518 | Top10%: 87 | Avg RR/day: 0.40 (global: 0.32) | WR: 41% | Eff: 1.11
2026-06-21 16:44:22 INFO   'stoch_k_gt_80' (SHORT) | Used: 486 | Top10%: 86 | Avg RR/day: 0.40 (global: 0.32) | WR: 41% | Eff: 1.11
2026-06-21 16:44:22 INFO   'stoch_k_lt_20' (SHORT) | Used: 678 | Top10%: 110 | Avg RR/day: 0.42 (global: 0.32) | WR: 41% | Eff: 1.17
2026-06-21 16:44:22 INFO   'cci_14_gt_100' (SHORT) | Used: 311 | Top10%: 23 | Avg RR/day: 0.33 (global: 0.32) | WR: 42% | Eff: 0.92
2026-06-21 16:44:22 INFO   'cci_14_lt_-100' (SHORT) | Used: 724 | Top10%: 95 | Avg RR/day: 0.39 (global: 0.32) | WR: 41% | Eff: 1.07
2026-06-21 16:44:22 INFO   'williams_gt_-20' (SHORT) | Used: 497 | Top10%: 91 | Avg RR/day: 0.41 (global: 0.32) | WR: 41% | Eff: 1.14
2026-06-21 16:44:22 INFO   'williams_lt_-80' (SHORT) | Used: 611 | Top10%: 89 | Avg RR/day: 0.39 (global: 0.32) | WR: 41% | Eff: 1.08
2026-06-21 16:44:22 INFO   'price_gt_bb_upper_20_2_s' (SHORT) | Used: 264 | Top10%: 13 | Avg RR/day: 0.29 (global: 0.32) | WR: 42% | Eff: 0.81
2026-06-21 16:44:22 INFO   'price_lt_bb_lower_20_2_s' (SHORT) | Used: 494 | Top10%: 76 | Avg RR/day: 0.41 (global: 0.32) | WR: 41% | Eff: 1.13
2026-06-21 16:44:22 INFO   'price_gt_bb_upper_20_1_5_s' (SHORT) | Used: 542 | Top10%: 98 | Avg RR/day: 0.41 (global: 0.32) | WR: 41% | Eff: 1.15
2026-06-21 16:44:22 INFO   'price_lt_bb_lower_20_1_5_s' (SHORT) | Used: 657 | Top10%: 90 | Avg RR/day: 0.39 (global: 0.32) | WR: 41% | Eff: 1.08
2026-06-21 16:44:22 INFO   'volume_gt_sma_20_1_5' (SHARED) | Used: 817 | Top10%: 88 | Avg RR/day: 0.34 (global: 0.32) | WR: 41% | Eff: 1.07
2026-06-21 16:44:22 INFO   'volume_gt_sma_20_2_0' (SHARED) | Used: 719 | Top10%: 112 | Avg RR/day: 0.39 (global: 0.32) | WR: 41% | Eff: 1.22
2026-06-21 16:44:22 INFO   'obv_gt_sma_obv_20' (SHARED) | Used: 552 | Top10%: 82 | Avg RR/day: 0.37 (global: 0.32) | WR: 41% | Eff: 1.15
2026-06-21 16:44:22 INFO   'adx_14_gt_25' (SHARED) | Used: 736 | Top10%: 93 | Avg RR/day: 0.35 (global: 0.32) | WR: 41% | Eff: 1.10
2026-06-21 16:44:22 INFO   'adx_14_gt_30' (SHARED) | Used: 652 | Top10%: 108 | Avg RR/day: 0.38 (global: 0.32) | WR: 41% | Eff: 1.19
2026-06-21 16:44:22 INFO   'price_gt_high_20_1_02' (SHARED) | Used: 626 | Top10%: 104 | Avg RR/day: 0.37 (global: 0.32) | WR: 41% | Eff: 1.16
2026-06-21 16:44:22 INFO   'price_lt_low_20_0_98' (SHARED) | Used: 554 | Top10%: 80 | Avg RR/day: 0.36 (global: 0.32) | WR: 42% | Eff: 1.12
2026-06-21 16:44:22 INFO 
2026-06-21 16:44:22 INFO ============================================================
2026-06-21 16:44:22 INFO Efficiency report saved to C:\Users\xfide\documents\crypto.ai\models\condition_efficiency.json
2026-06-21 16:44:22 INFO [EFFICIENCY] All conditions performing well. No removals.
2026-06-21 16:44:22 INFO 
2026-06-21 16:44:22 INFO ============================================================
2026-06-21 16:44:22 INFO Phase 2: Bayesian Optimization (local refinement -- focus on promising regions)
2026-06-21 16:44:22 INFO ============================================================
2026-06-21 16:44:22 INFO Bayesian: Starting | timeout=76s (1.3m), max_trials=10000, startup=100
2026-06-21 16:44:22 INFO   Each trial generates a strategy with random conditions, threshold, stop-loss, and risk-reward. The TPE model learns which parameter combinations score highest and focuses the search there.
2026-06-21 16:44:22 INFO Bayesian: Seeded 10 strategies from GA.
2026-06-21 16:45:39 INFO Bayesian: Finished | Best score: 0.8859 | 743 trials | Elapsed: 76s | Speed: 9.7 trials/s
2026-06-21 16:45:39 INFO   Score = rr_per_day * drawdown_penalty * low_trades_penalty. Higher = better.
2026-06-21 16:45:39 INFO Keeping existing best strategy (score: 4.3890) -- new strategy score (0.8859) is not higher.
2026-06-21 16:45:39 INFO Top 500 strategies saved to C:\Users\xfide\documents\crypto.ai\models\top_strategies.json
2026-06-21 16:45:39 INFO ============================================================
2026-06-21 16:45:39 INFO Training finished.
2026-06-21 16:45:39 INFO 
2026-06-21 16:45:39 INFO   Best score:          0.8859
2026-06-21 16:45:39 INFO   Best strategy:       strat_7f2e1504 (SHORT)
2026-06-21 16:45:39 INFO     Win rate:          36.7%
2026-06-21 16:45:39 INFO     RR/day:            1.2656
2026-06-21 16:45:39 INFO     Max drawdown:      8.3%
2026-06-21 16:45:39 INFO     Valid trades:      30
2026-06-21 16:45:39 INFO 
2026-06-21 16:45:39 INFO   Total strategies tested: 2445
2026-06-21 16:45:39 INFO   Time elapsed:        180s (3.0m)
2026-06-21 16:45:39 INFO   Average:             13.6 strats/sec
2026-06-21 16:45:39 INFO   Existing best strategy retained (score: 0.8859)
2026-06-21 16:45:39 INFO 
2026-06-21 16:45:39 INFO   Next steps:
2026-06-21 16:45:39 INFO     1. Review efficiency report above -- which conditions helped/hurt
2026-06-21 16:45:39 INFO     2. Run validation: python validation.py --symbol BTC/USDT
2026-06-21 16:45:39 INFO     3. If validation passes, go live: python live_signal.py
2026-06-21 16:45:39 INFO ============================================================
