2026-06-23 16:54:38 INFO Training log: C:\Users\xfide\documents\crypto.ai\logs\training\training_2026-06-23_165438.log
2026-06-23 16:54:38 INFO Training started | Method: ga_bayesian | Symbol: BTC/USDT | Timeframe: 15m | Duration: 30 min
2026-06-23 16:54:38 INFO   Objective: Find the strategy with the highest score. Score = rr_per_day x drawdown_penalty x low_trades_penalty.
2026-06-23 16:54:38 INFO   Disqualified if: trades/day < 1.2, win_rate < 35%, max_drawdown > 50%, or avg_trades/day outside 0.5-10.
2026-06-23 16:54:38 INFO Loading historical data...
2026-06-23 16:54:38 INFO Cache found: 17638 candles up to 2026-06-23 15:30:00+00:00. Fetching from 2026-06-23 15:45:00+00:00.
2026-06-23 16:54:38 INFO Fetching BTC/USDT 15m from 2026-06-23 15:45 to 2026-06-23 15:54
2026-06-23 16:54:42 INFO Fetched 1 new candles in 1 requests.
2026-06-23 16:54:43 INFO Total candles available: 17639
2026-06-23 16:54:43 INFO Raw data: 17639 candles (2025-12-21 to 2026-06-23, 12 months)
2026-06-23 16:54:43 INFO Computing indicators...
2026-06-23 16:54:43 INFO Data prepared: 17440 candles after warmup drop.
2026-06-23 16:54:43 INFO Clean data: 17440 candles after warmup
2026-06-23 16:54:43 INFO Pre-computing 53 conditions...
2026-06-23 16:54:43 INFO Data preparation complete.
2026-06-23 16:54:43 INFO ============================================================
2026-06-23 16:54:43 INFO Phase 1: Genetic Algorithm (global search -- evolve strategies over generations)
2026-06-23 16:54:43 INFO ============================================================
2026-06-23 16:54:43 INFO GA: Starting | pop=200, time_budget=900s (15.0m), max_gen=200, cx=0.8, mut=0.2, elite=5
2026-06-23 16:54:43 INFO   Score = rr_per_day * drawdown_penalty * low_trades_penalty. Higher = better. Negative or -inf means disqualified.
2026-06-23 16:55:29 INFO GA Gen 0 | Best score: 0.0373 | Avg score: 0.0373 | Pop: 200 | Elapsed: 45s
2026-06-23 16:56:04 INFO GA Gen 1 | Best score: 0.0373 | Avg score: 0.0354 | Tested: 358 | Elapsed: 81s
2026-06-23 16:56:37 INFO GA Gen 2 | Best score: 0.0373 | Avg score: 0.0347 | Tested: 520 | Elapsed: 114s
2026-06-23 16:57:17 INFO GA Gen 3 | Best score: 0.0373 | Avg score: 0.0342 | Tested: 682 | Elapsed: 154s
2026-06-23 16:57:50 INFO GA Gen 4 | Best score: 0.0373 | Avg score: 0.0340 | Tested: 856 | Elapsed: 187s
2026-06-23 16:58:14 INFO GA Gen 5 | Best score: 0.0373 | Avg score: 0.0325 | Tested: 1021 | Elapsed: 211s
2026-06-23 16:58:35 INFO GA Gen 6 | Best score: 0.0373 | Avg score: 0.0351 | Tested: 1182 | Elapsed: 232s
