2026-06-21 18:19:19 INFO Training log: C:\Users\xfide\documents\crypto.ai\logs\training_2026-06-21_181919.log
2026-06-21 18:19:19 INFO Cleared removed_conditions.json -- all 53 conditions available for this run.
2026-06-21 18:19:19 INFO Training started | Method: ga_bayesian | Symbol: BTC/USDT | Timeframe: 15m | Duration: 3 min
2026-06-21 18:19:19 INFO   Objective: Find the strategy with the highest score. Score = rr_per_day x drawdown_penalty x low_trades_penalty.
2026-06-21 18:19:19 INFO   Disqualified if: trades/day < 1.5, win_rate < 35%, max_drawdown > 50%, or avg_trades/day outside 0.5-10.
2026-06-21 18:19:19 INFO Loading historical data...
2026-06-21 18:19:19 INFO Cache found: 17452 candles up to 2026-06-21 17:00:00+00:00. Fetching from 2026-06-21 17:15:00+00:00.
2026-06-21 18:19:19 INFO Fetching BTC/USDT 15m from 2026-06-21 17:15 to 2026-06-21 17:19
2026-06-21 18:19:24 INFO Fetched 1 new candles in 1 requests.
2026-06-21 18:19:24 INFO Total candles available: 17453
2026-06-21 18:19:24 INFO Raw data: 17453 candles (2025-12-21 to 2026-06-21, 12 months)
2026-06-21 18:19:24 INFO Computing indicators...
2026-06-21 18:19:24 INFO Data prepared: 17254 candles after warmup drop.
2026-06-21 18:19:24 INFO Clean data: 17254 candles after warmup
2026-06-21 18:19:24 INFO Pre-computing 53 conditions...
2026-06-21 18:19:24 INFO Data preparation complete.
2026-06-21 18:19:24 INFO ============================================================
2026-06-21 18:19:24 INFO Phase 1: Genetic Algorithm (global search -- evolve strategies over generations)
2026-06-21 18:19:24 INFO ============================================================
2026-06-21 18:19:24 INFO GA: Starting | pop=200, time_budget=90s (1.5m), max_gen=200, cx=0.8, mut=0.2, elite=5
2026-06-21 18:19:24 INFO   Score = rr_per_day * drawdown_penalty * low_trades_penalty. Higher = better. Negative or -inf means disqualified.
2026-06-21 18:19:37 INFO GA Gen 0 | Best score: -inf | Avg score: 0.0000 | Pop: 200 | Elapsed: 13s
2026-06-21 18:19:48 INFO GA Gen 1 | Best score: -inf | Avg score: 0.0000 | Tested: 375 | Elapsed: 23s
2026-06-21 18:19:58 INFO GA Gen 2 | Best score: -inf | Avg score: 0.0000 | Tested: 545 | Elapsed: 34s
2026-06-21 18:20:08 INFO GA Gen 3 | Best score: -inf | Avg score: 0.0000 | Tested: 709 | Elapsed: 43s
2026-06-21 18:20:17 INFO GA Gen 4 | Best score: -inf | Avg score: 0.0000 | Tested: 859 | Elapsed: 53s
2026-06-21 18:20:28 INFO GA Gen 5 | Best score: -inf | Avg score: 0.0000 | Tested: 1021 | Elapsed: 64s
2026-06-21 18:20:38 INFO GA Gen 6 | Best score: -inf | Avg score: 0.0000 | Tested: 1190 | Elapsed: 74s
2026-06-21 18:20:48 INFO GA Gen 7 | Best score: -inf | Avg score: 0.0000 | Tested: 1350 | Elapsed: 84s
2026-06-21 18:20:59 INFO GA Gen 8 | Best score: -inf | Avg score: 0.0000 | Tested: 1517 | Elapsed: 95s
2026-06-21 18:20:59 INFO GA: Time budget exhausted at generation 8. Stopping.
2026-06-21 18:20:59 WARNING GA: No valid strategy found during training.
2026-06-21 18:20:59 INFO 
2026-06-21 18:20:59 INFO [EFFICIENCY] GA phase complete. Analyzing condition efficiency...
2026-06-21 18:20:59 WARNING No valid strategies to analyze.
2026-06-21 18:20:59 INFO [EFFICIENCY] All conditions performing well. No removals.
2026-06-21 18:20:59 INFO 
2026-06-21 18:20:59 INFO ============================================================
2026-06-21 18:20:59 INFO Phase 2: Bayesian Optimization (local refinement -- focus on promising regions)
2026-06-21 18:20:59 INFO ============================================================
2026-06-21 18:20:59 INFO Bayesian: Starting | timeout=80s (1.3m), max_trials=10000, startup=100
2026-06-21 18:20:59 INFO   Each trial generates a strategy with random conditions, threshold, stop-loss, and risk-reward. The TPE model learns which parameter combinations score highest and focuses the search there.
2026-06-21 18:22:19 INFO Bayesian: Manual timeout safety net triggered. Stopping.
2026-06-21 18:22:19 WARNING Bayesian: No valid strategy found.
2026-06-21 18:22:19 WARNING No valid strategy found during training.
2026-06-21 18:22:19 INFO ============================================================
2026-06-21 18:22:19 INFO Training finished.
2026-06-21 18:22:19 INFO 
