2026-06-20 11:56:53 INFO Training log: C:\Users\xfide\documents\crypto.ai\logs\training_2026-06-20_115653.log
2026-06-20 11:56:53 INFO Cleared removed_conditions.json -- all 53 conditions available for this run.
2026-06-20 11:56:53 INFO Training started | Method: ga_bayesian | Symbol: BTC/USDT | Timeframe: 15m | Duration: 2 min
2026-06-20 11:56:53 INFO   Objective: Find the strategy with the highest score. Score = rr_per_day x drawdown_penalty x low_trades_penalty.
2026-06-20 11:56:53 INFO   Disqualified if: win_rate < 35%, max_drawdown > 50%, or avg_trades/day outside 0.5-10.
2026-06-20 11:56:53 INFO Loading historical data...
2026-06-20 11:56:53 INFO Cache found: 17330 candles up to 2026-06-20 10:30:00+00:00. Fetching from 2026-06-20 10:45:00+00:00.
2026-06-20 11:56:53 INFO Fetching BTC/USDT 15m from 2026-06-20 10:45 to 2026-06-20 10:56
2026-06-20 11:56:59 INFO Fetched 1 new candles in 1 requests.
2026-06-20 11:57:00 INFO Total candles available: 17331
2026-06-20 11:57:00 INFO Raw data: 17331 candles
2026-06-20 11:57:00 INFO Computing indicators...
2026-06-20 11:57:00 INFO Data prepared: 17132 candles after warmup drop.
2026-06-20 11:57:00 INFO Clean data: 17132 candles after warmup
2026-06-20 11:57:00 INFO Pre-computing 53 conditions...
2026-06-20 11:57:00 INFO Data preparation complete.
2026-06-20 11:57:01 INFO ============================================================
2026-06-20 11:57:01 INFO Phase 1: Genetic Algorithm (global search -- evolve strategies over generations)
2026-06-20 11:57:01 INFO ============================================================
2026-06-20 11:57:01 INFO GA: Starting | pop=200, gen=12, cx=0.8, mut=0.2, elite=5
2026-06-20 11:57:01 INFO   Score = rr_per_day * drawdown_penalty * low_trades_penalty. Higher = better. Negative or -inf means disqualified.
2026-06-20 11:57:48 INFO GA Gen 0/12 | Best score: 2.0550 | Avg score: 0.0712 | Pop: 200
2026-06-20 11:58:20 INFO GA Gen 1/12 | Best score: 2.0550 | Avg score: 0.1165 | Tested: 362
2026-06-20 11:58:55 INFO GA Gen 2/12 | Best score: 2.0550 | Avg score: 0.1635 | Tested: 528
2026-06-20 11:59:30 INFO GA Gen 3/12 | Best score: 2.0550 | Avg score: 0.1743 | Tested: 686
2026-06-20 12:00:02 INFO GA Gen 4/12 | Best score: 2.0550 | Avg score: 0.1901 | Tested: 838
2026-06-20 12:00:37 INFO GA Gen 5/12 | Best score: 2.0550 | Avg score: 0.2414 | Tested: 1010
2026-06-20 12:01:11 INFO GA Gen 6/12 | Best score: 2.0550 | Avg score: 0.4021 | Tested: 1160
2026-06-20 12:01:44 INFO GA Gen 7/12 | Best score: 2.0550 | Avg score: 0.5470 | Tested: 1318
2026-06-20 12:02:03 INFO GA Gen 8/12 | Best score: 2.0550 | Avg score: 0.7146 | Tested: 1490
2026-06-20 12:02:25 INFO GA Gen 9/12 | Best score: 2.0550 | Avg score: 0.9743 | Tested: 1657
2026-06-20 12:02:50 INFO GA Gen 10/12 | Best score: 2.1400 | Avg score: 1.4609 | Tested: 1821 [NEW BEST!]
2026-06-20 12:03:13 INFO GA Gen 11/12 | Best score: 2.1400 | Avg score: 1.7981 | Tested: 1975
2026-06-20 12:03:36 INFO GA Gen 12/12 | Best score: 2.1400 | Avg score: 1.9414 | Tested: 2132
2026-06-20 12:03:36 INFO GA: Finished | Best score: 2.1400 | Total strategies tested: 2132 | Passing top 10 to Bayesian optimizer.
2026-06-20 12:03:36 INFO GA Phase complete | Elapsed: 394s | Best score: 2.1400 | Strategies tested: 2132
2026-06-20 12:03:36 INFO No time remaining for Bayesian optimization. Skipping.
2026-06-20 12:03:36 INFO Strategy saved to C:\Users\xfide\documents\crypto.ai\models\best_strategy.json
2026-06-20 12:03:36 INFO Top 500 strategies saved to C:\Users\xfide\documents\crypto.ai\models\top_strategies.json
2026-06-20 12:03:36 INFO ============================================================
2026-06-20 12:03:36 INFO EFFICIENCY REPORT
2026-06-20 12:03:36 INFO ============================================================
2026-06-20 12:03:36 INFO Strategies analyzed: 1668
2026-06-20 12:03:36 INFO Global avg RR/day: 1.3200
2026-06-20 12:03:36 INFO 
2026-06-20 12:03:36 INFO [CRITICAL] CRITICAL ALERTS (auto-removed):
2026-06-20 12:03:36 INFO   'ema_9_gt_21' (LONG) | Used: 53 | Top10%: 0 | Avg RR/day: 0.02 (global: 1.32) | WR: 42% | Eff: 0.02
2026-06-20 12:03:36 INFO   'ema_12_gt_26' (LONG) | Used: 95 | Top10%: 0 | Avg RR/day: 0.08 (global: 1.32) | WR: 43% | Eff: 0.06
2026-06-20 12:03:36 INFO   'ema_20_gt_50' (LONG) | Used: 76 | Top10%: 0 | Avg RR/day: 0.08 (global: 1.32) | WR: 44% | Eff: 0.06
2026-06-20 12:03:36 INFO   'sma_20_gt_50' (LONG) | Used: 74 | Top10%: 0 | Avg RR/day: 0.07 (global: 1.32) | WR: 44% | Eff: 0.05
2026-06-20 12:03:36 INFO   'price_gt_sma_50' (LONG) | Used: 71 | Top10%: 0 | Avg RR/day: 0.08 (global: 1.32) | WR: 45% | Eff: 0.06
2026-06-20 12:03:36 INFO   'price_gt_sma_200' (LONG) | Used: 74 | Top10%: 0 | Avg RR/day: 0.06 (global: 1.32) | WR: 44% | Eff: 0.05
2026-06-20 12:03:36 INFO   'macd_gt_signal' (LONG) | Used: 64 | Top10%: 0 | Avg RR/day: 0.06 (global: 1.32) | WR: 44% | Eff: 0.04
2026-06-20 12:03:36 INFO   'macd_hist_gt_0' (LONG) | Used: 51 | Top10%: 0 | Avg RR/day: 0.08 (global: 1.32) | WR: 44% | Eff: 0.06
2026-06-20 12:03:36 INFO   'rsi_14_gt_50' (LONG) | Used: 89 | Top10%: 0 | Avg RR/day: 0.08 (global: 1.32) | WR: 44% | Eff: 0.06
2026-06-20 12:03:36 INFO   'rsi_14_lt_30' (LONG) | Used: 56 | Top10%: 0 | Avg RR/day: 0.08 (global: 1.32) | WR: 44% | Eff: 0.06
2026-06-20 12:03:36 INFO   'rsi_21_gt_50' (LONG) | Used: 69 | Top10%: 0 | Avg RR/day: 0.07 (global: 1.32) | WR: 44% | Eff: 0.05
2026-06-20 12:03:36 INFO   'rsi_21_lt_30' (LONG) | Used: 54 | Top10%: 0 | Avg RR/day: 0.10 (global: 1.32) | WR: 46% | Eff: 0.08
2026-06-20 12:03:36 INFO   'stoch_k_gt_20' (LONG) | Used: 88 | Top10%: 0 | Avg RR/day: 0.14 (global: 1.32) | WR: 45% | Eff: 0.10
2026-06-20 12:03:36 INFO   'stoch_k_lt_80' (LONG) | Used: 58 | Top10%: 0 | Avg RR/day: 0.04 (global: 1.32) | WR: 44% | Eff: 0.03
2026-06-20 12:03:36 INFO   'cci_14_gt_-100' (LONG) | Used: 68 | Top10%: 0 | Avg RR/day: 0.10 (global: 1.32) | WR: 45% | Eff: 0.08
2026-06-20 12:03:36 INFO   'cci_14_lt_100' (LONG) | Used: 51 | Top10%: 0 | Avg RR/day: 0.09 (global: 1.32) | WR: 45% | Eff: 0.07
2026-06-20 12:03:36 INFO   'williams_gt_-80' (LONG) | Used: 65 | Top10%: 0 | Avg RR/day: 0.11 (global: 1.32) | WR: 44% | Eff: 0.08
2026-06-20 12:03:36 INFO   'williams_lt_-20' (LONG) | Used: 95 | Top10%: 0 | Avg RR/day: 0.11 (global: 1.32) | WR: 44% | Eff: 0.08
2026-06-20 12:03:36 INFO   'price_lt_bb_lower_20_2' (LONG) | Used: 73 | Top10%: 0 | Avg RR/day: 0.10 (global: 1.32) | WR: 45% | Eff: 0.07
2026-06-20 12:03:36 INFO   'price_gt_bb_upper_20_2' (LONG) | Used: 73 | Top10%: 0 | Avg RR/day: 0.08 (global: 1.32) | WR: 45% | Eff: 0.06
2026-06-20 12:03:36 INFO   'price_lt_bb_lower_20_1_5' (LONG) | Used: 63 | Top10%: 0 | Avg RR/day: 0.07 (global: 1.32) | WR: 44% | Eff: 0.05
2026-06-20 12:03:36 INFO   'price_gt_bb_upper_20_1_5' (LONG) | Used: 62 | Top10%: 0 | Avg RR/day: 0.06 (global: 1.32) | WR: 44% | Eff: 0.04
2026-06-20 12:03:36 INFO   'ema_9_lt_21' (SHORT) | Used: 261 | Top10%: 0 | Avg RR/day: 0.27 (global: 1.32) | WR: 45% | Eff: 0.20
2026-06-20 12:03:36 INFO   'ema_20_lt_50' (SHORT) | Used: 400 | Top10%: 0 | Avg RR/day: 0.27 (global: 1.32) | WR: 45% | Eff: 0.21
2026-06-20 12:03:36 INFO   'sma_20_lt_50' (SHORT) | Used: 430 | Top10%: 0 | Avg RR/day: 0.27 (global: 1.32) | WR: 45% | Eff: 0.20
2026-06-20 12:03:36 INFO   'price_lt_sma_50' (SHORT) | Used: 322 | Top10%: 0 | Avg RR/day: 0.35 (global: 1.32) | WR: 47% | Eff: 0.27
2026-06-20 12:03:36 INFO   'price_lt_sma_200' (SHORT) | Used: 362 | Top10%: 0 | Avg RR/day: 0.28 (global: 1.32) | WR: 45% | Eff: 0.21
2026-06-20 12:03:36 INFO   'macd_lt_signal' (SHORT) | Used: 330 | Top10%: 0 | Avg RR/day: 0.26 (global: 1.32) | WR: 46% | Eff: 0.20
2026-06-20 12:03:36 INFO   'macd_hist_lt_0' (SHORT) | Used: 303 | Top10%: 0 | Avg RR/day: 0.23 (global: 1.32) | WR: 45% | Eff: 0.18
2026-06-20 12:03:36 INFO   'rsi_14_gt_70' (SHORT) | Used: 402 | Top10%: 1 | Avg RR/day: 0.33 (global: 1.32) | WR: 47% | Eff: 0.25
2026-06-20 12:03:36 INFO   'rsi_21_lt_50' (SHORT) | Used: 385 | Top10%: 0 | Avg RR/day: 0.33 (global: 1.32) | WR: 47% | Eff: 0.25
2026-06-20 12:03:36 INFO   'stoch_k_lt_20' (SHORT) | Used: 318 | Top10%: 0 | Avg RR/day: 0.20 (global: 1.32) | WR: 43% | Eff: 0.15
2026-06-20 12:03:36 INFO   'cci_14_lt_-100' (SHORT) | Used: 314 | Top10%: 0 | Avg RR/day: 0.30 (global: 1.32) | WR: 44% | Eff: 0.22
2026-06-20 12:03:36 INFO   'williams_gt_-20' (SHORT) | Used: 333 | Top10%: 0 | Avg RR/day: 0.28 (global: 1.32) | WR: 46% | Eff: 0.21
2026-06-20 12:03:36 INFO   'price_gt_bb_upper_20_1_5_s' (SHORT) | Used: 311 | Top10%: 0 | Avg RR/day: 0.32 (global: 1.32) | WR: 46% | Eff: 0.24
2026-06-20 12:03:36 INFO   'atr_gt_sma_atr_20' (SHARED) | Used: 494 | Top10%: 0 | Avg RR/day: 0.23 (global: 1.32) | WR: 45% | Eff: 0.18
2026-06-20 12:03:36 INFO   'volume_gt_sma_20_1_5' (SHARED) | Used: 413 | Top10%: 0 | Avg RR/day: 0.27 (global: 1.32) | WR: 45% | Eff: 0.20
2026-06-20 12:03:36 INFO   'adx_14_gt_25' (SHARED) | Used: 544 | Top10%: 2 | Avg RR/day: 0.34 (global: 1.32) | WR: 45% | Eff: 0.26
2026-06-20 12:03:36 INFO   'adx_14_lt_20' (SHARED) | Used: 440 | Top10%: 0 | Avg RR/day: 0.30 (global: 1.32) | WR: 47% | Eff: 0.22
2026-06-20 12:03:36 INFO   'price_gt_high_20_1_02' (SHARED) | Used: 408 | Top10%: 0 | Avg RR/day: 0.29 (global: 1.32) | WR: 45% | Eff: 0.22
2026-06-20 12:03:36 INFO   'price_lt_low_20_0_98' (SHARED) | Used: 496 | Top10%: 0 | Avg RR/day: 0.36 (global: 1.32) | WR: 47% | Eff: 0.28
2026-06-20 12:03:36 INFO 
2026-06-20 12:03:36 INFO [STRONG] STRONG CONDITIONS:
2026-06-20 12:03:36 INFO   'ema_12_lt_26' (SHORT) | Used: 1046 | Top10%: 166 | Avg RR/day: 1.95 (global: 1.32) | WR: 71% | Eff: 1.48
2026-06-20 12:03:36 INFO   'rsi_14_lt_50' (SHORT) | Used: 1096 | Top10%: 166 | Avg RR/day: 1.88 (global: 1.32) | WR: 70% | Eff: 1.42
2026-06-20 12:03:36 INFO   'rsi_21_gt_70' (SHORT) | Used: 1015 | Top10%: 166 | Avg RR/day: 2.01 (global: 1.32) | WR: 72% | Eff: 1.52
2026-06-20 12:03:36 INFO   'stoch_k_gt_80' (SHORT) | Used: 884 | Top10%: 166 | Avg RR/day: 2.21 (global: 1.32) | WR: 75% | Eff: 1.68
2026-06-20 12:03:36 INFO   'cci_14_gt_100' (SHORT) | Used: 920 | Top10%: 166 | Avg RR/day: 2.06 (global: 1.32) | WR: 72% | Eff: 1.56
2026-06-20 12:03:36 INFO   'williams_lt_-80' (SHORT) | Used: 938 | Top10%: 166 | Avg RR/day: 2.09 (global: 1.32) | WR: 72% | Eff: 1.58
2026-06-20 12:03:36 INFO   'price_gt_bb_upper_20_2_s' (SHORT) | Used: 957 | Top10%: 165 | Avg RR/day: 2.06 (global: 1.32) | WR: 72% | Eff: 1.56
2026-06-20 12:03:36 INFO   'price_lt_bb_lower_20_2_s' (SHORT) | Used: 1072 | Top10%: 166 | Avg RR/day: 1.93 (global: 1.32) | WR: 70% | Eff: 1.46
2026-06-20 12:03:36 INFO   'price_lt_bb_lower_20_1_5_s' (SHORT) | Used: 936 | Top10%: 166 | Avg RR/day: 2.13 (global: 1.32) | WR: 73% | Eff: 1.61
2026-06-20 12:03:36 INFO   'volume_gt_sma_20_2_0' (SHARED) | Used: 1157 | Top10%: 166 | Avg RR/day: 1.77 (global: 1.32) | WR: 68% | Eff: 1.34
2026-06-20 12:03:36 INFO   'obv_gt_sma_obv_20' (SHARED) | Used: 1073 | Top10%: 166 | Avg RR/day: 1.93 (global: 1.32) | WR: 71% | Eff: 1.46
2026-06-20 12:03:36 INFO   'adx_14_gt_30' (SHARED) | Used: 1175 | Top10%: 164 | Avg RR/day: 1.74 (global: 1.32) | WR: 68% | Eff: 1.32
2026-06-20 12:03:36 INFO 
2026-06-20 12:03:36 INFO Auto-removed 41 conditions: ['ema_9_gt_21', 'ema_12_gt_26', 'ema_20_gt_50', 'sma_20_gt_50', 'price_gt_sma_50', 'price_gt_sma_200', 'macd_gt_signal', 'macd_hist_gt_0', 'rsi_14_gt_50', 'rsi_14_lt_30', 'rsi_21_gt_50', 'rsi_21_lt_30', 'stoch_k_gt_20', 'stoch_k_lt_80', 'cci_14_gt_-100', 'cci_14_lt_100', 'williams_gt_-80', 'williams_lt_-20', 'price_lt_bb_lower_20_2', 'price_gt_bb_upper_20_2', 'price_lt_bb_lower_20_1_5', 'price_gt_bb_upper_20_1_5', 'ema_9_lt_21', 'ema_20_lt_50', 'sma_20_lt_50', 'price_lt_sma_50', 'price_lt_sma_200', 'macd_lt_signal', 'macd_hist_lt_0', 'rsi_14_gt_70', 'rsi_21_lt_50', 'stoch_k_lt_20', 'cci_14_lt_-100', 'williams_gt_-20', 'price_gt_bb_upper_20_1_5_s', 'atr_gt_sma_atr_20', 'volume_gt_sma_20_1_5', 'adx_14_gt_25', 'adx_14_lt_20', 'price_gt_high_20_1_02', 'price_lt_low_20_0_98']
2026-06-20 12:03:36 INFO ============================================================
2026-06-20 12:03:36 INFO Efficiency report saved to C:\Users\xfide\documents\crypto.ai\models\condition_efficiency.json
2026-06-20 12:03:36 INFO [EFFICIENCY] Skipping removal of 'rsi_21_lt_30' -- LONG pool would drop below 20
2026-06-20 12:03:36 INFO [EFFICIENCY] Skipping removal of 'stoch_k_gt_20' -- LONG pool would drop below 20
2026-06-20 12:03:36 INFO [EFFICIENCY] Skipping removal of 'stoch_k_lt_80' -- LONG pool would drop below 20
2026-06-20 12:03:36 INFO [EFFICIENCY] Skipping removal of 'cci_14_gt_-100' -- LONG pool would drop below 20
2026-06-20 12:03:36 INFO [EFFICIENCY] Skipping removal of 'cci_14_lt_100' -- LONG pool would drop below 20
2026-06-20 12:03:36 INFO [EFFICIENCY] Skipping removal of 'williams_gt_-80' -- LONG pool would drop below 20
2026-06-20 12:03:36 INFO [EFFICIENCY] Skipping removal of 'williams_lt_-20' -- LONG pool would drop below 20
2026-06-20 12:03:36 INFO [EFFICIENCY] Skipping removal of 'price_lt_bb_lower_20_2' -- LONG pool would drop below 20
2026-06-20 12:03:36 INFO [EFFICIENCY] Skipping removal of 'price_gt_bb_upper_20_2' -- LONG pool would drop below 20
2026-06-20 12:03:36 INFO [EFFICIENCY] Skipping removal of 'price_lt_bb_lower_20_1_5' -- LONG pool would drop below 20
2026-06-20 12:03:36 INFO [EFFICIENCY] Skipping removal of 'price_gt_bb_upper_20_1_5' -- LONG pool would drop below 20
2026-06-20 12:03:36 INFO [EFFICIENCY] Skipping removal of 'williams_gt_-20' -- SHORT pool would drop below 20
2026-06-20 12:03:36 INFO [EFFICIENCY] Skipping removal of 'price_gt_bb_upper_20_1_5_s' -- SHORT pool would drop below 20
2026-06-20 12:03:36 INFO [EFFICIENCY] Skipping removal of 'atr_gt_sma_atr_20' -- SHARED condition, pool would drop below 20
2026-06-20 12:03:36 INFO [EFFICIENCY] Skipping removal of 'volume_gt_sma_20_1_5' -- SHARED condition, pool would drop below 20
2026-06-20 12:03:36 INFO [EFFICIENCY] Skipping removal of 'adx_14_gt_25' -- SHARED condition, pool would drop below 20
2026-06-20 12:03:36 INFO [EFFICIENCY] Skipping removal of 'adx_14_lt_20' -- SHARED condition, pool would drop below 20
2026-06-20 12:03:36 INFO [EFFICIENCY] Skipping removal of 'price_gt_high_20_1_02' -- SHARED condition, pool would drop below 20
2026-06-20 12:03:36 INFO [EFFICIENCY] Skipping removal of 'price_lt_low_20_0_98' -- SHARED condition, pool would drop below 20
2026-06-20 12:03:36 INFO [EFFICIENCY] Condition 'ema_9_gt_21' removed from pool (efficiency < 0.3).
2026-06-20 12:03:36 INFO [EFFICIENCY] Condition 'ema_12_gt_26' removed from pool (efficiency < 0.3).
2026-06-20 12:03:36 INFO [EFFICIENCY] Condition 'ema_20_gt_50' removed from pool (efficiency < 0.3).
2026-06-20 12:03:36 INFO [EFFICIENCY] Condition 'sma_20_gt_50' removed from pool (efficiency < 0.3).
2026-06-20 12:03:36 INFO [EFFICIENCY] Condition 'price_gt_sma_50' removed from pool (efficiency < 0.3).
2026-06-20 12:03:36 INFO [EFFICIENCY] Condition 'price_gt_sma_200' removed from pool (efficiency < 0.3).
2026-06-20 12:03:36 INFO [EFFICIENCY] Condition 'macd_gt_signal' removed from pool (efficiency < 0.3).
2026-06-20 12:03:36 INFO [EFFICIENCY] Condition 'macd_hist_gt_0' removed from pool (efficiency < 0.3).
2026-06-20 12:03:36 INFO [EFFICIENCY] Condition 'rsi_14_gt_50' removed from pool (efficiency < 0.3).
2026-06-20 12:03:36 INFO [EFFICIENCY] Condition 'rsi_14_lt_30' removed from pool (efficiency < 0.3).
2026-06-20 12:03:36 INFO [EFFICIENCY] Condition 'rsi_21_gt_50' removed from pool (efficiency < 0.3).
2026-06-20 12:03:36 INFO [EFFICIENCY] Condition 'ema_9_lt_21' removed from pool (efficiency < 0.3).
2026-06-20 12:03:36 INFO [EFFICIENCY] Condition 'ema_20_lt_50' removed from pool (efficiency < 0.3).
2026-06-20 12:03:36 INFO [EFFICIENCY] Condition 'sma_20_lt_50' removed from pool (efficiency < 0.3).
2026-06-20 12:03:36 INFO [EFFICIENCY] Condition 'price_lt_sma_50' removed from pool (efficiency < 0.3).
2026-06-20 12:03:36 INFO [EFFICIENCY] Condition 'price_lt_sma_200' removed from pool (efficiency < 0.3).
2026-06-20 12:03:36 INFO [EFFICIENCY] Condition 'macd_lt_signal' removed from pool (efficiency < 0.3).
2026-06-20 12:03:36 INFO [EFFICIENCY] Condition 'macd_hist_lt_0' removed from pool (efficiency < 0.3).
2026-06-20 12:03:36 INFO [EFFICIENCY] Condition 'rsi_14_gt_70' removed from pool (efficiency < 0.3).
2026-06-20 12:03:36 INFO [EFFICIENCY] Condition 'rsi_21_lt_50' removed from pool (efficiency < 0.3).
2026-06-20 12:03:36 INFO [EFFICIENCY] Condition 'stoch_k_lt_20' removed from pool (efficiency < 0.3).
2026-06-20 12:03:36 INFO [EFFICIENCY] Condition 'cci_14_lt_-100' removed from pool (efficiency < 0.3).
2026-06-20 12:03:36 INFO [EFFICIENCY] 19 condition(s) kept due to pool size floor: ['rsi_21_lt_30', 'stoch_k_gt_20', 'stoch_k_lt_80', 'cci_14_gt_-100', 'cci_14_lt_100', 'williams_gt_-80', 'williams_lt_-20', 'price_lt_bb_lower_20_2', 'price_gt_bb_upper_20_2', 'price_lt_bb_lower_20_1_5', 'price_gt_bb_upper_20_1_5', 'williams_gt_-20', 'price_gt_bb_upper_20_1_5_s', 'atr_gt_sma_atr_20', 'volume_gt_sma_20_1_5', 'adx_14_gt_25', 'adx_14_lt_20', 'price_gt_high_20_1_02', 'price_lt_low_20_0_98']
2026-06-20 12:03:36 INFO ============================================================
2026-06-20 12:03:36 INFO Training finished.
2026-06-20 12:03:36 INFO 
2026-06-20 12:03:36 INFO   Best score:          2.1400
2026-06-20 12:03:36 INFO   Best strategy:       
2026-06-20 12:03:36 INFO 
2026-06-20 12:03:36 INFO   Total strategies tested: 2132
2026-06-20 12:03:36 INFO   Time elapsed:        403s (6.7m)
2026-06-20 12:03:36 INFO   Average:             5.3 strats/sec
2026-06-20 12:03:36 INFO   Best strategy saved to C:\Users\xfide\documents\crypto.ai\models\best_strategy.json
2026-06-20 12:03:36 INFO 
2026-06-20 12:03:36 INFO   Next steps:
2026-06-20 12:03:36 INFO     1. Review efficiency report above -- which conditions helped/hurt
2026-06-20 12:03:36 INFO     2. Run validation: python validation.py --symbol BTC/USDT
2026-06-20 12:03:36 INFO     3. If validation passes, go live: python live_signal.py
2026-06-20 12:03:36 INFO ============================================================
