2026-06-19 23:58:51 INFO Training log: C:\Users\xfide\documents\crypto.ai\logs\training_2026-06-19_235851.log
2026-06-19 23:58:51 INFO Cleared removed_conditions.json -- all 53 conditions available for this run.
2026-06-19 23:58:51 INFO Training started | Method: random | Symbol: BTC/USDT | Timeframe: 15m | Duration: 2 min
2026-06-19 23:58:51 INFO Loading historical data...
2026-06-19 23:58:51 INFO Cache found: 17283 candles up to 2026-06-19 22:45:00+00:00. Fetching from 2026-06-19 23:00:00+00:00.
2026-06-19 23:58:51 INFO Fetching BTC/USDT 15m from 2026-06-19 23:00 to 2026-06-19 22:58
2026-06-19 23:58:51 WARNING No candles fetched.
2026-06-19 23:58:51 INFO Total candles available: 17283
2026-06-19 23:58:51 INFO Raw data: 17283 candles
2026-06-19 23:58:51 INFO Computing indicators...
2026-06-19 23:58:51 INFO Data prepared: 17084 candles after warmup drop.
2026-06-19 23:58:51 INFO Clean data: 17084 candles after warmup
2026-06-19 23:58:51 INFO Pre-computing 53 conditions...
2026-06-19 23:58:51 INFO Data preparation complete.
2026-06-19 23:58:51 INFO ============================================================
2026-06-19 23:58:51 INFO Random Search Mode
2026-06-19 23:58:51 INFO ============================================================
2026-06-19 23:59:22 INFO Random #100 | Best: 1.0700 | Rate: 3.2 strats/s | Remaining: 1.5m
2026-06-19 23:59:44 INFO Random #200 | Best: 1.0700 | Rate: 3.8 strats/s | Remaining: 1.1m
2026-06-19 23:59:50 INFO Random #300 | Best: 1.0700 | Rate: 5.0 strats/s | Remaining: 1.0m
2026-06-19 23:59:57 INFO Random #400 | Best: 1.0700 | Rate: 6.0 strats/s | Remaining: 0.9m
2026-06-20 00:00:06 INFO Random #500 | Best: 1.0700 | Rate: 6.7 strats/s | Remaining: 0.8m
2026-06-20 00:00:13 INFO Random #600 | Best: 1.8450 | Rate: 7.3 strats/s | Remaining: 0.6m
2026-06-20 00:00:22 INFO Random #700 | Best: 1.8450 | Rate: 7.7 strats/s | Remaining: 0.5m
2026-06-20 00:00:43 INFO Random #800 | Best: 1.8450 | Rate: 7.1 strats/s | Remaining: 0.1m
2026-06-20 00:00:51 INFO Strategy saved to C:\Users\xfide\documents\crypto.ai\models\best_strategy.json
2026-06-20 00:00:51 INFO Top 483 strategies saved to C:\Users\xfide\documents\crypto.ai\models\top_strategies.json
2026-06-20 00:00:51 INFO ============================================================
2026-06-20 00:00:51 INFO EFFICIENCY REPORT
2026-06-20 00:00:51 INFO ============================================================
2026-06-20 00:00:51 INFO Strategies analyzed: 483
2026-06-20 00:00:51 INFO Global avg RR/day: 0.1264
2026-06-20 00:00:51 INFO 
2026-06-20 00:00:51 INFO [CRITICAL] CRITICAL ALERTS (auto-removed):
2026-06-20 00:00:51 INFO   'ema_9_gt_21' (LONG) | Used: 106 | Top10%: 2 | Avg RR/day: 0.01 (global: 0.13) | WR: 45% | Eff: 0.06
2026-06-20 00:00:51 INFO   'ema_12_gt_26' (LONG) | Used: 94 | Top10%: 5 | Avg RR/day: 0.02 (global: 0.13) | WR: 45% | Eff: 0.15
2026-06-20 00:00:51 INFO   'ema_20_gt_50' (LONG) | Used: 91 | Top10%: 3 | Avg RR/day: 0.02 (global: 0.13) | WR: 44% | Eff: 0.12
2026-06-20 00:00:51 INFO   'price_gt_sma_50' (LONG) | Used: 88 | Top10%: 3 | Avg RR/day: 0.00 (global: 0.13) | WR: 43% | Eff: 0.02
2026-06-20 00:00:51 INFO   'price_gt_sma_200' (LONG) | Used: 102 | Top10%: 1 | Avg RR/day: -0.00 (global: 0.13) | WR: 44% | Eff: -0.04
2026-06-20 00:00:51 INFO   'macd_gt_signal' (LONG) | Used: 91 | Top10%: 5 | Avg RR/day: 0.02 (global: 0.13) | WR: 45% | Eff: 0.19
2026-06-20 00:00:51 INFO   'macd_hist_gt_0' (LONG) | Used: 84 | Top10%: 4 | Avg RR/day: 0.02 (global: 0.13) | WR: 45% | Eff: 0.19
2026-06-20 00:00:51 INFO   'rsi_14_gt_50' (LONG) | Used: 102 | Top10%: 2 | Avg RR/day: 0.02 (global: 0.13) | WR: 45% | Eff: 0.16
2026-06-20 00:00:51 INFO   'rsi_21_gt_50' (LONG) | Used: 81 | Top10%: 1 | Avg RR/day: 0.00 (global: 0.13) | WR: 43% | Eff: 0.01
2026-06-20 00:00:51 INFO   'stoch_k_gt_20' (LONG) | Used: 87 | Top10%: 2 | Avg RR/day: 0.02 (global: 0.13) | WR: 44% | Eff: 0.16
2026-06-20 00:00:51 INFO   'stoch_k_lt_80' (LONG) | Used: 82 | Top10%: 3 | Avg RR/day: 0.01 (global: 0.13) | WR: 44% | Eff: 0.11
2026-06-20 00:00:51 INFO   'cci_14_gt_-100' (LONG) | Used: 91 | Top10%: 4 | Avg RR/day: 0.01 (global: 0.13) | WR: 44% | Eff: 0.10
2026-06-20 00:00:51 INFO   'cci_14_lt_100' (LONG) | Used: 100 | Top10%: 3 | Avg RR/day: 0.02 (global: 0.13) | WR: 45% | Eff: 0.16
2026-06-20 00:00:51 INFO   'williams_gt_-80' (LONG) | Used: 84 | Top10%: 4 | Avg RR/day: 0.01 (global: 0.13) | WR: 44% | Eff: 0.09
2026-06-20 00:00:51 INFO   'williams_lt_-20' (LONG) | Used: 86 | Top10%: 3 | Avg RR/day: 0.02 (global: 0.13) | WR: 45% | Eff: 0.15
2026-06-20 00:00:51 INFO   'price_lt_bb_lower_20_2' (LONG) | Used: 96 | Top10%: 4 | Avg RR/day: 0.03 (global: 0.13) | WR: 45% | Eff: 0.25
2026-06-20 00:00:51 INFO   'price_gt_bb_upper_20_2' (LONG) | Used: 108 | Top10%: 4 | Avg RR/day: 0.01 (global: 0.13) | WR: 44% | Eff: 0.12
2026-06-20 00:00:51 INFO   'price_lt_bb_lower_20_1_5' (LONG) | Used: 101 | Top10%: 5 | Avg RR/day: 0.03 (global: 0.13) | WR: 44% | Eff: 0.26
2026-06-20 00:00:51 INFO   'price_gt_bb_upper_20_1_5' (LONG) | Used: 96 | Top10%: 4 | Avg RR/day: 0.03 (global: 0.13) | WR: 45% | Eff: 0.24
2026-06-20 00:00:51 INFO 
2026-06-20 00:00:51 INFO [ALERT] ALERTS (consider removing):
2026-06-20 00:00:51 INFO   'sma_20_gt_50' (LONG) | Used: 92 | Top10%: 6 | Avg RR/day: 0.06 (global: 0.13) | WR: 46% | Eff: 0.46
2026-06-20 00:00:51 INFO   'rsi_14_lt_30' (LONG) | Used: 96 | Top10%: 3 | Avg RR/day: 0.04 (global: 0.13) | WR: 45% | Eff: 0.31
2026-06-20 00:00:51 INFO   'rsi_21_lt_30' (LONG) | Used: 90 | Top10%: 7 | Avg RR/day: 0.05 (global: 0.13) | WR: 45% | Eff: 0.40
2026-06-20 00:00:51 INFO 
2026-06-20 00:00:51 INFO [STRONG] STRONG CONDITIONS:
2026-06-20 00:00:51 INFO   'ema_9_lt_21' (SHORT) | Used: 92 | Top10%: 15 | Avg RR/day: 0.22 (global: 0.13) | WR: 46% | Eff: 1.78
2026-06-20 00:00:51 INFO   'ema_12_lt_26' (SHORT) | Used: 101 | Top10%: 10 | Avg RR/day: 0.19 (global: 0.13) | WR: 46% | Eff: 1.54
2026-06-20 00:00:51 INFO   'ema_20_lt_50' (SHORT) | Used: 100 | Top10%: 14 | Avg RR/day: 0.22 (global: 0.13) | WR: 47% | Eff: 1.73
2026-06-20 00:00:51 INFO   'sma_20_lt_50' (SHORT) | Used: 93 | Top10%: 18 | Avg RR/day: 0.23 (global: 0.13) | WR: 47% | Eff: 1.80
2026-06-20 00:00:51 INFO   'price_lt_sma_50' (SHORT) | Used: 95 | Top10%: 17 | Avg RR/day: 0.27 (global: 0.13) | WR: 47% | Eff: 2.10
2026-06-20 00:00:51 INFO   'price_lt_sma_200' (SHORT) | Used: 96 | Top10%: 15 | Avg RR/day: 0.24 (global: 0.13) | WR: 46% | Eff: 1.87
2026-06-20 00:00:51 INFO   'macd_lt_signal' (SHORT) | Used: 92 | Top10%: 15 | Avg RR/day: 0.26 (global: 0.13) | WR: 48% | Eff: 2.08
2026-06-20 00:00:51 INFO   'macd_hist_lt_0' (SHORT) | Used: 84 | Top10%: 11 | Avg RR/day: 0.20 (global: 0.13) | WR: 46% | Eff: 1.61
2026-06-20 00:00:51 INFO   'rsi_14_lt_50' (SHORT) | Used: 93 | Top10%: 14 | Avg RR/day: 0.19 (global: 0.13) | WR: 46% | Eff: 1.48
2026-06-20 00:00:51 INFO   'rsi_14_gt_70' (SHORT) | Used: 86 | Top10%: 13 | Avg RR/day: 0.19 (global: 0.13) | WR: 47% | Eff: 1.49
2026-06-20 00:00:51 INFO   'rsi_21_lt_50' (SHORT) | Used: 110 | Top10%: 18 | Avg RR/day: 0.24 (global: 0.13) | WR: 46% | Eff: 1.93
2026-06-20 00:00:51 INFO   'rsi_21_gt_70' (SHORT) | Used: 82 | Top10%: 12 | Avg RR/day: 0.20 (global: 0.13) | WR: 47% | Eff: 1.55
2026-06-20 00:00:51 INFO   'stoch_k_gt_80' (SHORT) | Used: 93 | Top10%: 19 | Avg RR/day: 0.23 (global: 0.13) | WR: 46% | Eff: 1.79
2026-06-20 00:00:51 INFO   'stoch_k_lt_20' (SHORT) | Used: 97 | Top10%: 11 | Avg RR/day: 0.22 (global: 0.13) | WR: 47% | Eff: 1.73
2026-06-20 00:00:51 INFO   'cci_14_gt_100' (SHORT) | Used: 101 | Top10%: 17 | Avg RR/day: 0.27 (global: 0.13) | WR: 48% | Eff: 2.16
2026-06-20 00:00:51 INFO   'cci_14_lt_-100' (SHORT) | Used: 81 | Top10%: 9 | Avg RR/day: 0.24 (global: 0.13) | WR: 46% | Eff: 1.90
2026-06-20 00:00:51 INFO   'williams_gt_-20' (SHORT) | Used: 103 | Top10%: 20 | Avg RR/day: 0.31 (global: 0.13) | WR: 48% | Eff: 2.45
2026-06-20 00:00:51 INFO   'williams_lt_-80' (SHORT) | Used: 91 | Top10%: 15 | Avg RR/day: 0.24 (global: 0.13) | WR: 47% | Eff: 1.92
2026-06-20 00:00:51 INFO   'price_gt_bb_upper_20_2_s' (SHORT) | Used: 90 | Top10%: 20 | Avg RR/day: 0.27 (global: 0.13) | WR: 47% | Eff: 2.10
2026-06-20 00:00:51 INFO   'price_lt_bb_lower_20_2_s' (SHORT) | Used: 102 | Top10%: 21 | Avg RR/day: 0.29 (global: 0.13) | WR: 48% | Eff: 2.28
2026-06-20 00:00:51 INFO   'price_gt_bb_upper_20_1_5_s' (SHORT) | Used: 95 | Top10%: 21 | Avg RR/day: 0.26 (global: 0.13) | WR: 47% | Eff: 2.04
2026-06-20 00:00:51 INFO   'price_lt_bb_lower_20_1_5_s' (SHORT) | Used: 82 | Top10%: 14 | Avg RR/day: 0.24 (global: 0.13) | WR: 48% | Eff: 1.88
2026-06-20 00:00:51 INFO   'obv_gt_sma_obv_20' (SHARED) | Used: 188 | Top10%: 25 | Avg RR/day: 0.17 (global: 0.13) | WR: 47% | Eff: 1.31
2026-06-20 00:00:51 INFO   'adx_14_lt_20' (SHARED) | Used: 169 | Top10%: 19 | Avg RR/day: 0.17 (global: 0.13) | WR: 48% | Eff: 1.31
2026-06-20 00:00:51 INFO 
2026-06-20 00:00:51 INFO [OK] OK CONDITIONS:
2026-06-20 00:00:51 INFO   'atr_gt_sma_atr_20' (SHARED) | Used: 191 | Top10%: 13 | Avg RR/day: 0.10 (global: 0.13) | WR: 45% | Eff: 0.82
2026-06-20 00:00:51 INFO   'volume_gt_sma_20_1_5' (SHARED) | Used: 181 | Top10%: 25 | Avg RR/day: 0.15 (global: 0.13) | WR: 46% | Eff: 1.21
2026-06-20 00:00:51 INFO   'volume_gt_sma_20_2_0' (SHARED) | Used: 182 | Top10%: 19 | Avg RR/day: 0.15 (global: 0.13) | WR: 46% | Eff: 1.22
2026-06-20 00:00:51 INFO   'adx_14_gt_25' (SHARED) | Used: 186 | Top10%: 13 | Avg RR/day: 0.11 (global: 0.13) | WR: 45% | Eff: 0.89
2026-06-20 00:00:51 INFO   'adx_14_gt_30' (SHARED) | Used: 194 | Top10%: 23 | Avg RR/day: 0.14 (global: 0.13) | WR: 46% | Eff: 1.07
2026-06-20 00:00:51 INFO   'price_gt_high_20_1_02' (SHARED) | Used: 184 | Top10%: 23 | Avg RR/day: 0.15 (global: 0.13) | WR: 46% | Eff: 1.16
2026-06-20 00:00:51 INFO   'price_lt_low_20_0_98' (SHARED) | Used: 188 | Top10%: 22 | Avg RR/day: 0.14 (global: 0.13) | WR: 46% | Eff: 1.08
2026-06-20 00:00:51 INFO 
2026-06-20 00:00:51 INFO Auto-removed 19 conditions: ['ema_9_gt_21', 'ema_12_gt_26', 'ema_20_gt_50', 'price_gt_sma_50', 'price_gt_sma_200', 'macd_gt_signal', 'macd_hist_gt_0', 'rsi_14_gt_50', 'rsi_21_gt_50', 'stoch_k_gt_20', 'stoch_k_lt_80', 'cci_14_gt_-100', 'cci_14_lt_100', 'williams_gt_-80', 'williams_lt_-20', 'price_lt_bb_lower_20_2', 'price_gt_bb_upper_20_2', 'price_lt_bb_lower_20_1_5', 'price_gt_bb_upper_20_1_5']
2026-06-20 00:00:51 INFO ============================================================
2026-06-20 00:00:51 INFO Efficiency report saved to C:\Users\xfide\documents\crypto.ai\models\condition_efficiency.json
2026-06-20 00:00:51 INFO [EFFICIENCY] Skipping removal of 'cci_14_gt_-100' -- LONG pool would drop below 20
2026-06-20 00:00:51 INFO [EFFICIENCY] Skipping removal of 'cci_14_lt_100' -- LONG pool would drop below 20
2026-06-20 00:00:51 INFO [EFFICIENCY] Skipping removal of 'williams_gt_-80' -- LONG pool would drop below 20
2026-06-20 00:00:51 INFO [EFFICIENCY] Skipping removal of 'williams_lt_-20' -- LONG pool would drop below 20
2026-06-20 00:00:51 INFO [EFFICIENCY] Skipping removal of 'price_lt_bb_lower_20_2' -- LONG pool would drop below 20
2026-06-20 00:00:51 INFO [EFFICIENCY] Skipping removal of 'price_gt_bb_upper_20_2' -- LONG pool would drop below 20
2026-06-20 00:00:51 INFO [EFFICIENCY] Skipping removal of 'price_lt_bb_lower_20_1_5' -- LONG pool would drop below 20
2026-06-20 00:00:51 INFO [EFFICIENCY] Skipping removal of 'price_gt_bb_upper_20_1_5' -- LONG pool would drop below 20
2026-06-20 00:00:51 INFO [EFFICIENCY] Condition 'ema_9_gt_21' removed from pool (efficiency < 0.3).
2026-06-20 00:00:51 INFO [EFFICIENCY] Condition 'ema_12_gt_26' removed from pool (efficiency < 0.3).
2026-06-20 00:00:51 INFO [EFFICIENCY] Condition 'ema_20_gt_50' removed from pool (efficiency < 0.3).
2026-06-20 00:00:51 INFO [EFFICIENCY] Condition 'price_gt_sma_50' removed from pool (efficiency < 0.3).
2026-06-20 00:00:51 INFO [EFFICIENCY] Condition 'price_gt_sma_200' removed from pool (efficiency < 0.3).
2026-06-20 00:00:51 INFO [EFFICIENCY] Condition 'macd_gt_signal' removed from pool (efficiency < 0.3).
2026-06-20 00:00:51 INFO [EFFICIENCY] Condition 'macd_hist_gt_0' removed from pool (efficiency < 0.3).
2026-06-20 00:00:51 INFO [EFFICIENCY] Condition 'rsi_14_gt_50' removed from pool (efficiency < 0.3).
2026-06-20 00:00:51 INFO [EFFICIENCY] Condition 'rsi_21_gt_50' removed from pool (efficiency < 0.3).
2026-06-20 00:00:51 INFO [EFFICIENCY] Condition 'stoch_k_gt_20' removed from pool (efficiency < 0.3).
2026-06-20 00:00:51 INFO [EFFICIENCY] Condition 'stoch_k_lt_80' removed from pool (efficiency < 0.3).
2026-06-20 00:00:51 INFO [EFFICIENCY] 8 condition(s) kept due to pool size floor: ['cci_14_gt_-100', 'cci_14_lt_100', 'williams_gt_-80', 'williams_lt_-20', 'price_lt_bb_lower_20_2', 'price_gt_bb_upper_20_2', 'price_lt_bb_lower_20_1_5', 'price_gt_bb_upper_20_1_5']
2026-06-20 00:00:51 INFO ============================================================
2026-06-20 00:00:51 INFO Training finished.
2026-06-20 00:00:51 INFO   Best score: 1.8449999999999998
2026-06-20 00:00:51 INFO   Best strategy: strat_f53c043a
2026-06-20 00:00:51 INFO   Total strategies tested: 825
2026-06-20 00:00:51 INFO   Time elapsed: 121s (2.0m)
2026-06-20 00:00:51 INFO   Average: 6.8 strats/sec
2026-06-20 00:00:51 INFO   Best strategy saved to C:\Users\xfide\documents\crypto.ai\models\best_strategy.json
2026-06-20 00:00:51 INFO ============================================================
