2026-06-21 12:34:19 INFO Training log: C:\Users\xfide\documents\crypto.ai\logs\training_2026-06-21_123419.log
2026-06-21 12:34:19 INFO Cleared removed_conditions.json -- all 53 conditions available for this run.
2026-06-21 12:34:19 INFO Training started | Method: ga_bayesian | Symbol: BTC/USDT | Timeframe: 15m | Duration: 5 min
2026-06-21 12:34:19 INFO   Objective: Find the strategy with the highest score. Score = rr_per_day x drawdown_penalty x low_trades_penalty.
2026-06-21 12:34:19 INFO   Disqualified if: win_rate < 35%, max_drawdown > 50%, or avg_trades/day outside 0.5-10.
2026-06-21 12:34:19 INFO Loading historical data...
2026-06-21 12:34:19 INFO Cache found: 17346 candles up to 2026-06-20 14:30:00+00:00. Fetching from 2026-06-20 14:45:00+00:00.
2026-06-21 12:34:19 INFO Fetching BTC/USDT 15m from 2026-06-20 14:45 to 2026-06-21 11:34
2026-06-21 12:34:24 INFO Fetched 84 new candles in 1 requests.
2026-06-21 12:34:24 INFO Total candles available: 17430
2026-06-21 12:34:24 INFO Raw data: 17430 candles
2026-06-21 12:34:24 INFO Computing indicators...
2026-06-21 12:34:24 INFO Data prepared: 17231 candles after warmup drop.
2026-06-21 12:34:24 INFO Clean data: 17231 candles after warmup
2026-06-21 12:34:24 INFO Pre-computing 53 conditions...
2026-06-21 12:34:24 INFO Data preparation complete.
2026-06-21 12:34:25 INFO ============================================================
2026-06-21 12:34:25 INFO Phase 1: Genetic Algorithm (global search -- evolve strategies over generations)
2026-06-21 12:34:25 INFO ============================================================
2026-06-21 12:34:25 INFO GA: Starting | pop=200, gen=30, cx=0.8, mut=0.2, elite=5
2026-06-21 12:34:25 INFO   Score = rr_per_day * drawdown_penalty * low_trades_penalty. Higher = better. Negative or -inf means disqualified.
2026-06-21 12:34:38 INFO GA Gen 0/30 | Best score: 0.8717 | Avg score: 0.0734 | Pop: 200
2026-06-21 12:34:50 INFO GA Gen 1/30 | Best score: 0.8717 | Avg score: 0.1242 | Tested: 355
2026-06-21 12:35:01 INFO GA Gen 2/30 | Best score: 1.1322 | Avg score: 0.1712 | Tested: 513 [NEW BEST!]
2026-06-21 12:35:14 INFO GA Gen 3/30 | Best score: 1.1322 | Avg score: 0.2061 | Tested: 676
2026-06-21 12:35:26 INFO GA Gen 4/30 | Best score: 2.3963 | Avg score: 0.2671 | Tested: 834 [NEW BEST!]
2026-06-21 12:35:38 INFO GA Gen 5/30 | Best score: 2.4614 | Avg score: 0.2849 | Tested: 1004 [NEW BEST!]
2026-06-21 12:35:53 INFO GA Gen 6/30 | Best score: 2.4885 | Avg score: 0.4095 | Tested: 1172 [NEW BEST!]
2026-06-21 12:36:10 INFO GA Gen 7/30 | Best score: 3.8150 | Avg score: 0.5951 | Tested: 1342 [NEW BEST!]
2026-06-21 12:36:23 INFO GA Gen 8/30 | Best score: 3.8150 | Avg score: 0.8751 | Tested: 1500
2026-06-21 12:36:36 INFO GA Gen 9/30 | Best score: 3.8150 | Avg score: 1.1517 | Tested: 1675
2026-06-21 12:36:47 INFO GA Gen 10/30 | Best score: 3.8150 | Avg score: 1.6562 | Tested: 1821
2026-06-21 12:36:59 INFO GA Gen 11/30 | Best score: 3.8780 | Avg score: 2.5421 | Tested: 1991 [NEW BEST!]
2026-06-21 12:37:09 INFO GA Gen 12/30 | Best score: 3.8780 | Avg score: 3.2482 | Tested: 2152
2026-06-21 12:37:21 INFO GA Gen 13/30 | Best score: 4.1370 | Avg score: 3.3191 | Tested: 2321 [NEW BEST!]
2026-06-21 12:37:32 INFO GA Gen 14/30 | Best score: 4.1370 | Avg score: 3.4965 | Tested: 2486
2026-06-21 12:37:42 INFO GA Gen 15/30 | Best score: 4.3540 | Avg score: 3.6892 | Tested: 2644 [NEW BEST!]
2026-06-21 12:37:52 INFO GA Gen 16/30 | Best score: 4.3540 | Avg score: 3.7094 | Tested: 2799
2026-06-21 12:38:02 INFO GA Gen 17/30 | Best score: 4.3540 | Avg score: 3.8593 | Tested: 2955
2026-06-21 12:38:28 INFO GA Gen 18/30 | Best score: 4.3540 | Avg score: 3.9124 | Tested: 3116
2026-06-21 12:39:01 INFO GA Gen 19/30 | Best score: 4.3540 | Avg score: 3.9321 | Tested: 3293
2026-06-21 12:39:25 INFO GA Gen 20/30 | Best score: 4.3540 | Avg score: 3.9627 | Tested: 3458
2026-06-21 12:39:36 INFO GA Gen 21/30 | Best score: 4.7040 | Avg score: 3.9681 | Tested: 3629 [NEW BEST!]
2026-06-21 12:39:51 INFO GA Gen 22/30 | Best score: 4.7040 | Avg score: 3.9952 | Tested: 3776
2026-06-21 12:40:05 INFO GA Gen 23/30 | Best score: 4.7040 | Avg score: 4.1574 | Tested: 3931
2026-06-21 12:40:15 INFO GA Gen 24/30 | Best score: 4.7320 | Avg score: 4.1857 | Tested: 4090 [NEW BEST!]
2026-06-21 12:40:41 INFO GA Gen 25/30 | Best score: 5.0540 | Avg score: 4.0629 | Tested: 4256 [NEW BEST!]
2026-06-21 12:41:12 INFO GA Gen 26/30 | Best score: 5.0540 | Avg score: 4.2932 | Tested: 4425
2026-06-21 12:41:24 INFO GA Gen 27/30 | Best score: 5.1660 | Avg score: 4.5418 | Tested: 4578 [NEW BEST!]
2026-06-21 12:41:34 INFO GA Gen 28/30 | Best score: 5.1660 | Avg score: 4.5562 | Tested: 4738
2026-06-21 12:41:45 INFO GA Gen 29/30 | Best score: 5.1660 | Avg score: 4.6602 | Tested: 4908
2026-06-21 12:41:56 INFO GA Gen 30/30 | Best score: 5.1660 | Avg score: 4.7048 | Tested: 5082
2026-06-21 12:41:56 INFO GA: Finished | Best score: 5.1660 | Total strategies tested: 5082 | Passing top 10 to Bayesian optimizer.
2026-06-21 12:41:56 INFO GA Phase complete | Elapsed: 451s | Best score: 5.1660 | Strategies tested: 5082
2026-06-21 12:41:56 INFO No time remaining for Bayesian optimization. Skipping.
2026-06-21 12:41:56 INFO Strategy saved to C:\Users\xfide\documents\crypto.ai\models\best_strategy.json
2026-06-21 12:41:56 INFO Top 500 strategies saved to C:\Users\xfide\documents\crypto.ai\models\top_strategies.json
2026-06-21 12:41:56 INFO ============================================================
2026-06-21 12:41:56 INFO EFFICIENCY REPORT
2026-06-21 12:41:56 INFO ============================================================
2026-06-21 12:41:56 INFO Strategies analyzed: 4624
2026-06-21 12:41:56 INFO Global avg RR/day: 4.0292
2026-06-21 12:41:56 INFO   LONG avg RR/day: 0.0362 (157 strategies)
2026-06-21 12:41:56 INFO   SHORT avg RR/day: 4.1695 (4467 strategies)
2026-06-21 12:41:56 INFO 
2026-06-21 12:41:56 INFO [CRITICAL] CRITICAL ALERTS (auto-removed):
2026-06-21 12:41:56 INFO   'ema_9_lt_21' (SHORT) | Used: 242 | Top10%: 0 | Avg RR/day: 0.30 (global: 4.03) | WR: 44% | Eff: 0.07
2026-06-21 12:41:56 INFO   'ema_20_lt_50' (SHORT) | Used: 493 | Top10%: 0 | Avg RR/day: 0.50 (global: 4.03) | WR: 49% | Eff: 0.12
2026-06-21 12:41:56 INFO   'sma_20_lt_50' (SHORT) | Used: 349 | Top10%: 0 | Avg RR/day: 0.28 (global: 4.03) | WR: 47% | Eff: 0.07
2026-06-21 12:41:56 INFO   'price_lt_sma_50' (SHORT) | Used: 214 | Top10%: 0 | Avg RR/day: 0.21 (global: 4.03) | WR: 44% | Eff: 0.05
2026-06-21 12:41:56 INFO   'macd_lt_signal' (SHORT) | Used: 622 | Top10%: 0 | Avg RR/day: 0.52 (global: 4.03) | WR: 48% | Eff: 0.12
2026-06-21 12:41:56 INFO   'macd_hist_lt_0' (SHORT) | Used: 341 | Top10%: 0 | Avg RR/day: 0.26 (global: 4.03) | WR: 45% | Eff: 0.06
2026-06-21 12:41:56 INFO   'rsi_14_lt_50' (SHORT) | Used: 312 | Top10%: 0 | Avg RR/day: 0.32 (global: 4.03) | WR: 45% | Eff: 0.08
2026-06-21 12:41:56 INFO   'rsi_21_gt_70' (SHORT) | Used: 262 | Top10%: 0 | Avg RR/day: 0.36 (global: 4.03) | WR: 46% | Eff: 0.09
2026-06-21 12:41:56 INFO   'stoch_k_lt_20' (SHORT) | Used: 658 | Top10%: 0 | Avg RR/day: 0.59 (global: 4.03) | WR: 49% | Eff: 0.14
2026-06-21 12:41:56 INFO   'cci_14_gt_100' (SHORT) | Used: 245 | Top10%: 0 | Avg RR/day: 0.44 (global: 4.03) | WR: 47% | Eff: 0.11
2026-06-21 12:41:56 INFO   'cci_14_lt_-100' (SHORT) | Used: 626 | Top10%: 0 | Avg RR/day: 0.60 (global: 4.03) | WR: 49% | Eff: 0.14
2026-06-21 12:41:56 INFO   'williams_gt_-20' (SHORT) | Used: 361 | Top10%: 11 | Avg RR/day: 0.61 (global: 4.03) | WR: 50% | Eff: 0.15
2026-06-21 12:41:56 INFO   'williams_lt_-80' (SHORT) | Used: 198 | Top10%: 0 | Avg RR/day: 0.29 (global: 4.03) | WR: 46% | Eff: 0.07
2026-06-21 12:41:56 INFO   'price_gt_bb_upper_20_2_s' (SHORT) | Used: 348 | Top10%: 3 | Avg RR/day: 0.77 (global: 4.03) | WR: 52% | Eff: 0.18
2026-06-21 12:41:56 INFO   'price_gt_bb_upper_20_1_5_s' (SHORT) | Used: 368 | Top10%: 0 | Avg RR/day: 0.36 (global: 4.03) | WR: 46% | Eff: 0.09
2026-06-21 12:41:56 INFO   'price_lt_bb_lower_20_1_5_s' (SHORT) | Used: 409 | Top10%: 0 | Avg RR/day: 0.34 (global: 4.03) | WR: 45% | Eff: 0.08
2026-06-21 12:41:56 INFO   'volume_gt_sma_20_1_5' (SHARED) | Used: 567 | Top10%: 0 | Avg RR/day: 0.33 (global: 4.03) | WR: 47% | Eff: 0.08
2026-06-21 12:41:56 INFO   'volume_gt_sma_20_2_0' (SHARED) | Used: 663 | Top10%: 0 | Avg RR/day: 0.49 (global: 4.03) | WR: 48% | Eff: 0.12
2026-06-21 12:41:56 INFO   'obv_gt_sma_obv_20' (SHARED) | Used: 734 | Top10%: 0 | Avg RR/day: 0.51 (global: 4.03) | WR: 48% | Eff: 0.13
2026-06-21 12:41:56 INFO   'adx_14_gt_25' (SHARED) | Used: 352 | Top10%: 4 | Avg RR/day: 0.33 (global: 4.03) | WR: 45% | Eff: 0.08
2026-06-21 12:41:56 INFO   'adx_14_gt_30' (SHARED) | Used: 599 | Top10%: 0 | Avg RR/day: 0.72 (global: 4.03) | WR: 50% | Eff: 0.18
2026-06-21 12:41:56 INFO   'adx_14_lt_20' (SHARED) | Used: 316 | Top10%: 0 | Avg RR/day: 0.21 (global: 4.03) | WR: 45% | Eff: 0.05
2026-06-21 12:41:56 INFO   'price_gt_high_20_1_02' (SHARED) | Used: 386 | Top10%: 0 | Avg RR/day: 0.27 (global: 4.03) | WR: 45% | Eff: 0.07
2026-06-21 12:41:56 INFO 
2026-06-21 12:41:56 INFO [WARNING] WARNINGS (insufficient data):
2026-06-21 12:41:56 INFO   'price_lt_bb_lower_20_2' (LONG) | Used: 58 | Top10%: 0 | Avg RR/day: 0.02 (global: 4.03) | WR: 44% | Eff: 0.63
2026-06-21 12:41:56 INFO 
2026-06-21 12:41:56 INFO [STRONG] STRONG CONDITIONS:
2026-06-21 12:41:56 INFO   'ema_9_gt_21' (LONG) | Used: 120 | Top10%: 0 | Avg RR/day: 0.13 (global: 4.03) | WR: 46% | Eff: 3.54
2026-06-21 12:41:56 INFO   'ema_12_gt_26' (LONG) | Used: 96 | Top10%: 0 | Avg RR/day: 0.09 (global: 4.03) | WR: 44% | Eff: 2.41
2026-06-21 12:41:56 INFO   'ema_20_gt_50' (LONG) | Used: 92 | Top10%: 0 | Avg RR/day: 0.05 (global: 4.03) | WR: 44% | Eff: 1.46
2026-06-21 12:41:56 INFO   'sma_20_gt_50' (LONG) | Used: 80 | Top10%: 0 | Avg RR/day: 0.09 (global: 4.03) | WR: 44% | Eff: 2.41
2026-06-21 12:41:56 INFO   'macd_gt_signal' (LONG) | Used: 87 | Top10%: 0 | Avg RR/day: 0.06 (global: 4.03) | WR: 45% | Eff: 1.64
2026-06-21 12:41:56 INFO   'rsi_14_lt_30' (LONG) | Used: 82 | Top10%: 0 | Avg RR/day: 0.08 (global: 4.03) | WR: 45% | Eff: 2.24
2026-06-21 12:41:56 INFO   'rsi_21_gt_50' (LONG) | Used: 112 | Top10%: 0 | Avg RR/day: 0.05 (global: 4.03) | WR: 45% | Eff: 1.46
2026-06-21 12:41:56 INFO   'rsi_21_lt_30' (LONG) | Used: 107 | Top10%: 0 | Avg RR/day: 0.08 (global: 4.03) | WR: 45% | Eff: 2.08
2026-06-21 12:41:56 INFO   'stoch_k_gt_20' (LONG) | Used: 108 | Top10%: 0 | Avg RR/day: 0.12 (global: 4.03) | WR: 44% | Eff: 3.31
2026-06-21 12:41:56 INFO   'stoch_k_lt_80' (LONG) | Used: 96 | Top10%: 0 | Avg RR/day: 0.09 (global: 4.03) | WR: 44% | Eff: 2.43
2026-06-21 12:41:56 INFO   'cci_14_lt_100' (LONG) | Used: 117 | Top10%: 0 | Avg RR/day: 0.14 (global: 4.03) | WR: 45% | Eff: 3.82
2026-06-21 12:41:56 INFO   'williams_gt_-80' (LONG) | Used: 3407 | Top10%: 450 | Avg RR/day: 5.19 (global: 4.03) | WR: 94% | Eff: 143.36
2026-06-21 12:41:56 INFO   'williams_lt_-20' (LONG) | Used: 90 | Top10%: 0 | Avg RR/day: 0.09 (global: 4.03) | WR: 44% | Eff: 2.37
2026-06-21 12:41:56 INFO   'price_gt_bb_upper_20_2' (LONG) | Used: 136 | Top10%: 0 | Avg RR/day: 0.09 (global: 4.03) | WR: 45% | Eff: 2.54
2026-06-21 12:41:56 INFO   'price_lt_bb_lower_20_1_5' (LONG) | Used: 85 | Top10%: 0 | Avg RR/day: 0.08 (global: 4.03) | WR: 44% | Eff: 2.26
2026-06-21 12:41:56 INFO   'price_gt_bb_upper_20_1_5' (LONG) | Used: 3431 | Top10%: 462 | Avg RR/day: 5.28 (global: 4.03) | WR: 95% | Eff: 145.83
2026-06-21 12:41:56 INFO 
2026-06-21 12:41:56 INFO [OK] OK CONDITIONS:
2026-06-21 12:41:56 INFO   'price_gt_sma_50' (LONG) | Used: 100 | Top10%: 0 | Avg RR/day: 0.04 (global: 4.03) | WR: 44% | Eff: 1.08
2026-06-21 12:41:56 INFO   'price_gt_sma_200' (LONG) | Used: 83 | Top10%: 0 | Avg RR/day: 0.04 (global: 4.03) | WR: 44% | Eff: 0.97
2026-06-21 12:41:56 INFO   'macd_hist_gt_0' (LONG) | Used: 79 | Top10%: 0 | Avg RR/day: 0.04 (global: 4.03) | WR: 44% | Eff: 1.19
2026-06-21 12:41:56 INFO   'rsi_14_gt_50' (LONG) | Used: 84 | Top10%: 0 | Avg RR/day: 0.04 (global: 4.03) | WR: 44% | Eff: 1.18
2026-06-21 12:41:56 INFO   'cci_14_gt_-100' (LONG) | Used: 94 | Top10%: 0 | Avg RR/day: 0.03 (global: 4.03) | WR: 44% | Eff: 0.77
2026-06-21 12:41:56 INFO   'ema_12_lt_26' (SHORT) | Used: 3698 | Top10%: 462 | Avg RR/day: 4.93 (global: 4.03) | WR: 92% | Eff: 1.18
2026-06-21 12:41:56 INFO   'price_lt_sma_200' (SHORT) | Used: 4046 | Top10%: 456 | Avg RR/day: 4.52 (global: 4.03) | WR: 88% | Eff: 1.08
2026-06-21 12:41:56 INFO   'rsi_14_gt_70' (SHORT) | Used: 4003 | Top10%: 462 | Avg RR/day: 4.62 (global: 4.03) | WR: 89% | Eff: 1.11
2026-06-21 12:41:56 INFO   'rsi_21_lt_50' (SHORT) | Used: 4034 | Top10%: 462 | Avg RR/day: 4.59 (global: 4.03) | WR: 89% | Eff: 1.10
2026-06-21 12:41:56 INFO   'stoch_k_gt_80' (SHORT) | Used: 3951 | Top10%: 462 | Avg RR/day: 4.67 (global: 4.03) | WR: 89% | Eff: 1.12
2026-06-21 12:41:56 INFO   'price_lt_bb_lower_20_2_s' (SHORT) | Used: 3558 | Top10%: 462 | Avg RR/day: 5.08 (global: 4.03) | WR: 93% | Eff: 1.22
2026-06-21 12:41:56 INFO   'atr_gt_sma_atr_20' (SHARED) | Used: 3691 | Top10%: 462 | Avg RR/day: 4.92 (global: 4.03) | WR: 92% | Eff: 1.22
2026-06-21 12:41:56 INFO   'price_lt_low_20_0_98' (SHARED) | Used: 4037 | Top10%: 462 | Avg RR/day: 4.58 (global: 4.03) | WR: 88% | Eff: 1.14
2026-06-21 12:41:56 INFO 
2026-06-21 12:41:56 INFO Auto-removed 23 conditions: ['ema_9_lt_21', 'ema_20_lt_50', 'sma_20_lt_50', 'price_lt_sma_50', 'macd_lt_signal', 'macd_hist_lt_0', 'rsi_14_lt_50', 'rsi_21_gt_70', 'stoch_k_lt_20', 'cci_14_gt_100', 'cci_14_lt_-100', 'williams_gt_-20', 'williams_lt_-80', 'price_gt_bb_upper_20_2_s', 'price_gt_bb_upper_20_1_5_s', 'price_lt_bb_lower_20_1_5_s', 'volume_gt_sma_20_1_5', 'volume_gt_sma_20_2_0', 'obv_gt_sma_obv_20', 'adx_14_gt_25', 'adx_14_gt_30', 'adx_14_lt_20', 'price_gt_high_20_1_02']
2026-06-21 12:41:56 INFO ============================================================
2026-06-21 12:41:56 INFO Efficiency report saved to C:\Users\xfide\documents\crypto.ai\models\condition_efficiency.json
2026-06-21 12:41:56 INFO [EFFICIENCY] Skipping removal of 'williams_gt_-20' -- SHORT pool would drop below 20
2026-06-21 12:41:56 INFO [EFFICIENCY] Skipping removal of 'williams_lt_-80' -- SHORT pool would drop below 20
2026-06-21 12:41:56 INFO [EFFICIENCY] Skipping removal of 'price_gt_bb_upper_20_2_s' -- SHORT pool would drop below 20
2026-06-21 12:41:56 INFO [EFFICIENCY] Skipping removal of 'price_gt_bb_upper_20_1_5_s' -- SHORT pool would drop below 20
2026-06-21 12:41:56 INFO [EFFICIENCY] Skipping removal of 'price_lt_bb_lower_20_1_5_s' -- SHORT pool would drop below 20
2026-06-21 12:41:56 INFO [EFFICIENCY] Skipping removal of 'volume_gt_sma_20_1_5' -- SHARED condition, pool would drop below 20
2026-06-21 12:41:56 INFO [EFFICIENCY] Skipping removal of 'volume_gt_sma_20_2_0' -- SHARED condition, pool would drop below 20
2026-06-21 12:41:56 INFO [EFFICIENCY] Skipping removal of 'obv_gt_sma_obv_20' -- SHARED condition, pool would drop below 20
2026-06-21 12:41:56 INFO [EFFICIENCY] Skipping removal of 'adx_14_gt_25' -- SHARED condition, pool would drop below 20
2026-06-21 12:41:56 INFO [EFFICIENCY] Skipping removal of 'adx_14_gt_30' -- SHARED condition, pool would drop below 20
2026-06-21 12:41:56 INFO [EFFICIENCY] Skipping removal of 'adx_14_lt_20' -- SHARED condition, pool would drop below 20
2026-06-21 12:41:56 INFO [EFFICIENCY] Skipping removal of 'price_gt_high_20_1_02' -- SHARED condition, pool would drop below 20
2026-06-21 12:41:56 INFO [EFFICIENCY] Condition 'ema_9_lt_21' removed from pool (efficiency < 0.3).
2026-06-21 12:41:56 INFO [EFFICIENCY] Condition 'ema_20_lt_50' removed from pool (efficiency < 0.3).
2026-06-21 12:41:56 INFO [EFFICIENCY] Condition 'sma_20_lt_50' removed from pool (efficiency < 0.3).
2026-06-21 12:41:56 INFO [EFFICIENCY] Condition 'price_lt_sma_50' removed from pool (efficiency < 0.3).
2026-06-21 12:41:56 INFO [EFFICIENCY] Condition 'macd_lt_signal' removed from pool (efficiency < 0.3).
2026-06-21 12:41:56 INFO [EFFICIENCY] Condition 'macd_hist_lt_0' removed from pool (efficiency < 0.3).
2026-06-21 12:41:56 INFO [EFFICIENCY] Condition 'rsi_14_lt_50' removed from pool (efficiency < 0.3).
2026-06-21 12:41:56 INFO [EFFICIENCY] Condition 'rsi_21_gt_70' removed from pool (efficiency < 0.3).
2026-06-21 12:41:56 INFO [EFFICIENCY] Condition 'stoch_k_lt_20' removed from pool (efficiency < 0.3).
2026-06-21 12:41:56 INFO [EFFICIENCY] Condition 'cci_14_gt_100' removed from pool (efficiency < 0.3).
2026-06-21 12:41:56 INFO [EFFICIENCY] Condition 'cci_14_lt_-100' removed from pool (efficiency < 0.3).
2026-06-21 12:41:56 INFO [EFFICIENCY] 12 condition(s) kept due to pool size floor: ['williams_gt_-20', 'williams_lt_-80', 'price_gt_bb_upper_20_2_s', 'price_gt_bb_upper_20_1_5_s', 'price_lt_bb_lower_20_1_5_s', 'volume_gt_sma_20_1_5', 'volume_gt_sma_20_2_0', 'obv_gt_sma_obv_20', 'adx_14_gt_25', 'adx_14_gt_30', 'adx_14_lt_20', 'price_gt_high_20_1_02']
2026-06-21 12:41:56 INFO ============================================================
2026-06-21 12:41:56 INFO Training finished.
2026-06-21 12:41:56 INFO 
2026-06-21 12:41:56 INFO   Best score:          5.1660
2026-06-21 12:41:56 INFO   Best strategy:       
2026-06-21 12:41:56 INFO 
2026-06-21 12:41:56 INFO   Total strategies tested: 5082
2026-06-21 12:41:56 INFO   Time elapsed:        457s (7.6m)
2026-06-21 12:41:56 INFO   Average:             11.1 strats/sec
2026-06-21 12:41:56 INFO   Best strategy saved to C:\Users\xfide\documents\crypto.ai\models\best_strategy.json
2026-06-21 12:41:56 INFO 
2026-06-21 12:41:56 INFO   Next steps:
2026-06-21 12:41:56 INFO     1. Review efficiency report above -- which conditions helped/hurt
2026-06-21 12:41:56 INFO     2. Run validation: python validation.py --symbol BTC/USDT
2026-06-21 12:41:56 INFO     3. If validation passes, go live: python live_signal.py
2026-06-21 12:41:56 INFO ============================================================
