2026-06-23 21:10:43 INFO Training log: C:\Users\xfide\documents\crypto.ai\logs\training\training_2026-06-23_211043.log
2026-06-23 21:10:43 INFO Training started | Method: ga_bayesian | Symbol: BTC/USDT | Timeframe: 15m | Duration: 30 min
2026-06-23 21:10:43 INFO   Objective: Find the strategy with the highest score. Score = rr_per_day x drawdown_penalty x low_trades_penalty.
2026-06-23 21:10:43 INFO   Disqualified if: trades/day < 1.2, win_rate < 35%, max_drawdown > 50%, or avg_trades/day outside 0.5-10.
2026-06-23 21:10:43 INFO Loading historical data...
2026-06-23 21:10:43 INFO Cache found: 34560 candles (2025-06-28 20:00:00+00:00 to 2026-06-23 19:45:00+00:00).
2026-06-23 21:10:43 INFO Fetching newer data: 2026-06-23 20:00:00+00:00 to 2026-06-23 20:10:43.249795+00:00
2026-06-23 21:10:43 INFO Fetching BTC/USDT 15m from 2026-06-23 20:00 to 2026-06-23 20:10
2026-06-23 21:10:48 INFO Fetched 1 new candles in 1 requests.
2026-06-23 21:10:49 INFO Total candles available: 34560
2026-06-23 21:10:49 INFO Raw data: 34560 candles (2025-06-28 to 2026-06-23, 12 months)
2026-06-23 21:10:49 INFO Computing indicators...
2026-06-23 21:10:49 INFO Data prepared: 34361 candles after warmup drop.
2026-06-23 21:10:49 INFO Clean data: 34361 candles after warmup
2026-06-23 21:10:49 INFO Pre-computing 53 conditions...
2026-06-23 21:10:49 INFO Data preparation complete.
2026-06-23 21:10:49 INFO ============================================================
2026-06-23 21:10:49 INFO Phase 1: Genetic Algorithm (global search -- evolve strategies over generations)
2026-06-23 21:10:49 INFO ============================================================
2026-06-23 21:10:49 INFO [COVERAGE] 53 conditions need more evaluations (target: 5 each). Generating seed strategies.
2026-06-23 21:10:49 INFO [COVERAGE] Generated 5 seed strategies for condition coverage.
2026-06-23 21:10:49 INFO GA: Starting | pop=200, time_budget=900s (15.0m), max_gen=200, cx=0.8, mut=0.2, elite=5
2026-06-23 21:10:49 INFO   Score = rr_per_day * drawdown_penalty * low_trades_penalty. Higher = better. Negative or -inf means disqualified.
2026-06-23 21:10:49 INFO GA: Seeded 5 individuals into initial population.
2026-06-23 21:11:48 INFO GA Gen 0 | Best score: -inf | Avg score: 0.0000 | Pop: 200 | Elapsed: 58s
2026-06-23 21:12:42 INFO GA Gen 1 | Best score: -inf | Avg score: 0.0000 | Tested: 357 | Elapsed: 112s
2026-06-23 21:13:38 INFO GA Gen 2 | Best score: -inf | Avg score: 0.0000 | Tested: 533 | Elapsed: 168s
2026-06-23 21:14:30 INFO GA Gen 3 | Best score: -inf | Avg score: 0.0000 | Tested: 698 | Elapsed: 220s
2026-06-23 21:15:22 INFO GA Gen 4 | Best score: -inf | Avg score: 0.0000 | Tested: 863 | Elapsed: 273s
2026-06-23 21:16:11 INFO GA Gen 5 | Best score: -inf | Avg score: 0.0000 | Tested: 1036 | Elapsed: 322s
2026-06-23 21:17:04 INFO GA Gen 6 | Best score: -inf | Avg score: 0.0000 | Tested: 1208 | Elapsed: 375s
2026-06-23 21:17:53 INFO GA Gen 7 | Best score: -inf | Avg score: 0.0000 | Tested: 1369 | Elapsed: 423s
2026-06-23 21:18:43 INFO GA Gen 8 | Best score: -inf | Avg score: 0.0000 | Tested: 1535 | Elapsed: 474s
2026-06-23 21:19:37 INFO GA Gen 9 | Best score: -inf | Avg score: 0.0000 | Tested: 1704 | Elapsed: 527s
2026-06-23 21:20:19 INFO GA Gen 10 | Best score: -inf | Avg score: 0.0000 | Tested: 1871 | Elapsed: 570s
2026-06-23 21:20:59 INFO GA Gen 11 | Best score: -inf | Avg score: 0.0000 | Tested: 2032 | Elapsed: 609s
2026-06-23 21:21:43 INFO GA Gen 12 | Best score: -inf | Avg score: 0.0000 | Tested: 2203 | Elapsed: 653s
2026-06-23 21:22:24 INFO GA Gen 13 | Best score: -inf | Avg score: 0.0000 | Tested: 2364 | Elapsed: 695s
2026-06-23 21:23:05 INFO GA Gen 14 | Best score: -inf | Avg score: 0.0000 | Tested: 2526 | Elapsed: 736s
2026-06-23 21:23:46 INFO GA Gen 15 | Best score: -inf | Avg score: 0.0000 | Tested: 2688 | Elapsed: 776s
2026-06-23 21:24:31 INFO GA Gen 16 | Best score: -inf | Avg score: 0.0000 | Tested: 2861 | Elapsed: 822s
2026-06-23 21:25:13 INFO GA Gen 17 | Best score: -inf | Avg score: 0.0000 | Tested: 3024 | Elapsed: 863s
2026-06-23 21:25:50 INFO GA Gen 18 | Best score: -inf | Avg score: 0.0000 | Tested: 3180 | Elapsed: 901s
2026-06-23 21:25:50 INFO GA: Time budget exhausted at generation 18. Stopping.
2026-06-23 21:25:50 WARNING GA: No valid strategy found during training.
2026-06-23 21:25:50 INFO 
2026-06-23 21:25:50 INFO [EFFICIENCY] GA phase complete. Analyzing condition efficiency...
2026-06-23 21:25:50 WARNING No valid strategies to analyze.
2026-06-23 21:25:50 INFO [EFFICIENCY] All conditions performing well. No removals.
2026-06-23 21:25:50 INFO 
2026-06-23 21:25:50 INFO ============================================================
2026-06-23 21:25:50 INFO Phase 2: Bayesian Optimization (local refinement -- focus on promising regions)
2026-06-23 21:25:50 INFO ============================================================
2026-06-23 21:25:50 INFO Bayesian: Starting | timeout=892s (14.9m), max_trials=10000, startup=20
2026-06-23 21:25:50 INFO Bayesian: No seed strategies provided. Generating random bases.
2026-06-23 21:57:54 INFO Bayesian: Manual timeout safety net triggered. Stopping.
2026-06-23 21:57:54 WARNING Bayesian: No valid strategy found.
2026-06-23 21:57:54 WARNING No valid strategy found during training.
2026-06-23 21:57:54 INFO ============================================================
2026-06-23 21:57:54 INFO Training finished.
2026-06-23 21:57:54 INFO 
