2026-06-20 12:07:49 INFO Training log: C:\Users\xfide\documents\crypto.ai\logs\training_2026-06-20_120749.log
2026-06-20 12:07:49 INFO Cleared removed_conditions.json -- all 53 conditions available for this run.
2026-06-20 12:07:49 INFO Training started | Method: ga_bayesian | Symbol: BTC/USDT | Timeframe: 15m | Duration: 1 min
2026-06-20 12:07:49 INFO   Objective: Find the strategy with the highest score. Score = rr_per_day x drawdown_penalty x low_trades_penalty.
2026-06-20 12:07:49 INFO   Disqualified if: win_rate < 35%, max_drawdown > 50%, or avg_trades/day outside 0.5-10.
2026-06-20 12:07:49 INFO Loading historical data...
2026-06-20 12:07:50 INFO Cache found: 17332 candles up to 2026-06-20 11:00:00+00:00. Fetching from 2026-06-20 11:15:00+00:00.
2026-06-20 12:07:50 INFO Fetching BTC/USDT 15m from 2026-06-20 11:15 to 2026-06-20 11:07
2026-06-20 12:07:50 WARNING No candles fetched.
2026-06-20 12:07:50 INFO Total candles available: 17332
2026-06-20 12:07:50 INFO Raw data: 17332 candles
2026-06-20 12:07:50 INFO Computing indicators...
2026-06-20 12:07:50 INFO Data prepared: 17133 candles after warmup drop.
2026-06-20 12:07:50 INFO Clean data: 17133 candles after warmup
2026-06-20 12:07:50 INFO Pre-computing 53 conditions...
2026-06-20 12:07:50 INFO Data preparation complete.
2026-06-20 12:07:50 INFO ============================================================
2026-06-20 12:07:50 INFO Phase 1: Genetic Algorithm (global search -- evolve strategies over generations)
2026-06-20 12:07:50 INFO ============================================================
2026-06-20 12:07:50 INFO GA: Starting | pop=200, gen=6, cx=0.8, mut=0.2, elite=5
2026-06-20 12:07:50 INFO   Score = rr_per_day * drawdown_penalty * low_trades_penalty. Higher = better. Negative or -inf means disqualified.
2026-06-20 12:08:25 INFO GA Gen 0/6 | Best score: 0.9212 | Avg score: 0.0580 | Pop: 200
2026-06-20 12:08:54 INFO GA Gen 1/6 | Best score: 1.0200 | Avg score: 0.0817 | Tested: 369 [NEW BEST!]
2026-06-20 12:09:29 INFO GA Gen 2/6 | Best score: 1.0200 | Avg score: 0.1190 | Tested: 532
2026-06-20 12:10:01 INFO GA Gen 3/6 | Best score: 1.2700 | Avg score: 0.1713 | Tested: 687 [NEW BEST!]
2026-06-20 12:10:36 INFO GA Gen 4/6 | Best score: 1.9700 | Avg score: 0.1944 | Tested: 858 [NEW BEST!]
2026-06-20 12:11:12 INFO GA Gen 5/6 | Best score: 1.9700 | Avg score: 0.1990 | Tested: 1012
2026-06-20 12:11:50 INFO GA Gen 6/6 | Best score: 1.9700 | Avg score: 0.1949 | Tested: 1180
2026-06-20 12:11:50 INFO GA: Finished | Best score: 1.9700 | Total strategies tested: 1180 | Passing top 10 to Bayesian optimizer.
2026-06-20 12:11:50 INFO GA Phase complete | Elapsed: 239s | Best score: 1.9700 | Strategies tested: 1180
2026-06-20 12:11:50 INFO No time remaining for Bayesian optimization. Skipping.
2026-06-20 12:11:50 INFO Strategy saved to C:\Users\xfide\documents\crypto.ai\models\best_strategy.json
2026-06-20 12:11:50 INFO Top 500 strategies saved to C:\Users\xfide\documents\crypto.ai\models\top_strategies.json
2026-06-20 12:11:50 INFO ============================================================
2026-06-20 12:11:50 INFO EFFICIENCY REPORT
2026-06-20 12:11:50 INFO ============================================================
2026-06-20 12:11:50 INFO Strategies analyzed: 872
2026-06-20 12:11:50 INFO Global avg RR/day: 0.2253
2026-06-20 12:11:50 INFO 
2026-06-20 12:11:50 INFO [CRITICAL] CRITICAL ALERTS (auto-removed):
2026-06-20 12:11:50 INFO   'ema_12_gt_26' (LONG) | Used: 132 | Top10%: 3 | Avg RR/day: 0.06 (global: 0.23) | WR: 42% | Eff: 0.28
2026-06-20 12:11:50 INFO   'rsi_21_gt_50' (LONG) | Used: 69 | Top10%: 0 | Avg RR/day: 0.03 (global: 0.23) | WR: 42% | Eff: 0.12
2026-06-20 12:11:50 INFO   'price_gt_bb_upper_20_1_5' (LONG) | Used: 131 | Top10%: 1 | Avg RR/day: 0.06 (global: 0.23) | WR: 42% | Eff: 0.28
2026-06-20 12:11:50 INFO 
2026-06-20 12:11:50 INFO [ALERT] ALERTS (consider removing):
2026-06-20 12:11:50 INFO   'ema_9_gt_21' (LONG) | Used: 95 | Top10%: 5 | Avg RR/day: 0.07 (global: 0.23) | WR: 43% | Eff: 0.31
2026-06-20 12:11:50 INFO   'ema_20_gt_50' (LONG) | Used: 117 | Top10%: 7 | Avg RR/day: 0.10 (global: 0.23) | WR: 43% | Eff: 0.45
2026-06-20 12:11:50 INFO   'sma_20_gt_50' (LONG) | Used: 157 | Top10%: 9 | Avg RR/day: 0.09 (global: 0.23) | WR: 42% | Eff: 0.39
2026-06-20 12:11:50 INFO   'price_gt_sma_50' (LONG) | Used: 128 | Top10%: 8 | Avg RR/day: 0.11 (global: 0.23) | WR: 43% | Eff: 0.48
2026-06-20 12:11:50 INFO   'macd_gt_signal' (LONG) | Used: 117 | Top10%: 5 | Avg RR/day: 0.08 (global: 0.23) | WR: 42% | Eff: 0.38
2026-06-20 12:11:50 INFO   'macd_hist_gt_0' (LONG) | Used: 112 | Top10%: 7 | Avg RR/day: 0.10 (global: 0.23) | WR: 43% | Eff: 0.44
2026-06-20 12:11:50 INFO   'rsi_14_gt_50' (LONG) | Used: 92 | Top10%: 5 | Avg RR/day: 0.09 (global: 0.23) | WR: 41% | Eff: 0.39
2026-06-20 12:11:50 INFO   'stoch_k_lt_80' (LONG) | Used: 126 | Top10%: 4 | Avg RR/day: 0.08 (global: 0.23) | WR: 41% | Eff: 0.34
2026-06-20 12:11:50 INFO   'cci_14_gt_-100' (LONG) | Used: 125 | Top10%: 6 | Avg RR/day: 0.08 (global: 0.23) | WR: 42% | Eff: 0.36
2026-06-20 12:11:50 INFO   'cci_14_lt_100' (LONG) | Used: 121 | Top10%: 5 | Avg RR/day: 0.08 (global: 0.23) | WR: 42% | Eff: 0.34
2026-06-20 12:11:50 INFO   'williams_lt_-20' (LONG) | Used: 142 | Top10%: 5 | Avg RR/day: 0.10 (global: 0.23) | WR: 43% | Eff: 0.45
2026-06-20 12:11:50 INFO   'price_lt_bb_lower_20_2' (LONG) | Used: 126 | Top10%: 5 | Avg RR/day: 0.08 (global: 0.23) | WR: 42% | Eff: 0.36
2026-06-20 12:11:50 INFO 
2026-06-20 12:11:50 INFO [WARNING] WARNINGS (insufficient data):
2026-06-20 12:11:50 INFO   'price_gt_sma_200' (LONG) | Used: 119 | Top10%: 8 | Avg RR/day: 0.12 (global: 0.23) | WR: 44% | Eff: 0.54
2026-06-20 12:11:50 INFO   'rsi_21_lt_30' (LONG) | Used: 163 | Top10%: 9 | Avg RR/day: 0.13 (global: 0.23) | WR: 44% | Eff: 0.59
2026-06-20 12:11:50 INFO   'stoch_k_gt_20' (LONG) | Used: 171 | Top10%: 12 | Avg RR/day: 0.13 (global: 0.23) | WR: 43% | Eff: 0.59
2026-06-20 12:11:50 INFO   'williams_gt_-80' (LONG) | Used: 149 | Top10%: 11 | Avg RR/day: 0.13 (global: 0.23) | WR: 43% | Eff: 0.56
2026-06-20 12:11:50 INFO   'price_lt_bb_lower_20_1_5' (LONG) | Used: 129 | Top10%: 8 | Avg RR/day: 0.14 (global: 0.23) | WR: 45% | Eff: 0.61
2026-06-20 12:11:50 INFO 
2026-06-20 12:11:50 INFO [STRONG] STRONG CONDITIONS:
2026-06-20 12:11:50 INFO   'ema_9_lt_21' (SHORT) | Used: 247 | Top10%: 35 | Avg RR/day: 0.31 (global: 0.23) | WR: 47% | Eff: 1.39
2026-06-20 12:11:50 INFO   'sma_20_lt_50' (SHORT) | Used: 378 | Top10%: 40 | Avg RR/day: 0.30 (global: 0.23) | WR: 46% | Eff: 1.35
2026-06-20 12:11:50 INFO   'price_lt_sma_50' (SHORT) | Used: 338 | Top10%: 46 | Avg RR/day: 0.31 (global: 0.23) | WR: 46% | Eff: 1.38
2026-06-20 12:11:50 INFO   'rsi_14_gt_70' (SHORT) | Used: 286 | Top10%: 47 | Avg RR/day: 0.31 (global: 0.23) | WR: 47% | Eff: 1.39
2026-06-20 12:11:50 INFO   'rsi_21_lt_50' (SHORT) | Used: 346 | Top10%: 52 | Avg RR/day: 0.32 (global: 0.23) | WR: 47% | Eff: 1.40
2026-06-20 12:11:50 INFO   'stoch_k_gt_80' (SHORT) | Used: 304 | Top10%: 44 | Avg RR/day: 0.31 (global: 0.23) | WR: 46% | Eff: 1.36
2026-06-20 12:11:50 INFO   'cci_14_gt_100' (SHORT) | Used: 299 | Top10%: 46 | Avg RR/day: 0.30 (global: 0.23) | WR: 47% | Eff: 1.31
2026-06-20 12:11:50 INFO   'williams_gt_-20' (SHORT) | Used: 322 | Top10%: 46 | Avg RR/day: 0.32 (global: 0.23) | WR: 46% | Eff: 1.44
2026-06-20 12:11:50 INFO   'price_gt_bb_upper_20_2_s' (SHORT) | Used: 299 | Top10%: 44 | Avg RR/day: 0.30 (global: 0.23) | WR: 46% | Eff: 1.32
2026-06-20 12:11:50 INFO   'price_lt_bb_lower_20_2_s' (SHORT) | Used: 285 | Top10%: 35 | Avg RR/day: 0.30 (global: 0.23) | WR: 46% | Eff: 1.33
2026-06-20 12:11:50 INFO 
2026-06-20 12:11:50 INFO [OK] OK CONDITIONS:
2026-06-20 12:11:50 INFO   'rsi_14_lt_30' (LONG) | Used: 119 | Top10%: 8 | Avg RR/day: 0.17 (global: 0.23) | WR: 44% | Eff: 0.75
2026-06-20 12:11:50 INFO   'price_gt_bb_upper_20_2' (LONG) | Used: 142 | Top10%: 10 | Avg RR/day: 0.16 (global: 0.23) | WR: 45% | Eff: 0.72
2026-06-20 12:11:50 INFO   'ema_12_lt_26' (SHORT) | Used: 216 | Top10%: 27 | Avg RR/day: 0.26 (global: 0.23) | WR: 44% | Eff: 1.17
2026-06-20 12:11:50 INFO   'ema_20_lt_50' (SHORT) | Used: 315 | Top10%: 35 | Avg RR/day: 0.24 (global: 0.23) | WR: 44% | Eff: 1.05
2026-06-20 12:11:50 INFO   'price_lt_sma_200' (SHORT) | Used: 280 | Top10%: 28 | Avg RR/day: 0.24 (global: 0.23) | WR: 44% | Eff: 1.06
2026-06-20 12:11:50 INFO   'macd_lt_signal' (SHORT) | Used: 227 | Top10%: 17 | Avg RR/day: 0.25 (global: 0.23) | WR: 44% | Eff: 1.10
2026-06-20 12:11:50 INFO   'macd_hist_lt_0' (SHORT) | Used: 268 | Top10%: 14 | Avg RR/day: 0.19 (global: 0.23) | WR: 43% | Eff: 0.84
2026-06-20 12:11:50 INFO   'rsi_14_lt_50' (SHORT) | Used: 282 | Top10%: 32 | Avg RR/day: 0.24 (global: 0.23) | WR: 44% | Eff: 1.07
2026-06-20 12:11:50 INFO   'rsi_21_gt_70' (SHORT) | Used: 281 | Top10%: 45 | Avg RR/day: 0.28 (global: 0.23) | WR: 46% | Eff: 1.23
2026-06-20 12:11:50 INFO   'stoch_k_lt_20' (SHORT) | Used: 139 | Top10%: 12 | Avg RR/day: 0.22 (global: 0.23) | WR: 43% | Eff: 0.96
2026-06-20 12:11:50 INFO   'cci_14_lt_-100' (SHORT) | Used: 331 | Top10%: 41 | Avg RR/day: 0.29 (global: 0.23) | WR: 45% | Eff: 1.29
2026-06-20 12:11:50 INFO   'williams_lt_-80' (SHORT) | Used: 134 | Top10%: 8 | Avg RR/day: 0.17 (global: 0.23) | WR: 43% | Eff: 0.75
2026-06-20 12:11:50 INFO   'price_gt_bb_upper_20_1_5_s' (SHORT) | Used: 231 | Top10%: 30 | Avg RR/day: 0.27 (global: 0.23) | WR: 45% | Eff: 1.19
2026-06-20 12:11:50 INFO   'price_lt_bb_lower_20_1_5_s' (SHORT) | Used: 275 | Top10%: 33 | Avg RR/day: 0.21 (global: 0.23) | WR: 44% | Eff: 0.94
2026-06-20 12:11:50 INFO   'atr_gt_sma_atr_20' (SHARED) | Used: 364 | Top10%: 37 | Avg RR/day: 0.24 (global: 0.23) | WR: 45% | Eff: 1.06
2026-06-20 12:11:50 INFO   'volume_gt_sma_20_1_5' (SHARED) | Used: 334 | Top10%: 28 | Avg RR/day: 0.19 (global: 0.23) | WR: 44% | Eff: 0.86
2026-06-20 12:11:50 INFO   'volume_gt_sma_20_2_0' (SHARED) | Used: 456 | Top10%: 54 | Avg RR/day: 0.24 (global: 0.23) | WR: 45% | Eff: 1.09
2026-06-20 12:11:50 INFO   'obv_gt_sma_obv_20' (SHARED) | Used: 427 | Top10%: 45 | Avg RR/day: 0.20 (global: 0.23) | WR: 45% | Eff: 0.89
2026-06-20 12:11:50 INFO   'adx_14_gt_25' (SHARED) | Used: 323 | Top10%: 29 | Avg RR/day: 0.17 (global: 0.23) | WR: 43% | Eff: 0.74
2026-06-20 12:11:50 INFO   'adx_14_gt_30' (SHARED) | Used: 400 | Top10%: 45 | Avg RR/day: 0.25 (global: 0.23) | WR: 45% | Eff: 1.11
2026-06-20 12:11:50 INFO   'adx_14_lt_20' (SHARED) | Used: 347 | Top10%: 30 | Avg RR/day: 0.19 (global: 0.23) | WR: 45% | Eff: 0.83
2026-06-20 12:11:50 INFO   'price_gt_high_20_1_02' (SHARED) | Used: 430 | Top10%: 58 | Avg RR/day: 0.28 (global: 0.23) | WR: 46% | Eff: 1.23
2026-06-20 12:11:50 INFO   'price_lt_low_20_0_98' (SHARED) | Used: 331 | Top10%: 40 | Avg RR/day: 0.25 (global: 0.23) | WR: 45% | Eff: 1.13
2026-06-20 12:11:50 INFO 
2026-06-20 12:11:50 INFO Auto-removed 3 conditions: ['ema_12_gt_26', 'rsi_21_gt_50', 'price_gt_bb_upper_20_1_5']
2026-06-20 12:11:50 INFO ============================================================
2026-06-20 12:11:50 INFO Efficiency report saved to C:\Users\xfide\documents\crypto.ai\models\condition_efficiency.json
2026-06-20 12:11:50 INFO [EFFICIENCY] Skipping removal of 'price_gt_bb_upper_20_1_5' -- LONG pool would drop below 20
2026-06-20 12:11:50 INFO [EFFICIENCY] All 1 CRITICAL conditions kept due to pool size floor (20).
2026-06-20 12:11:50 INFO ============================================================
2026-06-20 12:11:50 INFO Training finished.
2026-06-20 12:11:50 INFO 
2026-06-20 12:11:50 INFO   Best score:          1.9700
2026-06-20 12:11:50 INFO   Best strategy:       
2026-06-20 12:11:50 INFO 
2026-06-20 12:11:50 INFO   Total strategies tested: 1180
2026-06-20 12:11:50 INFO   Time elapsed:        241s (4.0m)
2026-06-20 12:11:50 INFO   Average:             4.9 strats/sec
2026-06-20 12:11:50 INFO   Best strategy saved to C:\Users\xfide\documents\crypto.ai\models\best_strategy.json
2026-06-20 12:11:50 INFO 
2026-06-20 12:11:50 INFO   Next steps:
2026-06-20 12:11:50 INFO     1. Review efficiency report above -- which conditions helped/hurt
2026-06-20 12:11:50 INFO     2. Run validation: python validation.py --symbol BTC/USDT
2026-06-20 12:11:50 INFO     3. If validation passes, go live: python live_signal.py
2026-06-20 12:11:50 INFO ============================================================
