2026-06-21 20:32:24 INFO Training log: C:\Users\xfide\documents\crypto.ai\logs\training_2026-06-21_203224.log
2026-06-21 20:32:24 INFO Training started | Method: ga_bayesian | Symbol: BTC/USDT | Timeframe: 15m | Duration: 3 min
2026-06-21 20:32:24 INFO   Objective: Find the strategy with the highest score. Score = rr_per_day x drawdown_penalty x low_trades_penalty.
2026-06-21 20:32:24 INFO   Disqualified if: trades/day < 1.2, win_rate < 35%, max_drawdown > 50%, or avg_trades/day outside 0.5-10.
2026-06-21 20:32:24 INFO Loading historical data...
2026-06-21 20:32:25 INFO Cache found: 17455 candles up to 2026-06-21 17:45:00+00:00. Fetching from 2026-06-21 18:00:00+00:00.
2026-06-21 20:32:25 INFO Fetching BTC/USDT 15m from 2026-06-21 18:00 to 2026-06-21 19:32
2026-06-21 20:32:32 INFO Fetched 7 new candles in 1 requests.
2026-06-21 20:32:33 INFO Total candles available: 17462
2026-06-21 20:32:33 INFO Raw data: 17462 candles (2025-12-21 to 2026-06-21, 12 months)
2026-06-21 20:32:33 INFO Computing indicators...
2026-06-21 20:32:33 INFO Data prepared: 17263 candles after warmup drop.
2026-06-21 20:32:33 INFO Clean data: 17263 candles after warmup
2026-06-21 20:32:33 INFO Pre-computing 53 conditions...
2026-06-21 20:32:33 INFO Data preparation complete.
2026-06-21 20:32:34 INFO ============================================================
2026-06-21 20:32:34 INFO Phase 1: Genetic Algorithm (global search -- evolve strategies over generations)
2026-06-21 20:32:34 INFO ============================================================
2026-06-21 20:32:34 INFO GA: Starting | pop=200, time_budget=90s (1.5m), max_gen=200, cx=0.8, mut=0.2, elite=5
2026-06-21 20:32:34 INFO   Score = rr_per_day * drawdown_penalty * low_trades_penalty. Higher = better. Negative or -inf means disqualified.
2026-06-21 20:33:41 INFO GA Gen 0 | Best score: 0.0706 | Avg score: 0.0277 | Pop: 200 | Elapsed: 67s
2026-06-21 20:34:42 INFO GA Gen 1 | Best score: 0.2947 | Avg score: 0.0568 | Tested: 370 | Elapsed: 128s [NEW BEST!]
2026-06-21 20:34:42 INFO GA: Time budget exhausted at generation 1. Stopping.
2026-06-21 20:34:42 INFO GA: Finished | Best score: 0.2947 | 1 generations | Elapsed: 128s | Strategies tested: 370 | Speed: 2.9 strats/s | Passing top 10 to Bayesian optimizer.
2026-06-21 20:34:42 INFO 
2026-06-21 20:34:42 INFO [EFFICIENCY] GA phase complete. Analyzing condition efficiency...
2026-06-21 20:34:42 INFO ============================================================
2026-06-21 20:34:42 INFO EFFICIENCY REPORT
2026-06-21 20:34:42 INFO ============================================================
2026-06-21 20:34:42 INFO Strategies analyzed: 31
2026-06-21 20:34:42 INFO Global avg RR/day: 0.1712
2026-06-21 20:34:42 INFO   LONG avg RR/day: 0.0426 (8 strategies)
2026-06-21 20:34:42 INFO   SHORT avg RR/day: 0.2159 (23 strategies)
2026-06-21 20:34:42 INFO 
2026-06-21 20:34:42 INFO [CRITICAL] CRITICAL ALERTS (auto-removed):
2026-06-21 20:34:42 INFO   'ema_9_gt_21' (LONG) | Used: 4 | Top10%: 0 | Avg RR/day: 0.01 (global: 0.17) | WR: 37% | Eff: 0.21
2026-06-21 20:34:42 INFO   'ema_20_gt_50' (LONG) | Used: 6 | Top10%: 0 | Avg RR/day: 0.00 (global: 0.17) | WR: 38% | Eff: 0.04
2026-06-21 20:34:42 INFO   'rsi_14_lt_30' (LONG) | Used: 4 | Top10%: 0 | Avg RR/day: 0.01 (global: 0.17) | WR: 37% | Eff: 0.21
2026-06-21 20:34:42 INFO   'stoch_k_gt_20' (LONG) | Used: 2 | Top10%: 0 | Avg RR/day: 0.01 (global: 0.17) | WR: 41% | Eff: 0.19
2026-06-21 20:34:42 INFO   'stoch_k_lt_80' (LONG) | Used: 3 | Top10%: 0 | Avg RR/day: -0.02 (global: 0.17) | WR: 38% | Eff: -0.43
2026-06-21 20:34:42 INFO   'williams_lt_-20' (LONG) | Used: 2 | Top10%: 0 | Avg RR/day: -0.04 (global: 0.17) | WR: 39% | Eff: -0.90
2026-06-21 20:34:42 INFO   'price_gt_bb_upper_20_1_5' (LONG) | Used: 5 | Top10%: 0 | Avg RR/day: 0.00 (global: 0.17) | WR: 37% | Eff: 0.08
2026-06-21 20:34:42 INFO 
2026-06-21 20:34:42 INFO [ALERT] ALERTS (consider removing):
2026-06-21 20:34:42 INFO   'sma_20_gt_50' (LONG) | Used: 6 | Top10%: 0 | Avg RR/day: 0.01 (global: 0.17) | WR: 39% | Eff: 0.32
2026-06-21 20:34:42 INFO   'price_lt_sma_200' (SHORT) | Used: 4 | Top10%: 0 | Avg RR/day: 0.10 (global: 0.17) | WR: 41% | Eff: 0.44
2026-06-21 20:34:42 INFO 
2026-06-21 20:34:42 INFO [WARNING] WARNINGS (insufficient data):
2026-06-21 20:34:42 INFO   'price_lt_sma_50' (SHORT) | Used: 4 | Top10%: 0 | Avg RR/day: 0.12 (global: 0.17) | WR: 40% | Eff: 0.58
2026-06-21 20:34:42 INFO   'adx_14_lt_20' (SHARED) | Used: 12 | Top10%: 2 | Avg RR/day: 0.10 (global: 0.17) | WR: 39% | Eff: 0.56
2026-06-21 20:34:42 INFO 
2026-06-21 20:34:42 INFO [STRONG] STRONG CONDITIONS:
2026-06-21 20:34:42 INFO   'ema_12_gt_26' (LONG) | Used: 5 | Top10%: 0 | Avg RR/day: 0.12 (global: 0.17) | WR: 39% | Eff: 2.78
2026-06-21 20:34:42 INFO   'price_gt_sma_50' (LONG) | Used: 6 | Top10%: 1 | Avg RR/day: 0.15 (global: 0.17) | WR: 40% | Eff: 3.59
2026-06-21 20:34:42 INFO   'price_gt_sma_200' (LONG) | Used: 7 | Top10%: 1 | Avg RR/day: 0.08 (global: 0.17) | WR: 38% | Eff: 1.93
2026-06-21 20:34:42 INFO   'macd_gt_signal' (LONG) | Used: 4 | Top10%: 0 | Avg RR/day: 0.08 (global: 0.17) | WR: 39% | Eff: 1.78
2026-06-21 20:34:42 INFO   'macd_hist_gt_0' (LONG) | Used: 6 | Top10%: 1 | Avg RR/day: 0.08 (global: 0.17) | WR: 38% | Eff: 1.91
2026-06-21 20:34:42 INFO   'rsi_14_gt_50' (LONG) | Used: 5 | Top10%: 0 | Avg RR/day: 0.07 (global: 0.17) | WR: 39% | Eff: 1.70
2026-06-21 20:34:42 INFO   'rsi_21_gt_50' (LONG) | Used: 3 | Top10%: 1 | Avg RR/day: 0.11 (global: 0.17) | WR: 36% | Eff: 2.64
2026-06-21 20:34:42 INFO   'rsi_21_lt_30' (LONG) | Used: 5 | Top10%: 0 | Avg RR/day: 0.12 (global: 0.17) | WR: 39% | Eff: 2.90
2026-06-21 20:34:42 INFO   'cci_14_lt_100' (LONG) | Used: 5 | Top10%: 1 | Avg RR/day: 0.12 (global: 0.17) | WR: 40% | Eff: 2.86
2026-06-21 20:34:42 INFO   'williams_gt_-80' (LONG) | Used: 6 | Top10%: 0 | Avg RR/day: 0.06 (global: 0.17) | WR: 39% | Eff: 1.33
2026-06-21 20:34:42 INFO   'price_lt_bb_lower_20_2' (LONG) | Used: 7 | Top10%: 0 | Avg RR/day: 0.10 (global: 0.17) | WR: 40% | Eff: 2.42
2026-06-21 20:34:42 INFO   'price_gt_bb_upper_20_2' (LONG) | Used: 4 | Top10%: 0 | Avg RR/day: 0.06 (global: 0.17) | WR: 40% | Eff: 1.49
2026-06-21 20:34:42 INFO   'price_lt_bb_lower_20_1_5' (LONG) | Used: 6 | Top10%: 0 | Avg RR/day: 0.10 (global: 0.17) | WR: 39% | Eff: 2.36
2026-06-21 20:34:42 INFO   'cci_14_lt_-100' (SHORT) | Used: 2 | Top10%: 0 | Avg RR/day: 0.44 (global: 0.17) | WR: 41% | Eff: 2.02
2026-06-21 20:34:42 INFO   'volume_gt_sma_20_2_0' (SHARED) | Used: 11 | Top10%: 1 | Avg RR/day: 0.23 (global: 0.17) | WR: 40% | Eff: 1.34
2026-06-21 20:34:42 INFO 
2026-06-21 20:34:42 INFO [OK] OK CONDITIONS:
2026-06-21 20:34:42 INFO   'cci_14_gt_-100' (LONG) | Used: 4 | Top10%: 0 | Avg RR/day: 0.04 (global: 0.17) | WR: 38% | Eff: 0.95
2026-06-21 20:34:42 INFO   'ema_9_lt_21' (SHORT) | Used: 7 | Top10%: 2 | Avg RR/day: 0.20 (global: 0.17) | WR: 37% | Eff: 0.93
2026-06-21 20:34:42 INFO   'ema_12_lt_26' (SHORT) | Used: 10 | Top10%: 0 | Avg RR/day: 0.17 (global: 0.17) | WR: 37% | Eff: 0.80
2026-06-21 20:34:42 INFO   'ema_20_lt_50' (SHORT) | Used: 6 | Top10%: 2 | Avg RR/day: 0.18 (global: 0.17) | WR: 38% | Eff: 0.83
2026-06-21 20:34:42 INFO   'sma_20_lt_50' (SHORT) | Used: 7 | Top10%: 0 | Avg RR/day: 0.19 (global: 0.17) | WR: 38% | Eff: 0.87
2026-06-21 20:34:42 INFO   'macd_lt_signal' (SHORT) | Used: 8 | Top10%: 1 | Avg RR/day: 0.18 (global: 0.17) | WR: 38% | Eff: 0.81
2026-06-21 20:34:42 INFO   'macd_hist_lt_0' (SHORT) | Used: 10 | Top10%: 2 | Avg RR/day: 0.22 (global: 0.17) | WR: 37% | Eff: 1.01
2026-06-21 20:34:42 INFO   'rsi_14_lt_50' (SHORT) | Used: 11 | Top10%: 1 | Avg RR/day: 0.20 (global: 0.17) | WR: 38% | Eff: 0.92
2026-06-21 20:34:42 INFO   'rsi_14_gt_70' (SHORT) | Used: 7 | Top10%: 0 | Avg RR/day: 0.16 (global: 0.17) | WR: 39% | Eff: 0.73
2026-06-21 20:34:42 INFO   'rsi_21_lt_50' (SHORT) | Used: 11 | Top10%: 1 | Avg RR/day: 0.24 (global: 0.17) | WR: 39% | Eff: 1.12
2026-06-21 20:34:42 INFO   'rsi_21_gt_70' (SHORT) | Used: 12 | Top10%: 1 | Avg RR/day: 0.22 (global: 0.17) | WR: 39% | Eff: 1.01
2026-06-21 20:34:42 INFO   'stoch_k_gt_80' (SHORT) | Used: 15 | Top10%: 1 | Avg RR/day: 0.25 (global: 0.17) | WR: 39% | Eff: 1.14
2026-06-21 20:34:42 INFO   'stoch_k_lt_20' (SHORT) | Used: 8 | Top10%: 2 | Avg RR/day: 0.17 (global: 0.17) | WR: 39% | Eff: 0.80
2026-06-21 20:34:42 INFO   'cci_14_gt_100' (SHORT) | Used: 12 | Top10%: 1 | Avg RR/day: 0.22 (global: 0.17) | WR: 39% | Eff: 1.01
2026-06-21 20:34:42 INFO   'williams_gt_-20' (SHORT) | Used: 4 | Top10%: 1 | Avg RR/day: 0.18 (global: 0.17) | WR: 38% | Eff: 0.82
2026-06-21 20:34:42 INFO   'williams_lt_-80' (SHORT) | Used: 6 | Top10%: 2 | Avg RR/day: 0.21 (global: 0.17) | WR: 37% | Eff: 0.97
2026-06-21 20:34:42 INFO   'price_gt_bb_upper_20_2_s' (SHORT) | Used: 9 | Top10%: 0 | Avg RR/day: 0.20 (global: 0.17) | WR: 38% | Eff: 0.93
2026-06-21 20:34:42 INFO   'price_lt_bb_lower_20_2_s' (SHORT) | Used: 11 | Top10%: 2 | Avg RR/day: 0.17 (global: 0.17) | WR: 39% | Eff: 0.79
2026-06-21 20:34:42 INFO   'price_gt_bb_upper_20_1_5_s' (SHORT) | Used: 11 | Top10%: 1 | Avg RR/day: 0.24 (global: 0.17) | WR: 39% | Eff: 1.11
2026-06-21 20:34:42 INFO   'price_lt_bb_lower_20_1_5_s' (SHORT) | Used: 7 | Top10%: 1 | Avg RR/day: 0.19 (global: 0.17) | WR: 38% | Eff: 0.90
2026-06-21 20:34:42 INFO   'atr_gt_sma_atr_20' (SHARED) | Used: 15 | Top10%: 2 | Avg RR/day: 0.16 (global: 0.17) | WR: 39% | Eff: 0.93
2026-06-21 20:34:42 INFO   'volume_gt_sma_20_1_5' (SHARED) | Used: 20 | Top10%: 2 | Avg RR/day: 0.13 (global: 0.17) | WR: 39% | Eff: 0.78
2026-06-21 20:34:42 INFO   'obv_gt_sma_obv_20' (SHARED) | Used: 8 | Top10%: 1 | Avg RR/day: 0.18 (global: 0.17) | WR: 40% | Eff: 1.03
2026-06-21 20:34:42 INFO   'adx_14_gt_25' (SHARED) | Used: 9 | Top10%: 1 | Avg RR/day: 0.13 (global: 0.17) | WR: 38% | Eff: 0.75
2026-06-21 20:34:42 INFO   'adx_14_gt_30' (SHARED) | Used: 12 | Top10%: 1 | Avg RR/day: 0.14 (global: 0.17) | WR: 38% | Eff: 0.84
2026-06-21 20:34:42 INFO   'price_gt_high_20_1_02' (SHARED) | Used: 6 | Top10%: 1 | Avg RR/day: 0.13 (global: 0.17) | WR: 38% | Eff: 0.73
2026-06-21 20:34:42 INFO   'price_lt_low_20_0_98' (SHARED) | Used: 14 | Top10%: 2 | Avg RR/day: 0.17 (global: 0.17) | WR: 38% | Eff: 0.98
2026-06-21 20:34:42 INFO 
2026-06-21 20:34:42 INFO Auto-removed 7 conditions: ['ema_9_gt_21', 'ema_20_gt_50', 'rsi_14_lt_30', 'stoch_k_gt_20', 'stoch_k_lt_80', 'williams_lt_-20', 'price_gt_bb_upper_20_1_5']
2026-06-21 20:34:42 INFO Low-efficiency (0.5x weight): 2 conditions: ['sma_20_gt_50', 'price_lt_sma_200']
2026-06-21 20:34:42 INFO ============================================================
2026-06-21 20:34:42 INFO Efficiency report saved to C:\Users\xfide\documents\crypto.ai\models\condition_efficiency.json
2026-06-21 20:34:42 INFO [EFFICIENCY] Condition 'ema_9_gt_21' removed from pool (efficiency < 0.3).
2026-06-21 20:34:42 INFO [EFFICIENCY] Condition 'ema_20_gt_50' removed from pool (efficiency < 0.3).
2026-06-21 20:34:42 INFO [EFFICIENCY] Condition 'rsi_14_lt_30' removed from pool (efficiency < 0.3).
2026-06-21 20:34:42 INFO [EFFICIENCY] Condition 'stoch_k_gt_20' removed from pool (efficiency < 0.3).
2026-06-21 20:34:42 INFO [EFFICIENCY] Condition 'stoch_k_lt_80' removed from pool (efficiency < 0.3).
2026-06-21 20:34:42 INFO [EFFICIENCY] Condition 'williams_lt_-20' removed from pool (efficiency < 0.3).
2026-06-21 20:34:42 INFO [EFFICIENCY] Condition 'price_gt_bb_upper_20_1_5' removed from pool (efficiency < 0.3).
2026-06-21 20:34:42 INFO [EFFICIENCY] Removing 7 conditions (efficiency < 0.3) before Bayesian.
2026-06-21 20:34:42 INFO [EFFICIENCY] Removed: ['ema_9_gt_21', 'ema_20_gt_50', 'rsi_14_lt_30', 'stoch_k_gt_20', 'stoch_k_lt_80', 'williams_lt_-20', 'price_gt_bb_upper_20_1_5']
2026-06-21 20:34:42 INFO [EFFICIENCY] 2 conditions flagged low-efficiency (0.5x weight, eff 0.3-0.5): ['sma_20_gt_50', 'price_lt_sma_200']
2026-06-21 20:34:42 INFO 
2026-06-21 20:34:42 INFO ============================================================
2026-06-21 20:34:42 INFO Phase 2: Bayesian Optimization (local refinement -- focus on promising regions)
2026-06-21 20:34:42 INFO ============================================================
2026-06-21 20:34:42 INFO Bayesian: Starting | timeout=43s (0.7m), max_trials=10000, startup=100
2026-06-21 20:34:42 INFO   Each trial generates a strategy with random conditions, threshold, stop-loss, and risk-reward. The TPE model learns which parameter combinations score highest and focuses the search there.
2026-06-21 20:34:42 INFO Bayesian: Seeded 10 strategies from GA.
2026-06-21 20:35:24 INFO Bayesian: Manual timeout safety net triggered. Stopping.
2026-06-21 20:35:24 INFO Bayesian: Finished | Best score: 0.3033 | 116 trials | Elapsed: 43s | Speed: 2.7 trials/s
2026-06-21 20:35:24 INFO   Score = rr_per_day * drawdown_penalty * low_trades_penalty. Higher = better.
2026-06-21 20:35:25 INFO Keeping existing best strategy (score: 4.3890) -- new strategy score (0.3033) is not higher.
2026-06-21 20:35:25 INFO Top 58 strategies saved to C:\Users\xfide\documents\crypto.ai\models\top_strategies.json
2026-06-21 20:35:25 INFO ============================================================
2026-06-21 20:35:25 INFO Training finished.
2026-06-21 20:35:25 INFO 
2026-06-21 20:35:25 INFO   Best score:          0.3033
2026-06-21 20:35:25 INFO   Best strategy:       strat_05d409fa (SHORT)
2026-06-21 20:35:25 INFO     Win rate:          42.1%
2026-06-21 20:35:25 INFO     RR/day:            0.3867
2026-06-21 20:35:25 INFO     Max drawdown:      22.5%
2026-06-21 20:35:25 INFO     Valid trades:      233
2026-06-21 20:35:25 INFO 
2026-06-21 20:35:25 INFO   Total strategies tested: 486
2026-06-21 20:35:25 INFO   Time elapsed:        180s (3.0m)
2026-06-21 20:35:25 INFO   Average:             2.7 strats/sec
2026-06-21 20:35:25 INFO   Existing best strategy retained (score: 0.3033)
2026-06-21 20:35:25 INFO 
2026-06-21 20:35:25 INFO   Next steps:
2026-06-21 20:35:25 INFO     1. Review efficiency report above -- which conditions helped/hurt
2026-06-21 20:35:25 INFO     2. Run validation: python validation.py --symbol BTC/USDT
2026-06-21 20:35:25 INFO     3. If validation passes, go live: python live_signal.py
2026-06-21 20:35:25 INFO ============================================================
