2026-06-21 15:39:37 INFO Training log: C:\Users\xfide\documents\crypto.ai\logs\training_2026-06-21_153937.log
2026-06-21 15:39:37 INFO Training started | Method: ga_bayesian | Symbol: BTC/USDT | Timeframe: 15m | Duration: 10 min
2026-06-21 15:39:37 INFO   Objective: Find the strategy with the highest score. Score = rr_per_day x drawdown_penalty x low_trades_penalty.
2026-06-21 15:39:37 INFO   Disqualified if: win_rate < 35%, max_drawdown > 50%, or avg_trades/day outside 0.5-10.
2026-06-21 15:39:37 INFO Loading historical data...
2026-06-21 15:39:37 INFO Cache found: 17442 candles up to 2026-06-21 14:30:00+00:00. Fetching from 2026-06-21 14:45:00+00:00.
2026-06-21 15:39:37 INFO Fetching BTC/USDT 15m from 2026-06-21 14:45 to 2026-06-21 14:39
2026-06-21 15:39:37 WARNING No candles fetched.
2026-06-21 15:39:37 INFO Total candles available: 17442
2026-06-21 15:39:37 INFO Raw data: 17442 candles (2025-12-21 to 2026-06-21, 12 months)
2026-06-21 15:39:37 INFO Computing indicators...
2026-06-21 15:39:37 INFO Data prepared: 17243 candles after warmup drop.
2026-06-21 15:39:37 INFO Clean data: 17243 candles after warmup
2026-06-21 15:39:37 INFO Pre-computing 53 conditions...
2026-06-21 15:39:37 INFO Data preparation complete.
2026-06-21 15:39:38 INFO ============================================================
2026-06-21 15:39:38 INFO Phase 1: Genetic Algorithm (global search -- evolve strategies over generations)
2026-06-21 15:39:38 INFO ============================================================
2026-06-21 15:39:38 INFO GA: Starting | pop=200, time_budget=300s (5.0m), max_gen=200, cx=0.8, mut=0.2, elite=5
2026-06-21 15:39:38 INFO   Score = rr_per_day * drawdown_penalty * low_trades_penalty. Higher = better. Negative or -inf means disqualified.
2026-06-21 15:39:50 INFO GA Gen 0 | Best score: 1.3650 | Avg score: 0.1033 | Pop: 200 | Elapsed: 12s
2026-06-21 15:40:01 INFO GA Gen 1 | Best score: 1.3650 | Avg score: 0.1352 | Tested: 369 | Elapsed: 23s
2026-06-21 15:40:11 INFO GA Gen 2 | Best score: 2.4850 | Avg score: 0.1833 | Tested: 538 | Elapsed: 33s [NEW BEST!]
2026-06-21 15:40:21 INFO GA Gen 3 | Best score: 2.4850 | Avg score: 0.2450 | Tested: 703 | Elapsed: 43s
2026-06-21 15:40:30 INFO GA Gen 4 | Best score: 2.4850 | Avg score: 0.2709 | Tested: 872 | Elapsed: 53s
2026-06-21 15:40:40 INFO GA Gen 5 | Best score: 2.4850 | Avg score: 0.3674 | Tested: 1035 | Elapsed: 63s
2026-06-21 15:40:51 INFO GA Gen 6 | Best score: 2.7160 | Avg score: 0.4632 | Tested: 1208 | Elapsed: 73s [NEW BEST!]
2026-06-21 15:40:59 INFO GA Gen 7 | Best score: 2.7160 | Avg score: 0.5124 | Tested: 1373 | Elapsed: 82s
2026-06-21 15:41:09 INFO GA Gen 8 | Best score: 2.7160 | Avg score: 0.7093 | Tested: 1539 | Elapsed: 92s
2026-06-21 15:41:18 INFO GA Gen 9 | Best score: 2.7160 | Avg score: 0.7552 | Tested: 1698 | Elapsed: 101s
2026-06-21 15:41:30 INFO GA Gen 10 | Best score: 2.8210 | Avg score: 0.6696 | Tested: 1877 | Elapsed: 112s [NEW BEST!]
2026-06-21 15:41:39 INFO GA Gen 11 | Best score: 2.8210 | Avg score: 0.8727 | Tested: 2050 | Elapsed: 122s
2026-06-21 15:41:49 INFO GA Gen 12 | Best score: 2.8210 | Avg score: 0.9819 | Tested: 2219 | Elapsed: 131s
2026-06-21 15:41:58 INFO GA Gen 13 | Best score: 2.8210 | Avg score: 1.3318 | Tested: 2377 | Elapsed: 140s
2026-06-21 15:42:07 INFO GA Gen 14 | Best score: 2.9470 | Avg score: 1.7494 | Tested: 2551 | Elapsed: 149s [NEW BEST!]
2026-06-21 15:42:15 INFO GA Gen 15 | Best score: 3.1220 | Avg score: 2.3678 | Tested: 2721 | Elapsed: 158s [NEW BEST!]
2026-06-21 15:42:24 INFO GA Gen 16 | Best score: 3.1430 | Avg score: 2.6639 | Tested: 2884 | Elapsed: 166s [NEW BEST!]
2026-06-21 15:42:31 INFO GA Gen 17 | Best score: 3.1920 | Avg score: 2.7432 | Tested: 3060 | Elapsed: 173s [NEW BEST!]
2026-06-21 15:42:41 INFO GA Gen 18 | Best score: 3.1920 | Avg score: 2.7638 | Tested: 3224 | Elapsed: 184s
2026-06-21 15:42:51 INFO GA Gen 19 | Best score: 3.3530 | Avg score: 2.8779 | Tested: 3387 | Elapsed: 193s [NEW BEST!]
2026-06-21 15:42:59 INFO GA Gen 20 | Best score: 3.3530 | Avg score: 2.9508 | Tested: 3546 | Elapsed: 202s
2026-06-21 15:43:08 INFO GA Gen 21 | Best score: 3.3530 | Avg score: 2.9483 | Tested: 3710 | Elapsed: 211s
2026-06-21 15:43:17 INFO GA Gen 22 | Best score: 3.3530 | Avg score: 2.9396 | Tested: 3878 | Elapsed: 219s
2026-06-21 15:43:25 INFO GA Gen 23 | Best score: 3.3530 | Avg score: 2.9457 | Tested: 4040 | Elapsed: 228s
2026-06-21 15:43:34 INFO GA Gen 24 | Best score: 3.3530 | Avg score: 3.0359 | Tested: 4202 | Elapsed: 236s
2026-06-21 15:43:43 INFO GA Gen 25 | Best score: 3.3530 | Avg score: 3.0908 | Tested: 4367 | Elapsed: 245s
2026-06-21 15:43:51 INFO GA Gen 26 | Best score: 3.3530 | Avg score: 3.0659 | Tested: 4522 | Elapsed: 254s
2026-06-21 15:44:00 INFO GA Gen 27 | Best score: 3.3530 | Avg score: 3.1761 | Tested: 4680 | Elapsed: 262s
2026-06-21 15:44:09 INFO GA Gen 28 | Best score: 3.3530 | Avg score: 3.0986 | Tested: 4847 | Elapsed: 271s
2026-06-21 15:44:17 INFO GA Gen 29 | Best score: 3.3530 | Avg score: 3.0719 | Tested: 5011 | Elapsed: 280s
2026-06-21 15:44:26 INFO GA Gen 30 | Best score: 3.3530 | Avg score: 3.0863 | Tested: 5176 | Elapsed: 289s
2026-06-21 15:44:35 INFO GA Gen 31 | Best score: 3.3530 | Avg score: 3.1165 | Tested: 5343 | Elapsed: 297s
2026-06-21 15:44:45 INFO GA Gen 32 | Best score: 3.3530 | Avg score: 3.1405 | Tested: 5513 | Elapsed: 307s
2026-06-21 15:44:45 INFO GA: Time budget exhausted at generation 32. Stopping.
2026-06-21 15:44:45 INFO GA: Finished | Best score: 3.3530 | 32 generations | Elapsed: 307s | Strategies tested: 5513 | Speed: 18.0 strats/s | Passing top 10 to Bayesian optimizer.
2026-06-21 15:44:45 INFO 
2026-06-21 15:44:45 INFO [EFFICIENCY] GA phase complete. Analyzing condition efficiency...
2026-06-21 15:44:45 INFO ============================================================
2026-06-21 15:44:45 INFO EFFICIENCY REPORT
2026-06-21 15:44:45 INFO ============================================================
2026-06-21 15:44:45 INFO Strategies analyzed: 4492
2026-06-21 15:44:45 INFO Global avg RR/day: 2.8485
2026-06-21 15:44:45 INFO   LONG avg RR/day: 0.5689 (433 strategies)
2026-06-21 15:44:45 INFO   SHORT avg RR/day: 3.0917 (4059 strategies)
2026-06-21 15:44:45 INFO 
2026-06-21 15:44:45 INFO [CRITICAL] CRITICAL ALERTS (auto-removed):
2026-06-21 15:44:45 INFO   'ema_20_gt_50' (LONG) | Used: 134 | Top10%: 0 | Avg RR/day: 0.12 (global: 2.85) | WR: 44% | Eff: 0.21
2026-06-21 15:44:45 INFO   'price_gt_sma_200' (LONG) | Used: 103 | Top10%: 0 | Avg RR/day: 0.05 (global: 2.85) | WR: 44% | Eff: 0.09
2026-06-21 15:44:45 INFO   'macd_gt_signal' (LONG) | Used: 100 | Top10%: 0 | Avg RR/day: 0.05 (global: 2.85) | WR: 43% | Eff: 0.08
2026-06-21 15:44:45 INFO   'rsi_21_gt_50' (LONG) | Used: 82 | Top10%: 0 | Avg RR/day: 0.06 (global: 2.85) | WR: 44% | Eff: 0.11
2026-06-21 15:44:45 INFO   'cci_14_gt_-100' (LONG) | Used: 62 | Top10%: 0 | Avg RR/day: 0.09 (global: 2.85) | WR: 45% | Eff: 0.16
2026-06-21 15:44:45 INFO   'williams_gt_-80' (LONG) | Used: 108 | Top10%: 0 | Avg RR/day: 0.14 (global: 2.85) | WR: 44% | Eff: 0.25
2026-06-21 15:44:45 INFO   'williams_lt_-20' (LONG) | Used: 105 | Top10%: 0 | Avg RR/day: 0.11 (global: 2.85) | WR: 43% | Eff: 0.19
2026-06-21 15:44:45 INFO   'ema_12_lt_26' (SHORT) | Used: 597 | Top10%: 2 | Avg RR/day: 0.77 (global: 2.85) | WR: 55% | Eff: 0.25
2026-06-21 15:44:45 INFO   'sma_20_lt_50' (SHORT) | Used: 317 | Top10%: 5 | Avg RR/day: 0.41 (global: 2.85) | WR: 48% | Eff: 0.13
2026-06-21 15:44:45 INFO   'price_lt_sma_200' (SHORT) | Used: 287 | Top10%: 0 | Avg RR/day: 0.25 (global: 2.85) | WR: 45% | Eff: 0.08
2026-06-21 15:44:45 INFO   'macd_lt_signal' (SHORT) | Used: 373 | Top10%: 0 | Avg RR/day: 0.34 (global: 2.85) | WR: 48% | Eff: 0.11
2026-06-21 15:44:45 INFO   'macd_hist_lt_0' (SHORT) | Used: 262 | Top10%: 0 | Avg RR/day: 0.24 (global: 2.85) | WR: 44% | Eff: 0.08
2026-06-21 15:44:45 INFO   'rsi_14_gt_70' (SHORT) | Used: 399 | Top10%: 1 | Avg RR/day: 0.35 (global: 2.85) | WR: 49% | Eff: 0.11
2026-06-21 15:44:45 INFO   'rsi_21_lt_50' (SHORT) | Used: 400 | Top10%: 0 | Avg RR/day: 0.36 (global: 2.85) | WR: 49% | Eff: 0.12
2026-06-21 15:44:45 INFO   'cci_14_gt_100' (SHORT) | Used: 428 | Top10%: 0 | Avg RR/day: 0.40 (global: 2.85) | WR: 49% | Eff: 0.13
2026-06-21 15:44:45 INFO   'cci_14_lt_-100' (SHORT) | Used: 306 | Top10%: 0 | Avg RR/day: 0.32 (global: 2.85) | WR: 47% | Eff: 0.10
2026-06-21 15:44:45 INFO   'williams_gt_-20' (SHORT) | Used: 499 | Top10%: 0 | Avg RR/day: 0.86 (global: 2.85) | WR: 57% | Eff: 0.28
2026-06-21 15:44:45 INFO   'williams_lt_-80' (SHORT) | Used: 260 | Top10%: 0 | Avg RR/day: 0.39 (global: 2.85) | WR: 48% | Eff: 0.13
2026-06-21 15:44:45 INFO   'price_gt_bb_upper_20_2_s' (SHORT) | Used: 373 | Top10%: 0 | Avg RR/day: 0.53 (global: 2.85) | WR: 51% | Eff: 0.17
2026-06-21 15:44:45 INFO   'price_lt_bb_lower_20_2_s' (SHORT) | Used: 459 | Top10%: 8 | Avg RR/day: 0.58 (global: 2.85) | WR: 51% | Eff: 0.19
2026-06-21 15:44:45 INFO   'price_gt_bb_upper_20_1_5_s' (SHORT) | Used: 723 | Top10%: 0 | Avg RR/day: 0.76 (global: 2.85) | WR: 56% | Eff: 0.25
2026-06-21 15:44:45 INFO   'price_lt_bb_lower_20_1_5_s' (SHORT) | Used: 678 | Top10%: 5 | Avg RR/day: 0.77 (global: 2.85) | WR: 54% | Eff: 0.25
2026-06-21 15:44:45 INFO   'atr_gt_sma_atr_20' (SHARED) | Used: 629 | Top10%: 0 | Avg RR/day: 0.49 (global: 2.85) | WR: 52% | Eff: 0.17
2026-06-21 15:44:45 INFO   'volume_gt_sma_20_1_5' (SHARED) | Used: 946 | Top10%: 0 | Avg RR/day: 0.64 (global: 2.85) | WR: 54% | Eff: 0.23
2026-06-21 15:44:45 INFO   'obv_gt_sma_obv_20' (SHARED) | Used: 431 | Top10%: 0 | Avg RR/day: 0.30 (global: 2.85) | WR: 46% | Eff: 0.11
2026-06-21 15:44:45 INFO   'adx_14_gt_25' (SHARED) | Used: 448 | Top10%: 3 | Avg RR/day: 0.31 (global: 2.85) | WR: 47% | Eff: 0.11
2026-06-21 15:44:45 INFO   'price_gt_high_20_1_02' (SHARED) | Used: 439 | Top10%: 0 | Avg RR/day: 0.40 (global: 2.85) | WR: 50% | Eff: 0.14
2026-06-21 15:44:45 INFO 
2026-06-21 15:44:45 INFO [ALERT] ALERTS (consider removing):
2026-06-21 15:44:45 INFO   'stoch_k_gt_20' (LONG) | Used: 145 | Top10%: 0 | Avg RR/day: 0.18 (global: 2.85) | WR: 45% | Eff: 0.31
2026-06-21 15:44:45 INFO 
2026-06-21 15:44:45 INFO [WARNING] WARNINGS (insufficient data):
2026-06-21 15:44:45 INFO   'price_gt_bb_upper_20_2' (LONG) | Used: 241 | Top10%: 0 | Avg RR/day: 0.37 (global: 2.85) | WR: 51% | Eff: 0.65
2026-06-21 15:44:45 INFO   'price_gt_bb_upper_20_1_5' (LONG) | Used: 225 | Top10%: 0 | Avg RR/day: 0.36 (global: 2.85) | WR: 51% | Eff: 0.64
2026-06-21 15:44:45 INFO 
2026-06-21 15:44:45 INFO [STRONG] STRONG CONDITIONS:
2026-06-21 15:44:45 INFO   'ema_9_gt_21' (LONG) | Used: 3236 | Top10%: 449 | Avg RR/day: 3.75 (global: 2.85) | WR: 93% | Eff: 6.59
2026-06-21 15:44:45 INFO   'ema_12_gt_26' (LONG) | Used: 3323 | Top10%: 448 | Avg RR/day: 3.69 (global: 2.85) | WR: 92% | Eff: 6.49
2026-06-21 15:44:45 INFO   'sma_20_gt_50' (LONG) | Used: 296 | Top10%: 0 | Avg RR/day: 0.76 (global: 2.85) | WR: 58% | Eff: 1.34
2026-06-21 15:44:45 INFO   'macd_hist_gt_0' (LONG) | Used: 3151 | Top10%: 449 | Avg RR/day: 3.84 (global: 2.85) | WR: 94% | Eff: 6.74
2026-06-21 15:44:45 INFO   'rsi_14_lt_30' (LONG) | Used: 3220 | Top10%: 448 | Avg RR/day: 3.76 (global: 2.85) | WR: 93% | Eff: 6.62
2026-06-21 15:44:45 INFO   'rsi_21_lt_30' (LONG) | Used: 3330 | Top10%: 449 | Avg RR/day: 3.69 (global: 2.85) | WR: 92% | Eff: 6.49
2026-06-21 15:44:45 INFO   'stoch_k_lt_80' (LONG) | Used: 3146 | Top10%: 445 | Avg RR/day: 3.83 (global: 2.85) | WR: 93% | Eff: 6.73
2026-06-21 15:44:45 INFO 
2026-06-21 15:44:45 INFO [OK] OK CONDITIONS:
2026-06-21 15:44:45 INFO   'price_gt_sma_50' (LONG) | Used: 193 | Top10%: 0 | Avg RR/day: 0.43 (global: 2.85) | WR: 51% | Eff: 0.75
2026-06-21 15:44:45 INFO   'rsi_14_gt_50' (LONG) | Used: 371 | Top10%: 0 | Avg RR/day: 0.67 (global: 2.85) | WR: 56% | Eff: 1.18
2026-06-21 15:44:45 INFO   'cci_14_lt_100' (LONG) | Used: 221 | Top10%: 0 | Avg RR/day: 0.40 (global: 2.85) | WR: 51% | Eff: 0.70
2026-06-21 15:44:45 INFO   'price_lt_bb_lower_20_2' (LONG) | Used: 396 | Top10%: 0 | Avg RR/day: 0.65 (global: 2.85) | WR: 55% | Eff: 1.15
2026-06-21 15:44:45 INFO   'price_lt_bb_lower_20_1_5' (LONG) | Used: 200 | Top10%: 0 | Avg RR/day: 0.42 (global: 2.85) | WR: 51% | Eff: 0.73
2026-06-21 15:44:45 INFO   'ema_9_lt_21' (SHORT) | Used: 3597 | Top10%: 444 | Avg RR/day: 3.41 (global: 2.85) | WR: 88% | Eff: 1.10
2026-06-21 15:44:45 INFO   'ema_20_lt_50' (SHORT) | Used: 3812 | Top10%: 449 | Avg RR/day: 3.28 (global: 2.85) | WR: 87% | Eff: 1.06
2026-06-21 15:44:45 INFO   'price_lt_sma_50' (SHORT) | Used: 2341 | Top10%: 316 | Avg RR/day: 3.23 (global: 2.85) | WR: 84% | Eff: 1.04
2026-06-21 15:44:45 INFO   'rsi_14_lt_50' (SHORT) | Used: 1496 | Top10%: 133 | Avg RR/day: 3.31 (global: 2.85) | WR: 89% | Eff: 1.07
2026-06-21 15:44:45 INFO   'rsi_21_gt_70' (SHORT) | Used: 1568 | Top10%: 134 | Avg RR/day: 3.18 (global: 2.85) | WR: 87% | Eff: 1.03
2026-06-21 15:44:45 INFO   'stoch_k_gt_80' (SHORT) | Used: 3641 | Top10%: 449 | Avg RR/day: 3.39 (global: 2.85) | WR: 88% | Eff: 1.10
2026-06-21 15:44:45 INFO   'stoch_k_lt_20' (SHORT) | Used: 1520 | Top10%: 128 | Avg RR/day: 3.28 (global: 2.85) | WR: 89% | Eff: 1.06
2026-06-21 15:44:45 INFO   'volume_gt_sma_20_2_0' (SHARED) | Used: 2584 | Top10%: 308 | Avg RR/day: 2.91 (global: 2.85) | WR: 80% | Eff: 1.02
2026-06-21 15:44:45 INFO   'adx_14_gt_30' (SHARED) | Used: 2357 | Top10%: 316 | Avg RR/day: 3.18 (global: 2.85) | WR: 84% | Eff: 1.12
2026-06-21 15:44:45 INFO   'adx_14_lt_20' (SHARED) | Used: 2839 | Top10%: 316 | Avg RR/day: 2.75 (global: 2.85) | WR: 79% | Eff: 0.97
2026-06-21 15:44:45 INFO   'price_lt_low_20_0_98' (SHARED) | Used: 3771 | Top10%: 446 | Avg RR/day: 3.33 (global: 2.85) | WR: 87% | Eff: 1.17
2026-06-21 15:44:45 INFO 
2026-06-21 15:44:45 INFO Auto-removed 27 conditions: ['ema_20_gt_50', 'price_gt_sma_200', 'macd_gt_signal', 'rsi_21_gt_50', 'cci_14_gt_-100', 'williams_gt_-80', 'williams_lt_-20', 'ema_12_lt_26', 'sma_20_lt_50', 'price_lt_sma_200', 'macd_lt_signal', 'macd_hist_lt_0', 'rsi_14_gt_70', 'rsi_21_lt_50', 'cci_14_gt_100', 'cci_14_lt_-100', 'williams_gt_-20', 'williams_lt_-80', 'price_gt_bb_upper_20_2_s', 'price_lt_bb_lower_20_2_s', 'price_gt_bb_upper_20_1_5_s', 'price_lt_bb_lower_20_1_5_s', 'atr_gt_sma_atr_20', 'volume_gt_sma_20_1_5', 'obv_gt_sma_obv_20', 'adx_14_gt_25', 'price_gt_high_20_1_02']
2026-06-21 15:44:45 INFO Low-efficiency (0.5x weight): 1 conditions: ['stoch_k_gt_20']
2026-06-21 15:44:45 INFO ============================================================
2026-06-21 15:44:45 INFO Efficiency report saved to C:\Users\xfide\documents\crypto.ai\models\condition_efficiency.json
2026-06-21 15:44:45 INFO [EFFICIENCY] Skipping removal of 'price_gt_bb_upper_20_2_s' -- SHORT pool would drop below 20
2026-06-21 15:44:45 INFO [EFFICIENCY] Skipping removal of 'price_lt_bb_lower_20_2_s' -- SHORT pool would drop below 20
2026-06-21 15:44:45 INFO [EFFICIENCY] Skipping removal of 'price_gt_bb_upper_20_1_5_s' -- SHORT pool would drop below 20
2026-06-21 15:44:45 INFO [EFFICIENCY] Skipping removal of 'price_lt_bb_lower_20_1_5_s' -- SHORT pool would drop below 20
2026-06-21 15:44:45 INFO [EFFICIENCY] Skipping removal of 'atr_gt_sma_atr_20' -- SHARED condition, pool would drop below 20
2026-06-21 15:44:45 INFO [EFFICIENCY] Skipping removal of 'volume_gt_sma_20_1_5' -- SHARED condition, pool would drop below 20
2026-06-21 15:44:45 INFO [EFFICIENCY] Skipping removal of 'obv_gt_sma_obv_20' -- SHARED condition, pool would drop below 20
2026-06-21 15:44:45 INFO [EFFICIENCY] Skipping removal of 'adx_14_gt_25' -- SHARED condition, pool would drop below 20
2026-06-21 15:44:45 INFO [EFFICIENCY] Skipping removal of 'price_gt_high_20_1_02' -- SHARED condition, pool would drop below 20
2026-06-21 15:44:45 INFO [EFFICIENCY] Condition 'ema_20_gt_50' removed from pool (efficiency < 0.3).
2026-06-21 15:44:45 INFO [EFFICIENCY] Condition 'price_gt_sma_200' removed from pool (efficiency < 0.3).
2026-06-21 15:44:45 INFO [EFFICIENCY] Condition 'macd_gt_signal' removed from pool (efficiency < 0.3).
2026-06-21 15:44:45 INFO [EFFICIENCY] Condition 'rsi_21_gt_50' removed from pool (efficiency < 0.3).
2026-06-21 15:44:45 INFO [EFFICIENCY] Condition 'cci_14_gt_-100' removed from pool (efficiency < 0.3).
2026-06-21 15:44:45 INFO [EFFICIENCY] Condition 'williams_gt_-80' removed from pool (efficiency < 0.3).
2026-06-21 15:44:45 INFO [EFFICIENCY] Condition 'williams_lt_-20' removed from pool (efficiency < 0.3).
2026-06-21 15:44:45 INFO [EFFICIENCY] Condition 'ema_12_lt_26' removed from pool (efficiency < 0.3).
2026-06-21 15:44:45 INFO [EFFICIENCY] Condition 'sma_20_lt_50' removed from pool (efficiency < 0.3).
2026-06-21 15:44:45 INFO [EFFICIENCY] Condition 'price_lt_sma_200' removed from pool (efficiency < 0.3).
2026-06-21 15:44:45 INFO [EFFICIENCY] Condition 'macd_lt_signal' removed from pool (efficiency < 0.3).
2026-06-21 15:44:45 INFO [EFFICIENCY] Condition 'macd_hist_lt_0' removed from pool (efficiency < 0.3).
2026-06-21 15:44:45 INFO [EFFICIENCY] Condition 'rsi_14_gt_70' removed from pool (efficiency < 0.3).
2026-06-21 15:44:45 INFO [EFFICIENCY] Condition 'rsi_21_lt_50' removed from pool (efficiency < 0.3).
2026-06-21 15:44:45 INFO [EFFICIENCY] Condition 'cci_14_gt_100' removed from pool (efficiency < 0.3).
2026-06-21 15:44:45 INFO [EFFICIENCY] Condition 'cci_14_lt_-100' removed from pool (efficiency < 0.3).
2026-06-21 15:44:45 INFO [EFFICIENCY] Condition 'williams_gt_-20' removed from pool (efficiency < 0.3).
2026-06-21 15:44:45 INFO [EFFICIENCY] Condition 'williams_lt_-80' removed from pool (efficiency < 0.3).
2026-06-21 15:44:45 INFO [EFFICIENCY] 9 condition(s) kept due to pool size floor: ['price_gt_bb_upper_20_2_s', 'price_lt_bb_lower_20_2_s', 'price_gt_bb_upper_20_1_5_s', 'price_lt_bb_lower_20_1_5_s', 'atr_gt_sma_atr_20', 'volume_gt_sma_20_1_5', 'obv_gt_sma_obv_20', 'adx_14_gt_25', 'price_gt_high_20_1_02']
2026-06-21 15:44:45 INFO [EFFICIENCY] Removing 27 conditions (efficiency < 0.3) before Bayesian.
2026-06-21 15:44:45 INFO [EFFICIENCY] Removed: ['ema_20_gt_50', 'price_gt_sma_200', 'macd_gt_signal', 'rsi_21_gt_50', 'cci_14_gt_-100', 'williams_gt_-80', 'williams_lt_-20', 'ema_12_lt_26', 'sma_20_lt_50', 'price_lt_sma_200', 'macd_lt_signal', 'macd_hist_lt_0', 'rsi_14_gt_70', 'rsi_21_lt_50', 'cci_14_gt_100', 'cci_14_lt_-100', 'williams_gt_-20', 'williams_lt_-80', 'price_gt_bb_upper_20_2_s', 'price_lt_bb_lower_20_2_s', 'price_gt_bb_upper_20_1_5_s', 'price_lt_bb_lower_20_1_5_s', 'atr_gt_sma_atr_20', 'volume_gt_sma_20_1_5', 'obv_gt_sma_obv_20', 'adx_14_gt_25', 'price_gt_high_20_1_02']
2026-06-21 15:44:45 INFO [EFFICIENCY] 1 conditions flagged low-efficiency (0.5x weight, eff 0.3-0.5): ['stoch_k_gt_20']
2026-06-21 15:44:45 INFO 
2026-06-21 15:44:45 INFO ============================================================
2026-06-21 15:44:45 INFO Phase 2: Bayesian Optimization (local refinement -- focus on promising regions)
2026-06-21 15:44:45 INFO ============================================================
2026-06-21 15:44:45 INFO Bayesian: Starting | timeout=292s (4.9m), max_trials=10000, startup=100
2026-06-21 15:44:45 INFO   Each trial generates a strategy with random conditions, threshold, stop-loss, and risk-reward. The TPE model learns which parameter combinations score highest and focuses the search there.
2026-06-21 15:44:45 INFO Bayesian: Seeded 10 strategies from GA.
2026-06-21 16:27:47 INFO Bayesian: Finished | Best score: 4.3890 | 1401 trials | Elapsed: 2583s | Speed: 0.5 trials/s
2026-06-21 16:27:47 INFO   Score = rr_per_day * drawdown_penalty * low_trades_penalty. Higher = better.
2026-06-21 16:27:47 INFO Saving new best strategy (score: 4.3890)
2026-06-21 16:27:47 INFO Strategy saved to C:\Users\xfide\documents\crypto.ai\models\best_strategy.json
2026-06-21 16:27:47 INFO Top 500 strategies saved to C:\Users\xfide\documents\crypto.ai\models\top_strategies.json
2026-06-21 16:27:47 INFO ============================================================
2026-06-21 16:27:47 INFO Training finished.
2026-06-21 16:27:47 INFO 
2026-06-21 16:27:47 INFO   Best score:          4.3890
2026-06-21 16:27:47 INFO   Best strategy:       strat_1d8580de (SHORT)
2026-06-21 16:27:47 INFO     Win rate:          100.0%
2026-06-21 16:27:47 INFO     RR/day:            6.2700
2026-06-21 16:27:47 INFO     Max drawdown:      0.7%
2026-06-21 16:27:47 INFO     Valid trades:      1
2026-06-21 16:27:47 INFO 
2026-06-21 16:27:47 INFO   Total strategies tested: 6914
2026-06-21 16:27:47 INFO   Time elapsed:        2890s (48.2m)
2026-06-21 16:27:47 INFO   Average:             2.4 strats/sec
2026-06-21 16:27:47 INFO   New best strategy saved to C:\Users\xfide\documents\crypto.ai\models\best_strategy.json
2026-06-21 16:27:47 INFO 
2026-06-21 16:27:47 INFO   Next steps:
2026-06-21 16:27:47 INFO     1. Review efficiency report above -- which conditions helped/hurt
2026-06-21 16:27:47 INFO     2. Run validation: python validation.py --symbol BTC/USDT
2026-06-21 16:27:47 INFO     3. If validation passes, go live: python live_signal.py
2026-06-21 16:27:47 INFO ============================================================
