2026-06-23 16:24:53 INFO Training log: C:\Users\xfide\documents\crypto.ai\logs\training\training_2026-06-23_162453.log
2026-06-23 16:24:53 INFO Training started | Method: ga_bayesian | Symbol: BTC/USDT | Timeframe: 15m | Duration: 30 min
2026-06-23 16:24:53 INFO   Objective: Find the strategy with the highest score. Score = rr_per_day x drawdown_penalty x low_trades_penalty.
2026-06-23 16:24:53 INFO   Disqualified if: trades/day < 1.2, win_rate < 35%, max_drawdown > 50%, or avg_trades/day outside 0.5-10.
2026-06-23 16:24:53 INFO Loading historical data...
2026-06-23 16:24:53 INFO Cache found: 17550 candles up to 2026-06-22 17:30:00+00:00. Fetching from 2026-06-22 17:45:00+00:00.
2026-06-23 16:24:53 INFO Fetching BTC/USDT 15m from 2026-06-22 17:45 to 2026-06-23 15:24
2026-06-23 16:24:58 INFO Fetched 87 new candles in 1 requests.
2026-06-23 16:24:58 INFO Total candles available: 17637
2026-06-23 16:24:58 INFO Raw data: 17637 candles (2025-12-21 to 2026-06-23, 12 months)
2026-06-23 16:24:58 INFO Computing indicators...
2026-06-23 16:24:58 INFO Data prepared: 17438 candles after warmup drop.
2026-06-23 16:24:58 INFO Clean data: 17438 candles after warmup
2026-06-23 16:24:58 INFO Pre-computing 53 conditions...
2026-06-23 16:24:58 INFO Data preparation complete.
2026-06-23 16:24:59 INFO ============================================================
2026-06-23 16:24:59 INFO Phase 1: Genetic Algorithm (global search -- evolve strategies over generations)
2026-06-23 16:24:59 INFO ============================================================
2026-06-23 16:24:59 INFO GA: Starting | pop=200, time_budget=900s (15.0m), max_gen=200, cx=0.8, mut=0.2, elite=5
2026-06-23 16:24:59 INFO   Score = rr_per_day * drawdown_penalty * low_trades_penalty. Higher = better. Negative or -inf means disqualified.
2026-06-23 16:25:28 INFO GA Gen 0 | Best score: -inf | Avg score: 0.0000 | Pop: 200 | Elapsed: 29s
2026-06-23 16:25:54 INFO GA Gen 1 | Best score: -inf | Avg score: 0.0000 | Tested: 360 | Elapsed: 54s
