2026-06-21 18:08:32 INFO Training log: C:\Users\xfide\documents\crypto.ai\logs\training_2026-06-21_180832.log
2026-06-21 18:08:32 INFO Cleared removed_conditions.json -- all 53 conditions available for this run.
2026-06-21 18:08:32 INFO Training started | Method: ga_bayesian | Symbol: BTC/USDT | Timeframe: 15m | Duration: 10 min
2026-06-21 18:08:32 INFO   Objective: Find the strategy with the highest score. Score = rr_per_day x drawdown_penalty x low_trades_penalty.
2026-06-21 18:08:32 INFO   Disqualified if: valid_trades < 10, win_rate < 35%, max_drawdown > 50%, or avg_trades/day outside 0.5-10.
2026-06-21 18:08:32 INFO Loading historical data...
2026-06-21 18:08:33 INFO Cache found: 17448 candles up to 2026-06-21 16:00:00+00:00. Fetching from 2026-06-21 16:15:00+00:00.
2026-06-21 18:08:33 INFO Fetching BTC/USDT 15m from 2026-06-21 16:15 to 2026-06-21 17:08
2026-06-21 18:08:37 INFO Fetched 4 new candles in 1 requests.
2026-06-21 18:08:37 INFO Total candles available: 17452
2026-06-21 18:08:37 INFO Raw data: 17452 candles (2025-12-21 to 2026-06-21, 12 months)
2026-06-21 18:08:37 INFO Computing indicators...
2026-06-21 18:08:38 INFO Data prepared: 17253 candles after warmup drop.
2026-06-21 18:08:38 INFO Clean data: 17253 candles after warmup
2026-06-21 18:08:38 INFO Pre-computing 53 conditions...
2026-06-21 18:08:38 INFO Data preparation complete.
2026-06-21 18:08:38 INFO ============================================================
2026-06-21 18:08:38 INFO Phase 1: Genetic Algorithm (global search -- evolve strategies over generations)
2026-06-21 18:08:38 INFO ============================================================
2026-06-21 18:08:38 INFO GA: Starting | pop=200, time_budget=300s (5.0m), max_gen=200, cx=0.8, mut=0.2, elite=5
2026-06-21 18:08:38 INFO   Score = rr_per_day * drawdown_penalty * low_trades_penalty. Higher = better. Negative or -inf means disqualified.
2026-06-21 18:09:38 INFO GA Gen 0 | Best score: 0.0564 | Avg score: 0.0052 | Pop: 200 | Elapsed: 60s
2026-06-21 18:09:52 INFO GA Gen 1 | Best score: 0.0619 | Avg score: 0.0109 | Tested: 354 | Elapsed: 74s [NEW BEST!]
2026-06-21 18:10:05 INFO GA Gen 2 | Best score: 0.0793 | Avg score: 0.0157 | Tested: 512 | Elapsed: 87s [NEW BEST!]
2026-06-21 18:10:16 INFO GA Gen 3 | Best score: 0.0793 | Avg score: 0.0195 | Tested: 677 | Elapsed: 98s
2026-06-21 18:10:29 INFO GA Gen 4 | Best score: 0.1548 | Avg score: 0.0274 | Tested: 856 | Elapsed: 111s [NEW BEST!]
2026-06-21 18:10:42 INFO GA Gen 5 | Best score: 0.1548 | Avg score: 0.0366 | Tested: 1022 | Elapsed: 124s
2026-06-21 18:10:56 INFO GA Gen 6 | Best score: 0.1548 | Avg score: 0.0454 | Tested: 1198 | Elapsed: 138s
2026-06-21 18:11:10 INFO GA Gen 7 | Best score: 0.1548 | Avg score: 0.0531 | Tested: 1365 | Elapsed: 152s
2026-06-21 18:11:23 INFO GA Gen 8 | Best score: 0.1859 | Avg score: 0.0609 | Tested: 1530 | Elapsed: 165s [NEW BEST!]
2026-06-21 18:11:37 INFO GA Gen 9 | Best score: 0.1859 | Avg score: 0.0718 | Tested: 1699 | Elapsed: 178s
2026-06-21 18:11:49 INFO GA Gen 10 | Best score: 0.1859 | Avg score: 0.0804 | Tested: 1866 | Elapsed: 191s
2026-06-21 18:12:02 INFO GA Gen 11 | Best score: 0.1859 | Avg score: 0.0871 | Tested: 2038 | Elapsed: 204s
2026-06-21 18:12:13 INFO GA Gen 12 | Best score: 0.2046 | Avg score: 0.1048 | Tested: 2188 | Elapsed: 215s [NEW BEST!]
2026-06-21 18:12:36 INFO GA Gen 13 | Best score: 0.2687 | Avg score: 0.1159 | Tested: 2364 | Elapsed: 238s [NEW BEST!]
2026-06-21 18:12:48 INFO GA Gen 14 | Best score: 0.2687 | Avg score: 0.1158 | Tested: 2539 | Elapsed: 250s
2026-06-21 18:12:59 INFO GA Gen 15 | Best score: 0.2687 | Avg score: 0.1214 | Tested: 2682 | Elapsed: 260s
2026-06-21 18:13:11 INFO GA Gen 16 | Best score: 0.2687 | Avg score: 0.1364 | Tested: 2851 | Elapsed: 273s
2026-06-21 18:13:22 INFO GA Gen 17 | Best score: 0.2739 | Avg score: 0.1439 | Tested: 3010 | Elapsed: 284s [NEW BEST!]
2026-06-21 18:13:34 INFO GA Gen 18 | Best score: 0.3041 | Avg score: 0.1659 | Tested: 3166 | Elapsed: 296s [NEW BEST!]
2026-06-21 18:13:47 INFO GA Gen 19 | Best score: 0.3177 | Avg score: 0.1713 | Tested: 3340 | Elapsed: 309s [NEW BEST!]
2026-06-21 18:13:47 INFO GA: Time budget exhausted at generation 19. Stopping.
2026-06-21 18:13:47 INFO GA: Finished | Best score: 0.3177 | 19 generations | Elapsed: 309s | Strategies tested: 3340 | Speed: 10.8 strats/s | Passing top 10 to Bayesian optimizer.
2026-06-21 18:13:47 INFO 
2026-06-21 18:13:47 INFO [EFFICIENCY] GA phase complete. Analyzing condition efficiency...
2026-06-21 18:13:47 INFO ============================================================
2026-06-21 18:13:47 INFO EFFICIENCY REPORT
2026-06-21 18:13:47 INFO ============================================================
2026-06-21 18:13:47 INFO Strategies analyzed: 2012
2026-06-21 18:13:47 INFO Global avg RR/day: 0.1752
2026-06-21 18:13:47 INFO   LONG avg RR/day: -0.0201 (117 strategies)
2026-06-21 18:13:47 INFO   SHORT avg RR/day: 0.1872 (1895 strategies)
2026-06-21 18:13:47 INFO 
2026-06-21 18:13:47 INFO [CRITICAL] CRITICAL ALERTS (auto-removed):
2026-06-21 18:13:47 INFO   'ema_12_gt_26' (LONG) | Used: 66 | Top10%: 0 | Avg RR/day: -0.01 (global: 0.18) | WR: 40% | Eff: -0.03
2026-06-21 18:13:47 INFO   'sma_20_gt_50' (LONG) | Used: 66 | Top10%: 0 | Avg RR/day: 0.02 (global: 0.18) | WR: 40% | Eff: 0.09
2026-06-21 18:13:47 INFO   'price_gt_sma_200' (LONG) | Used: 132 | Top10%: 0 | Avg RR/day: 0.05 (global: 0.18) | WR: 40% | Eff: 0.28
2026-06-21 18:13:47 INFO   'rsi_14_lt_30' (LONG) | Used: 68 | Top10%: 0 | Avg RR/day: 0.02 (global: 0.18) | WR: 40% | Eff: 0.13
2026-06-21 18:13:47 INFO   'rsi_21_lt_30' (LONG) | Used: 58 | Top10%: 0 | Avg RR/day: -0.01 (global: 0.18) | WR: 39% | Eff: -0.06
2026-06-21 18:13:47 INFO   'cci_14_lt_100' (LONG) | Used: 66 | Top10%: 0 | Avg RR/day: 0.00 (global: 0.18) | WR: 39% | Eff: 0.01
2026-06-21 18:13:47 INFO   'price_gt_bb_upper_20_1_5' (LONG) | Used: 52 | Top10%: 0 | Avg RR/day: -0.00 (global: 0.18) | WR: 41% | Eff: -0.01
2026-06-21 18:13:47 INFO 
2026-06-21 18:13:47 INFO [ALERT] ALERTS (consider removing):
2026-06-21 18:13:47 INFO   'ema_9_gt_21' (LONG) | Used: 171 | Top10%: 0 | Avg RR/day: 0.08 (global: 0.18) | WR: 39% | Eff: 0.46
2026-06-21 18:13:47 INFO   'price_lt_bb_lower_20_1_5' (LONG) | Used: 193 | Top10%: 0 | Avg RR/day: 0.09 (global: 0.18) | WR: 39% | Eff: 0.49
2026-06-21 18:13:47 INFO   'ema_9_lt_21' (SHORT) | Used: 195 | Top10%: 0 | Avg RR/day: 0.07 (global: 0.18) | WR: 39% | Eff: 0.39
2026-06-21 18:13:47 INFO   'sma_20_lt_50' (SHORT) | Used: 122 | Top10%: 1 | Avg RR/day: 0.08 (global: 0.18) | WR: 39% | Eff: 0.44
2026-06-21 18:13:47 INFO   'price_lt_sma_50' (SHORT) | Used: 220 | Top10%: 1 | Avg RR/day: 0.09 (global: 0.18) | WR: 39% | Eff: 0.46
2026-06-21 18:13:47 INFO   'macd_lt_signal' (SHORT) | Used: 145 | Top10%: 0 | Avg RR/day: 0.09 (global: 0.18) | WR: 39% | Eff: 0.47
2026-06-21 18:13:47 INFO   'rsi_21_lt_50' (SHORT) | Used: 239 | Top10%: 0 | Avg RR/day: 0.07 (global: 0.18) | WR: 39% | Eff: 0.39
2026-06-21 18:13:47 INFO   'rsi_21_gt_70' (SHORT) | Used: 29 | Top10%: 0 | Avg RR/day: 0.07 (global: 0.18) | WR: 40% | Eff: 0.37
2026-06-21 18:13:47 INFO   'williams_lt_-80' (SHORT) | Used: 176 | Top10%: 0 | Avg RR/day: 0.07 (global: 0.18) | WR: 39% | Eff: 0.36
2026-06-21 18:13:47 INFO   'price_lt_bb_lower_20_2_s' (SHORT) | Used: 92 | Top10%: 0 | Avg RR/day: 0.06 (global: 0.18) | WR: 39% | Eff: 0.32
2026-06-21 18:13:47 INFO   'price_gt_bb_upper_20_1_5_s' (SHORT) | Used: 110 | Top10%: 1 | Avg RR/day: 0.07 (global: 0.18) | WR: 40% | Eff: 0.37
2026-06-21 18:13:47 INFO   'adx_14_lt_20' (SHARED) | Used: 188 | Top10%: 1 | Avg RR/day: 0.06 (global: 0.18) | WR: 40% | Eff: 0.36
2026-06-21 18:13:47 INFO   'price_gt_high_20_1_02' (SHARED) | Used: 209 | Top10%: 0 | Avg RR/day: 0.08 (global: 0.18) | WR: 40% | Eff: 0.48
2026-06-21 18:13:47 INFO   'price_lt_low_20_0_98' (SHARED) | Used: 262 | Top10%: 0 | Avg RR/day: 0.06 (global: 0.18) | WR: 40% | Eff: 0.32
2026-06-21 18:13:47 INFO 
2026-06-21 18:13:47 INFO [WARNING] WARNINGS (insufficient data):
2026-06-21 18:13:47 INFO   'price_gt_sma_50' (LONG) | Used: 268 | Top10%: 1 | Avg RR/day: 0.10 (global: 0.18) | WR: 39% | Eff: 0.54
2026-06-21 18:13:47 INFO   'ema_12_lt_26' (SHORT) | Used: 529 | Top10%: 5 | Avg RR/day: 0.13 (global: 0.18) | WR: 39% | Eff: 0.68
2026-06-21 18:13:47 INFO   'macd_hist_lt_0' (SHORT) | Used: 137 | Top10%: 0 | Avg RR/day: 0.09 (global: 0.18) | WR: 39% | Eff: 0.50
2026-06-21 18:13:47 INFO   'cci_14_lt_-100' (SHORT) | Used: 284 | Top10%: 1 | Avg RR/day: 0.11 (global: 0.18) | WR: 39% | Eff: 0.59
2026-06-21 18:13:47 INFO 
2026-06-21 18:13:47 INFO [OK] OK CONDITIONS:
2026-06-21 18:13:47 INFO   'ema_20_gt_50' (LONG) | Used: 548 | Top10%: 63 | Avg RR/day: 0.18 (global: 0.18) | WR: 39% | Eff: 1.05
2026-06-21 18:13:47 INFO   'macd_gt_signal' (LONG) | Used: 945 | Top10%: 123 | Avg RR/day: 0.19 (global: 0.18) | WR: 39% | Eff: 1.11
2026-06-21 18:13:47 INFO   'macd_hist_gt_0' (LONG) | Used: 969 | Top10%: 131 | Avg RR/day: 0.20 (global: 0.18) | WR: 39% | Eff: 1.17
2026-06-21 18:13:47 INFO   'rsi_14_gt_50' (LONG) | Used: 869 | Top10%: 139 | Avg RR/day: 0.21 (global: 0.18) | WR: 39% | Eff: 1.22
2026-06-21 18:13:47 INFO   'rsi_21_gt_50' (LONG) | Used: 667 | Top10%: 65 | Avg RR/day: 0.17 (global: 0.18) | WR: 39% | Eff: 0.98
2026-06-21 18:13:47 INFO   'stoch_k_gt_20' (LONG) | Used: 900 | Top10%: 122 | Avg RR/day: 0.21 (global: 0.18) | WR: 39% | Eff: 1.19
2026-06-21 18:13:47 INFO   'stoch_k_lt_80' (LONG) | Used: 1275 | Top10%: 190 | Avg RR/day: 0.21 (global: 0.18) | WR: 39% | Eff: 1.17
2026-06-21 18:13:47 INFO   'cci_14_gt_-100' (LONG) | Used: 601 | Top10%: 64 | Avg RR/day: 0.18 (global: 0.18) | WR: 39% | Eff: 1.05
2026-06-21 18:13:47 INFO   'williams_gt_-80' (LONG) | Used: 487 | Top10%: 65 | Avg RR/day: 0.19 (global: 0.18) | WR: 39% | Eff: 1.10
2026-06-21 18:13:47 INFO   'williams_lt_-20' (LONG) | Used: 638 | Top10%: 65 | Avg RR/day: 0.17 (global: 0.18) | WR: 39% | Eff: 0.98
2026-06-21 18:13:47 INFO   'price_lt_bb_lower_20_2' (LONG) | Used: 520 | Top10%: 65 | Avg RR/day: 0.20 (global: 0.18) | WR: 39% | Eff: 1.12
2026-06-21 18:13:47 INFO   'price_gt_bb_upper_20_2' (LONG) | Used: 926 | Top10%: 173 | Avg RR/day: 0.22 (global: 0.18) | WR: 39% | Eff: 1.25
2026-06-21 18:13:47 INFO   'ema_20_lt_50' (SHORT) | Used: 741 | Top10%: 15 | Avg RR/day: 0.16 (global: 0.18) | WR: 39% | Eff: 0.84
2026-06-21 18:13:47 INFO   'price_lt_sma_200' (SHORT) | Used: 829 | Top10%: 54 | Avg RR/day: 0.18 (global: 0.18) | WR: 39% | Eff: 0.98
2026-06-21 18:13:47 INFO   'rsi_14_lt_50' (SHORT) | Used: 543 | Top10%: 63 | Avg RR/day: 0.20 (global: 0.18) | WR: 39% | Eff: 1.06
2026-06-21 18:13:47 INFO   'rsi_14_gt_70' (SHORT) | Used: 671 | Top10%: 47 | Avg RR/day: 0.19 (global: 0.18) | WR: 39% | Eff: 0.99
2026-06-21 18:13:47 INFO   'stoch_k_gt_80' (SHORT) | Used: 558 | Top10%: 63 | Avg RR/day: 0.20 (global: 0.18) | WR: 39% | Eff: 1.04
2026-06-21 18:13:47 INFO   'stoch_k_lt_20' (SHORT) | Used: 825 | Top10%: 124 | Avg RR/day: 0.19 (global: 0.18) | WR: 39% | Eff: 1.01
2026-06-21 18:13:47 INFO   'cci_14_gt_100' (SHORT) | Used: 639 | Top10%: 143 | Avg RR/day: 0.24 (global: 0.18) | WR: 39% | Eff: 1.26
2026-06-21 18:13:47 INFO   'williams_gt_-20' (SHORT) | Used: 481 | Top10%: 15 | Avg RR/day: 0.17 (global: 0.18) | WR: 39% | Eff: 0.91
2026-06-21 18:13:47 INFO   'price_gt_bb_upper_20_2_s' (SHORT) | Used: 539 | Top10%: 63 | Avg RR/day: 0.20 (global: 0.18) | WR: 39% | Eff: 1.07
2026-06-21 18:13:47 INFO   'price_lt_bb_lower_20_1_5_s' (SHORT) | Used: 212 | Top10%: 11 | Avg RR/day: 0.19 (global: 0.18) | WR: 38% | Eff: 0.99
2026-06-21 18:13:47 INFO   'atr_gt_sma_atr_20' (SHARED) | Used: 1125 | Top10%: 143 | Avg RR/day: 0.19 (global: 0.18) | WR: 39% | Eff: 1.06
2026-06-21 18:13:47 INFO   'volume_gt_sma_20_1_5' (SHARED) | Used: 1198 | Top10%: 144 | Avg RR/day: 0.19 (global: 0.18) | WR: 39% | Eff: 1.09
2026-06-21 18:13:47 INFO   'volume_gt_sma_20_2_0' (SHARED) | Used: 686 | Top10%: 123 | Avg RR/day: 0.22 (global: 0.18) | WR: 39% | Eff: 1.28
2026-06-21 18:13:47 INFO   'obv_gt_sma_obv_20' (SHARED) | Used: 829 | Top10%: 65 | Avg RR/day: 0.18 (global: 0.18) | WR: 39% | Eff: 1.02
2026-06-21 18:13:47 INFO   'adx_14_gt_25' (SHARED) | Used: 1060 | Top10%: 127 | Avg RR/day: 0.18 (global: 0.18) | WR: 39% | Eff: 1.05
2026-06-21 18:13:47 INFO   'adx_14_gt_30' (SHARED) | Used: 865 | Top10%: 67 | Avg RR/day: 0.17 (global: 0.18) | WR: 39% | Eff: 0.99
2026-06-21 18:13:47 INFO 
2026-06-21 18:13:47 INFO Auto-removed 7 conditions: ['ema_12_gt_26', 'sma_20_gt_50', 'price_gt_sma_200', 'rsi_14_lt_30', 'rsi_21_lt_30', 'cci_14_lt_100', 'price_gt_bb_upper_20_1_5']
2026-06-21 18:13:47 INFO Low-efficiency (0.5x weight): 14 conditions: ['ema_9_gt_21', 'price_lt_bb_lower_20_1_5', 'ema_9_lt_21', 'sma_20_lt_50', 'price_lt_sma_50', 'macd_lt_signal', 'rsi_21_lt_50', 'rsi_21_gt_70', 'williams_lt_-80', 'price_lt_bb_lower_20_2_s', 'price_gt_bb_upper_20_1_5_s', 'adx_14_lt_20', 'price_gt_high_20_1_02', 'price_lt_low_20_0_98']
2026-06-21 18:13:47 INFO ============================================================
2026-06-21 18:13:47 INFO Efficiency report saved to C:\Users\xfide\documents\crypto.ai\models\condition_efficiency.json
2026-06-21 18:13:47 INFO [EFFICIENCY] Condition 'ema_12_gt_26' removed from pool (efficiency < 0.3).
2026-06-21 18:13:47 INFO [EFFICIENCY] Condition 'sma_20_gt_50' removed from pool (efficiency < 0.3).
2026-06-21 18:13:47 INFO [EFFICIENCY] Condition 'price_gt_sma_200' removed from pool (efficiency < 0.3).
2026-06-21 18:13:47 INFO [EFFICIENCY] Condition 'rsi_14_lt_30' removed from pool (efficiency < 0.3).
2026-06-21 18:13:47 INFO [EFFICIENCY] Condition 'rsi_21_lt_30' removed from pool (efficiency < 0.3).
2026-06-21 18:13:47 INFO [EFFICIENCY] Condition 'cci_14_lt_100' removed from pool (efficiency < 0.3).
2026-06-21 18:13:47 INFO [EFFICIENCY] Condition 'price_gt_bb_upper_20_1_5' removed from pool (efficiency < 0.3).
2026-06-21 18:13:47 INFO [EFFICIENCY] Removing 7 conditions (efficiency < 0.3) before Bayesian.
2026-06-21 18:13:47 INFO [EFFICIENCY] Removed: ['ema_12_gt_26', 'sma_20_gt_50', 'price_gt_sma_200', 'rsi_14_lt_30', 'rsi_21_lt_30', 'cci_14_lt_100', 'price_gt_bb_upper_20_1_5']
2026-06-21 18:13:47 INFO [EFFICIENCY] 14 conditions flagged low-efficiency (0.5x weight, eff 0.3-0.5): ['ema_9_gt_21', 'price_lt_bb_lower_20_1_5', 'ema_9_lt_21', 'sma_20_lt_50', 'price_lt_sma_50', 'macd_lt_signal', 'rsi_21_lt_50', 'rsi_21_gt_70', 'williams_lt_-80', 'price_lt_bb_lower_20_2_s', 'price_gt_bb_upper_20_1_5_s', 'adx_14_lt_20', 'price_gt_high_20_1_02', 'price_lt_low_20_0_98']
2026-06-21 18:13:47 INFO 
2026-06-21 18:13:47 INFO ============================================================
2026-06-21 18:13:47 INFO Phase 2: Bayesian Optimization (local refinement -- focus on promising regions)
2026-06-21 18:13:47 INFO ============================================================
2026-06-21 18:13:47 INFO Bayesian: Starting | timeout=286s (4.8m), max_trials=10000, startup=100
2026-06-21 18:13:47 INFO   Each trial generates a strategy with random conditions, threshold, stop-loss, and risk-reward. The TPE model learns which parameter combinations score highest and focuses the search there.
2026-06-21 18:13:47 INFO Bayesian: Seeded 10 strategies from GA.
2026-06-21 18:18:33 INFO Bayesian: Manual timeout safety net triggered. Stopping.
2026-06-21 18:18:33 INFO Bayesian: Finished | Best score: 0.4189 | 1651 trials | Elapsed: 286s | Speed: 5.8 trials/s
2026-06-21 18:18:33 INFO   Score = rr_per_day * drawdown_penalty * low_trades_penalty. Higher = better.
2026-06-21 18:18:33 INFO Keeping existing best strategy (score: 4.3890) -- new strategy score (0.4189) is not higher.
2026-06-21 18:18:33 INFO Top 500 strategies saved to C:\Users\xfide\documents\crypto.ai\models\top_strategies.json
2026-06-21 18:18:33 INFO ============================================================
2026-06-21 18:18:33 INFO Training finished.
2026-06-21 18:18:33 INFO 
2026-06-21 18:18:33 INFO   Best score:          0.4189
2026-06-21 18:18:33 INFO   Best strategy:       strat_2a92757f (SHORT)
2026-06-21 18:18:33 INFO     Win rate:          38.2%
2026-06-21 18:18:33 INFO     RR/day:            0.6103
2026-06-21 18:18:33 INFO     Max drawdown:      15.7%
2026-06-21 18:18:33 INFO     Valid trades:      131
2026-06-21 18:18:33 INFO 
2026-06-21 18:18:33 INFO   Total strategies tested: 4991
2026-06-21 18:18:33 INFO   Time elapsed:        600s (10.0m)
2026-06-21 18:18:33 INFO   Average:             8.3 strats/sec
2026-06-21 18:18:33 INFO   Existing best strategy retained (score: 0.4189)
2026-06-21 18:18:33 INFO 
2026-06-21 18:18:33 INFO   Next steps:
2026-06-21 18:18:33 INFO     1. Review efficiency report above -- which conditions helped/hurt
2026-06-21 18:18:33 INFO     2. Run validation: python validation.py --symbol BTC/USDT
2026-06-21 18:18:33 INFO     3. If validation passes, go live: python live_signal.py
2026-06-21 18:18:33 INFO ============================================================
