2026-06-20 00:04:15 INFO Training log: C:\Users\xfide\documents\crypto.ai\logs\training_2026-06-20_000415.log
2026-06-20 00:04:15 INFO Cleared removed_conditions.json -- all 53 conditions available for this run.
2026-06-20 00:04:15 INFO Training started | Method: random | Symbol: BTC/USDT | Timeframe: 15m | Duration: 2 min
2026-06-20 00:04:15 INFO Loading historical data...
2026-06-20 00:04:15 INFO Cache found: 17283 candles up to 2026-06-19 22:45:00+00:00. Fetching from 2026-06-19 23:00:00+00:00.
2026-06-20 00:04:15 INFO Fetching BTC/USDT 15m from 2026-06-19 23:00 to 2026-06-19 23:04
2026-06-20 00:04:20 INFO Fetched 1 new candles in 1 requests.
2026-06-20 00:04:20 INFO Total candles available: 17284
2026-06-20 00:04:20 INFO Raw data: 17284 candles
2026-06-20 00:04:20 INFO Computing indicators...
2026-06-20 00:04:20 INFO Data prepared: 17085 candles after warmup drop.
2026-06-20 00:04:20 INFO Clean data: 17085 candles after warmup
2026-06-20 00:04:20 INFO Pre-computing 53 conditions...
2026-06-20 00:04:20 INFO Data preparation complete.
2026-06-20 00:04:20 INFO ============================================================
2026-06-20 00:04:20 INFO Random Search Mode
2026-06-20 00:04:20 INFO ============================================================
2026-06-20 00:04:27 INFO Random #100 | Best: 0.1639 | Rate: 8.6 strats/s | Remaining: 1.8m
2026-06-20 00:04:33 INFO Random #200 | Best: 0.7957 | Rate: 11.0 strats/s | Remaining: 1.7m
2026-06-20 00:04:40 INFO Random #300 | Best: 0.7957 | Rate: 12.0 strats/s | Remaining: 1.6m
2026-06-20 00:04:47 INFO Random #400 | Best: 0.7957 | Rate: 12.4 strats/s | Remaining: 1.5m
2026-06-20 00:04:54 INFO Random #500 | Best: 0.7957 | Rate: 12.7 strats/s | Remaining: 1.3m
2026-06-20 00:05:01 INFO Random #600 | Best: 0.7957 | Rate: 13.0 strats/s | Remaining: 1.2m
2026-06-20 00:05:08 INFO Random #700 | Best: 0.9500 | Rate: 13.1 strats/s | Remaining: 1.1m
2026-06-20 00:05:16 INFO Random #800 | Best: 0.9500 | Rate: 13.1 strats/s | Remaining: 1.0m
2026-06-20 00:05:23 INFO Random #900 | Best: 0.9500 | Rate: 13.1 strats/s | Remaining: 0.9m
2026-06-20 00:05:31 INFO Random #1000 | Best: 0.9500 | Rate: 13.1 strats/s | Remaining: 0.7m
2026-06-20 00:05:39 INFO Random #1100 | Best: 0.9500 | Rate: 13.2 strats/s | Remaining: 0.6m
2026-06-20 00:05:46 INFO Random #1200 | Best: 0.9500 | Rate: 13.2 strats/s | Remaining: 0.5m
2026-06-20 00:05:53 INFO Random #1300 | Best: 0.9500 | Rate: 13.3 strats/s | Remaining: 0.4m
2026-06-20 00:06:00 INFO Random #1400 | Best: 0.9500 | Rate: 13.3 strats/s | Remaining: 0.2m
2026-06-20 00:06:07 INFO Random #1500 | Best: 1.3050 | Rate: 13.3 strats/s | Remaining: 0.1m
2026-06-20 00:06:15 INFO Random #1600 | Best: 1.3050 | Rate: 13.4 strats/s | Remaining: 0.0m
2026-06-20 00:06:15 INFO Strategy saved to C:\Users\xfide\documents\crypto.ai\models\best_strategy.json
2026-06-20 00:06:15 INFO Top 500 strategies saved to C:\Users\xfide\documents\crypto.ai\models\top_strategies.json
2026-06-20 00:06:15 INFO ============================================================
2026-06-20 00:06:15 INFO EFFICIENCY REPORT
2026-06-20 00:06:15 INFO ============================================================
2026-06-20 00:06:15 INFO Strategies analyzed: 968
2026-06-20 00:06:15 INFO Global avg RR/day: 0.1323
2026-06-20 00:06:15 INFO 
2026-06-20 00:06:15 INFO [CRITICAL] CRITICAL ALERTS (auto-removed):
2026-06-20 00:06:15 INFO   'ema_9_gt_21' (LONG) | Used: 268 | Top10%: 7 | Avg RR/day: 0.03 (global: 0.13) | WR: 44% | Eff: 0.19
2026-06-20 00:06:15 INFO   'ema_12_gt_26' (LONG) | Used: 243 | Top10%: 5 | Avg RR/day: 0.02 (global: 0.13) | WR: 43% | Eff: 0.12
2026-06-20 00:06:15 INFO   'ema_20_gt_50' (LONG) | Used: 252 | Top10%: 8 | Avg RR/day: 0.03 (global: 0.13) | WR: 44% | Eff: 0.26
2026-06-20 00:06:15 INFO   'sma_20_gt_50' (LONG) | Used: 269 | Top10%: 7 | Avg RR/day: 0.03 (global: 0.13) | WR: 43% | Eff: 0.23
2026-06-20 00:06:15 INFO   'price_gt_sma_50' (LONG) | Used: 259 | Top10%: 10 | Avg RR/day: 0.03 (global: 0.13) | WR: 44% | Eff: 0.24
2026-06-20 00:06:15 INFO   'price_gt_sma_200' (LONG) | Used: 263 | Top10%: 7 | Avg RR/day: 0.03 (global: 0.13) | WR: 44% | Eff: 0.25
2026-06-20 00:06:15 INFO   'macd_gt_signal' (LONG) | Used: 241 | Top10%: 5 | Avg RR/day: 0.03 (global: 0.13) | WR: 44% | Eff: 0.23
2026-06-20 00:06:15 INFO   'macd_hist_gt_0' (LONG) | Used: 239 | Top10%: 9 | Avg RR/day: 0.02 (global: 0.13) | WR: 44% | Eff: 0.16
2026-06-20 00:06:15 INFO   'rsi_14_gt_50' (LONG) | Used: 270 | Top10%: 8 | Avg RR/day: 0.02 (global: 0.13) | WR: 44% | Eff: 0.15
2026-06-20 00:06:15 INFO   'rsi_21_gt_50' (LONG) | Used: 262 | Top10%: 7 | Avg RR/day: 0.03 (global: 0.13) | WR: 44% | Eff: 0.20
2026-06-20 00:06:15 INFO   'rsi_21_lt_30' (LONG) | Used: 250 | Top10%: 9 | Avg RR/day: 0.04 (global: 0.13) | WR: 44% | Eff: 0.29
2026-06-20 00:06:15 INFO   'stoch_k_gt_20' (LONG) | Used: 258 | Top10%: 8 | Avg RR/day: 0.02 (global: 0.13) | WR: 44% | Eff: 0.12
2026-06-20 00:06:15 INFO   'stoch_k_lt_80' (LONG) | Used: 256 | Top10%: 10 | Avg RR/day: 0.03 (global: 0.13) | WR: 43% | Eff: 0.21
2026-06-20 00:06:15 INFO   'cci_14_gt_-100' (LONG) | Used: 279 | Top10%: 7 | Avg RR/day: 0.03 (global: 0.13) | WR: 43% | Eff: 0.20
2026-06-20 00:06:15 INFO   'cci_14_lt_100' (LONG) | Used: 258 | Top10%: 7 | Avg RR/day: 0.03 (global: 0.13) | WR: 44% | Eff: 0.22
2026-06-20 00:06:15 INFO   'williams_gt_-80' (LONG) | Used: 258 | Top10%: 7 | Avg RR/day: 0.02 (global: 0.13) | WR: 43% | Eff: 0.15
2026-06-20 00:06:15 INFO   'williams_lt_-20' (LONG) | Used: 250 | Top10%: 9 | Avg RR/day: 0.04 (global: 0.13) | WR: 44% | Eff: 0.27
2026-06-20 00:06:15 INFO   'price_gt_bb_upper_20_2' (LONG) | Used: 263 | Top10%: 11 | Avg RR/day: 0.04 (global: 0.13) | WR: 44% | Eff: 0.29
2026-06-20 00:06:15 INFO   'price_gt_bb_upper_20_1_5' (LONG) | Used: 258 | Top10%: 8 | Avg RR/day: 0.03 (global: 0.13) | WR: 44% | Eff: 0.21
2026-06-20 00:06:15 INFO 
2026-06-20 00:06:15 INFO [ALERT] ALERTS (consider removing):
2026-06-20 00:06:15 INFO   'rsi_14_lt_30' (LONG) | Used: 259 | Top10%: 12 | Avg RR/day: 0.04 (global: 0.13) | WR: 44% | Eff: 0.33
2026-06-20 00:06:15 INFO   'price_lt_bb_lower_20_2' (LONG) | Used: 267 | Top10%: 14 | Avg RR/day: 0.04 (global: 0.13) | WR: 44% | Eff: 0.31
2026-06-20 00:06:15 INFO   'price_lt_bb_lower_20_1_5' (LONG) | Used: 251 | Top10%: 12 | Avg RR/day: 0.04 (global: 0.13) | WR: 44% | Eff: 0.30
2026-06-20 00:06:15 INFO 
2026-06-20 00:06:15 INFO [STRONG] STRONG CONDITIONS:
2026-06-20 00:06:15 INFO   'ema_9_lt_21' (SHORT) | Used: 271 | Top10%: 44 | Avg RR/day: 0.23 (global: 0.13) | WR: 46% | Eff: 1.77
2026-06-20 00:06:15 INFO   'ema_12_lt_26' (SHORT) | Used: 278 | Top10%: 46 | Avg RR/day: 0.25 (global: 0.13) | WR: 46% | Eff: 1.89
2026-06-20 00:06:15 INFO   'ema_20_lt_50' (SHORT) | Used: 285 | Top10%: 48 | Avg RR/day: 0.24 (global: 0.13) | WR: 47% | Eff: 1.80
2026-06-20 00:06:15 INFO   'sma_20_lt_50' (SHORT) | Used: 261 | Top10%: 44 | Avg RR/day: 0.24 (global: 0.13) | WR: 46% | Eff: 1.78
2026-06-20 00:06:15 INFO   'price_lt_sma_50' (SHORT) | Used: 272 | Top10%: 42 | Avg RR/day: 0.24 (global: 0.13) | WR: 46% | Eff: 1.83
2026-06-20 00:06:15 INFO   'price_lt_sma_200' (SHORT) | Used: 271 | Top10%: 45 | Avg RR/day: 0.25 (global: 0.13) | WR: 47% | Eff: 1.91
2026-06-20 00:06:15 INFO   'macd_lt_signal' (SHORT) | Used: 281 | Top10%: 49 | Avg RR/day: 0.23 (global: 0.13) | WR: 47% | Eff: 1.73
2026-06-20 00:06:15 INFO   'macd_hist_lt_0' (SHORT) | Used: 260 | Top10%: 32 | Avg RR/day: 0.22 (global: 0.13) | WR: 46% | Eff: 1.67
2026-06-20 00:06:15 INFO   'rsi_14_lt_50' (SHORT) | Used: 276 | Top10%: 43 | Avg RR/day: 0.23 (global: 0.13) | WR: 46% | Eff: 1.76
2026-06-20 00:06:15 INFO   'rsi_14_gt_70' (SHORT) | Used: 246 | Top10%: 48 | Avg RR/day: 0.27 (global: 0.13) | WR: 48% | Eff: 2.02
2026-06-20 00:06:15 INFO   'rsi_21_lt_50' (SHORT) | Used: 276 | Top10%: 53 | Avg RR/day: 0.26 (global: 0.13) | WR: 47% | Eff: 1.95
2026-06-20 00:06:15 INFO   'rsi_21_gt_70' (SHORT) | Used: 235 | Top10%: 47 | Avg RR/day: 0.26 (global: 0.13) | WR: 48% | Eff: 1.99
2026-06-20 00:06:15 INFO   'stoch_k_gt_80' (SHORT) | Used: 259 | Top10%: 48 | Avg RR/day: 0.25 (global: 0.13) | WR: 48% | Eff: 1.89
2026-06-20 00:06:15 INFO   'stoch_k_lt_20' (SHORT) | Used: 260 | Top10%: 38 | Avg RR/day: 0.23 (global: 0.13) | WR: 46% | Eff: 1.72
2026-06-20 00:06:15 INFO   'cci_14_gt_100' (SHORT) | Used: 258 | Top10%: 50 | Avg RR/day: 0.25 (global: 0.13) | WR: 47% | Eff: 1.93
2026-06-20 00:06:15 INFO   'cci_14_lt_-100' (SHORT) | Used: 263 | Top10%: 43 | Avg RR/day: 0.23 (global: 0.13) | WR: 47% | Eff: 1.73
2026-06-20 00:06:15 INFO   'williams_gt_-20' (SHORT) | Used: 272 | Top10%: 51 | Avg RR/day: 0.26 (global: 0.13) | WR: 47% | Eff: 2.00
2026-06-20 00:06:15 INFO   'williams_lt_-80' (SHORT) | Used: 273 | Top10%: 37 | Avg RR/day: 0.22 (global: 0.13) | WR: 47% | Eff: 1.69
2026-06-20 00:06:15 INFO   'price_gt_bb_upper_20_2_s' (SHORT) | Used: 255 | Top10%: 52 | Avg RR/day: 0.25 (global: 0.13) | WR: 46% | Eff: 1.90
2026-06-20 00:06:15 INFO   'price_lt_bb_lower_20_2_s' (SHORT) | Used: 265 | Top10%: 50 | Avg RR/day: 0.25 (global: 0.13) | WR: 47% | Eff: 1.89
2026-06-20 00:06:15 INFO   'price_gt_bb_upper_20_1_5_s' (SHORT) | Used: 275 | Top10%: 50 | Avg RR/day: 0.25 (global: 0.13) | WR: 47% | Eff: 1.88
2026-06-20 00:06:15 INFO   'price_lt_bb_lower_20_1_5_s' (SHORT) | Used: 261 | Top10%: 44 | Avg RR/day: 0.24 (global: 0.13) | WR: 47% | Eff: 1.79
2026-06-20 00:06:15 INFO 
2026-06-20 00:06:15 INFO [OK] OK CONDITIONS:
2026-06-20 00:06:15 INFO   'atr_gt_sma_atr_20' (SHARED) | Used: 571 | Top10%: 54 | Avg RR/day: 0.13 (global: 0.13) | WR: 45% | Eff: 0.95
2026-06-20 00:06:15 INFO   'volume_gt_sma_20_1_5' (SHARED) | Used: 520 | Top10%: 42 | Avg RR/day: 0.13 (global: 0.13) | WR: 45% | Eff: 0.96
2026-06-20 00:06:15 INFO   'volume_gt_sma_20_2_0' (SHARED) | Used: 538 | Top10%: 62 | Avg RR/day: 0.14 (global: 0.13) | WR: 45% | Eff: 1.09
2026-06-20 00:06:15 INFO   'obv_gt_sma_obv_20' (SHARED) | Used: 515 | Top10%: 56 | Avg RR/day: 0.15 (global: 0.13) | WR: 46% | Eff: 1.14
2026-06-20 00:06:15 INFO   'adx_14_gt_25' (SHARED) | Used: 530 | Top10%: 47 | Avg RR/day: 0.13 (global: 0.13) | WR: 45% | Eff: 1.02
2026-06-20 00:06:15 INFO   'adx_14_gt_30' (SHARED) | Used: 520 | Top10%: 60 | Avg RR/day: 0.14 (global: 0.13) | WR: 45% | Eff: 1.07
2026-06-20 00:06:15 INFO   'adx_14_lt_20' (SHARED) | Used: 515 | Top10%: 60 | Avg RR/day: 0.14 (global: 0.13) | WR: 46% | Eff: 1.06
2026-06-20 00:06:15 INFO   'price_gt_high_20_1_02' (SHARED) | Used: 528 | Top10%: 60 | Avg RR/day: 0.14 (global: 0.13) | WR: 45% | Eff: 1.07
2026-06-20 00:06:15 INFO   'price_lt_low_20_0_98' (SHARED) | Used: 508 | Top10%: 62 | Avg RR/day: 0.15 (global: 0.13) | WR: 45% | Eff: 1.10
2026-06-20 00:06:15 INFO 
2026-06-20 00:06:15 INFO Auto-removed 19 conditions: ['ema_9_gt_21', 'ema_12_gt_26', 'ema_20_gt_50', 'sma_20_gt_50', 'price_gt_sma_50', 'price_gt_sma_200', 'macd_gt_signal', 'macd_hist_gt_0', 'rsi_14_gt_50', 'rsi_21_gt_50', 'rsi_21_lt_30', 'stoch_k_gt_20', 'stoch_k_lt_80', 'cci_14_gt_-100', 'cci_14_lt_100', 'williams_gt_-80', 'williams_lt_-20', 'price_gt_bb_upper_20_2', 'price_gt_bb_upper_20_1_5']
2026-06-20 00:06:15 INFO ============================================================
2026-06-20 00:06:15 INFO Efficiency report saved to C:\Users\xfide\documents\crypto.ai\models\condition_efficiency.json
2026-06-20 00:06:15 INFO [EFFICIENCY] Skipping removal of 'stoch_k_gt_20' -- LONG pool would drop below 20
2026-06-20 00:06:15 INFO [EFFICIENCY] Skipping removal of 'stoch_k_lt_80' -- LONG pool would drop below 20
2026-06-20 00:06:15 INFO [EFFICIENCY] Skipping removal of 'cci_14_gt_-100' -- LONG pool would drop below 20
2026-06-20 00:06:15 INFO [EFFICIENCY] Skipping removal of 'cci_14_lt_100' -- LONG pool would drop below 20
2026-06-20 00:06:15 INFO [EFFICIENCY] Skipping removal of 'williams_gt_-80' -- LONG pool would drop below 20
2026-06-20 00:06:15 INFO [EFFICIENCY] Skipping removal of 'williams_lt_-20' -- LONG pool would drop below 20
2026-06-20 00:06:15 INFO [EFFICIENCY] Skipping removal of 'price_gt_bb_upper_20_2' -- LONG pool would drop below 20
2026-06-20 00:06:15 INFO [EFFICIENCY] Skipping removal of 'price_gt_bb_upper_20_1_5' -- LONG pool would drop below 20
2026-06-20 00:06:15 INFO [EFFICIENCY] Condition 'ema_9_gt_21' removed from pool (efficiency < 0.3).
2026-06-20 00:06:15 INFO [EFFICIENCY] Condition 'ema_12_gt_26' removed from pool (efficiency < 0.3).
2026-06-20 00:06:15 INFO [EFFICIENCY] Condition 'ema_20_gt_50' removed from pool (efficiency < 0.3).
2026-06-20 00:06:15 INFO [EFFICIENCY] Condition 'sma_20_gt_50' removed from pool (efficiency < 0.3).
2026-06-20 00:06:15 INFO [EFFICIENCY] Condition 'price_gt_sma_50' removed from pool (efficiency < 0.3).
2026-06-20 00:06:15 INFO [EFFICIENCY] Condition 'price_gt_sma_200' removed from pool (efficiency < 0.3).
2026-06-20 00:06:15 INFO [EFFICIENCY] Condition 'macd_gt_signal' removed from pool (efficiency < 0.3).
2026-06-20 00:06:15 INFO [EFFICIENCY] Condition 'macd_hist_gt_0' removed from pool (efficiency < 0.3).
2026-06-20 00:06:15 INFO [EFFICIENCY] Condition 'rsi_14_gt_50' removed from pool (efficiency < 0.3).
2026-06-20 00:06:15 INFO [EFFICIENCY] Condition 'rsi_21_gt_50' removed from pool (efficiency < 0.3).
2026-06-20 00:06:15 INFO [EFFICIENCY] Condition 'rsi_21_lt_30' removed from pool (efficiency < 0.3).
2026-06-20 00:06:15 INFO [EFFICIENCY] 8 condition(s) kept due to pool size floor: ['stoch_k_gt_20', 'stoch_k_lt_80', 'cci_14_gt_-100', 'cci_14_lt_100', 'williams_gt_-80', 'williams_lt_-20', 'price_gt_bb_upper_20_2', 'price_gt_bb_upper_20_1_5']
2026-06-20 00:06:15 INFO ============================================================
2026-06-20 00:06:15 INFO Training finished.
2026-06-20 00:06:15 INFO   Best score: 1.3050000000000008
2026-06-20 00:06:15 INFO   Best strategy: strat_11e9cdae
2026-06-20 00:06:15 INFO   Total strategies tested: 1605
2026-06-20 00:06:15 INFO   Time elapsed: 120s (2.0m)
2026-06-20 00:06:15 INFO   Average: 13.4 strats/sec
2026-06-20 00:06:15 INFO   Best strategy saved to C:\Users\xfide\documents\crypto.ai\models\best_strategy.json
2026-06-20 00:06:15 INFO ============================================================
