2026-06-20 11:33:32 INFO Training log: C:\Users\xfide\documents\crypto.ai\logs\training_2026-06-20_113332.log
2026-06-20 11:33:32 INFO Training started | Method: random | Symbol: BTC/USDT | Timeframe: 15m | Duration: 1 min
2026-06-20 11:33:32 INFO Loading historical data...
2026-06-20 11:33:32 INFO Cache found: 17329 candles up to 2026-06-20 10:15:00+00:00. Fetching from 2026-06-20 10:30:00+00:00.
2026-06-20 11:33:32 INFO Fetching BTC/USDT 15m from 2026-06-20 10:30 to 2026-06-20 10:33
2026-06-20 11:33:36 INFO Fetched 1 new candles in 1 requests.
2026-06-20 11:33:36 INFO Total candles available: 17330
2026-06-20 11:33:36 INFO Raw data: 17330 candles
2026-06-20 11:33:36 INFO Computing indicators...
2026-06-20 11:33:36 INFO Data prepared: 17131 candles after warmup drop.
2026-06-20 11:33:36 INFO Clean data: 17131 candles after warmup
2026-06-20 11:33:36 INFO Pre-computing 53 conditions...
2026-06-20 11:33:36 INFO Data preparation complete.
2026-06-20 11:33:36 INFO ============================================================
2026-06-20 11:33:36 INFO Random Search Mode
2026-06-20 11:33:36 INFO ============================================================
2026-06-20 11:33:42 INFO Random #100 | Best: 2.2600 | Rate: 9.9 strats/s | Remaining: 0.8m
2026-06-20 11:33:48 INFO Random #200 | Best: 2.2600 | Rate: 12.4 strats/s | Remaining: 0.7m
2026-06-20 11:33:54 INFO Random #300 | Best: 2.2600 | Rate: 13.6 strats/s | Remaining: 0.6m
2026-06-20 11:34:00 INFO Random #400 | Best: 2.2600 | Rate: 14.0 strats/s | Remaining: 0.5m
2026-06-20 11:34:06 INFO Random #500 | Best: 2.2600 | Rate: 14.6 strats/s | Remaining: 0.4m
2026-06-20 11:34:11 INFO Random #600 | Best: 2.2600 | Rate: 15.2 strats/s | Remaining: 0.3m
2026-06-20 11:34:17 INFO Random #700 | Best: 2.2600 | Rate: 15.6 strats/s | Remaining: 0.3m
2026-06-20 11:34:22 INFO Random #800 | Best: 2.2600 | Rate: 15.9 strats/s | Remaining: 0.2m
2026-06-20 11:34:28 INFO Random #900 | Best: 2.2600 | Rate: 16.1 strats/s | Remaining: 0.1m
2026-06-20 11:34:32 INFO Strategy saved to C:\Users\xfide\documents\crypto.ai\models\best_strategy.json
2026-06-20 11:34:32 INFO Top 500 strategies saved to C:\Users\xfide\documents\crypto.ai\models\top_strategies.json
2026-06-20 11:34:32 INFO ============================================================
2026-06-20 11:34:32 INFO EFFICIENCY REPORT
2026-06-20 11:34:32 INFO ============================================================
2026-06-20 11:34:32 INFO Strategies analyzed: 565
2026-06-20 11:34:32 INFO Global avg RR/day: 0.1306
2026-06-20 11:34:32 INFO 
2026-06-20 11:34:32 INFO [CRITICAL] CRITICAL ALERTS (auto-removed):
2026-06-20 11:34:32 INFO   'ema_12_gt_26' (LONG) | Used: 159 | Top10%: 6 | Avg RR/day: 0.02 (global: 0.13) | WR: 43% | Eff: 0.19
2026-06-20 11:34:32 INFO   'ema_20_gt_50' (LONG) | Used: 164 | Top10%: 7 | Avg RR/day: 0.04 (global: 0.13) | WR: 43% | Eff: 0.27
2026-06-20 11:34:32 INFO   'sma_20_gt_50' (LONG) | Used: 153 | Top10%: 2 | Avg RR/day: 0.01 (global: 0.13) | WR: 43% | Eff: 0.11
2026-06-20 11:34:32 INFO   'price_gt_sma_50' (LONG) | Used: 160 | Top10%: 6 | Avg RR/day: 0.02 (global: 0.13) | WR: 43% | Eff: 0.15
2026-06-20 11:34:32 INFO   'macd_hist_gt_0' (LONG) | Used: 143 | Top10%: 6 | Avg RR/day: 0.04 (global: 0.13) | WR: 43% | Eff: 0.29
2026-06-20 11:34:32 INFO   'rsi_21_gt_50' (LONG) | Used: 163 | Top10%: 7 | Avg RR/day: 0.04 (global: 0.13) | WR: 43% | Eff: 0.27
2026-06-20 11:34:32 INFO   'stoch_k_gt_20' (LONG) | Used: 157 | Top10%: 9 | Avg RR/day: 0.03 (global: 0.13) | WR: 43% | Eff: 0.19
2026-06-20 11:34:32 INFO 
2026-06-20 11:34:32 INFO [ALERT] ALERTS (consider removing):
2026-06-20 11:34:32 INFO   'ema_9_gt_21' (LONG) | Used: 177 | Top10%: 11 | Avg RR/day: 0.04 (global: 0.13) | WR: 43% | Eff: 0.34
2026-06-20 11:34:32 INFO   'price_gt_sma_200' (LONG) | Used: 163 | Top10%: 10 | Avg RR/day: 0.05 (global: 0.13) | WR: 43% | Eff: 0.40
2026-06-20 11:34:32 INFO   'macd_gt_signal' (LONG) | Used: 149 | Top10%: 7 | Avg RR/day: 0.04 (global: 0.13) | WR: 43% | Eff: 0.32
2026-06-20 11:34:32 INFO   'rsi_14_gt_50' (LONG) | Used: 152 | Top10%: 6 | Avg RR/day: 0.05 (global: 0.13) | WR: 43% | Eff: 0.36
2026-06-20 11:34:32 INFO   'rsi_14_lt_30' (LONG) | Used: 160 | Top10%: 9 | Avg RR/day: 0.05 (global: 0.13) | WR: 44% | Eff: 0.39
2026-06-20 11:34:32 INFO   'rsi_21_lt_30' (LONG) | Used: 173 | Top10%: 13 | Avg RR/day: 0.06 (global: 0.13) | WR: 44% | Eff: 0.48
2026-06-20 11:34:32 INFO   'stoch_k_lt_80' (LONG) | Used: 167 | Top10%: 11 | Avg RR/day: 0.05 (global: 0.13) | WR: 43% | Eff: 0.36
2026-06-20 11:34:32 INFO   'cci_14_gt_-100' (LONG) | Used: 153 | Top10%: 11 | Avg RR/day: 0.05 (global: 0.13) | WR: 43% | Eff: 0.42
2026-06-20 11:34:32 INFO   'williams_gt_-80' (LONG) | Used: 164 | Top10%: 9 | Avg RR/day: 0.04 (global: 0.13) | WR: 43% | Eff: 0.31
2026-06-20 11:34:32 INFO   'williams_lt_-20' (LONG) | Used: 156 | Top10%: 8 | Avg RR/day: 0.04 (global: 0.13) | WR: 43% | Eff: 0.30
2026-06-20 11:34:32 INFO   'price_gt_bb_upper_20_2' (LONG) | Used: 140 | Top10%: 8 | Avg RR/day: 0.04 (global: 0.13) | WR: 43% | Eff: 0.31
2026-06-20 11:34:32 INFO   'price_lt_bb_lower_20_1_5' (LONG) | Used: 151 | Top10%: 10 | Avg RR/day: 0.06 (global: 0.13) | WR: 44% | Eff: 0.48
2026-06-20 11:34:32 INFO   'price_gt_bb_upper_20_1_5' (LONG) | Used: 173 | Top10%: 11 | Avg RR/day: 0.06 (global: 0.13) | WR: 44% | Eff: 0.44
2026-06-20 11:34:32 INFO 
2026-06-20 11:34:32 INFO [WARNING] WARNINGS (insufficient data):
2026-06-20 11:34:32 INFO   'cci_14_lt_100' (LONG) | Used: 154 | Top10%: 12 | Avg RR/day: 0.07 (global: 0.13) | WR: 44% | Eff: 0.50
2026-06-20 11:34:32 INFO   'price_lt_bb_lower_20_2' (LONG) | Used: 173 | Top10%: 15 | Avg RR/day: 0.07 (global: 0.13) | WR: 44% | Eff: 0.53
2026-06-20 11:34:32 INFO 
2026-06-20 11:34:32 INFO [STRONG] STRONG CONDITIONS:
2026-06-20 11:34:32 INFO   'ema_9_lt_21' (SHORT) | Used: 146 | Top10%: 19 | Avg RR/day: 0.23 (global: 0.13) | WR: 46% | Eff: 1.77
2026-06-20 11:34:32 INFO   'ema_12_lt_26' (SHORT) | Used: 159 | Top10%: 24 | Avg RR/day: 0.21 (global: 0.13) | WR: 46% | Eff: 1.59
2026-06-20 11:34:32 INFO   'ema_20_lt_50' (SHORT) | Used: 140 | Top10%: 19 | Avg RR/day: 0.20 (global: 0.13) | WR: 47% | Eff: 1.56
2026-06-20 11:34:32 INFO   'sma_20_lt_50' (SHORT) | Used: 146 | Top10%: 21 | Avg RR/day: 0.21 (global: 0.13) | WR: 47% | Eff: 1.57
2026-06-20 11:34:32 INFO   'price_lt_sma_50' (SHORT) | Used: 154 | Top10%: 29 | Avg RR/day: 0.25 (global: 0.13) | WR: 47% | Eff: 1.91
2026-06-20 11:34:32 INFO   'price_lt_sma_200' (SHORT) | Used: 157 | Top10%: 24 | Avg RR/day: 0.24 (global: 0.13) | WR: 47% | Eff: 1.84
2026-06-20 11:34:32 INFO   'macd_lt_signal' (SHORT) | Used: 162 | Top10%: 23 | Avg RR/day: 0.22 (global: 0.13) | WR: 46% | Eff: 1.66
2026-06-20 11:34:32 INFO   'macd_hist_lt_0' (SHORT) | Used: 144 | Top10%: 21 | Avg RR/day: 0.24 (global: 0.13) | WR: 47% | Eff: 1.80
2026-06-20 11:34:32 INFO   'rsi_14_lt_50' (SHORT) | Used: 142 | Top10%: 21 | Avg RR/day: 0.24 (global: 0.13) | WR: 46% | Eff: 1.82
2026-06-20 11:34:32 INFO   'rsi_14_gt_70' (SHORT) | Used: 145 | Top10%: 26 | Avg RR/day: 0.24 (global: 0.13) | WR: 47% | Eff: 1.85
2026-06-20 11:34:32 INFO   'rsi_21_lt_50' (SHORT) | Used: 152 | Top10%: 15 | Avg RR/day: 0.20 (global: 0.13) | WR: 46% | Eff: 1.52
2026-06-20 11:34:32 INFO   'rsi_21_gt_70' (SHORT) | Used: 139 | Top10%: 25 | Avg RR/day: 0.24 (global: 0.13) | WR: 47% | Eff: 1.83
2026-06-20 11:34:32 INFO   'stoch_k_gt_80' (SHORT) | Used: 130 | Top10%: 26 | Avg RR/day: 0.26 (global: 0.13) | WR: 48% | Eff: 2.02
2026-06-20 11:34:32 INFO   'stoch_k_lt_20' (SHORT) | Used: 144 | Top10%: 25 | Avg RR/day: 0.22 (global: 0.13) | WR: 46% | Eff: 1.68
2026-06-20 11:34:32 INFO   'cci_14_gt_100' (SHORT) | Used: 146 | Top10%: 25 | Avg RR/day: 0.21 (global: 0.13) | WR: 45% | Eff: 1.63
2026-06-20 11:34:32 INFO   'cci_14_lt_-100' (SHORT) | Used: 157 | Top10%: 22 | Avg RR/day: 0.23 (global: 0.13) | WR: 47% | Eff: 1.78
2026-06-20 11:34:32 INFO   'williams_gt_-20' (SHORT) | Used: 143 | Top10%: 24 | Avg RR/day: 0.22 (global: 0.13) | WR: 47% | Eff: 1.71
2026-06-20 11:34:32 INFO   'williams_lt_-80' (SHORT) | Used: 148 | Top10%: 22 | Avg RR/day: 0.23 (global: 0.13) | WR: 47% | Eff: 1.73
2026-06-20 11:34:32 INFO   'price_gt_bb_upper_20_2_s' (SHORT) | Used: 135 | Top10%: 26 | Avg RR/day: 0.25 (global: 0.13) | WR: 47% | Eff: 1.92
2026-06-20 11:34:32 INFO   'price_lt_bb_lower_20_2_s' (SHORT) | Used: 156 | Top10%: 20 | Avg RR/day: 0.20 (global: 0.13) | WR: 46% | Eff: 1.54
2026-06-20 11:34:32 INFO   'price_gt_bb_upper_20_1_5_s' (SHORT) | Used: 141 | Top10%: 24 | Avg RR/day: 0.25 (global: 0.13) | WR: 47% | Eff: 1.92
2026-06-20 11:34:32 INFO   'price_lt_bb_lower_20_1_5_s' (SHORT) | Used: 136 | Top10%: 20 | Avg RR/day: 0.20 (global: 0.13) | WR: 46% | Eff: 1.56
2026-06-20 11:34:32 INFO 
2026-06-20 11:34:32 INFO [OK] OK CONDITIONS:
2026-06-20 11:34:32 INFO   'atr_gt_sma_atr_20' (SHARED) | Used: 316 | Top10%: 28 | Avg RR/day: 0.11 (global: 0.13) | WR: 45% | Eff: 0.85
2026-06-20 11:34:32 INFO   'volume_gt_sma_20_1_5' (SHARED) | Used: 309 | Top10%: 29 | Avg RR/day: 0.12 (global: 0.13) | WR: 45% | Eff: 0.93
2026-06-20 11:34:32 INFO   'volume_gt_sma_20_2_0' (SHARED) | Used: 331 | Top10%: 38 | Avg RR/day: 0.14 (global: 0.13) | WR: 45% | Eff: 1.11
2026-06-20 11:34:32 INFO   'obv_gt_sma_obv_20' (SHARED) | Used: 328 | Top10%: 40 | Avg RR/day: 0.14 (global: 0.13) | WR: 45% | Eff: 1.09
2026-06-20 11:34:32 INFO   'adx_14_gt_25' (SHARED) | Used: 295 | Top10%: 28 | Avg RR/day: 0.12 (global: 0.13) | WR: 45% | Eff: 0.92
2026-06-20 11:34:32 INFO   'adx_14_gt_30' (SHARED) | Used: 310 | Top10%: 30 | Avg RR/day: 0.14 (global: 0.13) | WR: 45% | Eff: 1.06
2026-06-20 11:34:32 INFO   'adx_14_lt_20' (SHARED) | Used: 310 | Top10%: 40 | Avg RR/day: 0.15 (global: 0.13) | WR: 46% | Eff: 1.11
2026-06-20 11:34:32 INFO   'price_gt_high_20_1_02' (SHARED) | Used: 304 | Top10%: 34 | Avg RR/day: 0.14 (global: 0.13) | WR: 45% | Eff: 1.10
2026-06-20 11:34:32 INFO   'price_lt_low_20_0_98' (SHARED) | Used: 311 | Top10%: 37 | Avg RR/day: 0.12 (global: 0.13) | WR: 45% | Eff: 0.92
2026-06-20 11:34:32 INFO 
2026-06-20 11:34:32 INFO Auto-removed 7 conditions: ['ema_12_gt_26', 'ema_20_gt_50', 'sma_20_gt_50', 'price_gt_sma_50', 'macd_hist_gt_0', 'rsi_21_gt_50', 'stoch_k_gt_20']
2026-06-20 11:34:32 INFO ============================================================
2026-06-20 11:34:32 INFO Efficiency report saved to C:\Users\xfide\documents\crypto.ai\models\condition_efficiency.json
2026-06-20 11:34:32 INFO [EFFICIENCY] Condition 'ema_12_gt_26' removed from pool (efficiency < 0.3).
2026-06-20 11:34:32 INFO [EFFICIENCY] Condition 'ema_20_gt_50' removed from pool (efficiency < 0.3).
2026-06-20 11:34:32 INFO [EFFICIENCY] Condition 'sma_20_gt_50' removed from pool (efficiency < 0.3).
2026-06-20 11:34:32 INFO [EFFICIENCY] Condition 'price_gt_sma_50' removed from pool (efficiency < 0.3).
2026-06-20 11:34:32 INFO [EFFICIENCY] Condition 'macd_hist_gt_0' removed from pool (efficiency < 0.3).
2026-06-20 11:34:32 INFO [EFFICIENCY] Condition 'rsi_21_gt_50' removed from pool (efficiency < 0.3).
2026-06-20 11:34:32 INFO [EFFICIENCY] Condition 'stoch_k_gt_20' removed from pool (efficiency < 0.3).
2026-06-20 11:34:32 INFO ============================================================
2026-06-20 11:34:32 INFO Training finished.
2026-06-20 11:34:32 INFO   Best score: 2.2599999999999962
2026-06-20 11:34:32 INFO   Best strategy: strat_0c1e9c0e
2026-06-20 11:34:32 INFO   Total strategies tested: 957
2026-06-20 11:34:32 INFO   Time elapsed: 60s (1.0m)
2026-06-20 11:34:32 INFO   Average: 15.9 strats/sec
2026-06-20 11:34:32 INFO   Best strategy saved to C:\Users\xfide\documents\crypto.ai\models\best_strategy.json
2026-06-20 11:34:32 INFO ============================================================
