2026-06-20 13:53:12 INFO Training log: C:\Users\xfide\documents\crypto.ai\logs\training_2026-06-20_135312.log
2026-06-20 13:53:12 INFO Cleared removed_conditions.json -- all 53 conditions available for this run.
2026-06-20 13:53:12 INFO Training started | Method: ga_bayesian | Symbol: BTC/USDT | Timeframe: 15m | Duration: 10 min
2026-06-20 13:53:12 INFO   Objective: Find the strategy with the highest score. Score = rr_per_day x drawdown_penalty x low_trades_penalty.
2026-06-20 13:53:12 INFO   Disqualified if: win_rate < 35%, max_drawdown > 50%, or avg_trades/day outside 0.5-10.
2026-06-20 13:53:12 INFO Loading historical data...
2026-06-20 13:53:12 INFO Cache found: 17334 candles up to 2026-06-20 11:30:00+00:00. Fetching from 2026-06-20 11:45:00+00:00.
2026-06-20 13:53:12 INFO Fetching BTC/USDT 15m from 2026-06-20 11:45 to 2026-06-20 12:53
2026-06-20 13:53:16 INFO Fetched 5 new candles in 1 requests.
2026-06-20 13:53:16 INFO Total candles available: 17339
2026-06-20 13:53:16 INFO Raw data: 17339 candles
2026-06-20 13:53:16 INFO Computing indicators...
2026-06-20 13:53:16 INFO Data prepared: 17140 candles after warmup drop.
2026-06-20 13:53:16 INFO Clean data: 17140 candles after warmup
2026-06-20 13:53:16 INFO Pre-computing 53 conditions...
2026-06-20 13:53:16 INFO Data preparation complete.
2026-06-20 13:53:17 INFO ============================================================
2026-06-20 13:53:17 INFO Phase 1: Genetic Algorithm (global search -- evolve strategies over generations)
2026-06-20 13:53:17 INFO ============================================================
2026-06-20 13:53:17 INFO GA: Starting | pop=200, gen=30, cx=0.8, mut=0.2, elite=5
2026-06-20 13:53:17 INFO   Score = rr_per_day * drawdown_penalty * low_trades_penalty. Higher = better. Negative or -inf means disqualified.
2026-06-20 13:53:32 INFO GA Gen 0/30 | Best score: 2.2700 | Avg score: 0.0782 | Pop: 200
2026-06-20 13:53:52 INFO GA Gen 1/30 | Best score: 2.2700 | Avg score: 0.1176 | Tested: 370
2026-06-20 13:54:23 INFO GA Gen 2/30 | Best score: 2.2700 | Avg score: 0.1478 | Tested: 543
2026-06-20 13:54:43 INFO GA Gen 3/30 | Best score: 2.2700 | Avg score: 0.2167 | Tested: 686
2026-06-20 13:54:54 INFO GA Gen 4/30 | Best score: 2.2700 | Avg score: 0.2459 | Tested: 851
2026-06-20 13:55:04 INFO GA Gen 5/30 | Best score: 2.2700 | Avg score: 0.2441 | Tested: 1010
2026-06-20 13:55:14 INFO GA Gen 6/30 | Best score: 2.2700 | Avg score: 0.3180 | Tested: 1169
2026-06-20 13:55:23 INFO GA Gen 7/30 | Best score: 2.2700 | Avg score: 0.4037 | Tested: 1324
2026-06-20 13:55:32 INFO GA Gen 8/30 | Best score: 2.2700 | Avg score: 0.4831 | Tested: 1486
2026-06-20 13:56:06 INFO GA Gen 9/30 | Best score: 2.2700 | Avg score: 0.5638 | Tested: 1648
2026-06-20 13:56:15 INFO GA Gen 10/30 | Best score: 2.2700 | Avg score: 0.9353 | Tested: 1811
2026-06-20 13:56:28 INFO GA Gen 11/30 | Best score: 2.5000 | Avg score: 1.4826 | Tested: 1982 [NEW BEST!]
2026-06-20 13:56:58 INFO GA Gen 12/30 | Best score: 2.5000 | Avg score: 2.0184 | Tested: 2156
2026-06-20 13:57:33 INFO GA Gen 13/30 | Best score: 2.5000 | Avg score: 2.2501 | Tested: 2317
2026-06-20 13:57:49 INFO GA Gen 14/30 | Best score: 2.5000 | Avg score: 2.3511 | Tested: 2484
2026-06-20 13:57:59 INFO GA Gen 15/30 | Best score: 2.5000 | Avg score: 2.3862 | Tested: 2649
2026-06-20 13:58:09 INFO GA Gen 16/30 | Best score: 2.5000 | Avg score: 2.4404 | Tested: 2819 [NEW BEST!]
2026-06-20 13:58:19 INFO GA Gen 17/30 | Best score: 2.5000 | Avg score: 2.4573 | Tested: 2979 [NEW BEST!]
2026-06-20 13:58:39 INFO GA Gen 18/30 | Best score: 2.5000 | Avg score: 2.4769 | Tested: 3141 [NEW BEST!]
2026-06-20 13:58:48 INFO GA Gen 19/30 | Best score: 2.5000 | Avg score: 2.4503 | Tested: 3300
2026-06-20 13:59:01 INFO GA Gen 20/30 | Best score: 2.5000 | Avg score: 2.4887 | Tested: 3467 [NEW BEST!]
2026-06-20 13:59:10 INFO GA Gen 21/30 | Best score: 2.5000 | Avg score: 2.4681 | Tested: 3636
2026-06-20 13:59:19 INFO GA Gen 22/30 | Best score: 2.5000 | Avg score: 2.4958 | Tested: 3793
2026-06-20 13:59:28 INFO GA Gen 23/30 | Best score: 2.5000 | Avg score: 2.4831 | Tested: 3948
2026-06-20 13:59:38 INFO GA Gen 24/30 | Best score: 2.5000 | Avg score: 2.4677 | Tested: 4114
2026-06-20 13:59:47 INFO GA Gen 25/30 | Best score: 2.5000 | Avg score: 2.4801 | Tested: 4278
2026-06-20 13:59:56 INFO GA Gen 26/30 | Best score: 2.5000 | Avg score: 2.4783 | Tested: 4440
2026-06-20 14:00:04 INFO GA Gen 27/30 | Best score: 2.5000 | Avg score: 2.4782 | Tested: 4595
2026-06-20 14:00:13 INFO GA Gen 28/30 | Best score: 2.5000 | Avg score: 2.4863 | Tested: 4758
2026-06-20 14:00:21 INFO GA Gen 29/30 | Best score: 2.5000 | Avg score: 2.4932 | Tested: 4922
2026-06-20 14:00:29 INFO GA Gen 30/30 | Best score: 2.5000 | Avg score: 2.4945 | Tested: 5086
2026-06-20 14:00:29 INFO GA: Finished | Best score: 2.5000 | Total strategies tested: 5086 | Passing top 10 to Bayesian optimizer.
2026-06-20 14:00:29 INFO GA Phase complete | Elapsed: 432s | Best score: 2.5000 | Strategies tested: 5086
2026-06-20 14:00:29 INFO ============================================================
2026-06-20 14:00:29 INFO Phase 2: Bayesian Optimization (local refinement -- focus on promising regions)
2026-06-20 14:00:29 INFO ============================================================
2026-06-20 14:00:29 INFO Bayesian: Starting | trials=335, startup=67
2026-06-20 14:00:29 INFO   Each trial generates a strategy with random conditions, threshold, stop-loss, and risk-reward. The TPE model learns which parameter combinations score highest and focuses the search there.
2026-06-20 14:00:29 INFO Bayesian: Seeded 10 strategies from GA.
2026-06-20 14:01:00 INFO Bayesian: Finished | Best score: 2.5000 | Total strategies tested: 335
2026-06-20 14:01:00 INFO   Score = rr_per_day * drawdown_penalty * low_trades_penalty. Higher = better.
2026-06-20 14:01:00 INFO Bayesian Phase complete | Elapsed: 31s | Best score: 2.5000 | Strategies tested: 5421
2026-06-20 14:01:00 INFO Strategy saved to C:\Users\xfide\documents\crypto.ai\models\best_strategy.json
2026-06-20 14:01:00 INFO Top 500 strategies saved to C:\Users\xfide\documents\crypto.ai\models\top_strategies.json
2026-06-20 14:01:00 INFO ============================================================
2026-06-20 14:01:00 INFO EFFICIENCY REPORT
2026-06-20 14:01:00 INFO ============================================================
2026-06-20 14:01:00 INFO Strategies analyzed: 4028
2026-06-20 14:01:00 INFO Global avg RR/day: 3.4429
2026-06-20 14:01:00 INFO 
2026-06-20 14:01:00 INFO [CRITICAL] CRITICAL ALERTS (auto-removed):
2026-06-20 14:01:00 INFO   'ema_9_gt_21' (LONG) | Used: 156 | Top10%: 0 | Avg RR/day: 0.19 (global: 3.44) | WR: 45% | Eff: 0.05
2026-06-20 14:01:00 INFO   'ema_12_gt_26' (LONG) | Used: 92 | Top10%: 0 | Avg RR/day: 0.13 (global: 3.44) | WR: 46% | Eff: 0.04
2026-06-20 14:01:00 INFO   'ema_20_gt_50' (LONG) | Used: 90 | Top10%: 0 | Avg RR/day: 0.11 (global: 3.44) | WR: 45% | Eff: 0.03
2026-06-20 14:01:00 INFO   'sma_20_gt_50' (LONG) | Used: 113 | Top10%: 0 | Avg RR/day: 0.19 (global: 3.44) | WR: 46% | Eff: 0.06
2026-06-20 14:01:00 INFO   'price_gt_sma_50' (LONG) | Used: 271 | Top10%: 0 | Avg RR/day: 0.25 (global: 3.44) | WR: 47% | Eff: 0.07
2026-06-20 14:01:00 INFO   'price_gt_sma_200' (LONG) | Used: 91 | Top10%: 0 | Avg RR/day: 0.08 (global: 3.44) | WR: 44% | Eff: 0.02
2026-06-20 14:01:00 INFO   'macd_gt_signal' (LONG) | Used: 317 | Top10%: 0 | Avg RR/day: 0.27 (global: 3.44) | WR: 47% | Eff: 0.08
2026-06-20 14:01:00 INFO   'macd_hist_gt_0' (LONG) | Used: 134 | Top10%: 0 | Avg RR/day: 0.27 (global: 3.44) | WR: 47% | Eff: 0.08
2026-06-20 14:01:00 INFO   'rsi_14_gt_50' (LONG) | Used: 118 | Top10%: 0 | Avg RR/day: 0.16 (global: 3.44) | WR: 45% | Eff: 0.05
2026-06-20 14:01:00 INFO   'rsi_14_lt_30' (LONG) | Used: 137 | Top10%: 0 | Avg RR/day: 0.19 (global: 3.44) | WR: 46% | Eff: 0.05
2026-06-20 14:01:00 INFO   'rsi_21_gt_50' (LONG) | Used: 129 | Top10%: 0 | Avg RR/day: 0.26 (global: 3.44) | WR: 46% | Eff: 0.08
2026-06-20 14:01:00 INFO   'rsi_21_lt_30' (LONG) | Used: 101 | Top10%: 0 | Avg RR/day: 0.15 (global: 3.44) | WR: 45% | Eff: 0.04
2026-06-20 14:01:00 INFO   'stoch_k_gt_20' (LONG) | Used: 332 | Top10%: 0 | Avg RR/day: 0.27 (global: 3.44) | WR: 46% | Eff: 0.08
2026-06-20 14:01:00 INFO   'stoch_k_lt_80' (LONG) | Used: 89 | Top10%: 0 | Avg RR/day: 0.04 (global: 3.44) | WR: 43% | Eff: 0.01
2026-06-20 14:01:00 INFO   'cci_14_gt_-100' (LONG) | Used: 110 | Top10%: 0 | Avg RR/day: 0.09 (global: 3.44) | WR: 44% | Eff: 0.02
2026-06-20 14:01:00 INFO   'cci_14_lt_100' (LONG) | Used: 152 | Top10%: 0 | Avg RR/day: 0.27 (global: 3.44) | WR: 47% | Eff: 0.08
2026-06-20 14:01:00 INFO   'williams_gt_-80' (LONG) | Used: 173 | Top10%: 0 | Avg RR/day: 0.21 (global: 3.44) | WR: 47% | Eff: 0.06
2026-06-20 14:01:00 INFO   'williams_lt_-20' (LONG) | Used: 180 | Top10%: 0 | Avg RR/day: 0.27 (global: 3.44) | WR: 46% | Eff: 0.08
2026-06-20 14:01:00 INFO   'price_lt_bb_lower_20_2' (LONG) | Used: 349 | Top10%: 0 | Avg RR/day: 0.29 (global: 3.44) | WR: 48% | Eff: 0.08
2026-06-20 14:01:00 INFO   'price_gt_bb_upper_20_2' (LONG) | Used: 260 | Top10%: 0 | Avg RR/day: 0.29 (global: 3.44) | WR: 48% | Eff: 0.08
2026-06-20 14:01:00 INFO   'price_lt_bb_lower_20_1_5' (LONG) | Used: 188 | Top10%: 0 | Avg RR/day: 0.26 (global: 3.44) | WR: 47% | Eff: 0.07
2026-06-20 14:01:00 INFO   'price_gt_bb_upper_20_1_5' (LONG) | Used: 101 | Top10%: 0 | Avg RR/day: 0.09 (global: 3.44) | WR: 44% | Eff: 0.03
2026-06-20 14:01:00 INFO   'ema_9_lt_21' (SHORT) | Used: 446 | Top10%: 1 | Avg RR/day: 0.41 (global: 3.44) | WR: 47% | Eff: 0.12
2026-06-20 14:01:00 INFO   'ema_12_lt_26' (SHORT) | Used: 518 | Top10%: 0 | Avg RR/day: 0.48 (global: 3.44) | WR: 48% | Eff: 0.14
2026-06-20 14:01:00 INFO   'sma_20_lt_50' (SHORT) | Used: 271 | Top10%: 0 | Avg RR/day: 0.47 (global: 3.44) | WR: 48% | Eff: 0.14
2026-06-20 14:01:00 INFO   'macd_lt_signal' (SHORT) | Used: 274 | Top10%: 0 | Avg RR/day: 0.32 (global: 3.44) | WR: 46% | Eff: 0.09
2026-06-20 14:01:00 INFO   'macd_hist_lt_0' (SHORT) | Used: 290 | Top10%: 0 | Avg RR/day: 0.35 (global: 3.44) | WR: 49% | Eff: 0.10
2026-06-20 14:01:00 INFO   'rsi_21_gt_70' (SHORT) | Used: 484 | Top10%: 0 | Avg RR/day: 0.53 (global: 3.44) | WR: 51% | Eff: 0.15
2026-06-20 14:01:00 INFO   'cci_14_lt_-100' (SHORT) | Used: 412 | Top10%: 3 | Avg RR/day: 0.43 (global: 3.44) | WR: 47% | Eff: 0.12
2026-06-20 14:01:00 INFO   'williams_gt_-20' (SHORT) | Used: 330 | Top10%: 0 | Avg RR/day: 0.27 (global: 3.44) | WR: 46% | Eff: 0.08
2026-06-20 14:01:00 INFO   'williams_lt_-80' (SHORT) | Used: 352 | Top10%: 0 | Avg RR/day: 0.38 (global: 3.44) | WR: 48% | Eff: 0.11
2026-06-20 14:01:00 INFO   'price_lt_bb_lower_20_1_5_s' (SHORT) | Used: 507 | Top10%: 0 | Avg RR/day: 0.45 (global: 3.44) | WR: 49% | Eff: 0.13
2026-06-20 14:01:00 INFO   'atr_gt_sma_atr_20' (SHARED) | Used: 626 | Top10%: 0 | Avg RR/day: 0.39 (global: 3.44) | WR: 48% | Eff: 0.11
2026-06-20 14:01:00 INFO   'volume_gt_sma_20_1_5' (SHARED) | Used: 547 | Top10%: 5 | Avg RR/day: 0.68 (global: 3.44) | WR: 50% | Eff: 0.20
2026-06-20 14:01:00 INFO 
2026-06-20 14:01:00 INFO [WARNING] WARNINGS (insufficient data):
2026-06-20 14:01:00 INFO   'obv_gt_sma_obv_20' (SHARED) | Used: 900 | Top10%: 70 | Avg RR/day: 1.78 (global: 3.44) | WR: 64% | Eff: 0.52
2026-06-20 14:01:00 INFO 
2026-06-20 14:01:00 INFO [OK] OK CONDITIONS:
2026-06-20 14:01:00 INFO   'ema_20_lt_50' (SHORT) | Used: 3204 | Top10%: 402 | Avg RR/day: 4.23 (global: 3.44) | WR: 92% | Eff: 1.23
2026-06-20 14:01:00 INFO   'price_lt_sma_50' (SHORT) | Used: 3111 | Top10%: 332 | Avg RR/day: 4.00 (global: 3.44) | WR: 90% | Eff: 1.16
2026-06-20 14:01:00 INFO   'price_lt_sma_200' (SHORT) | Used: 3276 | Top10%: 402 | Avg RR/day: 4.11 (global: 3.44) | WR: 91% | Eff: 1.19
2026-06-20 14:01:00 INFO   'rsi_14_lt_50' (SHORT) | Used: 3121 | Top10%: 399 | Avg RR/day: 4.31 (global: 3.44) | WR: 93% | Eff: 1.25
2026-06-20 14:01:00 INFO   'rsi_14_gt_70' (SHORT) | Used: 3276 | Top10%: 402 | Avg RR/day: 4.17 (global: 3.44) | WR: 92% | Eff: 1.21
2026-06-20 14:01:00 INFO   'rsi_21_lt_50' (SHORT) | Used: 3315 | Top10%: 399 | Avg RR/day: 4.10 (global: 3.44) | WR: 91% | Eff: 1.19
2026-06-20 14:01:00 INFO   'stoch_k_gt_80' (SHORT) | Used: 3270 | Top10%: 402 | Avg RR/day: 4.18 (global: 3.44) | WR: 92% | Eff: 1.21
2026-06-20 14:01:00 INFO   'stoch_k_lt_20' (SHORT) | Used: 3121 | Top10%: 402 | Avg RR/day: 4.31 (global: 3.44) | WR: 93% | Eff: 1.25
2026-06-20 14:01:00 INFO   'cci_14_gt_100' (SHORT) | Used: 3255 | Top10%: 402 | Avg RR/day: 4.19 (global: 3.44) | WR: 92% | Eff: 1.22
2026-06-20 14:01:00 INFO   'price_gt_bb_upper_20_2_s' (SHORT) | Used: 3230 | Top10%: 402 | Avg RR/day: 4.21 (global: 3.44) | WR: 92% | Eff: 1.22
2026-06-20 14:01:00 INFO   'price_lt_bb_lower_20_2_s' (SHORT) | Used: 3244 | Top10%: 402 | Avg RR/day: 4.18 (global: 3.44) | WR: 92% | Eff: 1.22
2026-06-20 14:01:00 INFO   'price_gt_bb_upper_20_1_5_s' (SHORT) | Used: 3314 | Top10%: 402 | Avg RR/day: 4.12 (global: 3.44) | WR: 91% | Eff: 1.20
2026-06-20 14:01:00 INFO   'volume_gt_sma_20_2_0' (SHARED) | Used: 3281 | Top10%: 402 | Avg RR/day: 4.13 (global: 3.44) | WR: 91% | Eff: 1.20
2026-06-20 14:01:00 INFO   'adx_14_gt_25' (SHARED) | Used: 3158 | Top10%: 399 | Avg RR/day: 4.26 (global: 3.44) | WR: 92% | Eff: 1.24
2026-06-20 14:01:00 INFO   'adx_14_gt_30' (SHARED) | Used: 3439 | Top10%: 402 | Avg RR/day: 3.93 (global: 3.44) | WR: 89% | Eff: 1.14
2026-06-20 14:01:00 INFO   'adx_14_lt_20' (SHARED) | Used: 3376 | Top10%: 402 | Avg RR/day: 4.04 (global: 3.44) | WR: 90% | Eff: 1.17
2026-06-20 14:01:00 INFO   'price_gt_high_20_1_02' (SHARED) | Used: 3329 | Top10%: 402 | Avg RR/day: 4.11 (global: 3.44) | WR: 91% | Eff: 1.19
2026-06-20 14:01:00 INFO   'price_lt_low_20_0_98' (SHARED) | Used: 3257 | Top10%: 402 | Avg RR/day: 4.17 (global: 3.44) | WR: 92% | Eff: 1.21
2026-06-20 14:01:00 INFO 
2026-06-20 14:01:00 INFO Auto-removed 34 conditions: ['ema_9_gt_21', 'ema_12_gt_26', 'ema_20_gt_50', 'sma_20_gt_50', 'price_gt_sma_50', 'price_gt_sma_200', 'macd_gt_signal', 'macd_hist_gt_0', 'rsi_14_gt_50', 'rsi_14_lt_30', 'rsi_21_gt_50', 'rsi_21_lt_30', 'stoch_k_gt_20', 'stoch_k_lt_80', 'cci_14_gt_-100', 'cci_14_lt_100', 'williams_gt_-80', 'williams_lt_-20', 'price_lt_bb_lower_20_2', 'price_gt_bb_upper_20_2', 'price_lt_bb_lower_20_1_5', 'price_gt_bb_upper_20_1_5', 'ema_9_lt_21', 'ema_12_lt_26', 'sma_20_lt_50', 'macd_lt_signal', 'macd_hist_lt_0', 'rsi_21_gt_70', 'cci_14_lt_-100', 'williams_gt_-20', 'williams_lt_-80', 'price_lt_bb_lower_20_1_5_s', 'atr_gt_sma_atr_20', 'volume_gt_sma_20_1_5']
2026-06-20 14:01:00 INFO ============================================================
2026-06-20 14:01:00 INFO Efficiency report saved to C:\Users\xfide\documents\crypto.ai\models\condition_efficiency.json
2026-06-20 14:01:00 INFO [EFFICIENCY] Skipping removal of 'rsi_21_lt_30' -- LONG pool would drop below 20
2026-06-20 14:01:00 INFO [EFFICIENCY] Skipping removal of 'stoch_k_gt_20' -- LONG pool would drop below 20
2026-06-20 14:01:00 INFO [EFFICIENCY] Skipping removal of 'stoch_k_lt_80' -- LONG pool would drop below 20
2026-06-20 14:01:00 INFO [EFFICIENCY] Skipping removal of 'cci_14_gt_-100' -- LONG pool would drop below 20
2026-06-20 14:01:00 INFO [EFFICIENCY] Skipping removal of 'cci_14_lt_100' -- LONG pool would drop below 20
2026-06-20 14:01:00 INFO [EFFICIENCY] Skipping removal of 'williams_gt_-80' -- LONG pool would drop below 20
2026-06-20 14:01:00 INFO [EFFICIENCY] Skipping removal of 'williams_lt_-20' -- LONG pool would drop below 20
2026-06-20 14:01:00 INFO [EFFICIENCY] Skipping removal of 'price_lt_bb_lower_20_2' -- LONG pool would drop below 20
2026-06-20 14:01:00 INFO [EFFICIENCY] Skipping removal of 'price_gt_bb_upper_20_2' -- LONG pool would drop below 20
2026-06-20 14:01:00 INFO [EFFICIENCY] Skipping removal of 'price_lt_bb_lower_20_1_5' -- LONG pool would drop below 20
2026-06-20 14:01:00 INFO [EFFICIENCY] Skipping removal of 'price_gt_bb_upper_20_1_5' -- LONG pool would drop below 20
2026-06-20 14:01:00 INFO [EFFICIENCY] Skipping removal of 'atr_gt_sma_atr_20' -- SHARED condition, pool would drop below 20
2026-06-20 14:01:00 INFO [EFFICIENCY] Skipping removal of 'volume_gt_sma_20_1_5' -- SHARED condition, pool would drop below 20
2026-06-20 14:01:00 INFO [EFFICIENCY] Condition 'ema_9_gt_21' removed from pool (efficiency < 0.3).
2026-06-20 14:01:00 INFO [EFFICIENCY] Condition 'ema_12_gt_26' removed from pool (efficiency < 0.3).
2026-06-20 14:01:00 INFO [EFFICIENCY] Condition 'ema_20_gt_50' removed from pool (efficiency < 0.3).
2026-06-20 14:01:00 INFO [EFFICIENCY] Condition 'sma_20_gt_50' removed from pool (efficiency < 0.3).
2026-06-20 14:01:00 INFO [EFFICIENCY] Condition 'price_gt_sma_50' removed from pool (efficiency < 0.3).
2026-06-20 14:01:00 INFO [EFFICIENCY] Condition 'price_gt_sma_200' removed from pool (efficiency < 0.3).
2026-06-20 14:01:00 INFO [EFFICIENCY] Condition 'macd_gt_signal' removed from pool (efficiency < 0.3).
2026-06-20 14:01:00 INFO [EFFICIENCY] Condition 'macd_hist_gt_0' removed from pool (efficiency < 0.3).
2026-06-20 14:01:00 INFO [EFFICIENCY] Condition 'rsi_14_gt_50' removed from pool (efficiency < 0.3).
2026-06-20 14:01:00 INFO [EFFICIENCY] Condition 'rsi_14_lt_30' removed from pool (efficiency < 0.3).
2026-06-20 14:01:00 INFO [EFFICIENCY] Condition 'rsi_21_gt_50' removed from pool (efficiency < 0.3).
2026-06-20 14:01:00 INFO [EFFICIENCY] Condition 'ema_9_lt_21' removed from pool (efficiency < 0.3).
2026-06-20 14:01:00 INFO [EFFICIENCY] Condition 'ema_12_lt_26' removed from pool (efficiency < 0.3).
2026-06-20 14:01:00 INFO [EFFICIENCY] Condition 'sma_20_lt_50' removed from pool (efficiency < 0.3).
2026-06-20 14:01:00 INFO [EFFICIENCY] Condition 'macd_lt_signal' removed from pool (efficiency < 0.3).
2026-06-20 14:01:00 INFO [EFFICIENCY] Condition 'macd_hist_lt_0' removed from pool (efficiency < 0.3).
2026-06-20 14:01:00 INFO [EFFICIENCY] Condition 'rsi_21_gt_70' removed from pool (efficiency < 0.3).
2026-06-20 14:01:00 INFO [EFFICIENCY] Condition 'cci_14_lt_-100' removed from pool (efficiency < 0.3).
2026-06-20 14:01:00 INFO [EFFICIENCY] Condition 'williams_gt_-20' removed from pool (efficiency < 0.3).
2026-06-20 14:01:00 INFO [EFFICIENCY] Condition 'williams_lt_-80' removed from pool (efficiency < 0.3).
2026-06-20 14:01:00 INFO [EFFICIENCY] Condition 'price_lt_bb_lower_20_1_5_s' removed from pool (efficiency < 0.3).
2026-06-20 14:01:00 INFO [EFFICIENCY] 13 condition(s) kept due to pool size floor: ['rsi_21_lt_30', 'stoch_k_gt_20', 'stoch_k_lt_80', 'cci_14_gt_-100', 'cci_14_lt_100', 'williams_gt_-80', 'williams_lt_-20', 'price_lt_bb_lower_20_2', 'price_gt_bb_upper_20_2', 'price_lt_bb_lower_20_1_5', 'price_gt_bb_upper_20_1_5', 'atr_gt_sma_atr_20', 'volume_gt_sma_20_1_5']
2026-06-20 14:01:00 INFO ============================================================
2026-06-20 14:01:00 INFO Training finished.
2026-06-20 14:01:00 INFO 
2026-06-20 14:01:00 INFO   Best score:          2.5000
2026-06-20 14:01:00 INFO   Best strategy:       
2026-06-20 14:01:00 INFO 
2026-06-20 14:01:00 INFO   Total strategies tested: 5421
2026-06-20 14:01:00 INFO   Time elapsed:        469s (7.8m)
2026-06-20 14:01:00 INFO   Average:             11.6 strats/sec
2026-06-20 14:01:00 INFO   Best strategy saved to C:\Users\xfide\documents\crypto.ai\models\best_strategy.json
2026-06-20 14:01:00 INFO 
2026-06-20 14:01:00 INFO   Next steps:
2026-06-20 14:01:00 INFO     1. Review efficiency report above -- which conditions helped/hurt
2026-06-20 14:01:00 INFO     2. Run validation: python validation.py --symbol BTC/USDT
2026-06-20 14:01:00 INFO     3. If validation passes, go live: python live_signal.py
2026-06-20 14:01:00 INFO ============================================================
