2026-06-21 12:53:51 INFO Training log: C:\Users\xfide\documents\crypto.ai\logs\training_2026-06-21_125351.log
2026-06-21 12:53:51 INFO Cleared removed_conditions.json -- all 53 conditions available for this run.
2026-06-21 12:53:51 INFO Training started | Method: ga_bayesian | Symbol: BTC/USDT | Timeframe: 15m | Duration: 2 min
2026-06-21 12:53:51 INFO   Objective: Find the strategy with the highest score. Score = rr_per_day x drawdown_penalty x low_trades_penalty.
2026-06-21 12:53:51 INFO   Disqualified if: win_rate < 35%, max_drawdown > 50%, or avg_trades/day outside 0.5-10.
2026-06-21 12:53:51 INFO Loading historical data...
2026-06-21 12:53:52 INFO Cache found: 17430 candles up to 2026-06-21 11:30:00+00:00. Fetching from 2026-06-21 11:45:00+00:00.
2026-06-21 12:53:52 INFO Fetching BTC/USDT 15m from 2026-06-21 11:45 to 2026-06-21 11:53
2026-06-21 12:53:58 INFO Fetched 1 new candles in 1 requests.
2026-06-21 12:53:59 INFO Total candles available: 17431
2026-06-21 12:53:59 INFO Raw data: 17431 candles
2026-06-21 12:53:59 INFO Computing indicators...
2026-06-21 12:53:59 INFO Data prepared: 17232 candles after warmup drop.
2026-06-21 12:53:59 INFO Clean data: 17232 candles after warmup
2026-06-21 12:53:59 INFO Pre-computing 53 conditions...
2026-06-21 12:53:59 INFO Data preparation complete.
2026-06-21 12:54:00 INFO ============================================================
2026-06-21 12:54:00 INFO Phase 1: Genetic Algorithm (global search -- evolve strategies over generations)
2026-06-21 12:54:00 INFO ============================================================
2026-06-21 12:54:00 INFO GA: Starting | pop=200, gen=12, cx=0.8, mut=0.2, elite=5
2026-06-21 12:54:00 INFO   Score = rr_per_day * drawdown_penalty * low_trades_penalty. Higher = better. Negative or -inf means disqualified.
2026-06-21 12:54:40 INFO GA Gen 0/12 | Best score: 1.1469 | Avg score: 0.0895 | Pop: 200
2026-06-21 12:55:11 INFO GA Gen 1/12 | Best score: 1.2033 | Avg score: 0.1378 | Tested: 368 [NEW BEST!]
2026-06-21 12:55:23 INFO GA Gen 2/12 | Best score: 3.6190 | Avg score: 0.2153 | Tested: 531 [NEW BEST!]
2026-06-21 12:55:32 INFO GA Gen 3/12 | Best score: 3.6190 | Avg score: 0.3588 | Tested: 690
2026-06-21 12:55:53 INFO GA Gen 4/12 | Best score: 3.6190 | Avg score: 0.3707 | Tested: 858
2026-06-21 12:56:18 INFO GA Gen 5/12 | Best score: 3.6190 | Avg score: 0.4570 | Tested: 1020
2026-06-21 12:56:51 INFO GA Gen 6/12 | Best score: 3.6190 | Avg score: 0.6195 | Tested: 1180
2026-06-21 12:57:16 INFO GA Gen 7/12 | Best score: 3.6190 | Avg score: 0.9662 | Tested: 1330
2026-06-21 12:57:42 INFO GA Gen 8/12 | Best score: 3.6190 | Avg score: 1.1885 | Tested: 1500
2026-06-21 12:57:52 INFO GA Gen 9/12 | Best score: 3.7730 | Avg score: 1.6871 | Tested: 1668 [NEW BEST!]
2026-06-21 12:58:01 INFO GA Gen 10/12 | Best score: 3.9690 | Avg score: 2.2377 | Tested: 1828 [NEW BEST!]
2026-06-21 12:58:11 INFO GA Gen 11/12 | Best score: 3.9690 | Avg score: 2.6357 | Tested: 1995
2026-06-21 12:58:34 INFO GA Gen 12/12 | Best score: 3.9690 | Avg score: 2.9304 | Tested: 2165
2026-06-21 12:58:34 INFO GA: Finished | Best score: 3.9690 | Total strategies tested: 2165 | Passing top 10 to Bayesian optimizer.
2026-06-21 12:58:34 INFO GA Phase complete | Elapsed: 273s | Best score: 3.9690 | Strategies tested: 2165
2026-06-21 12:58:34 INFO 
2026-06-21 12:58:34 INFO [EFFICIENCY] GA phase complete. Analyzing condition efficiency...
2026-06-21 12:58:34 INFO ============================================================
2026-06-21 12:58:34 INFO EFFICIENCY REPORT
2026-06-21 12:58:34 INFO ============================================================
2026-06-21 12:58:34 INFO Strategies analyzed: 1607
2026-06-21 12:58:34 INFO Global avg RR/day: 1.3883
2026-06-21 12:58:34 INFO   LONG avg RR/day: 0.0425 (148 strategies)
2026-06-21 12:58:34 INFO   SHORT avg RR/day: 1.5249 (1459 strategies)
2026-06-21 12:58:34 INFO 
2026-06-21 12:58:34 INFO [CRITICAL] CRITICAL ALERTS (auto-removed):
2026-06-21 12:58:34 INFO   'ema_9_gt_21' (LONG) | Used: 68 | Top10%: 0 | Avg RR/day: -0.00 (global: 1.39) | WR: 43% | Eff: -0.01
2026-06-21 12:58:34 INFO   'price_gt_sma_200' (LONG) | Used: 70 | Top10%: 0 | Avg RR/day: 0.00 (global: 1.39) | WR: 43% | Eff: 0.08
2026-06-21 12:58:34 INFO   'ema_9_lt_21' (SHORT) | Used: 309 | Top10%: 0 | Avg RR/day: 0.38 (global: 1.39) | WR: 49% | Eff: 0.25
2026-06-21 12:58:34 INFO   'sma_20_lt_50' (SHORT) | Used: 346 | Top10%: 0 | Avg RR/day: 0.33 (global: 1.39) | WR: 48% | Eff: 0.22
2026-06-21 12:58:34 INFO   'macd_lt_signal' (SHORT) | Used: 304 | Top10%: 2 | Avg RR/day: 0.31 (global: 1.39) | WR: 46% | Eff: 0.20
2026-06-21 12:58:34 INFO   'macd_hist_lt_0' (SHORT) | Used: 284 | Top10%: 0 | Avg RR/day: 0.29 (global: 1.39) | WR: 47% | Eff: 0.19
2026-06-21 12:58:34 INFO   'rsi_14_lt_50' (SHORT) | Used: 385 | Top10%: 3 | Avg RR/day: 0.37 (global: 1.39) | WR: 47% | Eff: 0.24
2026-06-21 12:58:34 INFO   'rsi_14_gt_70' (SHORT) | Used: 302 | Top10%: 0 | Avg RR/day: 0.36 (global: 1.39) | WR: 49% | Eff: 0.23
2026-06-21 12:58:34 INFO   'stoch_k_lt_20' (SHORT) | Used: 252 | Top10%: 4 | Avg RR/day: 0.34 (global: 1.39) | WR: 44% | Eff: 0.22
2026-06-21 12:58:34 INFO   'cci_14_lt_-100' (SHORT) | Used: 345 | Top10%: 0 | Avg RR/day: 0.45 (global: 1.39) | WR: 50% | Eff: 0.30
2026-06-21 12:58:34 INFO   'williams_gt_-20' (SHORT) | Used: 315 | Top10%: 0 | Avg RR/day: 0.33 (global: 1.39) | WR: 46% | Eff: 0.22
2026-06-21 12:58:34 INFO   'williams_lt_-80' (SHORT) | Used: 157 | Top10%: 0 | Avg RR/day: 0.32 (global: 1.39) | WR: 46% | Eff: 0.21
2026-06-21 12:58:34 INFO   'volume_gt_sma_20_2_0' (SHARED) | Used: 467 | Top10%: 0 | Avg RR/day: 0.29 (global: 1.39) | WR: 45% | Eff: 0.21
2026-06-21 12:58:34 INFO   'obv_gt_sma_obv_20' (SHARED) | Used: 553 | Top10%: 0 | Avg RR/day: 0.38 (global: 1.39) | WR: 50% | Eff: 0.28
2026-06-21 12:58:34 INFO   'adx_14_gt_25' (SHARED) | Used: 381 | Top10%: 1 | Avg RR/day: 0.28 (global: 1.39) | WR: 45% | Eff: 0.20
2026-06-21 12:58:34 INFO   'adx_14_lt_20' (SHARED) | Used: 396 | Top10%: 2 | Avg RR/day: 0.37 (global: 1.39) | WR: 50% | Eff: 0.27
2026-06-21 12:58:34 INFO 
2026-06-21 12:58:34 INFO [ALERT] ALERTS (consider removing):
2026-06-21 12:58:34 INFO   'cci_14_gt_100' (SHORT) | Used: 324 | Top10%: 1 | Avg RR/day: 0.56 (global: 1.39) | WR: 53% | Eff: 0.37
2026-06-21 12:58:34 INFO   'price_gt_bb_upper_20_1_5_s' (SHORT) | Used: 396 | Top10%: 0 | Avg RR/day: 0.63 (global: 1.39) | WR: 55% | Eff: 0.41
2026-06-21 12:58:34 INFO   'volume_gt_sma_20_1_5' (SHARED) | Used: 447 | Top10%: 0 | Avg RR/day: 0.55 (global: 1.39) | WR: 53% | Eff: 0.40
2026-06-21 12:58:34 INFO   'adx_14_gt_30' (SHARED) | Used: 525 | Top10%: 0 | Avg RR/day: 0.48 (global: 1.39) | WR: 52% | Eff: 0.35
2026-06-21 12:58:34 INFO 
2026-06-21 12:58:34 INFO [WARNING] WARNINGS (insufficient data):
2026-06-21 12:58:34 INFO   'cci_14_gt_-100' (LONG) | Used: 77 | Top10%: 0 | Avg RR/day: 0.02 (global: 1.39) | WR: 42% | Eff: 0.54
2026-06-21 12:58:34 INFO 
2026-06-21 12:58:34 INFO [STRONG] STRONG CONDITIONS:
2026-06-21 12:58:34 INFO   'ema_12_gt_26' (LONG) | Used: 107 | Top10%: 0 | Avg RR/day: 0.11 (global: 1.39) | WR: 46% | Eff: 2.56
2026-06-21 12:58:34 INFO   'ema_20_gt_50' (LONG) | Used: 60 | Top10%: 0 | Avg RR/day: 0.15 (global: 1.39) | WR: 45% | Eff: 3.48
2026-06-21 12:58:34 INFO   'sma_20_gt_50' (LONG) | Used: 81 | Top10%: 0 | Avg RR/day: 0.06 (global: 1.39) | WR: 44% | Eff: 1.51
2026-06-21 12:58:34 INFO   'price_gt_sma_50' (LONG) | Used: 105 | Top10%: 0 | Avg RR/day: 0.19 (global: 1.39) | WR: 48% | Eff: 4.42
2026-06-21 12:58:34 INFO   'macd_gt_signal' (LONG) | Used: 86 | Top10%: 0 | Avg RR/day: 0.06 (global: 1.39) | WR: 43% | Eff: 1.31
2026-06-21 12:58:34 INFO   'macd_hist_gt_0' (LONG) | Used: 92 | Top10%: 0 | Avg RR/day: 0.09 (global: 1.39) | WR: 44% | Eff: 2.07
2026-06-21 12:58:34 INFO   'rsi_14_gt_50' (LONG) | Used: 648 | Top10%: 160 | Avg RR/day: 2.82 (global: 1.39) | WR: 76% | Eff: 66.37
2026-06-21 12:58:34 INFO   'rsi_14_lt_30' (LONG) | Used: 121 | Top10%: 0 | Avg RR/day: 0.14 (global: 1.39) | WR: 46% | Eff: 3.21
2026-06-21 12:58:34 INFO   'rsi_21_gt_50' (LONG) | Used: 68 | Top10%: 0 | Avg RR/day: 0.08 (global: 1.39) | WR: 44% | Eff: 1.88
2026-06-21 12:58:34 INFO   'rsi_21_lt_30' (LONG) | Used: 627 | Top10%: 152 | Avg RR/day: 2.80 (global: 1.39) | WR: 75% | Eff: 65.90
2026-06-21 12:58:34 INFO   'stoch_k_gt_20' (LONG) | Used: 727 | Top10%: 160 | Avg RR/day: 2.54 (global: 1.39) | WR: 73% | Eff: 59.90
2026-06-21 12:58:34 INFO   'cci_14_lt_100' (LONG) | Used: 87 | Top10%: 0 | Avg RR/day: 0.08 (global: 1.39) | WR: 43% | Eff: 1.97
2026-06-21 12:58:34 INFO   'williams_gt_-80' (LONG) | Used: 109 | Top10%: 0 | Avg RR/day: 0.17 (global: 1.39) | WR: 47% | Eff: 4.03
2026-06-21 12:58:34 INFO   'williams_lt_-20' (LONG) | Used: 133 | Top10%: 0 | Avg RR/day: 0.14 (global: 1.39) | WR: 45% | Eff: 3.22
2026-06-21 12:58:34 INFO   'price_lt_bb_lower_20_2' (LONG) | Used: 99 | Top10%: 0 | Avg RR/day: 0.06 (global: 1.39) | WR: 43% | Eff: 1.33
2026-06-21 12:58:34 INFO   'price_gt_bb_upper_20_2' (LONG) | Used: 733 | Top10%: 160 | Avg RR/day: 2.54 (global: 1.39) | WR: 73% | Eff: 59.81
2026-06-21 12:58:34 INFO   'price_lt_bb_lower_20_1_5' (LONG) | Used: 81 | Top10%: 0 | Avg RR/day: 0.11 (global: 1.39) | WR: 44% | Eff: 2.53
2026-06-21 12:58:34 INFO   'price_gt_bb_upper_20_1_5' (LONG) | Used: 86 | Top10%: 0 | Avg RR/day: 0.07 (global: 1.39) | WR: 44% | Eff: 1.76
2026-06-21 12:58:34 INFO   'price_lt_sma_200' (SHORT) | Used: 880 | Top10%: 159 | Avg RR/day: 2.15 (global: 1.39) | WR: 68% | Eff: 1.41
2026-06-21 12:58:34 INFO   'rsi_21_gt_70' (SHORT) | Used: 989 | Top10%: 159 | Avg RR/day: 2.06 (global: 1.39) | WR: 68% | Eff: 1.35
2026-06-21 12:58:34 INFO   'stoch_k_gt_80' (SHORT) | Used: 962 | Top10%: 160 | Avg RR/day: 2.07 (global: 1.39) | WR: 69% | Eff: 1.36
2026-06-21 12:58:34 INFO   'atr_gt_sma_atr_20' (SHARED) | Used: 943 | Top10%: 160 | Avg RR/day: 2.03 (global: 1.39) | WR: 67% | Eff: 1.46
2026-06-21 12:58:34 INFO   'price_gt_high_20_1_02' (SHARED) | Used: 1081 | Top10%: 160 | Avg RR/day: 1.93 (global: 1.39) | WR: 67% | Eff: 1.39
2026-06-21 12:58:34 INFO 
2026-06-21 12:58:34 INFO [OK] OK CONDITIONS:
2026-06-21 12:58:34 INFO   'stoch_k_lt_80' (LONG) | Used: 98 | Top10%: 0 | Avg RR/day: 0.05 (global: 1.39) | WR: 44% | Eff: 1.19
2026-06-21 12:58:34 INFO   'ema_12_lt_26' (SHORT) | Used: 1110 | Top10%: 160 | Avg RR/day: 1.89 (global: 1.39) | WR: 66% | Eff: 1.24
2026-06-21 12:58:34 INFO   'ema_20_lt_50' (SHORT) | Used: 914 | Top10%: 137 | Avg RR/day: 1.70 (global: 1.39) | WR: 64% | Eff: 1.12
2026-06-21 12:58:34 INFO   'price_lt_sma_50' (SHORT) | Used: 1111 | Top10%: 159 | Avg RR/day: 1.89 (global: 1.39) | WR: 66% | Eff: 1.24
2026-06-21 12:58:34 INFO   'rsi_21_lt_50' (SHORT) | Used: 1098 | Top10%: 160 | Avg RR/day: 1.86 (global: 1.39) | WR: 66% | Eff: 1.22
2026-06-21 12:58:34 INFO   'price_gt_bb_upper_20_2_s' (SHORT) | Used: 1111 | Top10%: 160 | Avg RR/day: 1.91 (global: 1.39) | WR: 67% | Eff: 1.25
2026-06-21 12:58:34 INFO   'price_lt_bb_lower_20_2_s' (SHORT) | Used: 776 | Top10%: 134 | Avg RR/day: 1.68 (global: 1.39) | WR: 64% | Eff: 1.10
2026-06-21 12:58:34 INFO   'price_lt_bb_lower_20_1_5_s' (SHORT) | Used: 1089 | Top10%: 160 | Avg RR/day: 1.94 (global: 1.39) | WR: 67% | Eff: 1.27
2026-06-21 12:58:34 INFO   'price_lt_low_20_0_98' (SHARED) | Used: 1169 | Top10%: 158 | Avg RR/day: 1.80 (global: 1.39) | WR: 66% | Eff: 1.30
2026-06-21 12:58:34 INFO 
2026-06-21 12:58:34 INFO Auto-removed 16 conditions: ['ema_9_gt_21', 'price_gt_sma_200', 'ema_9_lt_21', 'sma_20_lt_50', 'macd_lt_signal', 'macd_hist_lt_0', 'rsi_14_lt_50', 'rsi_14_gt_70', 'stoch_k_lt_20', 'cci_14_lt_-100', 'williams_gt_-20', 'williams_lt_-80', 'volume_gt_sma_20_2_0', 'obv_gt_sma_obv_20', 'adx_14_gt_25', 'adx_14_lt_20']
2026-06-21 12:58:34 INFO Low-efficiency (0.5x weight): 4 conditions: ['cci_14_gt_100', 'price_gt_bb_upper_20_1_5_s', 'volume_gt_sma_20_1_5', 'adx_14_gt_30']
2026-06-21 12:58:34 INFO ============================================================
2026-06-21 12:58:34 INFO Efficiency report saved to C:\Users\xfide\documents\crypto.ai\models\condition_efficiency.json
2026-06-21 12:58:34 INFO [EFFICIENCY] Skipping removal of 'obv_gt_sma_obv_20' -- SHARED condition, pool would drop below 20
2026-06-21 12:58:34 INFO [EFFICIENCY] Skipping removal of 'adx_14_gt_25' -- SHARED condition, pool would drop below 20
2026-06-21 12:58:34 INFO [EFFICIENCY] Skipping removal of 'adx_14_lt_20' -- SHARED condition, pool would drop below 20
2026-06-21 12:58:34 INFO [EFFICIENCY] Condition 'ema_9_gt_21' removed from pool (efficiency < 0.3).
2026-06-21 12:58:34 INFO [EFFICIENCY] Condition 'price_gt_sma_200' removed from pool (efficiency < 0.3).
2026-06-21 12:58:34 INFO [EFFICIENCY] Condition 'ema_9_lt_21' removed from pool (efficiency < 0.3).
2026-06-21 12:58:34 INFO [EFFICIENCY] Condition 'sma_20_lt_50' removed from pool (efficiency < 0.3).
2026-06-21 12:58:34 INFO [EFFICIENCY] Condition 'macd_lt_signal' removed from pool (efficiency < 0.3).
2026-06-21 12:58:34 INFO [EFFICIENCY] Condition 'macd_hist_lt_0' removed from pool (efficiency < 0.3).
2026-06-21 12:58:34 INFO [EFFICIENCY] Condition 'rsi_14_lt_50' removed from pool (efficiency < 0.3).
2026-06-21 12:58:34 INFO [EFFICIENCY] Condition 'rsi_14_gt_70' removed from pool (efficiency < 0.3).
2026-06-21 12:58:34 INFO [EFFICIENCY] Condition 'stoch_k_lt_20' removed from pool (efficiency < 0.3).
2026-06-21 12:58:34 INFO [EFFICIENCY] Condition 'cci_14_lt_-100' removed from pool (efficiency < 0.3).
2026-06-21 12:58:34 INFO [EFFICIENCY] Condition 'williams_gt_-20' removed from pool (efficiency < 0.3).
2026-06-21 12:58:34 INFO [EFFICIENCY] Condition 'williams_lt_-80' removed from pool (efficiency < 0.3).
2026-06-21 12:58:34 INFO [EFFICIENCY] Condition 'volume_gt_sma_20_2_0' removed from pool (efficiency < 0.3).
2026-06-21 12:58:34 INFO [EFFICIENCY] 3 condition(s) kept due to pool size floor: ['obv_gt_sma_obv_20', 'adx_14_gt_25', 'adx_14_lt_20']
2026-06-21 12:58:34 INFO [EFFICIENCY] Removing 16 conditions (efficiency < 0.3) before Bayesian.
2026-06-21 12:58:34 INFO [EFFICIENCY] Removed: ['ema_9_gt_21', 'price_gt_sma_200', 'ema_9_lt_21', 'sma_20_lt_50', 'macd_lt_signal', 'macd_hist_lt_0', 'rsi_14_lt_50', 'rsi_14_gt_70', 'stoch_k_lt_20', 'cci_14_lt_-100', 'williams_gt_-20', 'williams_lt_-80', 'volume_gt_sma_20_2_0', 'obv_gt_sma_obv_20', 'adx_14_gt_25', 'adx_14_lt_20']
2026-06-21 12:58:34 INFO [EFFICIENCY] 4 conditions flagged low-efficiency (0.5x weight, eff 0.3-0.5): ['cci_14_gt_100', 'price_gt_bb_upper_20_1_5_s', 'volume_gt_sma_20_1_5', 'adx_14_gt_30']
2026-06-21 12:58:34 INFO 
2026-06-21 12:58:34 INFO No time remaining for Bayesian optimization. Skipping.
2026-06-21 12:58:34 INFO Strategy saved to C:\Users\xfide\documents\crypto.ai\models\best_strategy.json
2026-06-21 12:58:34 INFO Top 500 strategies saved to C:\Users\xfide\documents\crypto.ai\models\top_strategies.json
2026-06-21 12:58:34 INFO ============================================================
2026-06-21 12:58:34 INFO Training finished.
2026-06-21 12:58:34 INFO 
2026-06-21 12:58:34 INFO   Best score:          3.9690
2026-06-21 12:58:34 INFO   Best strategy:       
2026-06-21 12:58:34 INFO 
2026-06-21 12:58:34 INFO   Total strategies tested: 2165
2026-06-21 12:58:34 INFO   Time elapsed:        282s (4.7m)
2026-06-21 12:58:34 INFO   Average:             7.7 strats/sec
2026-06-21 12:58:34 INFO   Best strategy saved to C:\Users\xfide\documents\crypto.ai\models\best_strategy.json
2026-06-21 12:58:34 INFO 
2026-06-21 12:58:34 INFO   Next steps:
2026-06-21 12:58:34 INFO     1. Review efficiency report above -- which conditions helped/hurt
2026-06-21 12:58:34 INFO     2. Run validation: python validation.py --symbol BTC/USDT
2026-06-21 12:58:34 INFO     3. If validation passes, go live: python live_signal.py
2026-06-21 12:58:34 INFO ============================================================
