2026-06-22 16:16:38 INFO Training log: C:\Users\xfide\documents\crypto.ai\logs\training_2026-06-22_161638.log
2026-06-22 16:16:38 INFO Training started | Method: ga_bayesian | Symbol: BTC/USDT | Timeframe: 15m | Duration: 20 min
2026-06-22 16:16:38 INFO   Objective: Find the strategy with the highest score. Score = rr_per_day x drawdown_penalty x low_trades_penalty.
2026-06-22 16:16:38 INFO   Disqualified if: trades/day < 1.2, win_rate < 35%, max_drawdown > 50%, or avg_trades/day outside 0.5-10.
2026-06-22 16:16:38 INFO Loading historical data...
2026-06-22 16:16:38 INFO Cache found: 17537 candles up to 2026-06-22 14:15:00+00:00. Fetching from 2026-06-22 14:30:00+00:00.
2026-06-22 16:16:38 INFO Fetching BTC/USDT 15m from 2026-06-22 14:30 to 2026-06-22 15:16
2026-06-22 16:16:43 INFO Fetched 4 new candles in 1 requests.
2026-06-22 16:16:43 INFO Total candles available: 17541
2026-06-22 16:16:43 INFO Raw data: 17541 candles (2025-12-21 to 2026-06-22, 12 months)
2026-06-22 16:16:43 INFO Computing indicators...
2026-06-22 16:16:43 INFO Data prepared: 17342 candles after warmup drop.
2026-06-22 16:16:43 INFO Clean data: 17342 candles after warmup
2026-06-22 16:16:43 INFO Pre-computing 53 conditions...
2026-06-22 16:16:43 INFO Data preparation complete.
2026-06-22 16:16:43 INFO ============================================================
2026-06-22 16:16:43 INFO Phase 1: Genetic Algorithm (global search -- evolve strategies over generations)
2026-06-22 16:16:43 INFO ============================================================
2026-06-22 16:16:43 INFO GA: Starting | pop=200, time_budget=600s (10.0m), max_gen=200, cx=0.8, mut=0.2, elite=5
2026-06-22 16:16:43 INFO   Score = rr_per_day * drawdown_penalty * low_trades_penalty. Higher = better. Negative or -inf means disqualified.
2026-06-22 16:16:56 INFO GA Gen 0 | Best score: 0.2495 | Avg score: 0.0606 | Pop: 200 | Elapsed: 13s
2026-06-22 16:17:09 INFO GA Gen 1 | Best score: 0.2928 | Avg score: 0.0757 | Tested: 355 | Elapsed: 25s [NEW BEST!]
2026-06-22 16:17:23 INFO GA Gen 2 | Best score: 0.2947 | Avg score: 0.1018 | Tested: 530 | Elapsed: 39s [NEW BEST!]
2026-06-22 16:17:36 INFO GA Gen 3 | Best score: 0.3726 | Avg score: 0.1191 | Tested: 690 | Elapsed: 53s [NEW BEST!]
2026-06-22 16:17:51 INFO GA Gen 4 | Best score: 0.3726 | Avg score: 0.1109 | Tested: 859 | Elapsed: 68s
2026-06-22 16:18:06 INFO GA Gen 5 | Best score: 0.3726 | Avg score: 0.1199 | Tested: 1019 | Elapsed: 83s
2026-06-22 16:18:21 INFO GA Gen 6 | Best score: 0.3726 | Avg score: 0.1173 | Tested: 1190 | Elapsed: 98s
2026-06-22 16:18:37 INFO GA Gen 7 | Best score: 0.3819 | Avg score: 0.1415 | Tested: 1356 | Elapsed: 114s [NEW BEST!]
2026-06-22 16:18:54 INFO GA Gen 8 | Best score: 0.4969 | Avg score: 0.1431 | Tested: 1525 | Elapsed: 131s [NEW BEST!]
2026-06-22 16:19:10 INFO GA Gen 9 | Best score: 0.4969 | Avg score: 0.1390 | Tested: 1691 | Elapsed: 146s
2026-06-22 16:19:23 INFO GA Gen 10 | Best score: 0.4969 | Avg score: 0.1691 | Tested: 1851 | Elapsed: 160s
2026-06-22 16:19:39 INFO GA Gen 11 | Best score: 0.4969 | Avg score: 0.1978 | Tested: 2010 | Elapsed: 175s
2026-06-22 16:19:53 INFO GA Gen 12 | Best score: 0.4969 | Avg score: 0.2226 | Tested: 2168 | Elapsed: 190s
2026-06-22 16:20:09 INFO GA Gen 13 | Best score: 0.5101 | Avg score: 0.2512 | Tested: 2329 | Elapsed: 206s [NEW BEST!]
2026-06-22 16:20:24 INFO GA Gen 14 | Best score: 0.5101 | Avg score: 0.3065 | Tested: 2488 | Elapsed: 221s
2026-06-22 16:20:41 INFO GA Gen 15 | Best score: 0.5101 | Avg score: 0.3878 | Tested: 2654 | Elapsed: 237s
2026-06-22 16:20:59 INFO GA Gen 16 | Best score: 0.5116 | Avg score: 0.4445 | Tested: 2825 | Elapsed: 255s [NEW BEST!]
2026-06-22 16:21:16 INFO GA Gen 17 | Best score: 0.5142 | Avg score: 0.4691 | Tested: 2986 | Elapsed: 273s [NEW BEST!]
2026-06-22 16:21:33 INFO GA Gen 18 | Best score: 0.5142 | Avg score: 0.4751 | Tested: 3150 | Elapsed: 290s
2026-06-22 16:21:49 INFO GA Gen 19 | Best score: 0.5142 | Avg score: 0.4771 | Tested: 3307 | Elapsed: 306s
2026-06-22 16:22:09 INFO GA Gen 20 | Best score: 0.5541 | Avg score: 0.4793 | Tested: 3477 | Elapsed: 326s [NEW BEST!]
2026-06-22 16:22:26 INFO GA Gen 21 | Best score: 0.5541 | Avg score: 0.4837 | Tested: 3638 | Elapsed: 343s
2026-06-22 16:22:59 INFO GA Gen 22 | Best score: 0.5541 | Avg score: 0.4878 | Tested: 3796 | Elapsed: 376s
2026-06-22 16:24:00 INFO GA Gen 23 | Best score: 0.5541 | Avg score: 0.4916 | Tested: 3961 | Elapsed: 437s
2026-06-22 16:24:19 INFO GA Gen 24 | Best score: 0.5541 | Avg score: 0.5013 | Tested: 4128 | Elapsed: 456s
2026-06-22 16:24:36 INFO GA Gen 25 | Best score: 0.5541 | Avg score: 0.5141 | Tested: 4299 | Elapsed: 472s
2026-06-22 16:24:51 INFO GA Gen 26 | Best score: 0.5541 | Avg score: 0.4994 | Tested: 4457 | Elapsed: 488s
2026-06-22 16:25:09 INFO GA Gen 27 | Best score: 0.5541 | Avg score: 0.5087 | Tested: 4625 | Elapsed: 506s
2026-06-22 16:25:23 INFO GA Gen 28 | Best score: 0.5541 | Avg score: 0.5150 | Tested: 4769 | Elapsed: 520s
2026-06-22 16:25:39 INFO GA Gen 29 | Best score: 0.5541 | Avg score: 0.4951 | Tested: 4937 | Elapsed: 536s
2026-06-22 16:25:56 INFO GA Gen 30 | Best score: 0.5541 | Avg score: 0.5094 | Tested: 5098 | Elapsed: 552s
2026-06-22 16:26:13 INFO GA Gen 31 | Best score: 0.5541 | Avg score: 0.5150 | Tested: 5266 | Elapsed: 569s
2026-06-22 16:26:30 INFO GA Gen 32 | Best score: 0.5541 | Avg score: 0.5104 | Tested: 5440 | Elapsed: 587s
2026-06-22 16:26:47 INFO GA Gen 33 | Best score: 0.5541 | Avg score: 0.5249 | Tested: 5601 | Elapsed: 604s
2026-06-22 16:26:47 INFO GA: Time budget exhausted at generation 33. Stopping.
2026-06-22 16:26:47 INFO GA: Finished | Best score: 0.5541 | 33 generations | Elapsed: 604s | Strategies tested: 5601 | Speed: 9.3 strats/s | Passing top 10 to Bayesian optimizer.
2026-06-22 16:26:47 INFO 
2026-06-22 16:26:47 INFO [EFFICIENCY] GA phase complete. Analyzing condition efficiency...
2026-06-22 16:26:47 INFO ============================================================
2026-06-22 16:26:47 INFO EFFICIENCY REPORT
2026-06-22 16:26:47 INFO ============================================================
2026-06-22 16:26:47 INFO Strategies analyzed: 4107
2026-06-22 16:26:47 INFO Global avg RR/day: 0.5126
2026-06-22 16:26:47 INFO   LONG avg RR/day: 0.5230 (2750 weighted contributions)
2026-06-22 16:26:47 INFO   SHORT avg RR/day: 0.4913 (1356 weighted contributions)
2026-06-22 16:26:47 INFO 
2026-06-22 16:26:47 INFO [ALERT] ALERTS (consider removing):
2026-06-22 16:26:47 INFO   'sma_20_gt_50' (LONG) | Used: 400 | Top10%: 0 | Avg RR/day: 0.26 (global: 0.51) | WR: 37% | Eff: 0.50
2026-06-22 16:26:47 INFO   'price_gt_sma_50' (LONG) | Used: 281 | Top10%: 0 | Avg RR/day: 0.26 (global: 0.51) | WR: 37% | Eff: 0.50
2026-06-22 16:26:47 INFO   'macd_hist_gt_0' (LONG) | Used: 255 | Top10%: 0 | Avg RR/day: 0.24 (global: 0.51) | WR: 37% | Eff: 0.47
2026-06-22 16:26:47 INFO   'rsi_14_gt_50' (LONG) | Used: 60 | Top10%: 0 | Avg RR/day: 0.20 (global: 0.51) | WR: 38% | Eff: 0.37
2026-06-22 16:26:47 INFO   'cci_14_gt_-100' (LONG) | Used: 140 | Top10%: 0 | Avg RR/day: 0.24 (global: 0.51) | WR: 38% | Eff: 0.47
2026-06-22 16:26:47 INFO   'williams_gt_-80' (LONG) | Used: 268 | Top10%: 0 | Avg RR/day: 0.25 (global: 0.51) | WR: 37% | Eff: 0.47
2026-06-22 16:26:47 INFO   'price_gt_bb_upper_20_2' (LONG) | Used: 130 | Top10%: 0 | Avg RR/day: 0.25 (global: 0.51) | WR: 38% | Eff: 0.48
2026-06-22 16:26:47 INFO   'rsi_21_gt_70' (SHORT) | Used: 46 | Top10%: 0 | Avg RR/day: 0.17 (global: 0.51) | WR: 38% | Eff: 0.34
2026-06-22 16:26:47 INFO   'stoch_k_lt_20' (SHORT) | Used: 62 | Top10%: 0 | Avg RR/day: 0.21 (global: 0.51) | WR: 38% | Eff: 0.42
2026-06-22 16:26:47 INFO   'price_lt_bb_lower_20_1_5_s' (SHORT) | Used: 77 | Top10%: 0 | Avg RR/day: 0.22 (global: 0.51) | WR: 38% | Eff: 0.44
2026-06-22 16:26:47 INFO   'atr_gt_sma_atr_20' (SHARED) | Used: 207 | Top10%: 0 | Avg RR/day: 0.25 (global: 0.51) | WR: 37% | Eff: 0.50
2026-06-22 16:26:47 INFO   'obv_gt_sma_obv_20' (SHARED) | Used: 358 | Top10%: 0 | Avg RR/day: 0.26 (global: 0.51) | WR: 37% | Eff: 0.50
2026-06-22 16:26:47 INFO   'adx_14_gt_25' (SHARED) | Used: 153 | Top10%: 0 | Avg RR/day: 0.25 (global: 0.51) | WR: 38% | Eff: 0.49
2026-06-22 16:26:47 INFO   'price_gt_high_20_1_02' (SHARED) | Used: 21 | Top10%: 0 | Avg RR/day: 0.21 (global: 0.51) | WR: 38% | Eff: 0.40
2026-06-22 16:26:47 INFO   'price_lt_low_20_0_98' (SHARED) | Used: 147 | Top10%: 0 | Avg RR/day: 0.25 (global: 0.51) | WR: 37% | Eff: 0.48
2026-06-22 16:26:47 INFO 
2026-06-22 16:26:47 INFO [WARNING] WARNINGS (insufficient data):
2026-06-22 16:26:47 INFO   'ema_12_gt_26' (LONG) | Used: 403 | Top10%: 0 | Avg RR/day: 0.27 (global: 0.51) | WR: 37% | Eff: 0.51
2026-06-22 16:26:47 INFO   'macd_gt_signal' (LONG) | Used: 324 | Top10%: 0 | Avg RR/day: 0.27 (global: 0.51) | WR: 37% | Eff: 0.52
2026-06-22 16:26:47 INFO   'rsi_14_lt_30' (LONG) | Used: 347 | Top10%: 0 | Avg RR/day: 0.27 (global: 0.51) | WR: 38% | Eff: 0.53
2026-06-22 16:26:47 INFO   'stoch_k_gt_20' (LONG) | Used: 306 | Top10%: 0 | Avg RR/day: 0.26 (global: 0.51) | WR: 37% | Eff: 0.51
2026-06-22 16:26:47 INFO   'stoch_k_lt_80' (LONG) | Used: 310 | Top10%: 0 | Avg RR/day: 0.27 (global: 0.51) | WR: 37% | Eff: 0.51
2026-06-22 16:26:47 INFO   'cci_14_lt_100' (LONG) | Used: 452 | Top10%: 0 | Avg RR/day: 0.26 (global: 0.51) | WR: 37% | Eff: 0.50
2026-06-22 16:26:47 INFO   'price_lt_bb_lower_20_2' (LONG) | Used: 354 | Top10%: 0 | Avg RR/day: 0.29 (global: 0.51) | WR: 38% | Eff: 0.56
2026-06-22 16:26:47 INFO   'ema_12_lt_26' (SHORT) | Used: 422 | Top10%: 0 | Avg RR/day: 0.27 (global: 0.51) | WR: 37% | Eff: 0.55
2026-06-22 16:26:47 INFO   'ema_20_lt_50' (SHORT) | Used: 370 | Top10%: 0 | Avg RR/day: 0.27 (global: 0.51) | WR: 37% | Eff: 0.54
2026-06-22 16:26:47 INFO   'sma_20_lt_50' (SHORT) | Used: 289 | Top10%: 0 | Avg RR/day: 0.27 (global: 0.51) | WR: 37% | Eff: 0.55
2026-06-22 16:26:47 INFO   'price_lt_sma_200' (SHORT) | Used: 116 | Top10%: 0 | Avg RR/day: 0.27 (global: 0.51) | WR: 37% | Eff: 0.55
2026-06-22 16:26:47 INFO   'macd_lt_signal' (SHORT) | Used: 255 | Top10%: 0 | Avg RR/day: 0.26 (global: 0.51) | WR: 37% | Eff: 0.53
2026-06-22 16:26:47 INFO   'rsi_14_lt_50' (SHORT) | Used: 215 | Top10%: 0 | Avg RR/day: 0.27 (global: 0.51) | WR: 38% | Eff: 0.55
2026-06-22 16:26:47 INFO   'rsi_14_gt_70' (SHORT) | Used: 269 | Top10%: 0 | Avg RR/day: 0.29 (global: 0.51) | WR: 38% | Eff: 0.58
2026-06-22 16:26:47 INFO   'stoch_k_gt_80' (SHORT) | Used: 161 | Top10%: 0 | Avg RR/day: 0.27 (global: 0.51) | WR: 38% | Eff: 0.55
2026-06-22 16:26:47 INFO   'cci_14_gt_100' (SHORT) | Used: 194 | Top10%: 0 | Avg RR/day: 0.25 (global: 0.51) | WR: 37% | Eff: 0.52
2026-06-22 16:26:47 INFO   'cci_14_lt_-100' (SHORT) | Used: 203 | Top10%: 0 | Avg RR/day: 0.26 (global: 0.51) | WR: 37% | Eff: 0.53
2026-06-22 16:26:47 INFO   'williams_gt_-20' (SHORT) | Used: 308 | Top10%: 0 | Avg RR/day: 0.25 (global: 0.51) | WR: 38% | Eff: 0.52
2026-06-22 16:26:47 INFO   'williams_lt_-80' (SHORT) | Used: 259 | Top10%: 0 | Avg RR/day: 0.28 (global: 0.51) | WR: 37% | Eff: 0.56
2026-06-22 16:26:47 INFO   'price_gt_bb_upper_20_2_s' (SHORT) | Used: 169 | Top10%: 0 | Avg RR/day: 0.25 (global: 0.51) | WR: 37% | Eff: 0.51
2026-06-22 16:26:47 INFO   'price_lt_bb_lower_20_2_s' (SHORT) | Used: 137 | Top10%: 0 | Avg RR/day: 0.27 (global: 0.51) | WR: 37% | Eff: 0.55
2026-06-22 16:26:47 INFO   'price_gt_bb_upper_20_1_5_s' (SHORT) | Used: 388 | Top10%: 0 | Avg RR/day: 0.25 (global: 0.51) | WR: 37% | Eff: 0.52
2026-06-22 16:26:47 INFO   'volume_gt_sma_20_2_0' (SHARED) | Used: 316 | Top10%: 0 | Avg RR/day: 0.26 (global: 0.51) | WR: 37% | Eff: 0.52
2026-06-22 16:26:47 INFO   'adx_14_lt_20' (SHARED) | Used: 184 | Top10%: 0 | Avg RR/day: 0.27 (global: 0.51) | WR: 37% | Eff: 0.52
2026-06-22 16:26:47 INFO 
2026-06-22 16:26:47 INFO [OK] OK CONDITIONS:
2026-06-22 16:26:47 INFO   'ema_9_gt_21' (LONG) | Used: 3782 | Top10%: 410 | Avg RR/day: 0.53 (global: 0.51) | WR: 39% | Eff: 1.02
2026-06-22 16:26:47 INFO   'ema_20_gt_50' (LONG) | Used: 1948 | Top10%: 0 | Avg RR/day: 0.51 (global: 0.51) | WR: 39% | Eff: 0.97
2026-06-22 16:26:47 INFO   'price_gt_sma_200' (LONG) | Used: 1652 | Top10%: 410 | Avg RR/day: 0.57 (global: 0.51) | WR: 40% | Eff: 1.10
2026-06-22 16:26:47 INFO   'rsi_21_gt_50' (LONG) | Used: 3369 | Top10%: 410 | Avg RR/day: 0.56 (global: 0.51) | WR: 40% | Eff: 1.08
2026-06-22 16:26:47 INFO   'rsi_21_lt_30' (LONG) | Used: 3481 | Top10%: 410 | Avg RR/day: 0.55 (global: 0.51) | WR: 40% | Eff: 1.06
2026-06-22 16:26:47 INFO   'williams_lt_-20' (LONG) | Used: 3558 | Top10%: 410 | Avg RR/day: 0.55 (global: 0.51) | WR: 40% | Eff: 1.05
2026-06-22 16:26:47 INFO   'price_lt_bb_lower_20_1_5' (LONG) | Used: 3685 | Top10%: 410 | Avg RR/day: 0.54 (global: 0.51) | WR: 40% | Eff: 1.04
2026-06-22 16:26:47 INFO   'price_gt_bb_upper_20_1_5' (LONG) | Used: 3405 | Top10%: 410 | Avg RR/day: 0.56 (global: 0.51) | WR: 40% | Eff: 1.07
2026-06-22 16:26:47 INFO   'ema_9_lt_21' (SHORT) | Used: 3412 | Top10%: 410 | Avg RR/day: 0.56 (global: 0.51) | WR: 40% | Eff: 1.13
2026-06-22 16:26:47 INFO   'price_lt_sma_50' (SHORT) | Used: 3310 | Top10%: 410 | Avg RR/day: 0.57 (global: 0.51) | WR: 40% | Eff: 1.16
2026-06-22 16:26:47 INFO   'macd_hist_lt_0' (SHORT) | Used: 3595 | Top10%: 410 | Avg RR/day: 0.55 (global: 0.51) | WR: 40% | Eff: 1.11
2026-06-22 16:26:47 INFO   'rsi_21_lt_50' (SHORT) | Used: 261 | Top10%: 0 | Avg RR/day: 0.35 (global: 0.51) | WR: 38% | Eff: 0.71
2026-06-22 16:26:47 INFO   'volume_gt_sma_20_1_5' (SHARED) | Used: 3381 | Top10%: 410 | Avg RR/day: 0.56 (global: 0.51) | WR: 40% | Eff: 1.10
2026-06-22 16:26:47 INFO   'adx_14_gt_30' (SHARED) | Used: 3551 | Top10%: 410 | Avg RR/day: 0.55 (global: 0.51) | WR: 40% | Eff: 1.08
2026-06-22 16:26:47 INFO 
2026-06-22 16:26:47 INFO Low-efficiency (0.5x weight): 15 conditions: ['sma_20_gt_50', 'price_gt_sma_50', 'macd_hist_gt_0', 'rsi_14_gt_50', 'cci_14_gt_-100', 'williams_gt_-80', 'price_gt_bb_upper_20_2', 'rsi_21_gt_70', 'stoch_k_lt_20', 'price_lt_bb_lower_20_1_5_s', 'atr_gt_sma_atr_20', 'obv_gt_sma_obv_20', 'adx_14_gt_25', 'price_gt_high_20_1_02', 'price_lt_low_20_0_98']
2026-06-22 16:26:47 INFO ============================================================
2026-06-22 16:26:47 INFO Efficiency report saved to C:\Users\xfide\documents\crypto.ai\models\condition_efficiency.json
2026-06-22 16:26:47 INFO [EFFICIENCY] 15 conditions flagged low-efficiency (0.5x weight, eff 0.3-0.5): ['sma_20_gt_50', 'price_gt_sma_50', 'macd_hist_gt_0', 'rsi_14_gt_50', 'cci_14_gt_-100', 'williams_gt_-80', 'price_gt_bb_upper_20_2', 'rsi_21_gt_70', 'stoch_k_lt_20', 'price_lt_bb_lower_20_1_5_s', 'atr_gt_sma_atr_20', 'obv_gt_sma_obv_20', 'adx_14_gt_25', 'price_gt_high_20_1_02', 'price_lt_low_20_0_98']
2026-06-22 16:26:47 INFO 
2026-06-22 16:26:47 INFO ============================================================
2026-06-22 16:26:47 INFO Phase 2: Bayesian Optimization (local refinement -- focus on promising regions)
2026-06-22 16:26:47 INFO ============================================================
2026-06-22 16:26:47 INFO Bayesian: Starting | timeout=591s (9.8m), max_trials=10000, startup=100
2026-06-22 16:26:47 INFO   Each trial generates a strategy with random conditions, threshold, stop-loss, and risk-reward. The TPE model learns which parameter combinations score highest and focuses the search there.
2026-06-22 16:26:47 INFO Bayesian: Seeded 10 strategies from GA.
2026-06-22 16:36:38 INFO Bayesian: Manual timeout safety net triggered. Stopping.
2026-06-22 16:36:38 INFO Bayesian: Finished | Best score: 0.5541 | 3118 trials | Elapsed: 591s | Speed: 5.3 trials/s
2026-06-22 16:36:38 INFO   Score = rr_per_day * drawdown_penalty * low_trades_penalty. Higher = better.
2026-06-22 16:36:38 INFO Keeping existing best strategy (score: 0.5780) -- new strategy score (0.5541) is not higher.
2026-06-22 16:36:38 INFO Top 500 strategies saved to C:\Users\xfide\documents\crypto.ai\models\top_strategies.json
2026-06-22 16:36:38 INFO ============================================================
2026-06-22 16:36:38 INFO Training finished.
2026-06-22 16:36:38 INFO 
2026-06-22 16:36:38 INFO   Best score:          0.5541
2026-06-22 16:36:38 INFO   Best strategy:        (LONG:7 SHORT:3 SHARED:2)
2026-06-22 16:36:38 INFO     Win rate:          40.9%
2026-06-22 16:36:38 INFO     RR/day:            0.6550
2026-06-22 16:36:38 INFO     Max drawdown:      20.4%
2026-06-22 16:36:38 INFO     Valid trades:      335
2026-06-22 16:36:38 INFO 
2026-06-22 16:36:38 INFO   Total strategies tested: 8719
2026-06-22 16:36:38 INFO   Time elapsed:        1200s (20.0m)
2026-06-22 16:36:38 INFO   Average:             7.3 strats/sec
2026-06-22 16:36:38 INFO   Existing best strategy retained (score: 0.5541)
2026-06-22 16:36:38 INFO 
2026-06-22 16:36:38 INFO   Next steps:
2026-06-22 16:36:38 INFO     1. Review efficiency report above -- which conditions helped/hurt
2026-06-22 16:36:38 INFO     2. Run validation: python validation.py --symbol BTC/USDT
2026-06-22 16:36:38 INFO     3. If validation passes, go live: python live_signal.py
2026-06-22 16:36:38 INFO ============================================================
