2026-06-21 15:31:15 INFO Training log: C:\Users\xfide\documents\crypto.ai\logs\training_2026-06-21_153115.log
2026-06-21 15:31:15 INFO Training started | Method: ga_bayesian | Symbol: BTC/USDT | Timeframe: 15m | Duration: 3 min
2026-06-21 15:31:15 INFO   Objective: Find the strategy with the highest score. Score = rr_per_day x drawdown_penalty x low_trades_penalty.
2026-06-21 15:31:15 INFO   Disqualified if: win_rate < 35%, max_drawdown > 50%, or avg_trades/day outside 0.5-10.
2026-06-21 15:31:15 INFO Loading historical data...
2026-06-21 15:31:15 INFO Cache found: 17441 candles up to 2026-06-21 14:15:00+00:00. Fetching from 2026-06-21 14:30:00+00:00.
2026-06-21 15:31:15 INFO Fetching BTC/USDT 15m from 2026-06-21 14:30 to 2026-06-21 14:31
2026-06-21 15:31:20 INFO Fetched 1 new candles in 1 requests.
2026-06-21 15:31:21 INFO Total candles available: 17442
2026-06-21 15:31:21 INFO Raw data: 17442 candles (2025-12-21 to 2026-06-21, 12 months)
2026-06-21 15:31:21 INFO Computing indicators...
2026-06-21 15:31:21 INFO Data prepared: 17243 candles after warmup drop.
2026-06-21 15:31:21 INFO Clean data: 17243 candles after warmup
2026-06-21 15:31:21 INFO Pre-computing 53 conditions...
2026-06-21 15:31:21 INFO Data preparation complete.
2026-06-21 15:31:22 INFO ============================================================
2026-06-21 15:31:22 INFO Phase 1: Genetic Algorithm (global search -- evolve strategies over generations)
2026-06-21 15:31:22 INFO ============================================================
2026-06-21 15:31:22 INFO GA: Starting | pop=200, time_budget=90s (1.5m), max_gen=200, cx=0.8, mut=0.2, elite=5
2026-06-21 15:31:22 INFO   Score = rr_per_day * drawdown_penalty * low_trades_penalty. Higher = better. Negative or -inf means disqualified.
2026-06-21 15:32:06 INFO GA Gen 0 | Best score: 1.8142 | Avg score: 0.1169 | Pop: 200 | Elapsed: 44s
2026-06-21 15:32:42 INFO GA Gen 1 | Best score: 2.4297 | Avg score: 0.1522 | Tested: 368 | Elapsed: 81s [NEW BEST!]
2026-06-21 15:33:11 INFO GA Gen 2 | Best score: 2.4297 | Avg score: 0.2048 | Tested: 515 | Elapsed: 109s
2026-06-21 15:33:11 INFO GA: Time budget exhausted at generation 2. Stopping.
2026-06-21 15:33:11 INFO GA: Finished | Best score: 2.4297 | 2 generations | Elapsed: 109s | Strategies tested: 515 | Speed: 4.7 strats/s | Passing top 10 to Bayesian optimizer.
2026-06-21 15:33:11 INFO 
2026-06-21 15:33:11 INFO [EFFICIENCY] GA phase complete. Analyzing condition efficiency...
2026-06-21 15:33:11 INFO ============================================================
2026-06-21 15:33:11 INFO EFFICIENCY REPORT
2026-06-21 15:33:11 INFO ============================================================
2026-06-21 15:33:11 INFO Strategies analyzed: 339
2026-06-21 15:33:11 INFO Global avg RR/day: 0.2065
2026-06-21 15:33:11 INFO   LONG avg RR/day: 0.0787 (111 strategies)
2026-06-21 15:33:11 INFO   SHORT avg RR/day: 0.2688 (228 strategies)
2026-06-21 15:33:11 INFO 
2026-06-21 15:33:11 INFO [WARNING] WARNINGS (insufficient data):
2026-06-21 15:33:11 INFO   'price_gt_sma_50' (LONG) | Used: 57 | Top10%: 2 | Avg RR/day: 0.05 (global: 0.21) | WR: 42% | Eff: 0.60
2026-06-21 15:33:11 INFO 
2026-06-21 15:33:11 INFO [STRONG] STRONG CONDITIONS:
2026-06-21 15:33:11 INFO   'ema_20_gt_50' (LONG) | Used: 60 | Top10%: 5 | Avg RR/day: 0.11 (global: 0.21) | WR: 46% | Eff: 1.41
2026-06-21 15:33:11 INFO   'sma_20_gt_50' (LONG) | Used: 75 | Top10%: 5 | Avg RR/day: 0.14 (global: 0.21) | WR: 45% | Eff: 1.73
2026-06-21 15:33:11 INFO   'rsi_14_lt_30' (LONG) | Used: 66 | Top10%: 6 | Avg RR/day: 0.11 (global: 0.21) | WR: 45% | Eff: 1.46
2026-06-21 15:33:11 INFO   'cci_14_lt_100' (LONG) | Used: 64 | Top10%: 5 | Avg RR/day: 0.13 (global: 0.21) | WR: 44% | Eff: 1.64
2026-06-21 15:33:11 INFO   'price_lt_bb_lower_20_2' (LONG) | Used: 77 | Top10%: 8 | Avg RR/day: 0.14 (global: 0.21) | WR: 46% | Eff: 1.79
2026-06-21 15:33:11 INFO   'price_gt_bb_upper_20_1_5' (LONG) | Used: 73 | Top10%: 5 | Avg RR/day: 0.10 (global: 0.21) | WR: 44% | Eff: 1.33
2026-06-21 15:33:11 INFO 
2026-06-21 15:33:11 INFO [OK] OK CONDITIONS:
2026-06-21 15:33:11 INFO   'ema_9_gt_21' (LONG) | Used: 68 | Top10%: 3 | Avg RR/day: 0.08 (global: 0.21) | WR: 43% | Eff: 1.01
2026-06-21 15:33:11 INFO   'ema_12_gt_26' (LONG) | Used: 66 | Top10%: 5 | Avg RR/day: 0.08 (global: 0.21) | WR: 44% | Eff: 1.06
2026-06-21 15:33:11 INFO   'price_gt_sma_200' (LONG) | Used: 70 | Top10%: 4 | Avg RR/day: 0.06 (global: 0.21) | WR: 43% | Eff: 0.71
2026-06-21 15:33:11 INFO   'macd_gt_signal' (LONG) | Used: 63 | Top10%: 2 | Avg RR/day: 0.06 (global: 0.21) | WR: 42% | Eff: 0.83
2026-06-21 15:33:11 INFO   'macd_hist_gt_0' (LONG) | Used: 72 | Top10%: 2 | Avg RR/day: 0.07 (global: 0.21) | WR: 43% | Eff: 0.89
2026-06-21 15:33:11 INFO   'rsi_14_gt_50' (LONG) | Used: 58 | Top10%: 3 | Avg RR/day: 0.06 (global: 0.21) | WR: 43% | Eff: 0.79
2026-06-21 15:33:11 INFO   'rsi_21_gt_50' (LONG) | Used: 78 | Top10%: 7 | Avg RR/day: 0.08 (global: 0.21) | WR: 45% | Eff: 1.08
2026-06-21 15:33:11 INFO   'rsi_21_lt_30' (LONG) | Used: 77 | Top10%: 6 | Avg RR/day: 0.10 (global: 0.21) | WR: 45% | Eff: 1.28
2026-06-21 15:33:11 INFO   'stoch_k_gt_20' (LONG) | Used: 63 | Top10%: 2 | Avg RR/day: 0.06 (global: 0.21) | WR: 42% | Eff: 0.72
2026-06-21 15:33:11 INFO   'stoch_k_lt_80' (LONG) | Used: 68 | Top10%: 2 | Avg RR/day: 0.08 (global: 0.21) | WR: 43% | Eff: 1.05
2026-06-21 15:33:11 INFO   'cci_14_gt_-100' (LONG) | Used: 57 | Top10%: 4 | Avg RR/day: 0.08 (global: 0.21) | WR: 42% | Eff: 0.97
2026-06-21 15:33:11 INFO   'williams_gt_-80' (LONG) | Used: 72 | Top10%: 6 | Avg RR/day: 0.09 (global: 0.21) | WR: 45% | Eff: 1.13
2026-06-21 15:33:11 INFO   'williams_lt_-20' (LONG) | Used: 77 | Top10%: 5 | Avg RR/day: 0.08 (global: 0.21) | WR: 43% | Eff: 1.04
2026-06-21 15:33:11 INFO   'price_gt_bb_upper_20_2' (LONG) | Used: 63 | Top10%: 5 | Avg RR/day: 0.10 (global: 0.21) | WR: 44% | Eff: 1.21
2026-06-21 15:33:11 INFO   'price_lt_bb_lower_20_1_5' (LONG) | Used: 67 | Top10%: 4 | Avg RR/day: 0.09 (global: 0.21) | WR: 44% | Eff: 1.20
2026-06-21 15:33:11 INFO   'ema_9_lt_21' (SHORT) | Used: 112 | Top10%: 10 | Avg RR/day: 0.24 (global: 0.21) | WR: 45% | Eff: 0.88
2026-06-21 15:33:11 INFO   'ema_12_lt_26' (SHORT) | Used: 122 | Top10%: 12 | Avg RR/day: 0.29 (global: 0.21) | WR: 46% | Eff: 1.07
2026-06-21 15:33:11 INFO   'ema_20_lt_50' (SHORT) | Used: 117 | Top10%: 11 | Avg RR/day: 0.24 (global: 0.21) | WR: 45% | Eff: 0.88
2026-06-21 15:33:11 INFO   'sma_20_lt_50' (SHORT) | Used: 88 | Top10%: 9 | Avg RR/day: 0.26 (global: 0.21) | WR: 46% | Eff: 0.96
2026-06-21 15:33:11 INFO   'price_lt_sma_50' (SHORT) | Used: 115 | Top10%: 14 | Avg RR/day: 0.26 (global: 0.21) | WR: 47% | Eff: 0.96
2026-06-21 15:33:11 INFO   'price_lt_sma_200' (SHORT) | Used: 138 | Top10%: 16 | Avg RR/day: 0.24 (global: 0.21) | WR: 45% | Eff: 0.91
2026-06-21 15:33:11 INFO   'macd_lt_signal' (SHORT) | Used: 92 | Top10%: 9 | Avg RR/day: 0.25 (global: 0.21) | WR: 46% | Eff: 0.95
2026-06-21 15:33:11 INFO   'macd_hist_lt_0' (SHORT) | Used: 112 | Top10%: 6 | Avg RR/day: 0.21 (global: 0.21) | WR: 45% | Eff: 0.78
2026-06-21 15:33:11 INFO   'rsi_14_lt_50' (SHORT) | Used: 91 | Top10%: 9 | Avg RR/day: 0.29 (global: 0.21) | WR: 47% | Eff: 1.08
2026-06-21 15:33:11 INFO   'rsi_14_gt_70' (SHORT) | Used: 84 | Top10%: 10 | Avg RR/day: 0.30 (global: 0.21) | WR: 47% | Eff: 1.12
2026-06-21 15:33:11 INFO   'rsi_21_lt_50' (SHORT) | Used: 107 | Top10%: 11 | Avg RR/day: 0.30 (global: 0.21) | WR: 47% | Eff: 1.11
2026-06-21 15:33:11 INFO   'rsi_21_gt_70' (SHORT) | Used: 87 | Top10%: 13 | Avg RR/day: 0.31 (global: 0.21) | WR: 48% | Eff: 1.16
2026-06-21 15:33:11 INFO   'stoch_k_gt_80' (SHORT) | Used: 121 | Top10%: 20 | Avg RR/day: 0.34 (global: 0.21) | WR: 47% | Eff: 1.26
2026-06-21 15:33:11 INFO   'stoch_k_lt_20' (SHORT) | Used: 92 | Top10%: 5 | Avg RR/day: 0.26 (global: 0.21) | WR: 44% | Eff: 0.98
2026-06-21 15:33:11 INFO   'cci_14_gt_100' (SHORT) | Used: 79 | Top10%: 9 | Avg RR/day: 0.29 (global: 0.21) | WR: 47% | Eff: 1.08
2026-06-21 15:33:11 INFO   'cci_14_lt_-100' (SHORT) | Used: 107 | Top10%: 14 | Avg RR/day: 0.26 (global: 0.21) | WR: 45% | Eff: 0.96
2026-06-21 15:33:11 INFO   'williams_gt_-20' (SHORT) | Used: 106 | Top10%: 16 | Avg RR/day: 0.34 (global: 0.21) | WR: 48% | Eff: 1.28
2026-06-21 15:33:11 INFO   'williams_lt_-80' (SHORT) | Used: 111 | Top10%: 9 | Avg RR/day: 0.23 (global: 0.21) | WR: 43% | Eff: 0.85
2026-06-21 15:33:11 INFO   'price_gt_bb_upper_20_2_s' (SHORT) | Used: 76 | Top10%: 4 | Avg RR/day: 0.22 (global: 0.21) | WR: 45% | Eff: 0.80
2026-06-21 15:33:11 INFO   'price_lt_bb_lower_20_2_s' (SHORT) | Used: 107 | Top10%: 16 | Avg RR/day: 0.27 (global: 0.21) | WR: 46% | Eff: 0.99
2026-06-21 15:33:11 INFO   'price_gt_bb_upper_20_1_5_s' (SHORT) | Used: 88 | Top10%: 11 | Avg RR/day: 0.33 (global: 0.21) | WR: 48% | Eff: 1.21
2026-06-21 15:33:11 INFO   'price_lt_bb_lower_20_1_5_s' (SHORT) | Used: 109 | Top10%: 11 | Avg RR/day: 0.27 (global: 0.21) | WR: 45% | Eff: 1.00
2026-06-21 15:33:11 INFO   'atr_gt_sma_atr_20' (SHARED) | Used: 195 | Top10%: 19 | Avg RR/day: 0.21 (global: 0.21) | WR: 45% | Eff: 1.03
2026-06-21 15:33:11 INFO   'volume_gt_sma_20_1_5' (SHARED) | Used: 179 | Top10%: 15 | Avg RR/day: 0.21 (global: 0.21) | WR: 44% | Eff: 1.03
2026-06-21 15:33:11 INFO   'volume_gt_sma_20_2_0' (SHARED) | Used: 169 | Top10%: 12 | Avg RR/day: 0.19 (global: 0.21) | WR: 44% | Eff: 0.91
2026-06-21 15:33:11 INFO   'obv_gt_sma_obv_20' (SHARED) | Used: 168 | Top10%: 20 | Avg RR/day: 0.22 (global: 0.21) | WR: 47% | Eff: 1.05
2026-06-21 15:33:11 INFO   'adx_14_gt_25' (SHARED) | Used: 174 | Top10%: 13 | Avg RR/day: 0.18 (global: 0.21) | WR: 44% | Eff: 0.86
2026-06-21 15:33:11 INFO   'adx_14_gt_30' (SHARED) | Used: 178 | Top10%: 14 | Avg RR/day: 0.21 (global: 0.21) | WR: 45% | Eff: 1.04
2026-06-21 15:33:11 INFO   'adx_14_lt_20' (SHARED) | Used: 169 | Top10%: 18 | Avg RR/day: 0.20 (global: 0.21) | WR: 46% | Eff: 0.96
2026-06-21 15:33:11 INFO   'price_gt_high_20_1_02' (SHARED) | Used: 181 | Top10%: 24 | Avg RR/day: 0.25 (global: 0.21) | WR: 47% | Eff: 1.23
2026-06-21 15:33:11 INFO   'price_lt_low_20_0_98' (SHARED) | Used: 166 | Top10%: 16 | Avg RR/day: 0.21 (global: 0.21) | WR: 46% | Eff: 1.02
2026-06-21 15:33:11 INFO 
2026-06-21 15:33:11 INFO ============================================================
2026-06-21 15:33:11 INFO Efficiency report saved to C:\Users\xfide\documents\crypto.ai\models\condition_efficiency.json
2026-06-21 15:33:11 INFO [EFFICIENCY] All conditions performing well. No removals.
2026-06-21 15:33:11 INFO 
2026-06-21 15:33:11 INFO ============================================================
2026-06-21 15:33:11 INFO Phase 2: Bayesian Optimization (local refinement -- focus on promising regions)
2026-06-21 15:33:11 INFO ============================================================
2026-06-21 15:33:11 INFO Bayesian: Starting | timeout=64s (1.1m), max_trials=10000, startup=100
2026-06-21 15:33:11 INFO   Each trial generates a strategy with random conditions, threshold, stop-loss, and risk-reward. The TPE model learns which parameter combinations score highest and focuses the search there.
2026-06-21 15:33:11 INFO Bayesian: Seeded 10 strategies from GA.
2026-06-21 15:34:15 INFO Bayesian: Finished | Best score: 2.4297 | 249 trials | Elapsed: 64s | Speed: 3.9 trials/s
2026-06-21 15:34:15 INFO   Score = rr_per_day * drawdown_penalty * low_trades_penalty. Higher = better.
2026-06-21 15:34:15 INFO Keeping existing best strategy (score: 3.9690) -- new strategy score (2.4297) is not higher.
2026-06-21 15:34:15 INFO Top 455 strategies saved to C:\Users\xfide\documents\crypto.ai\models\top_strategies.json
2026-06-21 15:34:15 INFO ============================================================
2026-06-21 15:34:15 INFO Training finished.
2026-06-21 15:34:15 INFO 
2026-06-21 15:34:15 INFO   Best score:          2.4297
2026-06-21 15:34:15 INFO   Best strategy:        (SHORT)
2026-06-21 15:34:15 INFO     Win rate:          100.0%
2026-06-21 15:34:15 INFO     RR/day:            3.4711
2026-06-21 15:34:15 INFO     Max drawdown:      1.9%
2026-06-21 15:34:15 INFO     Valid trades:      1
2026-06-21 15:34:15 INFO 
2026-06-21 15:34:15 INFO   Total strategies tested: 764
2026-06-21 15:34:15 INFO   Time elapsed:        180s (3.0m)
2026-06-21 15:34:15 INFO   Average:             4.2 strats/sec
2026-06-21 15:34:15 INFO   Existing best strategy retained (score: 2.4297)
2026-06-21 15:34:15 INFO 
2026-06-21 15:34:15 INFO   Next steps:
2026-06-21 15:34:15 INFO     1. Review efficiency report above -- which conditions helped/hurt
2026-06-21 15:34:15 INFO     2. Run validation: python validation.py --symbol BTC/USDT
2026-06-21 15:34:15 INFO     3. If validation passes, go live: python live_signal.py
2026-06-21 15:34:15 INFO ============================================================
