2026-06-20 14:22:27 INFO Training log: C:\Users\xfide\documents\crypto.ai\logs\training_2026-06-20_142227.log
2026-06-20 14:22:27 INFO Cleared removed_conditions.json -- all 53 conditions available for this run.
2026-06-20 14:22:27 INFO Training started | Method: random | Symbol: BTC/USDT | Timeframe: 15m | Duration: 3 min
2026-06-20 14:22:27 INFO   Objective: Find the strategy with the highest score. Score = rr_per_day x drawdown_penalty x low_trades_penalty.
2026-06-20 14:22:27 INFO   Disqualified if: win_rate < 35%, max_drawdown > 50%, or avg_trades/day outside 0.5-10.
2026-06-20 14:22:27 INFO Loading historical data...
2026-06-20 14:22:27 INFO Cache found: 17339 candles up to 2026-06-20 12:45:00+00:00. Fetching from 2026-06-20 13:00:00+00:00.
2026-06-20 14:22:27 INFO Fetching BTC/USDT 15m from 2026-06-20 13:00 to 2026-06-20 13:22
2026-06-20 14:22:34 INFO Fetched 2 new candles in 1 requests.
2026-06-20 14:22:34 INFO Total candles available: 17341
2026-06-20 14:22:34 INFO Raw data: 17341 candles
2026-06-20 14:22:34 INFO Computing indicators...
2026-06-20 14:22:34 INFO Data prepared: 17142 candles after warmup drop.
2026-06-20 14:22:34 INFO Clean data: 17142 candles after warmup
2026-06-20 14:22:34 INFO Pre-computing 53 conditions...
2026-06-20 14:22:35 INFO Data preparation complete.
2026-06-20 14:22:35 INFO ============================================================
2026-06-20 14:22:35 INFO Random Search Mode
2026-06-20 14:22:35 INFO ============================================================
2026-06-20 14:23:04 INFO Random #100 | Best: 0.6857 | Rate: 2.7 strats/s | Remaining: 2.4m
2026-06-20 14:23:34 INFO Random #200 | Best: 1.0644 | Rate: 3.0 strats/s | Remaining: 1.9m
2026-06-20 14:24:02 INFO Random #300 | Best: 1.7717 | Rate: 3.2 strats/s | Remaining: 1.4m
2026-06-20 14:24:30 INFO Random #400 | Best: 1.7717 | Rate: 3.3 strats/s | Remaining: 1.0m
2026-06-20 14:25:04 INFO Random #500 | Best: 1.7717 | Rate: 3.2 strats/s | Remaining: 0.4m
2026-06-20 14:25:27 INFO Strategy saved to C:\Users\xfide\documents\crypto.ai\models\best_strategy.json
2026-06-20 14:25:27 INFO Top 311 strategies saved to C:\Users\xfide\documents\crypto.ai\models\top_strategies.json
2026-06-20 14:25:27 INFO ============================================================
2026-06-20 14:25:27 INFO EFFICIENCY REPORT
2026-06-20 14:25:27 INFO ============================================================
2026-06-20 14:25:27 INFO Strategies analyzed: 311
2026-06-20 14:25:27 INFO Global avg RR/day: 0.1323
2026-06-20 14:25:27 INFO   LONG avg RR/day: 0.0200 (167 strategies)
2026-06-20 14:25:27 INFO   SHORT avg RR/day: 0.2625 (144 strategies)
2026-06-20 14:25:27 INFO 
2026-06-20 14:25:27 INFO [CRITICAL] CRITICAL ALERTS (auto-removed):
2026-06-20 14:25:27 INFO   'macd_hist_gt_0' (LONG) | Used: 102 | Top10%: 0 | Avg RR/day: 0.00 (global: 0.13) | WR: 43% | Eff: 0.19
2026-06-20 14:25:27 INFO 
2026-06-20 14:25:27 INFO [ALERT] ALERTS (consider removing):
2026-06-20 14:25:27 INFO   'williams_gt_-80' (LONG) | Used: 92 | Top10%: 0 | Avg RR/day: 0.01 (global: 0.13) | WR: 43% | Eff: 0.43
2026-06-20 14:25:27 INFO 
2026-06-20 14:25:27 INFO [WARNING] WARNINGS (insufficient data):
2026-06-20 14:25:27 INFO   'ema_9_gt_21' (LONG) | Used: 98 | Top10%: 1 | Avg RR/day: 0.01 (global: 0.13) | WR: 43% | Eff: 0.59
2026-06-20 14:25:27 INFO   'macd_gt_signal' (LONG) | Used: 85 | Top10%: 0 | Avg RR/day: 0.01 (global: 0.13) | WR: 43% | Eff: 0.57
2026-06-20 14:25:27 INFO   'cci_14_gt_-100' (LONG) | Used: 87 | Top10%: 0 | Avg RR/day: 0.01 (global: 0.13) | WR: 43% | Eff: 0.68
2026-06-20 14:25:27 INFO 
2026-06-20 14:25:27 INFO [STRONG] STRONG CONDITIONS:
2026-06-20 14:25:27 INFO   'sma_20_gt_50' (LONG) | Used: 92 | Top10%: 1 | Avg RR/day: 0.04 (global: 0.13) | WR: 44% | Eff: 2.08
2026-06-20 14:25:27 INFO   'price_gt_sma_50' (LONG) | Used: 105 | Top10%: 1 | Avg RR/day: 0.03 (global: 0.13) | WR: 43% | Eff: 1.44
2026-06-20 14:25:27 INFO   'price_gt_sma_200' (LONG) | Used: 102 | Top10%: 2 | Avg RR/day: 0.03 (global: 0.13) | WR: 43% | Eff: 1.61
2026-06-20 14:25:27 INFO   'rsi_14_lt_30' (LONG) | Used: 96 | Top10%: 2 | Avg RR/day: 0.04 (global: 0.13) | WR: 44% | Eff: 1.92
2026-06-20 14:25:27 INFO   'rsi_21_lt_30' (LONG) | Used: 105 | Top10%: 1 | Avg RR/day: 0.03 (global: 0.13) | WR: 43% | Eff: 1.57
2026-06-20 14:25:27 INFO   'price_lt_bb_lower_20_2' (LONG) | Used: 90 | Top10%: 1 | Avg RR/day: 0.03 (global: 0.13) | WR: 44% | Eff: 1.31
2026-06-20 14:25:27 INFO   'price_lt_bb_lower_20_1_5' (LONG) | Used: 92 | Top10%: 1 | Avg RR/day: 0.03 (global: 0.13) | WR: 43% | Eff: 1.35
2026-06-20 14:25:27 INFO 
2026-06-20 14:25:27 INFO [OK] OK CONDITIONS:
2026-06-20 14:25:27 INFO   'ema_12_gt_26' (LONG) | Used: 91 | Top10%: 0 | Avg RR/day: 0.02 (global: 0.13) | WR: 44% | Eff: 0.76
2026-06-20 14:25:27 INFO   'ema_20_gt_50' (LONG) | Used: 90 | Top10%: 0 | Avg RR/day: 0.02 (global: 0.13) | WR: 44% | Eff: 1.03
2026-06-20 14:25:27 INFO   'rsi_14_gt_50' (LONG) | Used: 101 | Top10%: 1 | Avg RR/day: 0.02 (global: 0.13) | WR: 44% | Eff: 1.17
2026-06-20 14:25:27 INFO   'rsi_21_gt_50' (LONG) | Used: 94 | Top10%: 1 | Avg RR/day: 0.03 (global: 0.13) | WR: 43% | Eff: 1.27
2026-06-20 14:25:27 INFO   'stoch_k_gt_20' (LONG) | Used: 91 | Top10%: 2 | Avg RR/day: 0.02 (global: 0.13) | WR: 43% | Eff: 1.17
2026-06-20 14:25:27 INFO   'stoch_k_lt_80' (LONG) | Used: 93 | Top10%: 0 | Avg RR/day: 0.02 (global: 0.13) | WR: 43% | Eff: 1.12
2026-06-20 14:25:27 INFO   'cci_14_lt_100' (LONG) | Used: 90 | Top10%: 0 | Avg RR/day: 0.02 (global: 0.13) | WR: 43% | Eff: 0.89
2026-06-20 14:25:27 INFO   'williams_lt_-20' (LONG) | Used: 79 | Top10%: 1 | Avg RR/day: 0.03 (global: 0.13) | WR: 43% | Eff: 1.26
2026-06-20 14:25:27 INFO   'price_gt_bb_upper_20_2' (LONG) | Used: 87 | Top10%: 0 | Avg RR/day: 0.02 (global: 0.13) | WR: 44% | Eff: 0.94
2026-06-20 14:25:27 INFO   'price_gt_bb_upper_20_1_5' (LONG) | Used: 97 | Top10%: 0 | Avg RR/day: 0.02 (global: 0.13) | WR: 44% | Eff: 0.86
2026-06-20 14:25:27 INFO   'ema_9_lt_21' (SHORT) | Used: 78 | Top10%: 17 | Avg RR/day: 0.29 (global: 0.13) | WR: 46% | Eff: 1.09
2026-06-20 14:25:27 INFO   'ema_12_lt_26' (SHORT) | Used: 83 | Top10%: 19 | Avg RR/day: 0.27 (global: 0.13) | WR: 46% | Eff: 1.03
2026-06-20 14:25:27 INFO   'ema_20_lt_50' (SHORT) | Used: 80 | Top10%: 20 | Avg RR/day: 0.31 (global: 0.13) | WR: 47% | Eff: 1.19
2026-06-20 14:25:27 INFO   'sma_20_lt_50' (SHORT) | Used: 89 | Top10%: 19 | Avg RR/day: 0.24 (global: 0.13) | WR: 46% | Eff: 0.93
2026-06-20 14:25:27 INFO   'price_lt_sma_50' (SHORT) | Used: 68 | Top10%: 13 | Avg RR/day: 0.26 (global: 0.13) | WR: 45% | Eff: 1.00
2026-06-20 14:25:27 INFO   'price_lt_sma_200' (SHORT) | Used: 71 | Top10%: 18 | Avg RR/day: 0.31 (global: 0.13) | WR: 47% | Eff: 1.20
2026-06-20 14:25:27 INFO   'macd_lt_signal' (SHORT) | Used: 79 | Top10%: 17 | Avg RR/day: 0.25 (global: 0.13) | WR: 45% | Eff: 0.97
2026-06-20 14:25:27 INFO   'macd_hist_lt_0' (SHORT) | Used: 86 | Top10%: 20 | Avg RR/day: 0.30 (global: 0.13) | WR: 46% | Eff: 1.13
2026-06-20 14:25:27 INFO   'rsi_14_lt_50' (SHORT) | Used: 87 | Top10%: 19 | Avg RR/day: 0.25 (global: 0.13) | WR: 46% | Eff: 0.96
2026-06-20 14:25:27 INFO   'rsi_14_gt_70' (SHORT) | Used: 78 | Top10%: 17 | Avg RR/day: 0.25 (global: 0.13) | WR: 46% | Eff: 0.97
2026-06-20 14:25:27 INFO   'rsi_21_lt_50' (SHORT) | Used: 88 | Top10%: 21 | Avg RR/day: 0.27 (global: 0.13) | WR: 45% | Eff: 1.03
2026-06-20 14:25:27 INFO   'rsi_21_gt_70' (SHORT) | Used: 65 | Top10%: 15 | Avg RR/day: 0.30 (global: 0.13) | WR: 47% | Eff: 1.15
2026-06-20 14:25:27 INFO   'stoch_k_gt_80' (SHORT) | Used: 77 | Top10%: 19 | Avg RR/day: 0.32 (global: 0.13) | WR: 48% | Eff: 1.23
2026-06-20 14:25:27 INFO   'stoch_k_lt_20' (SHORT) | Used: 86 | Top10%: 17 | Avg RR/day: 0.24 (global: 0.13) | WR: 44% | Eff: 0.91
2026-06-20 14:25:27 INFO   'cci_14_gt_100' (SHORT) | Used: 73 | Top10%: 17 | Avg RR/day: 0.30 (global: 0.13) | WR: 46% | Eff: 1.14
2026-06-20 14:25:27 INFO   'cci_14_lt_-100' (SHORT) | Used: 67 | Top10%: 15 | Avg RR/day: 0.27 (global: 0.13) | WR: 46% | Eff: 1.02
2026-06-20 14:25:27 INFO   'williams_gt_-20' (SHORT) | Used: 79 | Top10%: 16 | Avg RR/day: 0.25 (global: 0.13) | WR: 45% | Eff: 0.97
2026-06-20 14:25:27 INFO   'williams_lt_-80' (SHORT) | Used: 67 | Top10%: 12 | Avg RR/day: 0.23 (global: 0.13) | WR: 44% | Eff: 0.87
2026-06-20 14:25:27 INFO   'price_gt_bb_upper_20_2_s' (SHORT) | Used: 70 | Top10%: 16 | Avg RR/day: 0.31 (global: 0.13) | WR: 47% | Eff: 1.19
2026-06-20 14:25:27 INFO   'price_lt_bb_lower_20_2_s' (SHORT) | Used: 73 | Top10%: 18 | Avg RR/day: 0.31 (global: 0.13) | WR: 46% | Eff: 1.20
2026-06-20 14:25:27 INFO   'price_gt_bb_upper_20_1_5_s' (SHORT) | Used: 69 | Top10%: 17 | Avg RR/day: 0.31 (global: 0.13) | WR: 47% | Eff: 1.17
2026-06-20 14:25:27 INFO   'price_lt_bb_lower_20_1_5_s' (SHORT) | Used: 77 | Top10%: 14 | Avg RR/day: 0.26 (global: 0.13) | WR: 46% | Eff: 0.99
2026-06-20 14:25:27 INFO   'atr_gt_sma_atr_20' (SHARED) | Used: 177 | Top10%: 18 | Avg RR/day: 0.12 (global: 0.13) | WR: 44% | Eff: 0.89
2026-06-20 14:25:27 INFO   'volume_gt_sma_20_1_5' (SHARED) | Used: 166 | Top10%: 16 | Avg RR/day: 0.13 (global: 0.13) | WR: 44% | Eff: 1.01
2026-06-20 14:25:27 INFO   'volume_gt_sma_20_2_0' (SHARED) | Used: 175 | Top10%: 23 | Avg RR/day: 0.16 (global: 0.13) | WR: 45% | Eff: 1.20
2026-06-20 14:25:27 INFO   'obv_gt_sma_obv_20' (SHARED) | Used: 173 | Top10%: 23 | Avg RR/day: 0.14 (global: 0.13) | WR: 44% | Eff: 1.06
2026-06-20 14:25:27 INFO   'adx_14_gt_25' (SHARED) | Used: 164 | Top10%: 11 | Avg RR/day: 0.11 (global: 0.13) | WR: 44% | Eff: 0.84
2026-06-20 14:25:27 INFO   'adx_14_gt_30' (SHARED) | Used: 182 | Top10%: 20 | Avg RR/day: 0.16 (global: 0.13) | WR: 45% | Eff: 1.21
2026-06-20 14:25:27 INFO   'adx_14_lt_20' (SHARED) | Used: 174 | Top10%: 21 | Avg RR/day: 0.14 (global: 0.13) | WR: 45% | Eff: 1.07
2026-06-20 14:25:27 INFO   'price_gt_high_20_1_02' (SHARED) | Used: 177 | Top10%: 23 | Avg RR/day: 0.16 (global: 0.13) | WR: 46% | Eff: 1.20
2026-06-20 14:25:27 INFO   'price_lt_low_20_0_98' (SHARED) | Used: 161 | Top10%: 17 | Avg RR/day: 0.15 (global: 0.13) | WR: 45% | Eff: 1.15
2026-06-20 14:25:27 INFO 
2026-06-20 14:25:27 INFO Auto-removed 1 conditions: ['macd_hist_gt_0']
2026-06-20 14:25:27 INFO ============================================================
2026-06-20 14:25:27 INFO Efficiency report saved to C:\Users\xfide\documents\crypto.ai\models\condition_efficiency.json
2026-06-20 14:25:27 INFO [EFFICIENCY] Condition 'macd_hist_gt_0' removed from pool (efficiency < 0.3).
2026-06-20 14:25:27 INFO ============================================================
2026-06-20 14:25:27 INFO Training finished.
2026-06-20 14:25:27 INFO 
2026-06-20 14:25:27 INFO   Best score:          1.7717
2026-06-20 14:25:27 INFO   Best strategy:       strat_1d2856a0
2026-06-20 14:25:27 INFO     Win rate:          100.0%
2026-06-20 14:25:27 INFO     RR/day:            2.5310
2026-06-20 14:25:27 INFO     Max drawdown:      1.9%
2026-06-20 14:25:27 INFO     Valid trades:      1
2026-06-20 14:25:27 INFO 
2026-06-20 14:25:27 INFO   Total strategies tested: 561
2026-06-20 14:25:27 INFO   Time elapsed:        180s (3.0m)
2026-06-20 14:25:27 INFO   Average:             3.1 strats/sec
2026-06-20 14:25:27 INFO   Best strategy saved to C:\Users\xfide\documents\crypto.ai\models\best_strategy.json
2026-06-20 14:25:27 INFO 
2026-06-20 14:25:27 INFO   Next steps:
2026-06-20 14:25:27 INFO     1. Review efficiency report above -- which conditions helped/hurt
2026-06-20 14:25:27 INFO     2. Run validation: python validation.py --symbol BTC/USDT
2026-06-20 14:25:27 INFO     3. If validation passes, go live: python live_signal.py
2026-06-20 14:25:27 INFO ============================================================
