2026-06-21 15:21:11 INFO Training log: C:\Users\xfide\documents\crypto.ai\logs\training_2026-06-21_152111.log
2026-06-21 15:21:11 INFO Training started | Method: ga_bayesian | Symbol: BTC/USDT | Timeframe: 15m | Duration: 3 min
2026-06-21 15:21:11 INFO   Objective: Find the strategy with the highest score. Score = rr_per_day x drawdown_penalty x low_trades_penalty.
2026-06-21 15:21:11 INFO   Disqualified if: win_rate < 35%, max_drawdown > 50%, or avg_trades/day outside 0.5-10.
2026-06-21 15:21:11 INFO Loading historical data...
2026-06-21 15:21:11 INFO Cache found: 17441 candles up to 2026-06-21 14:15:00+00:00. Fetching from 2026-06-21 14:30:00+00:00.
2026-06-21 15:21:11 INFO Fetching BTC/USDT 15m from 2026-06-21 14:30 to 2026-06-21 14:21
2026-06-21 15:21:11 WARNING No candles fetched.
2026-06-21 15:21:11 INFO Total candles available: 17441
2026-06-21 15:21:11 INFO Raw data: 17441 candles (2025-12-21 to 2026-06-21, 12 months)
2026-06-21 15:21:11 INFO Computing indicators...
2026-06-21 15:21:11 INFO Data prepared: 17242 candles after warmup drop.
2026-06-21 15:21:11 INFO Clean data: 17242 candles after warmup
2026-06-21 15:21:11 INFO Pre-computing 53 conditions...
2026-06-21 15:21:11 INFO Data preparation complete.
2026-06-21 15:21:13 INFO ============================================================
2026-06-21 15:21:13 INFO Phase 1: Genetic Algorithm (global search -- evolve strategies over generations)
2026-06-21 15:21:13 INFO ============================================================
2026-06-21 15:21:13 INFO GA: Starting | pop=200, time_budget=90s (1.5m), max_gen=200, cx=0.8, mut=0.2, elite=5
2026-06-21 15:21:13 INFO   Score = rr_per_day * drawdown_penalty * low_trades_penalty. Higher = better. Negative or -inf means disqualified.
2026-06-21 15:21:43 INFO GA Gen 0 | Best score: 1.0633 | Avg score: 0.0804 | Pop: 200 | Elapsed: 30s
2026-06-21 15:22:26 INFO GA Gen 1 | Best score: 1.1479 | Avg score: 0.1334 | Tested: 362 | Elapsed: 73s [NEW BEST!]
2026-06-21 15:23:01 INFO GA Gen 2 | Best score: 1.1479 | Avg score: 0.1704 | Tested: 535 | Elapsed: 108s
2026-06-21 15:23:01 INFO GA: Time budget exhausted at generation 2. Stopping.
2026-06-21 15:23:01 INFO GA: Finished | Best score: 1.1479 | 2 generations | Elapsed: 108s | Strategies tested: 535 | Speed: 4.9 strats/s | Passing top 10 to Bayesian optimizer.
2026-06-21 15:23:01 INFO 
2026-06-21 15:23:01 INFO [EFFICIENCY] GA phase complete. Analyzing condition efficiency...
2026-06-21 15:23:01 INFO ============================================================
2026-06-21 15:23:01 INFO EFFICIENCY REPORT
2026-06-21 15:23:01 INFO ============================================================
2026-06-21 15:23:01 INFO Strategies analyzed: 340
2026-06-21 15:23:01 INFO Global avg RR/day: 0.1641
2026-06-21 15:23:01 INFO   LONG avg RR/day: 0.0615 (117 strategies)
2026-06-21 15:23:01 INFO   SHORT avg RR/day: 0.2180 (223 strategies)
2026-06-21 15:23:01 INFO 
2026-06-21 15:23:01 INFO [WARNING] WARNINGS (insufficient data):
2026-06-21 15:23:01 INFO   'ema_9_gt_21' (LONG) | Used: 67 | Top10%: 1 | Avg RR/day: 0.04 (global: 0.16) | WR: 44% | Eff: 0.63
2026-06-21 15:23:01 INFO   'price_gt_bb_upper_20_1_5' (LONG) | Used: 57 | Top10%: 0 | Avg RR/day: 0.04 (global: 0.16) | WR: 44% | Eff: 0.58
2026-06-21 15:23:01 INFO 
2026-06-21 15:23:01 INFO [STRONG] STRONG CONDITIONS:
2026-06-21 15:23:01 INFO   'macd_hist_gt_0' (LONG) | Used: 79 | Top10%: 3 | Avg RR/day: 0.09 (global: 0.16) | WR: 45% | Eff: 1.39
2026-06-21 15:23:01 INFO   'rsi_14_gt_50' (LONG) | Used: 67 | Top10%: 1 | Avg RR/day: 0.08 (global: 0.16) | WR: 44% | Eff: 1.36
2026-06-21 15:23:01 INFO   'rsi_14_lt_30' (LONG) | Used: 80 | Top10%: 5 | Avg RR/day: 0.09 (global: 0.16) | WR: 45% | Eff: 1.52
2026-06-21 15:23:01 INFO   'stoch_k_lt_80' (LONG) | Used: 70 | Top10%: 3 | Avg RR/day: 0.09 (global: 0.16) | WR: 46% | Eff: 1.47
2026-06-21 15:23:01 INFO   'williams_gt_-80' (LONG) | Used: 88 | Top10%: 4 | Avg RR/day: 0.08 (global: 0.16) | WR: 44% | Eff: 1.32
2026-06-21 15:23:01 INFO   'williams_lt_-20' (LONG) | Used: 64 | Top10%: 4 | Avg RR/day: 0.09 (global: 0.16) | WR: 45% | Eff: 1.54
2026-06-21 15:23:01 INFO   'price_lt_bb_lower_20_2' (LONG) | Used: 82 | Top10%: 3 | Avg RR/day: 0.09 (global: 0.16) | WR: 44% | Eff: 1.39
2026-06-21 15:23:01 INFO   'price_gt_bb_upper_20_2' (LONG) | Used: 63 | Top10%: 3 | Avg RR/day: 0.08 (global: 0.16) | WR: 46% | Eff: 1.34
2026-06-21 15:23:01 INFO 
2026-06-21 15:23:01 INFO [OK] OK CONDITIONS:
2026-06-21 15:23:01 INFO   'ema_12_gt_26' (LONG) | Used: 66 | Top10%: 3 | Avg RR/day: 0.08 (global: 0.16) | WR: 45% | Eff: 1.23
2026-06-21 15:23:01 INFO   'ema_20_gt_50' (LONG) | Used: 76 | Top10%: 3 | Avg RR/day: 0.07 (global: 0.16) | WR: 44% | Eff: 1.10
2026-06-21 15:23:01 INFO   'sma_20_gt_50' (LONG) | Used: 71 | Top10%: 4 | Avg RR/day: 0.06 (global: 0.16) | WR: 46% | Eff: 1.03
2026-06-21 15:23:01 INFO   'price_gt_sma_50' (LONG) | Used: 73 | Top10%: 3 | Avg RR/day: 0.07 (global: 0.16) | WR: 46% | Eff: 1.17
2026-06-21 15:23:01 INFO   'price_gt_sma_200' (LONG) | Used: 80 | Top10%: 1 | Avg RR/day: 0.04 (global: 0.16) | WR: 45% | Eff: 0.71
2026-06-21 15:23:01 INFO   'macd_gt_signal' (LONG) | Used: 62 | Top10%: 2 | Avg RR/day: 0.05 (global: 0.16) | WR: 44% | Eff: 0.84
2026-06-21 15:23:01 INFO   'rsi_21_gt_50' (LONG) | Used: 72 | Top10%: 4 | Avg RR/day: 0.07 (global: 0.16) | WR: 46% | Eff: 1.13
2026-06-21 15:23:01 INFO   'rsi_21_lt_30' (LONG) | Used: 94 | Top10%: 4 | Avg RR/day: 0.08 (global: 0.16) | WR: 44% | Eff: 1.28
2026-06-21 15:23:01 INFO   'stoch_k_gt_20' (LONG) | Used: 80 | Top10%: 0 | Avg RR/day: 0.06 (global: 0.16) | WR: 44% | Eff: 0.90
2026-06-21 15:23:01 INFO   'cci_14_gt_-100' (LONG) | Used: 71 | Top10%: 2 | Avg RR/day: 0.05 (global: 0.16) | WR: 44% | Eff: 0.76
2026-06-21 15:23:01 INFO   'cci_14_lt_100' (LONG) | Used: 68 | Top10%: 4 | Avg RR/day: 0.06 (global: 0.16) | WR: 45% | Eff: 0.96
2026-06-21 15:23:01 INFO   'price_lt_bb_lower_20_1_5' (LONG) | Used: 79 | Top10%: 2 | Avg RR/day: 0.06 (global: 0.16) | WR: 45% | Eff: 1.04
2026-06-21 15:23:01 INFO   'ema_9_lt_21' (SHORT) | Used: 127 | Top10%: 18 | Avg RR/day: 0.24 (global: 0.16) | WR: 43% | Eff: 1.09
2026-06-21 15:23:01 INFO   'ema_12_lt_26' (SHORT) | Used: 117 | Top10%: 16 | Avg RR/day: 0.24 (global: 0.16) | WR: 43% | Eff: 1.12
2026-06-21 15:23:01 INFO   'ema_20_lt_50' (SHORT) | Used: 109 | Top10%: 15 | Avg RR/day: 0.24 (global: 0.16) | WR: 44% | Eff: 1.09
2026-06-21 15:23:01 INFO   'sma_20_lt_50' (SHORT) | Used: 106 | Top10%: 19 | Avg RR/day: 0.22 (global: 0.16) | WR: 43% | Eff: 1.01
2026-06-21 15:23:01 INFO   'price_lt_sma_50' (SHORT) | Used: 130 | Top10%: 23 | Avg RR/day: 0.27 (global: 0.16) | WR: 44% | Eff: 1.24
2026-06-21 15:23:01 INFO   'price_lt_sma_200' (SHORT) | Used: 134 | Top10%: 22 | Avg RR/day: 0.25 (global: 0.16) | WR: 43% | Eff: 1.13
2026-06-21 15:23:01 INFO   'macd_lt_signal' (SHORT) | Used: 119 | Top10%: 18 | Avg RR/day: 0.25 (global: 0.16) | WR: 43% | Eff: 1.13
2026-06-21 15:23:01 INFO   'macd_hist_lt_0' (SHORT) | Used: 106 | Top10%: 18 | Avg RR/day: 0.26 (global: 0.16) | WR: 43% | Eff: 1.18
2026-06-21 15:23:01 INFO   'rsi_14_lt_50' (SHORT) | Used: 125 | Top10%: 20 | Avg RR/day: 0.25 (global: 0.16) | WR: 44% | Eff: 1.14
2026-06-21 15:23:01 INFO   'rsi_14_gt_70' (SHORT) | Used: 83 | Top10%: 11 | Avg RR/day: 0.24 (global: 0.16) | WR: 44% | Eff: 1.10
2026-06-21 15:23:01 INFO   'rsi_21_lt_50' (SHORT) | Used: 124 | Top10%: 20 | Avg RR/day: 0.24 (global: 0.16) | WR: 44% | Eff: 1.08
2026-06-21 15:23:01 INFO   'rsi_21_gt_70' (SHORT) | Used: 108 | Top10%: 13 | Avg RR/day: 0.21 (global: 0.16) | WR: 43% | Eff: 0.97
2026-06-21 15:23:01 INFO   'stoch_k_gt_80' (SHORT) | Used: 106 | Top10%: 19 | Avg RR/day: 0.26 (global: 0.16) | WR: 44% | Eff: 1.18
2026-06-21 15:23:01 INFO   'stoch_k_lt_20' (SHORT) | Used: 111 | Top10%: 20 | Avg RR/day: 0.24 (global: 0.16) | WR: 44% | Eff: 1.12
2026-06-21 15:23:01 INFO   'cci_14_gt_100' (SHORT) | Used: 103 | Top10%: 21 | Avg RR/day: 0.28 (global: 0.16) | WR: 44% | Eff: 1.28
2026-06-21 15:23:01 INFO   'cci_14_lt_-100' (SHORT) | Used: 107 | Top10%: 17 | Avg RR/day: 0.26 (global: 0.16) | WR: 43% | Eff: 1.20
2026-06-21 15:23:01 INFO   'williams_gt_-20' (SHORT) | Used: 85 | Top10%: 17 | Avg RR/day: 0.26 (global: 0.16) | WR: 45% | Eff: 1.20
2026-06-21 15:23:01 INFO   'williams_lt_-80' (SHORT) | Used: 102 | Top10%: 12 | Avg RR/day: 0.24 (global: 0.16) | WR: 44% | Eff: 1.12
2026-06-21 15:23:01 INFO   'price_gt_bb_upper_20_2_s' (SHORT) | Used: 125 | Top10%: 22 | Avg RR/day: 0.24 (global: 0.16) | WR: 44% | Eff: 1.11
2026-06-21 15:23:01 INFO   'price_lt_bb_lower_20_2_s' (SHORT) | Used: 122 | Top10%: 18 | Avg RR/day: 0.24 (global: 0.16) | WR: 43% | Eff: 1.08
2026-06-21 15:23:01 INFO   'price_gt_bb_upper_20_1_5_s' (SHORT) | Used: 83 | Top10%: 12 | Avg RR/day: 0.25 (global: 0.16) | WR: 43% | Eff: 1.17
2026-06-21 15:23:01 INFO   'price_lt_bb_lower_20_1_5_s' (SHORT) | Used: 117 | Top10%: 15 | Avg RR/day: 0.22 (global: 0.16) | WR: 44% | Eff: 1.00
2026-06-21 15:23:01 INFO   'atr_gt_sma_atr_20' (SHARED) | Used: 167 | Top10%: 12 | Avg RR/day: 0.14 (global: 0.16) | WR: 43% | Eff: 0.87
2026-06-21 15:23:01 INFO   'volume_gt_sma_20_1_5' (SHARED) | Used: 191 | Top10%: 22 | Avg RR/day: 0.18 (global: 0.16) | WR: 43% | Eff: 1.10
2026-06-21 15:23:01 INFO   'volume_gt_sma_20_2_0' (SHARED) | Used: 176 | Top10%: 26 | Avg RR/day: 0.19 (global: 0.16) | WR: 43% | Eff: 1.15
2026-06-21 15:23:01 INFO   'obv_gt_sma_obv_20' (SHARED) | Used: 172 | Top10%: 22 | Avg RR/day: 0.19 (global: 0.16) | WR: 44% | Eff: 1.15
2026-06-21 15:23:01 INFO   'adx_14_gt_25' (SHARED) | Used: 175 | Top10%: 21 | Avg RR/day: 0.20 (global: 0.16) | WR: 44% | Eff: 1.19
2026-06-21 15:23:01 INFO   'adx_14_gt_30' (SHARED) | Used: 187 | Top10%: 21 | Avg RR/day: 0.17 (global: 0.16) | WR: 44% | Eff: 1.05
2026-06-21 15:23:01 INFO   'adx_14_lt_20' (SHARED) | Used: 167 | Top10%: 16 | Avg RR/day: 0.18 (global: 0.16) | WR: 44% | Eff: 1.08
2026-06-21 15:23:01 INFO   'price_gt_high_20_1_02' (SHARED) | Used: 163 | Top10%: 21 | Avg RR/day: 0.19 (global: 0.16) | WR: 44% | Eff: 1.15
2026-06-21 15:23:01 INFO   'price_lt_low_20_0_98' (SHARED) | Used: 142 | Top10%: 15 | Avg RR/day: 0.17 (global: 0.16) | WR: 44% | Eff: 1.07
2026-06-21 15:23:01 INFO 
2026-06-21 15:23:01 INFO ============================================================
2026-06-21 15:23:01 INFO Efficiency report saved to C:\Users\xfide\documents\crypto.ai\models\condition_efficiency.json
2026-06-21 15:23:01 INFO [EFFICIENCY] All conditions performing well. No removals.
2026-06-21 15:23:01 INFO 
2026-06-21 15:23:01 INFO ============================================================
2026-06-21 15:23:01 INFO Phase 2: Bayesian Optimization (local refinement -- focus on promising regions)
2026-06-21 15:23:01 INFO ============================================================
2026-06-21 15:23:01 INFO Bayesian: Starting | timeout=70s (1.2m), max_trials=10000, startup=100
2026-06-21 15:23:01 INFO   Each trial generates a strategy with random conditions, threshold, stop-loss, and risk-reward. The TPE model learns which parameter combinations score highest and focuses the search there.
2026-06-21 15:23:01 INFO Bayesian: Seeded 10 strategies from GA.
2026-06-21 15:24:11 INFO Bayesian: Finished | Best score: 1.1479 | 235 trials | Elapsed: 70s | Speed: 3.3 trials/s
2026-06-21 15:24:11 INFO   Score = rr_per_day * drawdown_penalty * low_trades_penalty. Higher = better.
2026-06-21 15:24:11 INFO Keeping existing best strategy (score: 3.9690) -- new strategy score (1.1479) is not higher.
2026-06-21 15:24:11 INFO Top 447 strategies saved to C:\Users\xfide\documents\crypto.ai\models\top_strategies.json
2026-06-21 15:24:11 INFO ============================================================
2026-06-21 15:24:11 INFO Training finished.
2026-06-21 15:24:11 INFO 
2026-06-21 15:24:11 INFO   Best score:          1.1479
2026-06-21 15:24:11 INFO   Best strategy:        (SHORT)
2026-06-21 15:24:11 INFO     Win rate:          36.7%
2026-06-21 15:24:11 INFO     RR/day:            1.6398
2026-06-21 15:24:11 INFO     Max drawdown:      8.0%
2026-06-21 15:24:11 INFO     Valid trades:      30
2026-06-21 15:24:11 INFO 
2026-06-21 15:24:11 INFO   Total strategies tested: 770
2026-06-21 15:24:11 INFO   Time elapsed:        180s (3.0m)
2026-06-21 15:24:11 INFO   Average:             4.3 strats/sec
2026-06-21 15:24:11 INFO   Existing best strategy retained (score: 1.1479)
2026-06-21 15:24:11 INFO 
2026-06-21 15:24:11 INFO   Next steps:
2026-06-21 15:24:11 INFO     1. Review efficiency report above -- which conditions helped/hurt
2026-06-21 15:24:11 INFO     2. Run validation: python validation.py --symbol BTC/USDT
2026-06-21 15:24:11 INFO     3. If validation passes, go live: python live_signal.py
2026-06-21 15:24:11 INFO ============================================================
