2026-06-23 16:26:25 INFO Training log: C:\Users\xfide\documents\crypto.ai\logs\training\training_2026-06-23_162625.log
2026-06-23 16:26:25 INFO Training started | Method: ga_bayesian | Symbol: BTC/USDT | Timeframe: 15m | Duration: 30 min
2026-06-23 16:26:25 INFO   Objective: Find the strategy with the highest score. Score = rr_per_day x drawdown_penalty x low_trades_penalty.
2026-06-23 16:26:25 INFO   Disqualified if: trades/day < 1.2, win_rate < 35%, max_drawdown > 50%, or avg_trades/day outside 0.5-10.
2026-06-23 16:26:25 INFO Loading historical data...
2026-06-23 16:26:26 INFO Cache found: 17637 candles up to 2026-06-23 15:15:00+00:00. Fetching from 2026-06-23 15:30:00+00:00.
2026-06-23 16:26:26 INFO Fetching BTC/USDT 15m from 2026-06-23 15:30 to 2026-06-23 15:26
2026-06-23 16:26:26 WARNING No candles fetched.
2026-06-23 16:26:26 INFO Total candles available: 17637
2026-06-23 16:26:26 INFO Raw data: 17637 candles (2025-12-21 to 2026-06-23, 12 months)
2026-06-23 16:26:26 INFO Computing indicators...
2026-06-23 16:26:26 INFO Data prepared: 17438 candles after warmup drop.
2026-06-23 16:26:26 INFO Clean data: 17438 candles after warmup
2026-06-23 16:26:26 INFO Pre-computing 53 conditions...
2026-06-23 16:26:26 INFO Data preparation complete.
2026-06-23 16:26:26 INFO ============================================================
2026-06-23 16:26:26 INFO Phase 1: Genetic Algorithm (global search -- evolve strategies over generations)
2026-06-23 16:26:26 INFO ============================================================
2026-06-23 16:26:26 INFO GA: Starting | pop=200, time_budget=900s (15.0m), max_gen=200, cx=0.8, mut=0.2, elite=5
2026-06-23 16:26:26 INFO   Score = rr_per_day * drawdown_penalty * low_trades_penalty. Higher = better. Negative or -inf means disqualified.
2026-06-23 16:26:56 INFO GA Gen 0 | Best score: -inf | Avg score: 0.0000 | Pop: 200 | Elapsed: 29s
2026-06-23 16:27:21 INFO GA Gen 1 | Best score: 0.0068 | Avg score: 0.0068 | Tested: 358 | Elapsed: 55s [NEW BEST!]
2026-06-23 16:27:45 INFO GA Gen 2 | Best score: 0.0068 | Avg score: 0.0068 | Tested: 511 | Elapsed: 79s
2026-06-23 16:28:13 INFO GA Gen 3 | Best score: 0.0068 | Avg score: 0.0068 | Tested: 687 | Elapsed: 107s
2026-06-23 16:28:39 INFO GA Gen 4 | Best score: 0.0068 | Avg score: 0.0068 | Tested: 844 | Elapsed: 132s
2026-06-23 16:29:07 INFO GA Gen 5 | Best score: 0.0068 | Avg score: 0.0068 | Tested: 1018 | Elapsed: 161s
2026-06-23 16:29:38 INFO GA Gen 6 | Best score: 0.0068 | Avg score: 0.0068 | Tested: 1195 | Elapsed: 191s
