2026-06-20 12:16:44 INFO Training log: C:\Users\xfide\documents\crypto.ai\logs\training_2026-06-20_121644.log
2026-06-20 12:16:44 INFO Cleared removed_conditions.json -- all 53 conditions available for this run.
2026-06-20 12:16:44 INFO Training started | Method: ga_bayesian | Symbol: BTC/USDT | Timeframe: 15m | Duration: 1 min
2026-06-20 12:16:44 INFO   Objective: Find the strategy with the highest score. Score = rr_per_day x drawdown_penalty x low_trades_penalty.
2026-06-20 12:16:44 INFO   Disqualified if: win_rate < 35%, max_drawdown > 50%, or avg_trades/day outside 0.5-10.
2026-06-20 12:16:44 INFO Loading historical data...
2026-06-20 12:16:45 INFO Cache found: 17332 candles up to 2026-06-20 11:00:00+00:00. Fetching from 2026-06-20 11:15:00+00:00.
2026-06-20 12:16:45 INFO Fetching BTC/USDT 15m from 2026-06-20 11:15 to 2026-06-20 11:16
2026-06-20 12:16:51 INFO Fetched 1 new candles in 1 requests.
2026-06-20 12:16:51 INFO Total candles available: 17333
2026-06-20 12:16:51 INFO Raw data: 17333 candles
2026-06-20 12:16:51 INFO Computing indicators...
2026-06-20 12:16:51 INFO Data prepared: 17134 candles after warmup drop.
2026-06-20 12:16:51 INFO Clean data: 17134 candles after warmup
2026-06-20 12:16:51 INFO Pre-computing 53 conditions...
2026-06-20 12:16:51 INFO Data preparation complete.
2026-06-20 12:16:52 INFO ============================================================
2026-06-20 12:16:52 INFO Phase 1: Genetic Algorithm (global search -- evolve strategies over generations)
2026-06-20 12:16:52 INFO ============================================================
2026-06-20 12:16:52 INFO GA: Starting | pop=200, gen=6, cx=0.8, mut=0.2, elite=5
2026-06-20 12:16:52 INFO   Score = rr_per_day * drawdown_penalty * low_trades_penalty. Higher = better. Negative or -inf means disqualified.
2026-06-20 12:17:39 INFO GA Gen 0/6 | Best score: 1.0775 | Avg score: 0.0588 | Pop: 200
2026-06-20 12:18:16 INFO GA Gen 1/6 | Best score: 1.5750 | Avg score: 0.0997 | Tested: 369 [NEW BEST!]
2026-06-20 12:18:50 INFO GA Gen 2/6 | Best score: 1.5750 | Avg score: 0.1245 | Tested: 529
2026-06-20 12:19:27 INFO GA Gen 3/6 | Best score: 1.5750 | Avg score: 0.1869 | Tested: 687
2026-06-20 12:20:00 INFO GA Gen 4/6 | Best score: 1.7550 | Avg score: 0.2191 | Tested: 853 [NEW BEST!]
2026-06-20 12:20:11 INFO GA Gen 5/6 | Best score: 1.7550 | Avg score: 0.2867 | Tested: 1010
2026-06-20 12:20:41 INFO GA Gen 6/6 | Best score: 1.7550 | Avg score: 0.3060 | Tested: 1187
2026-06-20 12:20:41 INFO GA: Finished | Best score: 1.7550 | Total strategies tested: 1187 | Passing top 10 to Bayesian optimizer.
2026-06-20 12:20:41 INFO GA Phase complete | Elapsed: 229s | Best score: 1.7550 | Strategies tested: 1187
2026-06-20 12:20:41 INFO No time remaining for Bayesian optimization. Skipping.
2026-06-20 12:20:41 INFO Strategy saved to C:\Users\xfide\documents\crypto.ai\models\best_strategy.json
2026-06-20 12:20:41 INFO Top 500 strategies saved to C:\Users\xfide\documents\crypto.ai\models\top_strategies.json
2026-06-20 12:20:41 INFO ============================================================
2026-06-20 12:20:41 INFO EFFICIENCY REPORT
2026-06-20 12:20:41 INFO ============================================================
2026-06-20 12:20:41 INFO Strategies analyzed: 794
2026-06-20 12:20:41 INFO Global avg RR/day: 0.2489
2026-06-20 12:20:41 INFO 
2026-06-20 12:20:41 INFO [CRITICAL] CRITICAL ALERTS (auto-removed):
2026-06-20 12:20:41 INFO   'ema_9_gt_21' (LONG) | Used: 109 | Top10%: 4 | Avg RR/day: 0.05 (global: 0.25) | WR: 43% | Eff: 0.19
2026-06-20 12:20:41 INFO   'macd_hist_gt_0' (LONG) | Used: 119 | Top10%: 6 | Avg RR/day: 0.07 (global: 0.25) | WR: 43% | Eff: 0.29
2026-06-20 12:20:41 INFO   'williams_gt_-80' (LONG) | Used: 122 | Top10%: 1 | Avg RR/day: 0.05 (global: 0.25) | WR: 42% | Eff: 0.19
2026-06-20 12:20:41 INFO 
2026-06-20 12:20:41 INFO [ALERT] ALERTS (consider removing):
2026-06-20 12:20:41 INFO   'ema_20_gt_50' (LONG) | Used: 120 | Top10%: 10 | Avg RR/day: 0.11 (global: 0.25) | WR: 45% | Eff: 0.42
2026-06-20 12:20:41 INFO   'sma_20_gt_50' (LONG) | Used: 135 | Top10%: 8 | Avg RR/day: 0.12 (global: 0.25) | WR: 44% | Eff: 0.49
2026-06-20 12:20:41 INFO   'price_gt_sma_50' (LONG) | Used: 97 | Top10%: 4 | Avg RR/day: 0.09 (global: 0.25) | WR: 43% | Eff: 0.35
2026-06-20 12:20:41 INFO   'macd_gt_signal' (LONG) | Used: 143 | Top10%: 16 | Avg RR/day: 0.10 (global: 0.25) | WR: 44% | Eff: 0.41
2026-06-20 12:20:41 INFO   'williams_lt_-20' (LONG) | Used: 115 | Top10%: 5 | Avg RR/day: 0.09 (global: 0.25) | WR: 43% | Eff: 0.35
2026-06-20 12:20:41 INFO   'price_gt_bb_upper_20_1_5' (LONG) | Used: 147 | Top10%: 8 | Avg RR/day: 0.08 (global: 0.25) | WR: 44% | Eff: 0.32
2026-06-20 12:20:41 INFO 
2026-06-20 12:20:41 INFO [WARNING] WARNINGS (insufficient data):
2026-06-20 12:20:41 INFO   'ema_12_gt_26' (LONG) | Used: 130 | Top10%: 13 | Avg RR/day: 0.16 (global: 0.25) | WR: 44% | Eff: 0.65
2026-06-20 12:20:41 INFO   'price_gt_sma_200' (LONG) | Used: 110 | Top10%: 5 | Avg RR/day: 0.13 (global: 0.25) | WR: 43% | Eff: 0.50
2026-06-20 12:20:41 INFO   'rsi_14_gt_50' (LONG) | Used: 102 | Top10%: 10 | Avg RR/day: 0.17 (global: 0.25) | WR: 46% | Eff: 0.70
2026-06-20 12:20:41 INFO   'rsi_21_gt_50' (LONG) | Used: 108 | Top10%: 16 | Avg RR/day: 0.17 (global: 0.25) | WR: 46% | Eff: 0.69
2026-06-20 12:20:41 INFO   'stoch_k_lt_80' (LONG) | Used: 153 | Top10%: 13 | Avg RR/day: 0.14 (global: 0.25) | WR: 44% | Eff: 0.57
2026-06-20 12:20:41 INFO   'cci_14_lt_100' (LONG) | Used: 159 | Top10%: 21 | Avg RR/day: 0.15 (global: 0.25) | WR: 45% | Eff: 0.61
2026-06-20 12:20:41 INFO   'price_lt_bb_lower_20_2' (LONG) | Used: 145 | Top10%: 16 | Avg RR/day: 0.16 (global: 0.25) | WR: 45% | Eff: 0.66
2026-06-20 12:20:41 INFO   'price_lt_bb_lower_20_1_5' (LONG) | Used: 138 | Top10%: 20 | Avg RR/day: 0.14 (global: 0.25) | WR: 46% | Eff: 0.56
2026-06-20 12:20:41 INFO 
2026-06-20 12:20:41 INFO [STRONG] STRONG CONDITIONS:
2026-06-20 12:20:41 INFO   'price_lt_sma_50' (SHORT) | Used: 245 | Top10%: 34 | Avg RR/day: 0.40 (global: 0.25) | WR: 48% | Eff: 1.60
2026-06-20 12:20:41 INFO   'price_lt_sma_200' (SHORT) | Used: 274 | Top10%: 47 | Avg RR/day: 0.41 (global: 0.25) | WR: 49% | Eff: 1.66
2026-06-20 12:20:41 INFO   'macd_lt_signal' (SHORT) | Used: 220 | Top10%: 24 | Avg RR/day: 0.36 (global: 0.25) | WR: 47% | Eff: 1.44
2026-06-20 12:20:41 INFO   'rsi_21_lt_50' (SHORT) | Used: 272 | Top10%: 45 | Avg RR/day: 0.40 (global: 0.25) | WR: 48% | Eff: 1.59
2026-06-20 12:20:41 INFO   'stoch_k_gt_80' (SHORT) | Used: 266 | Top10%: 37 | Avg RR/day: 0.37 (global: 0.25) | WR: 47% | Eff: 1.47
2026-06-20 12:20:41 INFO   'cci_14_gt_100' (SHORT) | Used: 282 | Top10%: 43 | Avg RR/day: 0.40 (global: 0.25) | WR: 48% | Eff: 1.61
2026-06-20 12:20:41 INFO   'williams_lt_-80' (SHORT) | Used: 268 | Top10%: 33 | Avg RR/day: 0.38 (global: 0.25) | WR: 47% | Eff: 1.52
2026-06-20 12:20:41 INFO   'price_gt_bb_upper_20_1_5_s' (SHORT) | Used: 320 | Top10%: 42 | Avg RR/day: 0.35 (global: 0.25) | WR: 47% | Eff: 1.41
2026-06-20 12:20:41 INFO   'price_lt_bb_lower_20_1_5_s' (SHORT) | Used: 304 | Top10%: 39 | Avg RR/day: 0.38 (global: 0.25) | WR: 48% | Eff: 1.52
2026-06-20 12:20:41 INFO   'price_lt_low_20_0_98' (SHARED) | Used: 388 | Top10%: 58 | Avg RR/day: 0.33 (global: 0.25) | WR: 48% | Eff: 1.34
2026-06-20 12:20:41 INFO 
2026-06-20 12:20:41 INFO [OK] OK CONDITIONS:
2026-06-20 12:20:41 INFO   'rsi_14_lt_30' (LONG) | Used: 158 | Top10%: 15 | Avg RR/day: 0.19 (global: 0.25) | WR: 45% | Eff: 0.77
2026-06-20 12:20:41 INFO   'rsi_21_lt_30' (LONG) | Used: 168 | Top10%: 20 | Avg RR/day: 0.18 (global: 0.25) | WR: 46% | Eff: 0.73
2026-06-20 12:20:41 INFO   'stoch_k_gt_20' (LONG) | Used: 198 | Top10%: 27 | Avg RR/day: 0.22 (global: 0.25) | WR: 46% | Eff: 0.89
2026-06-20 12:20:41 INFO   'cci_14_gt_-100' (LONG) | Used: 116 | Top10%: 14 | Avg RR/day: 0.18 (global: 0.25) | WR: 46% | Eff: 0.73
2026-06-20 12:20:41 INFO   'price_gt_bb_upper_20_2' (LONG) | Used: 181 | Top10%: 16 | Avg RR/day: 0.19 (global: 0.25) | WR: 45% | Eff: 0.75
2026-06-20 12:20:41 INFO   'ema_9_lt_21' (SHORT) | Used: 236 | Top10%: 21 | Avg RR/day: 0.28 (global: 0.25) | WR: 45% | Eff: 1.11
2026-06-20 12:20:41 INFO   'ema_12_lt_26' (SHORT) | Used: 271 | Top10%: 18 | Avg RR/day: 0.25 (global: 0.25) | WR: 44% | Eff: 1.00
2026-06-20 12:20:41 INFO   'ema_20_lt_50' (SHORT) | Used: 297 | Top10%: 32 | Avg RR/day: 0.32 (global: 0.25) | WR: 48% | Eff: 1.29
2026-06-20 12:20:41 INFO   'sma_20_lt_50' (SHORT) | Used: 250 | Top10%: 16 | Avg RR/day: 0.24 (global: 0.25) | WR: 46% | Eff: 0.96
2026-06-20 12:20:41 INFO   'macd_hist_lt_0' (SHORT) | Used: 201 | Top10%: 15 | Avg RR/day: 0.20 (global: 0.25) | WR: 45% | Eff: 0.81
2026-06-20 12:20:41 INFO   'rsi_14_lt_50' (SHORT) | Used: 284 | Top10%: 26 | Avg RR/day: 0.25 (global: 0.25) | WR: 46% | Eff: 0.99
2026-06-20 12:20:41 INFO   'rsi_14_gt_70' (SHORT) | Used: 254 | Top10%: 32 | Avg RR/day: 0.29 (global: 0.25) | WR: 47% | Eff: 1.18
2026-06-20 12:20:41 INFO   'rsi_21_gt_70' (SHORT) | Used: 218 | Top10%: 21 | Avg RR/day: 0.25 (global: 0.25) | WR: 46% | Eff: 1.01
2026-06-20 12:20:41 INFO   'stoch_k_lt_20' (SHORT) | Used: 209 | Top10%: 22 | Avg RR/day: 0.24 (global: 0.25) | WR: 46% | Eff: 0.95
2026-06-20 12:20:41 INFO   'cci_14_lt_-100' (SHORT) | Used: 189 | Top10%: 8 | Avg RR/day: 0.19 (global: 0.25) | WR: 44% | Eff: 0.77
2026-06-20 12:20:41 INFO   'williams_gt_-20' (SHORT) | Used: 237 | Top10%: 28 | Avg RR/day: 0.27 (global: 0.25) | WR: 46% | Eff: 1.08
2026-06-20 12:20:41 INFO   'price_gt_bb_upper_20_2_s' (SHORT) | Used: 207 | Top10%: 27 | Avg RR/day: 0.32 (global: 0.25) | WR: 48% | Eff: 1.28
2026-06-20 12:20:41 INFO   'price_lt_bb_lower_20_2_s' (SHORT) | Used: 240 | Top10%: 18 | Avg RR/day: 0.24 (global: 0.25) | WR: 45% | Eff: 0.96
2026-06-20 12:20:41 INFO   'atr_gt_sma_atr_20' (SHARED) | Used: 309 | Top10%: 22 | Avg RR/day: 0.18 (global: 0.25) | WR: 45% | Eff: 0.73
2026-06-20 12:20:41 INFO   'volume_gt_sma_20_1_5' (SHARED) | Used: 375 | Top10%: 33 | Avg RR/day: 0.24 (global: 0.25) | WR: 46% | Eff: 0.97
2026-06-20 12:20:41 INFO   'volume_gt_sma_20_2_0' (SHARED) | Used: 419 | Top10%: 41 | Avg RR/day: 0.28 (global: 0.25) | WR: 47% | Eff: 1.13
2026-06-20 12:20:41 INFO   'obv_gt_sma_obv_20' (SHARED) | Used: 391 | Top10%: 42 | Avg RR/day: 0.26 (global: 0.25) | WR: 46% | Eff: 1.05
2026-06-20 12:20:41 INFO   'adx_14_gt_25' (SHARED) | Used: 333 | Top10%: 19 | Avg RR/day: 0.19 (global: 0.25) | WR: 44% | Eff: 0.78
2026-06-20 12:20:41 INFO   'adx_14_gt_30' (SHARED) | Used: 368 | Top10%: 36 | Avg RR/day: 0.27 (global: 0.25) | WR: 46% | Eff: 1.09
2026-06-20 12:20:41 INFO   'adx_14_lt_20' (SHARED) | Used: 273 | Top10%: 32 | Avg RR/day: 0.30 (global: 0.25) | WR: 46% | Eff: 1.19
2026-06-20 12:20:41 INFO   'price_gt_high_20_1_02' (SHARED) | Used: 293 | Top10%: 34 | Avg RR/day: 0.26 (global: 0.25) | WR: 47% | Eff: 1.04
2026-06-20 12:20:41 INFO 
2026-06-20 12:20:41 INFO Auto-removed 3 conditions: ['ema_9_gt_21', 'macd_hist_gt_0', 'williams_gt_-80']
2026-06-20 12:20:41 INFO ============================================================
2026-06-20 12:20:41 INFO Efficiency report saved to C:\Users\xfide\documents\crypto.ai\models\condition_efficiency.json
2026-06-20 12:20:41 INFO [EFFICIENCY] Condition 'ema_9_gt_21' removed from pool (efficiency < 0.3).
2026-06-20 12:20:41 INFO [EFFICIENCY] Condition 'macd_hist_gt_0' removed from pool (efficiency < 0.3).
2026-06-20 12:20:41 INFO [EFFICIENCY] Condition 'williams_gt_-80' removed from pool (efficiency < 0.3).
2026-06-20 12:20:41 INFO ============================================================
2026-06-20 12:20:41 INFO Training finished.
2026-06-20 12:20:41 INFO 
2026-06-20 12:20:41 INFO   Best score:          1.7550
2026-06-20 12:20:41 INFO   Best strategy:       
2026-06-20 12:20:41 INFO 
2026-06-20 12:20:41 INFO   Total strategies tested: 1187
2026-06-20 12:20:41 INFO   Time elapsed:        237s (3.9m)
2026-06-20 12:20:41 INFO   Average:             5.0 strats/sec
2026-06-20 12:20:41 INFO   Best strategy saved to C:\Users\xfide\documents\crypto.ai\models\best_strategy.json
2026-06-20 12:20:41 INFO 
2026-06-20 12:20:41 INFO   Next steps:
2026-06-20 12:20:41 INFO     1. Review efficiency report above -- which conditions helped/hurt
2026-06-20 12:20:41 INFO     2. Run validation: python validation.py --symbol BTC/USDT
2026-06-20 12:20:41 INFO     3. If validation passes, go live: python live_signal.py
2026-06-20 12:20:41 INFO ============================================================
