2026-06-20 11:26:21 INFO Training log: C:\Users\xfide\documents\crypto.ai\logs\training_2026-06-20_112621.log
2026-06-20 11:26:21 INFO Cleared removed_conditions.json -- all 53 conditions available for this run.
2026-06-20 11:26:21 INFO Training started | Method: ga_bayesian | Symbol: BTC/USDT | Timeframe: 15m | Duration: 30 min
2026-06-20 11:26:21 INFO Loading historical data...
2026-06-20 11:26:21 INFO Cache found: 17284 candles up to 2026-06-19 23:00:00+00:00. Fetching from 2026-06-19 23:15:00+00:00.
2026-06-20 11:26:21 INFO Fetching BTC/USDT 15m from 2026-06-19 23:15 to 2026-06-20 10:26
2026-06-20 11:26:27 INFO Fetched 45 new candles in 1 requests.
2026-06-20 11:26:27 INFO Total candles available: 17329
2026-06-20 11:26:27 INFO Raw data: 17329 candles
2026-06-20 11:26:27 INFO Computing indicators...
2026-06-20 11:26:27 INFO Data prepared: 17130 candles after warmup drop.
2026-06-20 11:26:27 INFO Clean data: 17130 candles after warmup
2026-06-20 11:26:27 INFO Pre-computing 53 conditions...
2026-06-20 11:26:27 INFO Data preparation complete.
2026-06-20 11:26:28 INFO ============================================================
2026-06-20 11:26:28 INFO Phase 1: Genetic Algorithm
2026-06-20 11:26:28 INFO ============================================================
2026-06-20 11:26:28 INFO GA: Starting | pop=200, gen=30, cx=0.8, mut=0.2, elite=5
2026-06-20 11:26:44 INFO GA Gen 0/30 | Best: 2.2150 | Avg: 0.0639
2026-06-20 11:26:57 INFO GA Gen 1/30 | Best: 2.2150 | Avg: 0.0867
2026-06-20 11:27:10 INFO GA Gen 2/30 | Best: 2.2150 | Avg: 0.1375
2026-06-20 11:27:23 INFO GA Gen 3/30 | Best: 2.2150 | Avg: 0.1778
2026-06-20 11:27:47 INFO GA Gen 4/30 | Best: 2.2150 | Avg: 0.2033
2026-06-20 11:28:18 INFO GA Gen 5/30 | Best: 2.2150 | Avg: 0.2720
2026-06-20 11:29:21 INFO GA Gen 7/30 | Best: 2.4650 | Avg: 0.4264
2026-06-20 11:29:53 INFO GA Gen 8/30 | Best: 2.4650 | Avg: 0.5950
2026-06-20 11:30:07 INFO GA Gen 9/30 | Best: 2.4650 | Avg: 0.8211
2026-06-20 11:30:19 INFO GA Gen 10/30 | Best: 2.4650 | Avg: 1.0438
2026-06-20 11:30:45 INFO GA Gen 13/30 | Best: 2.5000 | Avg: 1.9960
2026-06-20 11:30:56 INFO GA Gen 14/30 | Best: 2.5000 | Avg: 2.1428
2026-06-20 11:31:23 INFO GA Gen 15/30 | Best: 2.5000 | Avg: 2.1560
2026-06-20 11:31:54 INFO GA Gen 16/30 | Best: 2.5000 | Avg: 2.2601
2026-06-20 11:32:07 INFO GA Gen 17/30 | Best: 2.5000 | Avg: 2.3512
2026-06-20 11:32:34 INFO GA Gen 20/30 | Best: 2.5000 | Avg: 2.4037
2026-06-20 11:32:52 INFO GA Gen 22/30 | Best: 2.5000 | Avg: 2.4131
2026-06-20 11:33:02 INFO GA Gen 23/30 | Best: 2.5000 | Avg: 2.4266
2026-06-20 11:33:12 INFO GA Gen 24/30 | Best: 2.5000 | Avg: 2.3904
2026-06-20 11:33:23 INFO GA Gen 25/30 | Best: 2.5000 | Avg: 2.3979
2026-06-20 11:33:33 INFO GA Gen 26/30 | Best: 2.5000 | Avg: 2.3950
2026-06-20 11:33:42 INFO GA Gen 27/30 | Best: 2.5000 | Avg: 2.4188
2026-06-20 11:33:50 INFO GA Gen 28/30 | Best: 2.5000 | Avg: 2.4287
2026-06-20 11:33:59 INFO GA Gen 29/30 | Best: 2.5000 | Avg: 2.3790
2026-06-20 11:34:08 INFO GA Gen 30/30 | Best: 2.5000 | Avg: 2.3850
2026-06-20 11:34:08 INFO GA: Finished | Best score: 2.5000 | Total strategies tested: 5106
2026-06-20 11:34:08 INFO GA Phase complete | Elapsed: 460s | Best score: 2.5000 | Strategies tested: 5106
2026-06-20 11:34:08 INFO ============================================================
2026-06-20 11:34:08 INFO Phase 2: Bayesian Optimization
2026-06-20 11:34:08 INFO ============================================================
2026-06-20 11:34:08 INFO Bayesian: Starting | trials=2000, startup=100
2026-06-20 11:34:08 INFO Bayesian: Seeded 10 strategies from GA.
