2026-06-22 12:46:22 INFO Training log: C:\Users\xfide\documents\crypto.ai\logs\training_2026-06-22_124622.log
2026-06-22 12:46:22 INFO Training started | Method: ga_bayesian | Symbol: BTC/USDT | Timeframe: 15m | Duration: 10 min
2026-06-22 12:46:22 INFO   Objective: Find the strategy with the highest score. Score = rr_per_day x drawdown_penalty x low_trades_penalty.
2026-06-22 12:46:22 INFO   Disqualified if: trades/day < 1.2, win_rate < 35%, max_drawdown > 50%, or avg_trades/day outside 0.5-10.
2026-06-22 12:46:22 INFO Loading historical data...
2026-06-22 12:46:22 INFO Cache found: 17526 candles up to 2026-06-22 11:30:00+00:00. Fetching from 2026-06-22 11:45:00+00:00.
2026-06-22 12:46:22 INFO Fetching BTC/USDT 15m from 2026-06-22 11:45 to 2026-06-22 11:46
2026-06-22 12:46:33 INFO Fetched 1 new candles in 1 requests.
2026-06-22 12:46:33 INFO Total candles available: 17527
2026-06-22 12:46:33 INFO Raw data: 17527 candles (2025-12-21 to 2026-06-22, 12 months)
2026-06-22 12:46:33 INFO Computing indicators...
2026-06-22 12:46:34 INFO Data prepared: 17328 candles after warmup drop.
2026-06-22 12:46:34 INFO Clean data: 17328 candles after warmup
2026-06-22 12:46:34 INFO Pre-computing 53 conditions...
2026-06-22 12:46:34 INFO Data preparation complete.
2026-06-22 12:46:34 INFO ============================================================
2026-06-22 12:46:34 INFO Phase 1: Genetic Algorithm (global search -- evolve strategies over generations)
2026-06-22 12:46:34 INFO ============================================================
2026-06-22 12:46:34 INFO GA: Starting | pop=200, time_budget=300s (5.0m), max_gen=200, cx=0.8, mut=0.2, elite=5
2026-06-22 12:46:34 INFO   Score = rr_per_day * drawdown_penalty * low_trades_penalty. Higher = better. Negative or -inf means disqualified.
2026-06-22 12:46:48 INFO GA Gen 0 | Best score: 0.2280 | Avg score: 0.1118 | Pop: 200 | Elapsed: 14s
2026-06-22 12:47:00 INFO GA Gen 1 | Best score: 0.3120 | Avg score: 0.1229 | Tested: 372 | Elapsed: 26s [NEW BEST!]
2026-06-22 12:47:12 INFO GA Gen 2 | Best score: 0.3233 | Avg score: 0.1256 | Tested: 531 | Elapsed: 37s [NEW BEST!]
2026-06-22 12:47:22 INFO GA Gen 3 | Best score: 0.3362 | Avg score: 0.1350 | Tested: 680 | Elapsed: 48s [NEW BEST!]
2026-06-22 12:47:34 INFO GA Gen 4 | Best score: 0.3999 | Avg score: 0.1541 | Tested: 836 | Elapsed: 60s [NEW BEST!]
2026-06-22 12:47:45 INFO GA Gen 5 | Best score: 0.3999 | Avg score: 0.1672 | Tested: 986 | Elapsed: 71s
2026-06-22 12:47:58 INFO GA Gen 6 | Best score: 0.4109 | Avg score: 0.1750 | Tested: 1150 | Elapsed: 84s [NEW BEST!]
2026-06-22 12:48:10 INFO GA Gen 7 | Best score: 0.4109 | Avg score: 0.1802 | Tested: 1308 | Elapsed: 96s
2026-06-22 12:48:22 INFO GA Gen 8 | Best score: 0.4506 | Avg score: 0.2190 | Tested: 1470 | Elapsed: 108s [NEW BEST!]
2026-06-22 12:48:35 INFO GA Gen 9 | Best score: 0.5032 | Avg score: 0.2146 | Tested: 1635 | Elapsed: 120s [NEW BEST!]
2026-06-22 12:48:48 INFO GA Gen 10 | Best score: 0.5032 | Avg score: 0.2217 | Tested: 1811 | Elapsed: 134s
2026-06-22 12:49:00 INFO GA Gen 11 | Best score: 0.5032 | Avg score: 0.2341 | Tested: 1966 | Elapsed: 146s
2026-06-22 12:49:12 INFO GA Gen 12 | Best score: 0.5032 | Avg score: 0.2433 | Tested: 2126 | Elapsed: 157s
2026-06-22 12:49:23 INFO GA Gen 13 | Best score: 0.5308 | Avg score: 0.2643 | Tested: 2288 | Elapsed: 169s [NEW BEST!]
2026-06-22 12:49:36 INFO GA Gen 14 | Best score: 0.5308 | Avg score: 0.2597 | Tested: 2460 | Elapsed: 182s
2026-06-22 12:49:49 INFO GA Gen 15 | Best score: 0.5498 | Avg score: 0.2743 | Tested: 2631 | Elapsed: 195s [NEW BEST!]
2026-06-22 12:50:03 INFO GA Gen 16 | Best score: 0.5653 | Avg score: 0.2801 | Tested: 2799 | Elapsed: 208s [NEW BEST!]
2026-06-22 12:50:20 INFO GA Gen 17 | Best score: 0.5681 | Avg score: 0.2934 | Tested: 2973 | Elapsed: 226s [NEW BEST!]
2026-06-22 12:50:33 INFO GA Gen 18 | Best score: 0.5681 | Avg score: 0.3037 | Tested: 3140 | Elapsed: 239s
2026-06-22 12:50:46 INFO GA Gen 19 | Best score: 0.5681 | Avg score: 0.3282 | Tested: 3307 | Elapsed: 252s
2026-06-22 12:50:59 INFO GA Gen 20 | Best score: 0.5681 | Avg score: 0.3488 | Tested: 3469 | Elapsed: 265s
2026-06-22 12:51:10 INFO GA Gen 21 | Best score: 0.5780 | Avg score: 0.4009 | Tested: 3620 | Elapsed: 276s [NEW BEST!]
2026-06-22 12:51:21 INFO GA Gen 22 | Best score: 0.5780 | Avg score: 0.4804 | Tested: 3777 | Elapsed: 287s
2026-06-22 12:51:32 INFO GA Gen 23 | Best score: 0.5780 | Avg score: 0.5201 | Tested: 3934 | Elapsed: 298s
2026-06-22 12:51:44 INFO GA Gen 24 | Best score: 0.5780 | Avg score: 0.5314 | Tested: 4095 | Elapsed: 310s
2026-06-22 12:51:44 INFO GA: Time budget exhausted at generation 24. Stopping.
2026-06-22 12:51:44 INFO GA: Finished | Best score: 0.5780 | 24 generations | Elapsed: 310s | Strategies tested: 4095 | Speed: 13.2 strats/s | Passing top 10 to Bayesian optimizer.
2026-06-22 12:51:44 INFO 
2026-06-22 12:51:44 INFO [EFFICIENCY] GA phase complete. Analyzing condition efficiency...
2026-06-22 12:51:44 INFO ============================================================
2026-06-22 12:51:44 INFO EFFICIENCY REPORT
2026-06-22 12:51:44 INFO ============================================================
2026-06-22 12:51:44 INFO Strategies analyzed: 2965
2026-06-22 12:51:44 INFO Global avg RR/day: 0.3584
2026-06-22 12:51:44 INFO   LONG avg RR/day: 0.0000 (0 strategies)
2026-06-22 12:51:44 INFO   SHORT avg RR/day: 0.0000 (0 strategies)
2026-06-22 12:51:44 INFO 
2026-06-22 12:51:44 INFO [WARNING] WARNINGS (insufficient data):
2026-06-22 12:51:44 INFO   'rsi_14_lt_30' (LONG) | Used: 89 | Top10%: 0 | Avg RR/day: 0.25 (global: 0.36) | WR: 37% | Eff: 0.69
2026-06-22 12:51:44 INFO   'williams_gt_-80' (LONG) | Used: 147 | Top10%: 0 | Avg RR/day: 0.24 (global: 0.36) | WR: 38% | Eff: 0.68
2026-06-22 12:51:44 INFO   'price_gt_bb_upper_20_2' (LONG) | Used: 111 | Top10%: 0 | Avg RR/day: 0.24 (global: 0.36) | WR: 37% | Eff: 0.68
2026-06-22 12:51:44 INFO   'price_lt_sma_200' (SHORT) | Used: 225 | Top10%: 0 | Avg RR/day: 0.25 (global: 0.36) | WR: 37% | Eff: 0.70
2026-06-22 12:51:44 INFO   'stoch_k_gt_80' (SHORT) | Used: 84 | Top10%: 0 | Avg RR/day: 0.23 (global: 0.36) | WR: 37% | Eff: 0.65
2026-06-22 12:51:44 INFO   'price_gt_bb_upper_20_2_s' (SHORT) | Used: 36 | Top10%: 0 | Avg RR/day: 0.24 (global: 0.36) | WR: 37% | Eff: 0.68
2026-06-22 12:51:44 INFO   'volume_gt_sma_20_2_0' (SHARED) | Used: 55 | Top10%: 0 | Avg RR/day: 0.22 (global: 0.36) | WR: 37% | Eff: 0.62
2026-06-22 12:51:44 INFO 
2026-06-22 12:51:44 INFO [OK] OK CONDITIONS:
2026-06-22 12:51:44 INFO   'ema_9_gt_21' (LONG) | Used: 2416 | Top10%: 296 | Avg RR/day: 0.37 (global: 0.36) | WR: 39% | Eff: 1.04
2026-06-22 12:51:44 INFO   'ema_12_gt_26' (LONG) | Used: 285 | Top10%: 0 | Avg RR/day: 0.28 (global: 0.36) | WR: 37% | Eff: 0.79
2026-06-22 12:51:44 INFO   'ema_20_gt_50' (LONG) | Used: 2564 | Top10%: 296 | Avg RR/day: 0.37 (global: 0.36) | WR: 39% | Eff: 1.04
2026-06-22 12:51:44 INFO   'sma_20_gt_50' (LONG) | Used: 2356 | Top10%: 296 | Avg RR/day: 0.37 (global: 0.36) | WR: 39% | Eff: 1.04
2026-06-22 12:51:44 INFO   'price_gt_sma_50' (LONG) | Used: 534 | Top10%: 0 | Avg RR/day: 0.29 (global: 0.36) | WR: 38% | Eff: 0.81
2026-06-22 12:51:44 INFO   'price_gt_sma_200' (LONG) | Used: 1412 | Top10%: 296 | Avg RR/day: 0.41 (global: 0.36) | WR: 39% | Eff: 1.16
2026-06-22 12:51:44 INFO   'macd_gt_signal' (LONG) | Used: 1434 | Top10%: 296 | Avg RR/day: 0.39 (global: 0.36) | WR: 39% | Eff: 1.08
2026-06-22 12:51:44 INFO   'macd_hist_gt_0' (LONG) | Used: 380 | Top10%: 0 | Avg RR/day: 0.29 (global: 0.36) | WR: 38% | Eff: 0.82
2026-06-22 12:51:44 INFO   'rsi_14_gt_50' (LONG) | Used: 630 | Top10%: 0 | Avg RR/day: 0.29 (global: 0.36) | WR: 38% | Eff: 0.81
2026-06-22 12:51:44 INFO   'rsi_21_gt_50' (LONG) | Used: 2524 | Top10%: 296 | Avg RR/day: 0.37 (global: 0.36) | WR: 39% | Eff: 1.05
2026-06-22 12:51:44 INFO   'rsi_21_lt_30' (LONG) | Used: 195 | Top10%: 0 | Avg RR/day: 0.26 (global: 0.36) | WR: 37% | Eff: 0.72
2026-06-22 12:51:44 INFO   'stoch_k_gt_20' (LONG) | Used: 1277 | Top10%: 0 | Avg RR/day: 0.32 (global: 0.36) | WR: 38% | Eff: 0.88
2026-06-22 12:51:44 INFO   'stoch_k_lt_80' (LONG) | Used: 1243 | Top10%: 0 | Avg RR/day: 0.34 (global: 0.36) | WR: 38% | Eff: 0.94
2026-06-22 12:51:44 INFO   'cci_14_gt_-100' (LONG) | Used: 1341 | Top10%: 296 | Avg RR/day: 0.40 (global: 0.36) | WR: 40% | Eff: 1.11
2026-06-22 12:51:44 INFO   'cci_14_lt_100' (LONG) | Used: 965 | Top10%: 0 | Avg RR/day: 0.35 (global: 0.36) | WR: 38% | Eff: 0.98
2026-06-22 12:51:44 INFO   'williams_lt_-20' (LONG) | Used: 356 | Top10%: 0 | Avg RR/day: 0.29 (global: 0.36) | WR: 37% | Eff: 0.80
2026-06-22 12:51:44 INFO   'price_lt_bb_lower_20_2' (LONG) | Used: 260 | Top10%: 0 | Avg RR/day: 0.28 (global: 0.36) | WR: 38% | Eff: 0.78
2026-06-22 12:51:44 INFO   'price_lt_bb_lower_20_1_5' (LONG) | Used: 165 | Top10%: 0 | Avg RR/day: 0.27 (global: 0.36) | WR: 38% | Eff: 0.76
2026-06-22 12:51:44 INFO   'price_gt_bb_upper_20_1_5' (LONG) | Used: 1227 | Top10%: 0 | Avg RR/day: 0.32 (global: 0.36) | WR: 38% | Eff: 0.89
2026-06-22 12:51:44 INFO   'ema_9_lt_21' (SHORT) | Used: 305 | Top10%: 0 | Avg RR/day: 0.29 (global: 0.36) | WR: 37% | Eff: 0.80
2026-06-22 12:51:44 INFO   'ema_12_lt_26' (SHORT) | Used: 490 | Top10%: 0 | Avg RR/day: 0.29 (global: 0.36) | WR: 38% | Eff: 0.80
2026-06-22 12:51:44 INFO   'ema_20_lt_50' (SHORT) | Used: 1386 | Top10%: 296 | Avg RR/day: 0.42 (global: 0.36) | WR: 39% | Eff: 1.16
2026-06-22 12:51:44 INFO   'sma_20_lt_50' (SHORT) | Used: 346 | Top10%: 0 | Avg RR/day: 0.27 (global: 0.36) | WR: 37% | Eff: 0.76
2026-06-22 12:51:44 INFO   'price_lt_sma_50' (SHORT) | Used: 1302 | Top10%: 0 | Avg RR/day: 0.32 (global: 0.36) | WR: 38% | Eff: 0.88
2026-06-22 12:51:44 INFO   'macd_lt_signal' (SHORT) | Used: 129 | Top10%: 0 | Avg RR/day: 0.26 (global: 0.36) | WR: 37% | Eff: 0.73
2026-06-22 12:51:44 INFO   'macd_hist_lt_0' (SHORT) | Used: 1338 | Top10%: 0 | Avg RR/day: 0.31 (global: 0.36) | WR: 38% | Eff: 0.88
2026-06-22 12:51:44 INFO   'rsi_14_lt_50' (SHORT) | Used: 1394 | Top10%: 296 | Avg RR/day: 0.40 (global: 0.36) | WR: 39% | Eff: 1.10
2026-06-22 12:51:44 INFO   'rsi_14_gt_70' (SHORT) | Used: 67 | Top10%: 0 | Avg RR/day: 0.27 (global: 0.36) | WR: 37% | Eff: 0.74
2026-06-22 12:51:44 INFO   'rsi_21_lt_50' (SHORT) | Used: 1377 | Top10%: 296 | Avg RR/day: 0.40 (global: 0.36) | WR: 39% | Eff: 1.11
2026-06-22 12:51:44 INFO   'rsi_21_gt_70' (SHORT) | Used: 1345 | Top10%: 296 | Avg RR/day: 0.40 (global: 0.36) | WR: 39% | Eff: 1.11
2026-06-22 12:51:44 INFO   'stoch_k_lt_20' (SHORT) | Used: 289 | Top10%: 0 | Avg RR/day: 0.28 (global: 0.36) | WR: 37% | Eff: 0.77
2026-06-22 12:51:44 INFO   'cci_14_gt_100' (SHORT) | Used: 111 | Top10%: 0 | Avg RR/day: 0.25 (global: 0.36) | WR: 37% | Eff: 0.71
2026-06-22 12:51:44 INFO   'cci_14_lt_-100' (SHORT) | Used: 1594 | Top10%: 296 | Avg RR/day: 0.40 (global: 0.36) | WR: 39% | Eff: 1.12
2026-06-22 12:51:44 INFO   'williams_gt_-20' (SHORT) | Used: 48 | Top10%: 0 | Avg RR/day: 0.25 (global: 0.36) | WR: 37% | Eff: 0.70
2026-06-22 12:51:44 INFO   'williams_lt_-80' (SHORT) | Used: 1145 | Top10%: 0 | Avg RR/day: 0.34 (global: 0.36) | WR: 38% | Eff: 0.96
2026-06-22 12:51:44 INFO   'price_lt_bb_lower_20_2_s' (SHORT) | Used: 902 | Top10%: 0 | Avg RR/day: 0.35 (global: 0.36) | WR: 38% | Eff: 0.98
2026-06-22 12:51:44 INFO   'price_gt_bb_upper_20_1_5_s' (SHORT) | Used: 214 | Top10%: 0 | Avg RR/day: 0.27 (global: 0.36) | WR: 37% | Eff: 0.76
2026-06-22 12:51:44 INFO   'price_lt_bb_lower_20_1_5_s' (SHORT) | Used: 1365 | Top10%: 296 | Avg RR/day: 0.42 (global: 0.36) | WR: 39% | Eff: 1.18
2026-06-22 12:51:44 INFO   'atr_gt_sma_atr_20' (SHARED) | Used: 126 | Top10%: 0 | Avg RR/day: 0.27 (global: 0.36) | WR: 38% | Eff: 0.74
2026-06-22 12:51:44 INFO   'volume_gt_sma_20_1_5' (SHARED) | Used: 1466 | Top10%: 296 | Avg RR/day: 0.41 (global: 0.36) | WR: 39% | Eff: 1.14
2026-06-22 12:51:44 INFO   'obv_gt_sma_obv_20' (SHARED) | Used: 661 | Top10%: 0 | Avg RR/day: 0.32 (global: 0.36) | WR: 38% | Eff: 0.88
2026-06-22 12:51:44 INFO   'adx_14_gt_25' (SHARED) | Used: 235 | Top10%: 0 | Avg RR/day: 0.26 (global: 0.36) | WR: 37% | Eff: 0.73
2026-06-22 12:51:44 INFO   'adx_14_gt_30' (SHARED) | Used: 164 | Top10%: 0 | Avg RR/day: 0.27 (global: 0.36) | WR: 38% | Eff: 0.74
2026-06-22 12:51:44 INFO   'adx_14_lt_20' (SHARED) | Used: 988 | Top10%: 0 | Avg RR/day: 0.35 (global: 0.36) | WR: 38% | Eff: 0.97
2026-06-22 12:51:44 INFO   'price_gt_high_20_1_02' (SHARED) | Used: 164 | Top10%: 0 | Avg RR/day: 0.28 (global: 0.36) | WR: 38% | Eff: 0.77
2026-06-22 12:51:44 INFO   'price_lt_low_20_0_98' (SHARED) | Used: 231 | Top10%: 0 | Avg RR/day: 0.28 (global: 0.36) | WR: 37% | Eff: 0.78
2026-06-22 12:51:44 INFO 
2026-06-22 12:51:44 INFO ============================================================
2026-06-22 12:51:44 INFO Efficiency report saved to C:\Users\xfide\documents\crypto.ai\models\condition_efficiency.json
2026-06-22 12:51:44 INFO [EFFICIENCY] All conditions performing well. No removals.
2026-06-22 12:51:44 INFO 
2026-06-22 12:51:44 INFO ============================================================
2026-06-22 12:51:44 INFO Phase 2: Bayesian Optimization (local refinement -- focus on promising regions)
2026-06-22 12:51:44 INFO ============================================================
2026-06-22 12:51:44 INFO Bayesian: Starting | timeout=278s (4.6m), max_trials=10000, startup=100
2026-06-22 12:51:44 INFO   Each trial generates a strategy with random conditions, threshold, stop-loss, and risk-reward. The TPE model learns which parameter combinations score highest and focuses the search there.
2026-06-22 12:51:44 INFO Bayesian: Seeded 10 strategies from GA.
2026-06-22 13:47:40 INFO Bayesian: Manual timeout safety net triggered. Stopping.
2026-06-22 13:47:40 INFO Bayesian: Finished | Best score: 0.5780 | 1701 trials | Elapsed: 3355s | Speed: 0.5 trials/s
2026-06-22 13:47:40 INFO   Score = rr_per_day * drawdown_penalty * low_trades_penalty. Higher = better.
2026-06-22 13:47:40 INFO Saving new best strategy (score: 0.5780)
2026-06-22 13:47:40 INFO Strategy saved to C:\Users\xfide\documents\crypto.ai\models\best_strategy.json
2026-06-22 13:47:40 INFO Top 500 strategies saved to C:\Users\xfide\documents\crypto.ai\models\top_strategies.json
2026-06-22 13:47:40 INFO ============================================================
2026-06-22 13:47:40 INFO Training finished.
2026-06-22 13:47:40 INFO 
2026-06-22 13:47:40 INFO   Best score:          0.5780
2026-06-22 13:47:40 INFO   Best strategy:        (LONG:7 SHORT:6 SHARED:1)
2026-06-22 13:47:40 INFO     Win rate:          42.0%
2026-06-22 13:47:40 INFO     RR/day:            0.5780
2026-06-22 13:47:40 INFO     Max drawdown:      14.6%
2026-06-22 13:47:40 INFO     Valid trades:      274
2026-06-22 13:47:40 INFO 
2026-06-22 13:47:40 INFO   Total strategies tested: 5796
2026-06-22 13:47:40 INFO   Time elapsed:        3678s (61.3m)
2026-06-22 13:47:40 INFO   Average:             1.6 strats/sec
2026-06-22 13:47:40 INFO   New best strategy saved to C:\Users\xfide\documents\crypto.ai\models\best_strategy.json
2026-06-22 13:47:40 INFO 
2026-06-22 13:47:40 INFO   Next steps:
2026-06-22 13:47:40 INFO     1. Review efficiency report above -- which conditions helped/hurt
2026-06-22 13:47:40 INFO     2. Run validation: python validation.py --symbol BTC/USDT
2026-06-22 13:47:40 INFO     3. If validation passes, go live: python live_signal.py
2026-06-22 13:47:40 INFO ============================================================
