2026-06-21 18:52:57 INFO Training log: C:\Users\xfide\documents\crypto.ai\logs\training_2026-06-21_185257.log
2026-06-21 18:52:57 INFO Training started | Method: ga_bayesian | Symbol: BTC/USDT | Timeframe: 15m | Duration: 5 min
2026-06-21 18:52:57 INFO   Objective: Find the strategy with the highest score. Score = rr_per_day x drawdown_penalty x low_trades_penalty.
2026-06-21 18:52:57 INFO   Disqualified if: trades/day < 1.5, win_rate < 35%, max_drawdown > 50%, or avg_trades/day outside 0.5-10.
2026-06-21 18:52:57 INFO Loading historical data...
2026-06-21 18:52:57 INFO Cache found: 17454 candles up to 2026-06-21 17:30:00+00:00. Fetching from 2026-06-21 17:45:00+00:00.
2026-06-21 18:52:57 INFO Fetching BTC/USDT 15m from 2026-06-21 17:45 to 2026-06-21 17:52
2026-06-21 18:53:02 INFO Fetched 1 new candles in 1 requests.
2026-06-21 18:53:02 INFO Total candles available: 17455
2026-06-21 18:53:02 INFO Raw data: 17455 candles (2025-12-21 to 2026-06-21, 12 months)
2026-06-21 18:53:02 INFO Computing indicators...
2026-06-21 18:53:03 INFO Data prepared: 17256 candles after warmup drop.
2026-06-21 18:53:03 INFO Clean data: 17256 candles after warmup
2026-06-21 18:53:03 INFO Pre-computing 53 conditions...
2026-06-21 18:53:03 INFO Data preparation complete.
2026-06-21 18:53:04 INFO ============================================================
2026-06-21 18:53:04 INFO Phase 1: Genetic Algorithm (global search -- evolve strategies over generations)
2026-06-21 18:53:04 INFO ============================================================
2026-06-21 18:53:04 INFO GA: Starting | pop=200, time_budget=150s (2.5m), max_gen=200, cx=0.8, mut=0.2, elite=5
2026-06-21 18:53:04 INFO   Score = rr_per_day * drawdown_penalty * low_trades_penalty. Higher = better. Negative or -inf means disqualified.
2026-06-21 18:53:49 INFO GA Gen 0 | Best score: 0.0309 | Avg score: 0.0176 | Pop: 200 | Elapsed: 45s
2026-06-21 18:54:19 INFO GA Gen 1 | Best score: 0.0309 | Avg score: 0.0156 | Tested: 356 | Elapsed: 75s
2026-06-21 18:54:31 INFO GA Gen 2 | Best score: 0.1669 | Avg score: 0.0328 | Tested: 526 | Elapsed: 87s [NEW BEST!]
2026-06-21 18:54:42 INFO GA Gen 3 | Best score: 0.1669 | Avg score: 0.0470 | Tested: 684 | Elapsed: 98s
2026-06-21 18:54:53 INFO GA Gen 4 | Best score: 0.2954 | Avg score: 0.0721 | Tested: 849 | Elapsed: 110s [NEW BEST!]
2026-06-21 18:55:04 INFO GA Gen 5 | Best score: 0.2954 | Avg score: 0.0919 | Tested: 1011 | Elapsed: 121s
2026-06-21 18:55:15 INFO GA Gen 6 | Best score: 0.2954 | Avg score: 0.1162 | Tested: 1172 | Elapsed: 132s
2026-06-21 18:55:26 INFO GA Gen 7 | Best score: 0.2954 | Avg score: 0.1138 | Tested: 1336 | Elapsed: 142s
2026-06-21 18:55:37 INFO GA Gen 8 | Best score: 0.2954 | Avg score: 0.1143 | Tested: 1503 | Elapsed: 153s
2026-06-21 18:55:37 INFO GA: Time budget exhausted at generation 8. Stopping.
2026-06-21 18:55:37 INFO GA: Finished | Best score: 0.2954 | 8 generations | Elapsed: 153s | Strategies tested: 1503 | Speed: 9.8 strats/s | Passing top 10 to Bayesian optimizer.
2026-06-21 18:55:37 INFO 
2026-06-21 18:55:37 INFO [EFFICIENCY] GA phase complete. Analyzing condition efficiency...
2026-06-21 18:55:37 INFO ============================================================
2026-06-21 18:55:37 INFO EFFICIENCY REPORT
2026-06-21 18:55:37 INFO ============================================================
2026-06-21 18:55:37 INFO Strategies analyzed: 149
2026-06-21 18:55:37 INFO Global avg RR/day: 0.2868
2026-06-21 18:55:37 INFO   LONG avg RR/day: 0.0000 (0 strategies)
2026-06-21 18:55:37 INFO   SHORT avg RR/day: 0.2868 (149 strategies)
2026-06-21 18:55:37 INFO 
2026-06-21 18:55:37 INFO [WARNING] WARNINGS (insufficient data):
2026-06-21 18:55:37 INFO   'ema_9_gt_21' (LONG) | Used: 18 | Top10%: 0 | Avg RR/day: 0.19 (global: 0.29) | WR: 39% | Eff: 0.67
2026-06-21 18:55:37 INFO   'rsi_14_gt_50' (LONG) | Used: 9 | Top10%: 0 | Avg RR/day: 0.19 (global: 0.29) | WR: 37% | Eff: 0.66
2026-06-21 18:55:37 INFO   'stoch_k_gt_20' (LONG) | Used: 9 | Top10%: 0 | Avg RR/day: 0.19 (global: 0.29) | WR: 38% | Eff: 0.66
2026-06-21 18:55:37 INFO   'stoch_k_lt_80' (LONG) | Used: 3 | Top10%: 0 | Avg RR/day: 0.19 (global: 0.29) | WR: 35% | Eff: 0.65
2026-06-21 18:55:37 INFO   'williams_gt_-80' (LONG) | Used: 6 | Top10%: 0 | Avg RR/day: 0.19 (global: 0.29) | WR: 38% | Eff: 0.66
2026-06-21 18:55:37 INFO   'williams_lt_-20' (LONG) | Used: 2 | Top10%: 0 | Avg RR/day: 0.17 (global: 0.29) | WR: 37% | Eff: 0.59
2026-06-21 18:55:37 INFO   'price_lt_bb_lower_20_2' (LONG) | Used: 2 | Top10%: 0 | Avg RR/day: 0.15 (global: 0.29) | WR: 36% | Eff: 0.54
2026-06-21 18:55:37 INFO   'ema_12_lt_26' (SHORT) | Used: 42 | Top10%: 0 | Avg RR/day: 0.18 (global: 0.29) | WR: 39% | Eff: 0.63
2026-06-21 18:55:37 INFO   'ema_20_lt_50' (SHORT) | Used: 25 | Top10%: 0 | Avg RR/day: 0.17 (global: 0.29) | WR: 40% | Eff: 0.58
2026-06-21 18:55:37 INFO   'rsi_21_lt_50' (SHORT) | Used: 45 | Top10%: 0 | Avg RR/day: 0.17 (global: 0.29) | WR: 39% | Eff: 0.58
2026-06-21 18:55:37 INFO   'rsi_21_gt_70' (SHORT) | Used: 9 | Top10%: 0 | Avg RR/day: 0.18 (global: 0.29) | WR: 41% | Eff: 0.63
2026-06-21 18:55:37 INFO   'cci_14_lt_-100' (SHORT) | Used: 6 | Top10%: 0 | Avg RR/day: 0.15 (global: 0.29) | WR: 39% | Eff: 0.52
2026-06-21 18:55:37 INFO   'williams_lt_-80' (SHORT) | Used: 43 | Top10%: 0 | Avg RR/day: 0.18 (global: 0.29) | WR: 39% | Eff: 0.61
2026-06-21 18:55:37 INFO   'price_gt_bb_upper_20_1_5_s' (SHORT) | Used: 23 | Top10%: 0 | Avg RR/day: 0.20 (global: 0.29) | WR: 40% | Eff: 0.69
2026-06-21 18:55:37 INFO   'price_lt_bb_lower_20_1_5_s' (SHORT) | Used: 44 | Top10%: 0 | Avg RR/day: 0.18 (global: 0.29) | WR: 39% | Eff: 0.64
2026-06-21 18:55:37 INFO   'adx_14_gt_30' (SHARED) | Used: 10 | Top10%: 0 | Avg RR/day: 0.18 (global: 0.29) | WR: 40% | Eff: 0.65
2026-06-21 18:55:37 INFO   'adx_14_lt_20' (SHARED) | Used: 36 | Top10%: 0 | Avg RR/day: 0.18 (global: 0.29) | WR: 40% | Eff: 0.62
2026-06-21 18:55:37 INFO   'price_gt_high_20_1_02' (SHARED) | Used: 11 | Top10%: 0 | Avg RR/day: 0.19 (global: 0.29) | WR: 41% | Eff: 0.67
2026-06-21 18:55:37 INFO 
2026-06-21 18:55:37 INFO [OK] OK CONDITIONS:
2026-06-21 18:55:37 INFO   'ema_12_gt_26' (LONG) | Used: 24 | Top10%: 0 | Avg RR/day: 0.22 (global: 0.29) | WR: 37% | Eff: 0.78
2026-06-21 18:55:37 INFO   'price_gt_sma_50' (LONG) | Used: 20 | Top10%: 0 | Avg RR/day: 0.23 (global: 0.29) | WR: 36% | Eff: 0.79
2026-06-21 18:55:37 INFO   'price_gt_sma_200' (LONG) | Used: 1 | Top10%: 0 | Avg RR/day: 0.25 (global: 0.29) | WR: 35% | Eff: 0.88
2026-06-21 18:55:37 INFO   'macd_gt_signal' (LONG) | Used: 75 | Top10%: 11 | Avg RR/day: 0.35 (global: 0.29) | WR: 37% | Eff: 1.21
2026-06-21 18:55:37 INFO   'macd_hist_gt_0' (LONG) | Used: 21 | Top10%: 0 | Avg RR/day: 0.24 (global: 0.29) | WR: 37% | Eff: 0.83
2026-06-21 18:55:37 INFO   'rsi_21_gt_50' (LONG) | Used: 92 | Top10%: 14 | Avg RR/day: 0.34 (global: 0.29) | WR: 37% | Eff: 1.20
2026-06-21 18:55:37 INFO   'rsi_21_lt_30' (LONG) | Used: 18 | Top10%: 0 | Avg RR/day: 0.20 (global: 0.29) | WR: 39% | Eff: 0.71
2026-06-21 18:55:37 INFO   'cci_14_gt_-100' (LONG) | Used: 76 | Top10%: 14 | Avg RR/day: 0.36 (global: 0.29) | WR: 37% | Eff: 1.26
2026-06-21 18:55:37 INFO   'price_lt_bb_lower_20_1_5' (LONG) | Used: 1 | Top10%: 0 | Avg RR/day: 0.25 (global: 0.29) | WR: 35% | Eff: 0.88
2026-06-21 18:55:37 INFO   'ema_9_lt_21' (SHORT) | Used: 87 | Top10%: 11 | Avg RR/day: 0.30 (global: 0.29) | WR: 37% | Eff: 1.04
2026-06-21 18:55:37 INFO   'sma_20_lt_50' (SHORT) | Used: 70 | Top10%: 11 | Avg RR/day: 0.35 (global: 0.29) | WR: 37% | Eff: 1.20
2026-06-21 18:55:37 INFO   'price_lt_sma_50' (SHORT) | Used: 110 | Top10%: 14 | Avg RR/day: 0.30 (global: 0.29) | WR: 38% | Eff: 1.05
2026-06-21 18:55:37 INFO   'price_lt_sma_200' (SHORT) | Used: 27 | Top10%: 1 | Avg RR/day: 0.20 (global: 0.29) | WR: 40% | Eff: 0.71
2026-06-21 18:55:37 INFO   'macd_lt_signal' (SHORT) | Used: 14 | Top10%: 0 | Avg RR/day: 0.23 (global: 0.29) | WR: 40% | Eff: 0.80
2026-06-21 18:55:37 INFO   'macd_hist_lt_0' (SHORT) | Used: 21 | Top10%: 0 | Avg RR/day: 0.22 (global: 0.29) | WR: 38% | Eff: 0.75
2026-06-21 18:55:37 INFO   'rsi_14_lt_50' (SHORT) | Used: 98 | Top10%: 14 | Avg RR/day: 0.32 (global: 0.29) | WR: 37% | Eff: 1.13
2026-06-21 18:55:37 INFO   'rsi_14_gt_70' (SHORT) | Used: 36 | Top10%: 3 | Avg RR/day: 0.31 (global: 0.29) | WR: 38% | Eff: 1.07
2026-06-21 18:55:37 INFO   'stoch_k_gt_80' (SHORT) | Used: 22 | Top10%: 3 | Avg RR/day: 0.35 (global: 0.29) | WR: 37% | Eff: 1.23
2026-06-21 18:55:37 INFO   'stoch_k_lt_20' (SHORT) | Used: 9 | Top10%: 0 | Avg RR/day: 0.22 (global: 0.29) | WR: 41% | Eff: 0.76
2026-06-21 18:55:37 INFO   'cci_14_gt_100' (SHORT) | Used: 34 | Top10%: 3 | Avg RR/day: 0.31 (global: 0.29) | WR: 38% | Eff: 1.08
2026-06-21 18:55:37 INFO   'williams_gt_-20' (SHORT) | Used: 94 | Top10%: 11 | Avg RR/day: 0.30 (global: 0.29) | WR: 38% | Eff: 1.05
2026-06-21 18:55:37 INFO   'price_gt_bb_upper_20_2_s' (SHORT) | Used: 61 | Top10%: 3 | Avg RR/day: 0.25 (global: 0.29) | WR: 38% | Eff: 0.89
2026-06-21 18:55:37 INFO   'price_lt_bb_lower_20_2_s' (SHORT) | Used: 3 | Top10%: 0 | Avg RR/day: 0.22 (global: 0.29) | WR: 41% | Eff: 0.75
2026-06-21 18:55:37 INFO   'atr_gt_sma_atr_20' (SHARED) | Used: 26 | Top10%: 0 | Avg RR/day: 0.23 (global: 0.29) | WR: 39% | Eff: 0.80
2026-06-21 18:55:37 INFO   'volume_gt_sma_20_1_5' (SHARED) | Used: 76 | Top10%: 11 | Avg RR/day: 0.33 (global: 0.29) | WR: 37% | Eff: 1.16
2026-06-21 18:55:37 INFO   'volume_gt_sma_20_2_0' (SHARED) | Used: 100 | Top10%: 14 | Avg RR/day: 0.33 (global: 0.29) | WR: 37% | Eff: 1.16
2026-06-21 18:55:37 INFO   'obv_gt_sma_obv_20' (SHARED) | Used: 97 | Top10%: 14 | Avg RR/day: 0.34 (global: 0.29) | WR: 37% | Eff: 1.20
2026-06-21 18:55:37 INFO   'adx_14_gt_25' (SHARED) | Used: 36 | Top10%: 3 | Avg RR/day: 0.31 (global: 0.29) | WR: 37% | Eff: 1.09
2026-06-21 18:55:37 INFO   'price_lt_low_20_0_98' (SHARED) | Used: 3 | Top10%: 0 | Avg RR/day: 0.34 (global: 0.29) | WR: 37% | Eff: 1.20
2026-06-21 18:55:37 INFO 
2026-06-21 18:55:37 INFO [NO DATA] UNUSED CONDITIONS:
2026-06-21 18:55:37 INFO   'ema_20_gt_50' (LONG) | Used: 0 | Top10%: 0 | Avg RR/day: 0.00 (global: 0.29) | WR: 0% | Eff: 0.00
2026-06-21 18:55:37 INFO   'sma_20_gt_50' (LONG) | Used: 0 | Top10%: 0 | Avg RR/day: 0.00 (global: 0.29) | WR: 0% | Eff: 0.00
2026-06-21 18:55:37 INFO   'rsi_14_lt_30' (LONG) | Used: 0 | Top10%: 0 | Avg RR/day: 0.00 (global: 0.29) | WR: 0% | Eff: 0.00
2026-06-21 18:55:37 INFO   'cci_14_lt_100' (LONG) | Used: 0 | Top10%: 0 | Avg RR/day: 0.00 (global: 0.29) | WR: 0% | Eff: 0.00
2026-06-21 18:55:37 INFO   'price_gt_bb_upper_20_2' (LONG) | Used: 0 | Top10%: 0 | Avg RR/day: 0.00 (global: 0.29) | WR: 0% | Eff: 0.00
2026-06-21 18:55:37 INFO   'price_gt_bb_upper_20_1_5' (LONG) | Used: 0 | Top10%: 0 | Avg RR/day: 0.00 (global: 0.29) | WR: 0% | Eff: 0.00
2026-06-21 18:55:37 INFO 
2026-06-21 18:55:37 INFO ============================================================
2026-06-21 18:55:37 INFO Efficiency report saved to C:\Users\xfide\documents\crypto.ai\models\condition_efficiency.json
2026-06-21 18:55:37 INFO [EFFICIENCY] All conditions performing well. No removals.
2026-06-21 18:55:37 INFO 
2026-06-21 18:55:37 INFO ============================================================
2026-06-21 18:55:37 INFO Phase 2: Bayesian Optimization (local refinement -- focus on promising regions)
2026-06-21 18:55:37 INFO ============================================================
2026-06-21 18:55:37 INFO Bayesian: Starting | timeout=140s (2.3m), max_trials=10000, startup=100
2026-06-21 18:55:37 INFO   Each trial generates a strategy with random conditions, threshold, stop-loss, and risk-reward. The TPE model learns which parameter combinations score highest and focuses the search there.
2026-06-21 18:55:37 INFO Bayesian: Seeded 10 strategies from GA.
2026-06-21 18:57:57 INFO Bayesian: Manual timeout safety net triggered. Stopping.
2026-06-21 18:57:57 INFO Bayesian: Finished | Best score: 0.4482 | 1207 trials | Elapsed: 140s | Speed: 8.6 trials/s
2026-06-21 18:57:57 INFO   Score = rr_per_day * drawdown_penalty * low_trades_penalty. Higher = better.
2026-06-21 18:57:57 INFO Keeping existing best strategy (score: 4.3890) -- new strategy score (0.4482) is not higher.
2026-06-21 18:57:57 INFO Top 421 strategies saved to C:\Users\xfide\documents\crypto.ai\models\top_strategies.json
2026-06-21 18:57:57 INFO ============================================================
2026-06-21 18:57:57 INFO Training finished.
2026-06-21 18:57:57 INFO 
2026-06-21 18:57:57 INFO   Best score:          0.4482
2026-06-21 18:57:57 INFO   Best strategy:       strat_ee8ee299 (SHORT)
2026-06-21 18:57:57 INFO     Win rate:          35.1%
2026-06-21 18:57:57 INFO     RR/day:            0.7174
2026-06-21 18:57:57 INFO     Max drawdown:      28.1%
2026-06-21 18:57:57 INFO     Valid trades:      299
2026-06-21 18:57:57 INFO 
2026-06-21 18:57:57 INFO   Total strategies tested: 2710
2026-06-21 18:57:57 INFO   Time elapsed:        300s (5.0m)
2026-06-21 18:57:57 INFO   Average:             9.0 strats/sec
2026-06-21 18:57:57 INFO   Existing best strategy retained (score: 0.4482)
2026-06-21 18:57:57 INFO 
2026-06-21 18:57:57 INFO   Next steps:
2026-06-21 18:57:57 INFO     1. Review efficiency report above -- which conditions helped/hurt
2026-06-21 18:57:57 INFO     2. Run validation: python validation.py --symbol BTC/USDT
2026-06-21 18:57:57 INFO     3. If validation passes, go live: python live_signal.py
2026-06-21 18:57:57 INFO ============================================================
