2026-06-19 23:14:18 INFO Training log: C:\Users\xfide\documents\crypto.ai\logs\training_2026-06-19_231418.log
2026-06-19 23:14:18 INFO Training started | Method: random | Symbol: BTC/USDT | Timeframe: 15m | Duration: 2 min
2026-06-19 23:14:18 INFO Loading historical data...
2026-06-19 23:14:18 INFO Fetching BTC/USDT 15m from 2025-12-21 22:14 to 2026-06-19 22:14
2026-06-19 23:14:25 INFO   Fetched 5000 candles... up to 2026-02-12 00:00
2026-06-19 23:14:28 INFO   Fetched 10000 candles... up to 2026-04-05 02:00
2026-06-19 23:14:33 INFO   Fetched 15000 candles... up to 2026-05-27 04:00
2026-06-19 23:14:35 INFO Fetched 17280 new candles in 35 requests.
2026-06-19 23:14:35 INFO Total candles available: 17280
2026-06-19 23:14:35 INFO Raw data: 17280 candles
2026-06-19 23:14:35 INFO Computing indicators...
2026-06-19 23:14:35 INFO Data prepared: 17081 candles after warmup drop.
2026-06-19 23:14:35 INFO Clean data: 17081 candles after warmup
2026-06-19 23:14:35 INFO Pre-computing 53 conditions...
2026-06-19 23:14:35 INFO Data preparation complete.
2026-06-19 23:14:35 INFO ============================================================
2026-06-19 23:14:35 INFO Random Search Mode
2026-06-19 23:14:35 INFO ============================================================
2026-06-19 23:14:42 INFO Random #100 | Best: 0.9400 | Rate: 4.2 strats/s | Remaining: 1.6m
2026-06-19 23:15:04 INFO Random #200 | Best: 0.9400 | Rate: 4.3 strats/s | Remaining: 1.2m
2026-06-19 23:15:35 INFO Random #300 | Best: 0.9523 | Rate: 3.9 strats/s | Remaining: 0.7m
2026-06-19 23:16:03 INFO Random #400 | Best: 1.2338 | Rate: 3.8 strats/s | Remaining: 0.3m
2026-06-19 23:16:18 INFO Strategy saved to C:\Users\xfide\documents\crypto.ai\models\best_strategy.json
2026-06-19 23:16:18 INFO Top 289 strategies saved to C:\Users\xfide\documents\crypto.ai\models\top_strategies.json
2026-06-19 23:16:18 INFO ============================================================
2026-06-19 23:16:18 INFO EFFICIENCY REPORT
2026-06-19 23:16:18 INFO ============================================================
2026-06-19 23:16:18 INFO Strategies analyzed: 289
2026-06-19 23:16:18 INFO Global avg RR/day: 0.1273
2026-06-19 23:16:18 INFO 
2026-06-19 23:16:18 INFO   'ema_12_gt_26' (LONG) | Used: 48 | Top10%: 0 | Avg RR/day: 0.00 (global: 0.13) | WR: 42% | Eff: 0.02
2026-06-19 23:16:18 INFO   'sma_20_gt_50' (LONG) | Used: 64 | Top10%: 2 | Avg RR/day: 0.03 (global: 0.13) | WR: 43% | Eff: 0.23
2026-06-19 23:16:18 INFO   'price_gt_sma_50' (LONG) | Used: 61 | Top10%: 2 | Avg RR/day: 0.01 (global: 0.13) | WR: 43% | Eff: 0.10
2026-06-19 23:16:18 INFO   'macd_hist_gt_0' (LONG) | Used: 55 | Top10%: 1 | Avg RR/day: 0.04 (global: 0.13) | WR: 43% | Eff: 0.29
2026-06-19 23:16:18 INFO   'rsi_21_gt_50' (LONG) | Used: 70 | Top10%: 1 | Avg RR/day: -0.00 (global: 0.13) | WR: 43% | Eff: -0.02
2026-06-19 23:16:18 INFO   'stoch_k_gt_20' (LONG) | Used: 53 | Top10%: 2 | Avg RR/day: 0.03 (global: 0.13) | WR: 43% | Eff: 0.23
2026-06-19 23:16:18 INFO   'cci_14_gt_-100' (LONG) | Used: 57 | Top10%: 3 | Avg RR/day: 0.01 (global: 0.13) | WR: 43% | Eff: 0.07
2026-06-19 23:16:18 INFO   'williams_gt_-80' (LONG) | Used: 60 | Top10%: 1 | Avg RR/day: -0.01 (global: 0.13) | WR: 42% | Eff: -0.06
2026-06-19 23:16:18 INFO   'price_gt_bb_upper_20_2' (LONG) | Used: 53 | Top10%: 3 | Avg RR/day: 0.03 (global: 0.13) | WR: 43% | Eff: 0.25
2026-06-19 23:16:18 INFO 
2026-06-19 23:16:18 INFO   'ema_20_gt_50' (LONG) | Used: 60 | Top10%: 2 | Avg RR/day: 0.08 (global: 0.13) | WR: 44% | Eff: 0.59
2026-06-19 23:16:18 INFO   'price_gt_sma_200' (LONG) | Used: 70 | Top10%: 4 | Avg RR/day: 0.08 (global: 0.13) | WR: 44% | Eff: 0.61
2026-06-19 23:16:18 INFO   'macd_gt_signal' (LONG) | Used: 66 | Top10%: 3 | Avg RR/day: 0.07 (global: 0.13) | WR: 44% | Eff: 0.57
2026-06-19 23:16:18 INFO   'rsi_14_gt_50' (LONG) | Used: 54 | Top10%: 3 | Avg RR/day: 0.09 (global: 0.13) | WR: 45% | Eff: 0.69
2026-06-19 23:16:18 INFO   'stoch_k_lt_80' (LONG) | Used: 56 | Top10%: 2 | Avg RR/day: 0.07 (global: 0.13) | WR: 44% | Eff: 0.57
2026-06-19 23:16:18 INFO   'price_lt_bb_lower_20_1_5' (LONG) | Used: 62 | Top10%: 4 | Avg RR/day: 0.07 (global: 0.13) | WR: 44% | Eff: 0.59
2026-06-19 23:16:18 INFO   'price_gt_bb_upper_20_1_5' (LONG) | Used: 62 | Top10%: 5 | Avg RR/day: 0.08 (global: 0.13) | WR: 43% | Eff: 0.60
2026-06-19 23:16:18 INFO 
2026-06-19 23:16:18 INFO   'ema_9_lt_21' (SHORT) | Used: 63 | Top10%: 11 | Avg RR/day: 0.23 (global: 0.13) | WR: 46% | Eff: 1.79
2026-06-19 23:16:18 INFO   'ema_12_lt_26' (SHORT) | Used: 56 | Top10%: 7 | Avg RR/day: 0.21 (global: 0.13) | WR: 46% | Eff: 1.69
2026-06-19 23:16:18 INFO   'ema_20_lt_50' (SHORT) | Used: 50 | Top10%: 10 | Avg RR/day: 0.22 (global: 0.13) | WR: 46% | Eff: 1.70
2026-06-19 23:16:18 INFO   'sma_20_lt_50' (SHORT) | Used: 64 | Top10%: 7 | Avg RR/day: 0.19 (global: 0.13) | WR: 47% | Eff: 1.51
2026-06-19 23:16:18 INFO   'price_lt_sma_50' (SHORT) | Used: 51 | Top10%: 5 | Avg RR/day: 0.21 (global: 0.13) | WR: 46% | Eff: 1.65
2026-06-19 23:16:18 INFO   'price_lt_sma_200' (SHORT) | Used: 50 | Top10%: 11 | Avg RR/day: 0.25 (global: 0.13) | WR: 46% | Eff: 1.99
2026-06-19 23:16:18 INFO   'macd_lt_signal' (SHORT) | Used: 50 | Top10%: 6 | Avg RR/day: 0.18 (global: 0.13) | WR: 46% | Eff: 1.39
2026-06-19 23:16:18 INFO   'macd_hist_lt_0' (SHORT) | Used: 59 | Top10%: 6 | Avg RR/day: 0.19 (global: 0.13) | WR: 47% | Eff: 1.53
2026-06-19 23:16:18 INFO   'rsi_14_lt_50' (SHORT) | Used: 56 | Top10%: 9 | Avg RR/day: 0.20 (global: 0.13) | WR: 47% | Eff: 1.54
2026-06-19 23:16:18 INFO   'rsi_14_gt_70' (SHORT) | Used: 50 | Top10%: 10 | Avg RR/day: 0.22 (global: 0.13) | WR: 49% | Eff: 1.72
2026-06-19 23:16:18 INFO   'rsi_21_lt_50' (SHORT) | Used: 64 | Top10%: 7 | Avg RR/day: 0.18 (global: 0.13) | WR: 45% | Eff: 1.43
2026-06-19 23:16:18 INFO   'rsi_21_gt_70' (SHORT) | Used: 56 | Top10%: 9 | Avg RR/day: 0.22 (global: 0.13) | WR: 46% | Eff: 1.70
2026-06-19 23:16:18 INFO   'stoch_k_gt_80' (SHORT) | Used: 61 | Top10%: 9 | Avg RR/day: 0.22 (global: 0.13) | WR: 46% | Eff: 1.77
2026-06-19 23:16:18 INFO   'stoch_k_lt_20' (SHORT) | Used: 53 | Top10%: 5 | Avg RR/day: 0.19 (global: 0.13) | WR: 45% | Eff: 1.50
2026-06-19 23:16:18 INFO   'cci_14_gt_100' (SHORT) | Used: 48 | Top10%: 9 | Avg RR/day: 0.23 (global: 0.13) | WR: 47% | Eff: 1.78
2026-06-19 23:16:18 INFO   'cci_14_lt_-100' (SHORT) | Used: 50 | Top10%: 8 | Avg RR/day: 0.20 (global: 0.13) | WR: 45% | Eff: 1.56
2026-06-19 23:16:18 INFO   'williams_gt_-20' (SHORT) | Used: 51 | Top10%: 11 | Avg RR/day: 0.25 (global: 0.13) | WR: 47% | Eff: 1.97
2026-06-19 23:16:18 INFO   'williams_lt_-80' (SHORT) | Used: 55 | Top10%: 8 | Avg RR/day: 0.22 (global: 0.13) | WR: 47% | Eff: 1.71
2026-06-19 23:16:18 INFO   'price_gt_bb_upper_20_2_s' (SHORT) | Used: 52 | Top10%: 10 | Avg RR/day: 0.20 (global: 0.13) | WR: 47% | Eff: 1.59
2026-06-19 23:16:18 INFO   'price_lt_bb_lower_20_2_s' (SHORT) | Used: 59 | Top10%: 9 | Avg RR/day: 0.21 (global: 0.13) | WR: 47% | Eff: 1.68
2026-06-19 23:16:18 INFO   'price_gt_bb_upper_20_1_5_s' (SHORT) | Used: 53 | Top10%: 9 | Avg RR/day: 0.21 (global: 0.13) | WR: 48% | Eff: 1.65
2026-06-19 23:16:18 INFO   'price_lt_bb_lower_20_1_5_s' (SHORT) | Used: 60 | Top10%: 10 | Avg RR/day: 0.21 (global: 0.13) | WR: 47% | Eff: 1.68
2026-06-19 23:16:18 INFO 
2026-06-19 23:16:18 INFO   'ema_9_gt_21' (LONG) | Used: 58 | Top10%: 4 | Avg RR/day: 0.09 (global: 0.13) | WR: 45% | Eff: 0.71
2026-06-19 23:16:18 INFO   'rsi_14_lt_30' (LONG) | Used: 54 | Top10%: 3 | Avg RR/day: 0.10 (global: 0.13) | WR: 45% | Eff: 0.79
2026-06-19 23:16:18 INFO   'rsi_21_lt_30' (LONG) | Used: 47 | Top10%: 5 | Avg RR/day: 0.13 (global: 0.13) | WR: 44% | Eff: 0.99
2026-06-19 23:16:18 INFO   'cci_14_lt_100' (LONG) | Used: 53 | Top10%: 4 | Avg RR/day: 0.10 (global: 0.13) | WR: 44% | Eff: 0.80
2026-06-19 23:16:18 INFO   'williams_lt_-20' (LONG) | Used: 58 | Top10%: 6 | Avg RR/day: 0.11 (global: 0.13) | WR: 45% | Eff: 0.88
2026-06-19 23:16:18 INFO   'price_lt_bb_lower_20_2' (LONG) | Used: 58 | Top10%: 3 | Avg RR/day: 0.10 (global: 0.13) | WR: 45% | Eff: 0.77
2026-06-19 23:16:18 INFO   'atr_gt_sma_atr_20' (SHARED) | Used: 117 | Top10%: 8 | Avg RR/day: 0.10 (global: 0.13) | WR: 44% | Eff: 0.80
2026-06-19 23:16:18 INFO   'volume_gt_sma_20_1_5' (SHARED) | Used: 119 | Top10%: 13 | Avg RR/day: 0.15 (global: 0.13) | WR: 45% | Eff: 1.17
2026-06-19 23:16:18 INFO   'volume_gt_sma_20_2_0' (SHARED) | Used: 113 | Top10%: 10 | Avg RR/day: 0.11 (global: 0.13) | WR: 44% | Eff: 0.87
2026-06-19 23:16:18 INFO   'obv_gt_sma_obv_20' (SHARED) | Used: 117 | Top10%: 10 | Avg RR/day: 0.14 (global: 0.13) | WR: 46% | Eff: 1.07
2026-06-19 23:16:18 INFO   'adx_14_gt_25' (SHARED) | Used: 114 | Top10%: 8 | Avg RR/day: 0.14 (global: 0.13) | WR: 45% | Eff: 1.09
2026-06-19 23:16:18 INFO   'adx_14_gt_30' (SHARED) | Used: 114 | Top10%: 12 | Avg RR/day: 0.12 (global: 0.13) | WR: 44% | Eff: 0.94
2026-06-19 23:16:18 INFO   'adx_14_lt_20' (SHARED) | Used: 127 | Top10%: 17 | Avg RR/day: 0.13 (global: 0.13) | WR: 45% | Eff: 1.04
2026-06-19 23:16:18 INFO   'price_gt_high_20_1_02' (SHARED) | Used: 105 | Top10%: 12 | Avg RR/day: 0.15 (global: 0.13) | WR: 46% | Eff: 1.20
2026-06-19 23:16:18 INFO   'price_lt_low_20_0_98' (SHARED) | Used: 114 | Top10%: 9 | Avg RR/day: 0.11 (global: 0.13) | WR: 44% | Eff: 0.89
2026-06-19 23:16:18 INFO 
2026-06-19 23:16:18 INFO Auto-removed 9 conditions: ['ema_12_gt_26', 'sma_20_gt_50', 'price_gt_sma_50', 'macd_hist_gt_0', 'rsi_21_gt_50', 'stoch_k_gt_20', 'cci_14_gt_-100', 'williams_gt_-80', 'price_gt_bb_upper_20_2']
2026-06-19 23:16:18 INFO ============================================================
2026-06-19 23:16:18 INFO Efficiency report saved to C:\Users\xfide\documents\crypto.ai\models\condition_efficiency.json
2026-06-19 23:16:18 INFO [EFFICIENCY] Condition 'ema_12_gt_26' removed from pool (efficiency: 0.00).
2026-06-19 23:16:18 INFO [EFFICIENCY] Condition 'sma_20_gt_50' removed from pool (efficiency: 0.00).
2026-06-19 23:16:18 INFO [EFFICIENCY] Condition 'price_gt_sma_50' removed from pool (efficiency: 0.00).
2026-06-19 23:16:18 INFO [EFFICIENCY] Condition 'macd_hist_gt_0' removed from pool (efficiency: 0.00).
2026-06-19 23:16:18 INFO [EFFICIENCY] Condition 'rsi_21_gt_50' removed from pool (efficiency: 0.00).
2026-06-19 23:16:18 INFO [EFFICIENCY] Condition 'stoch_k_gt_20' removed from pool (efficiency: 0.00).
2026-06-19 23:16:18 INFO [EFFICIENCY] Condition 'cci_14_gt_-100' removed from pool (efficiency: 0.00).
2026-06-19 23:16:18 INFO [EFFICIENCY] Condition 'williams_gt_-80' removed from pool (efficiency: 0.00).
2026-06-19 23:16:18 INFO [EFFICIENCY] Condition 'price_gt_bb_upper_20_2' removed from pool (efficiency: 0.00).
2026-06-19 23:16:18 INFO ============================================================
2026-06-19 23:16:18 INFO Training finished.
2026-06-19 23:16:18 INFO   Best score: 3.2199999999999878
2026-06-19 23:16:18 INFO   Best strategy: strat_88e8477e
2026-06-19 23:16:18 INFO   Total strategies tested: 495
2026-06-19 23:16:18 INFO   Time elapsed: 121s (2.0m)
2026-06-19 23:16:18 INFO   Average: 4.1 strats/sec
2026-06-19 23:16:18 INFO   Best strategy saved to C:\Users\xfide\documents\crypto.ai\models\best_strategy.json
2026-06-19 23:16:18 INFO ============================================================
