2026-06-23 20:59:10 INFO Training log: C:\Users\xfide\documents\crypto.ai\logs\training\training_2026-06-23_205910.log
2026-06-23 20:59:10 INFO Training started | Method: ga_bayesian | Symbol: BTC/USDT | Timeframe: 15m | Duration: 15 min
2026-06-23 20:59:10 INFO   Objective: Find the strategy with the highest score. Score = rr_per_day x drawdown_penalty x low_trades_penalty.
2026-06-23 20:59:10 INFO   Disqualified if: trades/day < 1.2, win_rate < 35%, max_drawdown > 50%, or avg_trades/day outside 0.5-10.
2026-06-23 20:59:10 INFO Loading historical data...
2026-06-23 20:59:10 INFO Cache found: 17645 candles (2025-12-21 22:15:00+00:00 to 2026-06-23 17:15:00+00:00).
2026-06-23 20:59:10 INFO Fetching newer data: 2026-06-23 17:30:00+00:00 to 2026-06-23 19:59:10.016346+00:00
2026-06-23 20:59:10 INFO Fetching BTC/USDT 15m from 2026-06-23 17:30 to 2026-06-23 19:59
2026-06-23 20:59:16 INFO Fetched 10 new candles in 1 requests.
2026-06-23 20:59:16 INFO Fetching older data: 2025-06-28 19:59:10.016346+00:00 to 2025-12-21 22:00:00+00:00
2026-06-23 20:59:17 INFO Fetching BTC/USDT 15m from 2025-06-28 19:59 to 2025-12-21 22:00
2026-06-23 20:59:26 INFO   Fetched 5000 candles... up to 2025-08-19 21:45
2026-06-23 20:59:29 INFO   Fetched 10000 candles... up to 2025-10-10 23:45
2026-06-23 20:59:33 INFO   Fetched 15000 candles... up to 2025-12-02 01:45
2026-06-23 20:59:35 INFO Fetched 16905 new candles in 34 requests.
2026-06-23 20:59:35 INFO Total candles available: 34560
2026-06-23 20:59:35 INFO Raw data: 34560 candles (2025-06-28 to 2026-06-23, 12 months)
2026-06-23 20:59:35 INFO Computing indicators...
2026-06-23 20:59:35 INFO Data prepared: 34361 candles after warmup drop.
2026-06-23 20:59:35 INFO Clean data: 34361 candles after warmup
2026-06-23 20:59:35 INFO Pre-computing 53 conditions...
2026-06-23 20:59:35 INFO Data preparation complete.
2026-06-23 20:59:36 INFO ============================================================
2026-06-23 20:59:36 INFO Phase 1: Genetic Algorithm (global search -- evolve strategies over generations)
2026-06-23 20:59:36 INFO ============================================================
2026-06-23 20:59:36 INFO [COVERAGE] 53 conditions need more evaluations (target: 5 each). Generating seed strategies.
2026-06-23 20:59:36 INFO [COVERAGE] Generated 5 seed strategies for condition coverage.
2026-06-23 20:59:36 INFO GA: Starting | pop=200, time_budget=450s (7.5m), max_gen=200, cx=0.8, mut=0.2, elite=5
2026-06-23 20:59:36 INFO   Score = rr_per_day * drawdown_penalty * low_trades_penalty. Higher = better. Negative or -inf means disqualified.
2026-06-23 20:59:36 INFO GA: Seeded 5 individuals into initial population.
2026-06-23 21:00:51 INFO GA Gen 0 | Best score: -inf | Avg score: 0.0000 | Pop: 200 | Elapsed: 75s
2026-06-23 21:01:52 INFO GA Gen 1 | Best score: -inf | Avg score: 0.0000 | Tested: 365 | Elapsed: 136s
