2026-06-23 17:56:44 INFO Training log: C:\Users\xfide\documents\crypto.ai\logs\training\training_2026-06-23_175644.log
2026-06-23 17:56:44 INFO Training started | Method: ga_bayesian | Symbol: BTC/USDT | Timeframe: 15m | Duration: 5 min
2026-06-23 17:56:44 INFO   Objective: Find the strategy with the highest score. Score = rr_per_day x drawdown_penalty x low_trades_penalty.
2026-06-23 17:56:44 INFO   Disqualified if: trades/day < 1.2, win_rate < 35%, max_drawdown > 50%, or avg_trades/day outside 0.5-10.
2026-06-23 17:56:44 INFO Loading historical data...
2026-06-23 17:56:44 INFO Cache found: 17639 candles up to 2026-06-23 15:45:00+00:00. Fetching from 2026-06-23 16:00:00+00:00.
2026-06-23 17:56:44 INFO Fetching BTC/USDT 15m from 2026-06-23 16:00 to 2026-06-23 16:56
2026-06-23 17:56:49 INFO Fetched 4 new candles in 1 requests.
2026-06-23 17:56:49 INFO Total candles available: 17643
2026-06-23 17:56:49 INFO Raw data: 17643 candles (2025-12-21 to 2026-06-23, 12 months)
2026-06-23 17:56:49 INFO Computing indicators...
2026-06-23 17:56:49 INFO Data prepared: 17444 candles after warmup drop.
2026-06-23 17:56:49 INFO Clean data: 17444 candles after warmup
2026-06-23 17:56:49 INFO Pre-computing 53 conditions...
2026-06-23 17:56:49 INFO Data preparation complete.
2026-06-23 17:56:50 INFO ============================================================
2026-06-23 17:56:50 INFO Phase 1: Genetic Algorithm (global search -- evolve strategies over generations)
2026-06-23 17:56:50 INFO ============================================================
2026-06-23 17:56:50 INFO [COVERAGE] 53 conditions need more evaluations (target: 5 each). Generating seed strategies.
2026-06-23 17:56:50 INFO [COVERAGE] Generated 10 seed strategies for condition coverage.
2026-06-23 17:56:50 INFO GA: Starting | pop=200, time_budget=150s (2.5m), max_gen=200, cx=0.8, mut=0.2, elite=5
2026-06-23 17:56:50 INFO   Score = rr_per_day * drawdown_penalty * low_trades_penalty. Higher = better. Negative or -inf means disqualified.
2026-06-23 17:56:50 INFO GA: Seeded 10 individuals into initial population.
2026-06-23 17:57:19 INFO GA Gen 0 | Best score: -inf | Avg score: 0.0000 | Pop: 200 | Elapsed: 29s
2026-06-23 17:57:51 INFO GA Gen 1 | Best score: -inf | Avg score: 0.0000 | Tested: 354 | Elapsed: 62s
2026-06-23 17:58:22 INFO GA Gen 2 | Best score: -inf | Avg score: 0.0000 | Tested: 519 | Elapsed: 92s
2026-06-23 17:58:51 INFO GA Gen 3 | Best score: -inf | Avg score: 0.0000 | Tested: 677 | Elapsed: 121s
2026-06-23 17:59:24 INFO GA Gen 4 | Best score: -inf | Avg score: 0.0000 | Tested: 847 | Elapsed: 154s
2026-06-23 17:59:24 INFO GA: Time budget exhausted at generation 4. Stopping.
2026-06-23 17:59:24 WARNING GA: No valid strategy found during training.
2026-06-23 17:59:24 INFO 
2026-06-23 17:59:24 INFO [EFFICIENCY] GA phase complete. Analyzing condition efficiency...
2026-06-23 17:59:24 WARNING No valid strategies to analyze.
2026-06-23 17:59:24 INFO [EFFICIENCY] All conditions performing well. No removals.
2026-06-23 17:59:24 INFO 
2026-06-23 17:59:24 INFO ============================================================
2026-06-23 17:59:24 INFO Phase 2: Bayesian Optimization (local refinement -- focus on promising regions)
2026-06-23 17:59:24 INFO ============================================================
2026-06-23 17:59:24 INFO Bayesian: Starting | timeout=140s (2.3m), max_trials=10000, startup=20
2026-06-23 17:59:24 INFO Bayesian: No seed strategies provided. Generating random bases.
2026-06-23 18:01:44 INFO Bayesian: Manual timeout safety net triggered. Stopping.
2026-06-23 18:01:44 WARNING Bayesian: No valid strategy found.
2026-06-23 18:01:44 WARNING No valid strategy found during training.
2026-06-23 18:01:44 INFO ============================================================
2026-06-23 18:01:44 INFO Training finished.
2026-06-23 18:01:44 INFO 
